PC: 0103, AF: 0002, BC: 0000, DE: 0000, HL: 0000, SP: 0000, CYC: 0       0         [0] 0103 : C3 B2 01   JP   01B2
PC: 01B5, AF: 0002, BC: 0000, DE: 0000, HL: 0000, SP: 0000, CYC: 10       1        [10] 01B5 : 31 BD 07   LD   SP,07BD
PC: 01B8, AF: 0002, BC: 0000, DE: 0000, HL: 0000, SP: 07BD, CYC: 20       2        [20] 01B8 : 21 03 01   LD   HL,0103
PC: 01BB, AF: 0002, BC: 0000, DE: 0000, HL: 0103, SP: 07BD, CYC: 30       3        [30] 01BB : CD 4B 01   CALL 014B
PC: 014C, AF: 0002, BC: 0000, DE: 0000, HL: 0103, SP: 07BB, CYC: 47       4        [47] 014C : D5         PUSH DE
PC: 014D, AF: 0002, BC: 0000, DE: 0000, HL: 0103, SP: 07B9, CYC: 58       5        [58] 014D : EB         EX   DE,HL
PC: 014F, AF: 0002, BC: 0000, DE: 0103, HL: 0000, SP: 07B9, CYC: 62       6        [62] 014F : 0E 09      LD   C,09
PC: 0152, AF: 0002, BC: 0009, DE: 0103, HL: 0000, SP: 07B9, CYC: 69       7        [69] 0152 : CD 05 00   CALL 0005
PC: 0007, AF: 0002, BC: 0009, DE: 0103, HL: 0000, SP: 07B7, CYC: 86       8        [86] 0007 : D3 01      OUT  01
PC: 0008, AF: 0002, BC: 0009, DE: 0103, HL: 0000, SP: 07B7, CYC: 96       9        [96] 0008 : C9         RET
PC: 0153, AF: 0002, BC: 0009, DE: 0103, HL: 0000, SP: 07B9, CYC: 106      10       [106] 0153 : D1         POP  DE
PC: 0154, AF: 0002, BC: 0009, DE: 0000, HL: 0000, SP: 07BB, CYC: 116      11       [116] 0154 : C9         RET
PC: 01BD, AF: 0002, BC: 0009, DE: 0000, HL: 0000, SP: 07BD, CYC: 126      12       [126] 01BD : E6 00      AND  00
PC: 01C0, AF: 0046, BC: 0009, DE: 0000, HL: 0000, SP: 07BD, CYC: 133      13       [133] 01C0 : CA C3 01   JP   Z,01C3
PC: 01C6, AF: 0046, BC: 0009, DE: 0000, HL: 0000, SP: 07BD, CYC: 143      14       [143] 01C6 : D2 C9 01   JP   NC,01C9
PC: 01CC, AF: 0046, BC: 0009, DE: 0000, HL: 0000, SP: 07BD, CYC: 153      15       [153] 01CC : EA CF 01   JP   PE,01CF
PC: 01D2, AF: 0046, BC: 0009, DE: 0000, HL: 0000, SP: 07BD, CYC: 163      16       [163] 01D2 : F2 D5 01   JP   P,01D5
PC: 01D8, AF: 0046, BC: 0009, DE: 0000, HL: 0000, SP: 07BD, CYC: 173      17       [173] 01D8 : C2 E4 01   JP   NZ,01E4
PC: 01DB, AF: 0046, BC: 0009, DE: 0000, HL: 0000, SP: 07BD, CYC: 183      18       [183] 01DB : DA E4 01   JP   CY,01E4
PC: 01DE, AF: 0046, BC: 0009, DE: 0000, HL: 0000, SP: 07BD, CYC: 193      19       [193] 01DE : E2 E4 01   JP   PO,01E4
PC: 01E1, AF: 0046, BC: 0009, DE: 0000, HL: 0000, SP: 07BD, CYC: 203      20       [203] 01E1 : FA E4 01   JP   MI,01E4
PC: 01E4, AF: 0046, BC: 0009, DE: 0000, HL: 0000, SP: 07BD, CYC: 213      21       [213] 01E4 : C3 E7 01   JP   01E7
PC: 01E9, AF: 0046, BC: 0009, DE: 0000, HL: 0000, SP: 07BD, CYC: 223      22       [223] 01E9 : C6 06      ADD  06
PC: 01EC, AF: 0606, BC: 0009, DE: 0000, HL: 0000, SP: 07BD, CYC: 230      23       [230] 01EC : C2 EF 01   JP   NZ,01EF
PC: 01F2, AF: 0606, BC: 0009, DE: 0000, HL: 0000, SP: 07BD, CYC: 240      24       [240] 01F2 : DA F8 01   JP   CY,01F8
PC: 01F5, AF: 0606, BC: 0009, DE: 0000, HL: 0000, SP: 07BD, CYC: 250      25       [250] 01F5 : E2 F8 01   JP   PO,01F8
PC: 01F8, AF: 0606, BC: 0009, DE: 0000, HL: 0000, SP: 07BD, CYC: 260      26       [260] 01F8 : F2 FB 01   JP   P,01FB
PC: 01FD, AF: 0606, BC: 0009, DE: 0000, HL: 0000, SP: 07BD, CYC: 270      27       [270] 01FD : C6 70      ADD  70
PC: 0200, AF: 7602, BC: 0009, DE: 0000, HL: 0000, SP: 07BD, CYC: 277      28       [277] 0200 : E2 03 02   JP   PO,0203
PC: 0206, AF: 7602, BC: 0009, DE: 0000, HL: 0000, SP: 07BD, CYC: 287      29       [287] 0206 : FA 0C 02   JP   MI,020C
PC: 0209, AF: 7602, BC: 0009, DE: 0000, HL: 0000, SP: 07BD, CYC: 297      30       [297] 0209 : CA 0C 02   JP   Z,020C
PC: 020C, AF: 7602, BC: 0009, DE: 0000, HL: 0000, SP: 07BD, CYC: 307      31       [307] 020C : D2 0F 02   JP   NC,020F
PC: 0211, AF: 7602, BC: 0009, DE: 0000, HL: 0000, SP: 07BD, CYC: 317      32       [317] 0211 : C6 81      ADD  81
PC: 0214, AF: F782, BC: 0009, DE: 0000, HL: 0000, SP: 07BD, CYC: 324      33       [324] 0214 : FA 17 02   JP   MI,0217
PC: 021A, AF: F782, BC: 0009, DE: 0000, HL: 0000, SP: 07BD, CYC: 334      34       [334] 021A : CA 20 02   JP   Z,0220
PC: 021D, AF: F782, BC: 0009, DE: 0000, HL: 0000, SP: 07BD, CYC: 344      35       [344] 021D : DA 20 02   JP   CY,0220
PC: 0220, AF: F782, BC: 0009, DE: 0000, HL: 0000, SP: 07BD, CYC: 354      36       [354] 0220 : E2 23 02   JP   PO,0223
PC: 0225, AF: F782, BC: 0009, DE: 0000, HL: 0000, SP: 07BD, CYC: 364      37       [364] 0225 : C6 FE      ADD  FE
PC: 0228, AF: F597, BC: 0009, DE: 0000, HL: 0000, SP: 07BD, CYC: 371      38       [371] 0228 : DA 2B 02   JP   CY,022B
PC: 022E, AF: F597, BC: 0009, DE: 0000, HL: 0000, SP: 07BD, CYC: 381      39       [381] 022E : CA 34 02   JP   Z,0234
PC: 0231, AF: F597, BC: 0009, DE: 0000, HL: 0000, SP: 07BD, CYC: 391      40       [391] 0231 : E2 34 02   JP   PO,0234
PC: 0234, AF: F597, BC: 0009, DE: 0000, HL: 0000, SP: 07BD, CYC: 401      41       [401] 0234 : FA 37 02   JP   MI,0237
PC: 0239, AF: F597, BC: 0009, DE: 0000, HL: 0000, SP: 07BD, CYC: 411      42       [411] 0239 : FE 00      CP   00
PC: 023C, AF: F596, BC: 0009, DE: 0000, HL: 0000, SP: 07BD, CYC: 418      43       [418] 023C : DA 4F 02   JP   CY,024F
PC: 023F, AF: F596, BC: 0009, DE: 0000, HL: 0000, SP: 07BD, CYC: 428      44       [428] 023F : CA 4F 02   JP   Z,024F
PC: 0241, AF: F596, BC: 0009, DE: 0000, HL: 0000, SP: 07BD, CYC: 438      45       [438] 0241 : FE F5      CP   F5
PC: 0244, AF: F556, BC: 0009, DE: 0000, HL: 0000, SP: 07BD, CYC: 445      46       [445] 0244 : DA 4F 02   JP   CY,024F
PC: 0247, AF: F556, BC: 0009, DE: 0000, HL: 0000, SP: 07BD, CYC: 455      47       [455] 0247 : C2 4F 02   JP   NZ,024F
PC: 0249, AF: F556, BC: 0009, DE: 0000, HL: 0000, SP: 07BD, CYC: 465      48       [465] 0249 : FE FF      CP   FF
PC: 024C, AF: F587, BC: 0009, DE: 0000, HL: 0000, SP: 07BD, CYC: 472      49       [472] 024C : CA 4F 02   JP   Z,024F
PC: 024F, AF: F587, BC: 0009, DE: 0000, HL: 0000, SP: 07BD, CYC: 482      50       [482] 024F : DA 52 02   JP   CY,0252
PC: 0254, AF: F587, BC: 0009, DE: 0000, HL: 0000, SP: 07BD, CYC: 492      51       [492] 0254 : CE 0A      ADC  0A
PC: 0256, AF: 0057, BC: 0009, DE: 0000, HL: 0000, SP: 07BD, CYC: 499      52       [499] 0256 : CE 0A      ADC  0A
PC: 0258, AF: 0B02, BC: 0009, DE: 0000, HL: 0000, SP: 07BD, CYC: 506      53       [506] 0258 : FE 0B      CP   0B
PC: 025B, AF: 0B56, BC: 0009, DE: 0000, HL: 0000, SP: 07BD, CYC: 513      54       [513] 025B : CA 5E 02   JP   Z,025E
PC: 0260, AF: 0B56, BC: 0009, DE: 0000, HL: 0000, SP: 07BD, CYC: 523      55       [523] 0260 : D6 0C      SUB  0C
PC: 0262, AF: FF87, BC: 0009, DE: 0000, HL: 0000, SP: 07BD, CYC: 530      56       [530] 0262 : D6 0F      SUB  0F
PC: 0264, AF: F096, BC: 0009, DE: 0000, HL: 0000, SP: 07BD, CYC: 537      57       [537] 0264 : FE F0      CP   F0
PC: 0267, AF: F056, BC: 0009, DE: 0000, HL: 0000, SP: 07BD, CYC: 544      58       [544] 0267 : CA 6A 02   JP   Z,026A
PC: 026C, AF: F056, BC: 0009, DE: 0000, HL: 0000, SP: 07BD, CYC: 554      59       [554] 026C : DE F1      SBC  F1
PC: 026E, AF: FF87, BC: 0009, DE: 0000, HL: 0000, SP: 07BD, CYC: 561      60       [561] 026E : DE 0E      SBC  0E
PC: 0270, AF: F096, BC: 0009, DE: 0000, HL: 0000, SP: 07BD, CYC: 568      61       [568] 0270 : FE F0      CP   F0
PC: 0273, AF: F056, BC: 0009, DE: 0000, HL: 0000, SP: 07BD, CYC: 575      62       [575] 0273 : CA 76 02   JP   Z,0276
PC: 0278, AF: F056, BC: 0009, DE: 0000, HL: 0000, SP: 07BD, CYC: 585      63       [585] 0278 : E6 55      AND  55
PC: 027A, AF: 5006, BC: 0009, DE: 0000, HL: 0000, SP: 07BD, CYC: 592      64       [592] 027A : FE 50      CP   50
PC: 027D, AF: 5056, BC: 0009, DE: 0000, HL: 0000, SP: 07BD, CYC: 599      65       [599] 027D : CA 80 02   JP   Z,0280
PC: 0282, AF: 5056, BC: 0009, DE: 0000, HL: 0000, SP: 07BD, CYC: 609      66       [609] 0282 : F6 3A      OR   3A
PC: 0284, AF: 7A02, BC: 0009, DE: 0000, HL: 0000, SP: 07BD, CYC: 616      67       [616] 0284 : FE 7A      CP   7A
PC: 0287, AF: 7A56, BC: 0009, DE: 0000, HL: 0000, SP: 07BD, CYC: 623      68       [623] 0287 : CA 8A 02   JP   Z,028A
PC: 028C, AF: 7A56, BC: 0009, DE: 0000, HL: 0000, SP: 07BD, CYC: 633      69       [633] 028C : EE 0F      XOR  0F
PC: 028E, AF: 7502, BC: 0009, DE: 0000, HL: 0000, SP: 07BD, CYC: 640      70       [640] 028E : FE 75      CP   75
PC: 0291, AF: 7556, BC: 0009, DE: 0000, HL: 0000, SP: 07BD, CYC: 647      71       [647] 0291 : CA 94 02   JP   Z,0294
PC: 0296, AF: 7556, BC: 0009, DE: 0000, HL: 0000, SP: 07BD, CYC: 657      72       [657] 0296 : E6 00      AND  00
PC: 0299, AF: 0046, BC: 0009, DE: 0000, HL: 0000, SP: 07BD, CYC: 664      73       [664] 0299 : DC A0 06   CALL CY,06A0
PC: 029C, AF: 0046, BC: 0009, DE: 0000, HL: 0000, SP: 07BD, CYC: 675      74       [675] 029C : E4 A0 06   CALL PO,06A0
PC: 029F, AF: 0046, BC: 0009, DE: 0000, HL: 0000, SP: 07BD, CYC: 686      75       [686] 029F : FC A0 06   CALL MI,06A0
PC: 02A2, AF: 0046, BC: 0009, DE: 0000, HL: 0000, SP: 07BD, CYC: 697      76       [697] 02A2 : C4 A0 06   CALL NZ,06A0
PC: 02A4, AF: 0046, BC: 0009, DE: 0000, HL: 0000, SP: 07BD, CYC: 708      77       [708] 02A4 : FE 00      CP   00
PC: 02A7, AF: 0056, BC: 0009, DE: 0000, HL: 0000, SP: 07BD, CYC: 715      78       [715] 02A7 : CA AA 02   JP   Z,02AA
PC: 02AC, AF: 0056, BC: 0009, DE: 0000, HL: 0000, SP: 07BD, CYC: 725      79       [725] 02AC : D6 77      SUB  77
PC: 02AF, AF: 8983, BC: 0009, DE: 0000, HL: 0000, SP: 07BD, CYC: 732      80       [732] 02AF : D4 A0 06   CALL NC,06A0
PC: 02B2, AF: 8983, BC: 0009, DE: 0000, HL: 0000, SP: 07BD, CYC: 743      81       [743] 02B2 : EC A0 06   CALL PE,06A0
PC: 02B5, AF: 8983, BC: 0009, DE: 0000, HL: 0000, SP: 07BD, CYC: 754      82       [754] 02B5 : F4 A0 06   CALL P,06A0
PC: 02B8, AF: 8983, BC: 0009, DE: 0000, HL: 0000, SP: 07BD, CYC: 765      83       [765] 02B8 : CC A0 06   CALL Z,06A0
PC: 02BA, AF: 8983, BC: 0009, DE: 0000, HL: 0000, SP: 07BD, CYC: 776      84       [776] 02BA : FE 89      CP   89
PC: 02BD, AF: 8956, BC: 0009, DE: 0000, HL: 0000, SP: 07BD, CYC: 783      85       [783] 02BD : CA C0 02   JP   Z,02C0
PC: 02C2, AF: 8956, BC: 0009, DE: 0000, HL: 0000, SP: 07BD, CYC: 793      86       [793] 02C2 : E6 FF      AND  FF
PC: 02C5, AF: 8992, BC: 0009, DE: 0000, HL: 0000, SP: 07BD, CYC: 800      87       [800] 02C5 : E4 CD 02   CALL PO,02CD
PC: 02CE, AF: 8992, BC: 0009, DE: 0000, HL: 0000, SP: 07BB, CYC: 817      88       [817] 02CE : E8         RET  PE
PC: 02D0, AF: 8992, BC: 0009, DE: 0000, HL: 0000, SP: 07BB, CYC: 822      89       [822] 02D0 : C6 10      ADD  10
PC: 02D3, AF: 9986, BC: 0009, DE: 0000, HL: 0000, SP: 07BB, CYC: 829      90       [829] 02D3 : EC D9 02   CALL PE,02D9
PC: 02DA, AF: 9986, BC: 0009, DE: 0000, HL: 0000, SP: 07B9, CYC: 846      91       [846] 02DA : E0         RET  PO
PC: 02DC, AF: 9986, BC: 0009, DE: 0000, HL: 0000, SP: 07B9, CYC: 851      92       [851] 02DC : C6 20      ADD  20
PC: 02DF, AF: B982, BC: 0009, DE: 0000, HL: 0000, SP: 07B9, CYC: 858      93       [858] 02DF : FC E5 02   CALL MI,02E5
PC: 02E6, AF: B982, BC: 0009, DE: 0000, HL: 0000, SP: 07B7, CYC: 875      94       [875] 02E6 : F0         RET  P
PC: 02E8, AF: B982, BC: 0009, DE: 0000, HL: 0000, SP: 07B7, CYC: 880      95       [880] 02E8 : C6 80      ADD  80
PC: 02EB, AF: 3907, BC: 0009, DE: 0000, HL: 0000, SP: 07B7, CYC: 887      96       [887] 02EB : F4 F1 02   CALL P,02F1
PC: 02F2, AF: 3907, BC: 0009, DE: 0000, HL: 0000, SP: 07B5, CYC: 904      97       [904] 02F2 : F8         RET  MI
PC: 02F4, AF: 3907, BC: 0009, DE: 0000, HL: 0000, SP: 07B5, CYC: 909      98       [909] 02F4 : C6 40      ADD  40
PC: 02F7, AF: 7902, BC: 0009, DE: 0000, HL: 0000, SP: 07B5, CYC: 916      99       [916] 02F7 : D4 FD 02   CALL NC,02FD
PC: 02FE, AF: 7902, BC: 0009, DE: 0000, HL: 0000, SP: 07B3, CYC: 933     100       [933] 02FE : D8         RET  CY
PC: 0300, AF: 7902, BC: 0009, DE: 0000, HL: 0000, SP: 07B3, CYC: 938     101       [938] 0300 : C6 8F      ADD  8F
PC: 0303, AF: 0813, BC: 0009, DE: 0000, HL: 0000, SP: 07B3, CYC: 945     102       [945] 0303 : DC 09 03   CALL CY,0309
PC: 030A, AF: 0813, BC: 0009, DE: 0000, HL: 0000, SP: 07B1, CYC: 962     103       [962] 030A : D0         RET  NC
PC: 030C, AF: 0813, BC: 0009, DE: 0000, HL: 0000, SP: 07B1, CYC: 967     104       [967] 030C : C6 F7      ADD  F7
PC: 030F, AF: FF86, BC: 0009, DE: 0000, HL: 0000, SP: 07B1, CYC: 974     105       [974] 030F : C4 15 03   CALL NZ,0315
PC: 0316, AF: FF86, BC: 0009, DE: 0000, HL: 0000, SP: 07AF, CYC: 991     106       [991] 0316 : C8         RET  Z
PC: 0318, AF: FF86, BC: 0009, DE: 0000, HL: 0000, SP: 07AF, CYC: 996     107       [996] 0318 : C6 01      ADD  01
PC: 031B, AF: 0057, BC: 0009, DE: 0000, HL: 0000, SP: 07AF, CYC: 1003     108      [1003] 031B : CC 21 03   CALL Z,0321
PC: 0322, AF: 0057, BC: 0009, DE: 0000, HL: 0000, SP: 07AD, CYC: 1020     109      [1020] 0322 : C0         RET  NZ
PC: 0324, AF: 0057, BC: 0009, DE: 0000, HL: 0000, SP: 07AD, CYC: 1025     110      [1025] 0324 : C6 47      ADD  47
PC: 0326, AF: 4706, BC: 0009, DE: 0000, HL: 0000, SP: 07AD, CYC: 1032     111      [1032] 0326 : FE 47      CP   47
PC: 0327, AF: 4756, BC: 0009, DE: 0000, HL: 0000, SP: 07AD, CYC: 1039     112      [1039] 0327 : C8         RET  Z
PC: 031D, AF: 4756, BC: 0009, DE: 0000, HL: 0000, SP: 07AF, CYC: 1050     113      [1050] 031D : C6 D0      ADD  D0
PC: 031E, AF: 1707, BC: 0009, DE: 0000, HL: 0000, SP: 07AF, CYC: 1057     114      [1057] 031E : C0         RET  NZ
PC: 0311, AF: 1707, BC: 0009, DE: 0000, HL: 0000, SP: 07B1, CYC: 1068     115      [1068] 0311 : C6 FE      ADD  FE
PC: 0312, AF: 1513, BC: 0009, DE: 0000, HL: 0000, SP: 07B1, CYC: 1075     116      [1075] 0312 : D8         RET  CY
PC: 0305, AF: 1513, BC: 0009, DE: 0000, HL: 0000, SP: 07B3, CYC: 1086     117      [1086] 0305 : D6 02      SUB  02
PC: 0306, AF: 1312, BC: 0009, DE: 0000, HL: 0000, SP: 07B3, CYC: 1093     118      [1093] 0306 : D0         RET  NC
PC: 02F9, AF: 1312, BC: 0009, DE: 0000, HL: 0000, SP: 07B5, CYC: 1104     119      [1104] 02F9 : C6 40      ADD  40
PC: 02FA, AF: 5306, BC: 0009, DE: 0000, HL: 0000, SP: 07B5, CYC: 1111     120      [1111] 02FA : F0         RET  P
PC: 02ED, AF: 5306, BC: 0009, DE: 0000, HL: 0000, SP: 07B7, CYC: 1122     121      [1122] 02ED : C6 80      ADD  80
PC: 02EE, AF: D382, BC: 0009, DE: 0000, HL: 0000, SP: 07B7, CYC: 1129     122      [1129] 02EE : F8         RET  MI
PC: 02E1, AF: D382, BC: 0009, DE: 0000, HL: 0000, SP: 07B9, CYC: 1140     123      [1140] 02E1 : C6 04      ADD  04
PC: 02E2, AF: D786, BC: 0009, DE: 0000, HL: 0000, SP: 07B9, CYC: 1147     124      [1147] 02E2 : E8         RET  PE
PC: 02D5, AF: D786, BC: 0009, DE: 0000, HL: 0000, SP: 07BB, CYC: 1158     125      [1158] 02D5 : C6 02      ADD  02
PC: 02D6, AF: D982, BC: 0009, DE: 0000, HL: 0000, SP: 07BB, CYC: 1165     126      [1165] 02D6 : E0         RET  PO
PC: 02C7, AF: D982, BC: 0009, DE: 0000, HL: 0000, SP: 07BD, CYC: 1176     127      [1176] 02C7 : FE D9      CP   D9
PC: 02CA, AF: D956, BC: 0009, DE: 0000, HL: 0000, SP: 07BD, CYC: 1183     128      [1183] 02CA : CA 2A 03   JP   Z,032A
PC: 032C, AF: D956, BC: 0009, DE: 0000, HL: 0000, SP: 07BD, CYC: 1193     129      [1193] 032C : 3E 77      LD   A,77
PC: 032D, AF: 7756, BC: 0009, DE: 0000, HL: 0000, SP: 07BD, CYC: 1200     130      [1200] 032D : 3C         INC  A
PC: 032E, AF: 7806, BC: 0009, DE: 0000, HL: 0000, SP: 07BD, CYC: 1205     131      [1205] 032E : 47         LD   B,A
PC: 032F, AF: 7806, BC: 7809, DE: 0000, HL: 0000, SP: 07BD, CYC: 1210     132      [1210] 032F : 04         INC  B
PC: 0330, AF: 7802, BC: 7909, DE: 0000, HL: 0000, SP: 07BD, CYC: 1215     133      [1215] 0330 : 48         LD   C,B
PC: 0331, AF: 7802, BC: 7979, DE: 0000, HL: 0000, SP: 07BD, CYC: 1220     134      [1220] 0331 : 0D         DEC  C
PC: 0332, AF: 7816, BC: 7978, DE: 0000, HL: 0000, SP: 07BD, CYC: 1225     135      [1225] 0332 : 51         LD   D,C
PC: 0333, AF: 7816, BC: 7978, DE: 7800, HL: 0000, SP: 07BD, CYC: 1230     136      [1230] 0333 : 5A         LD   E,D
PC: 0334, AF: 7816, BC: 7978, DE: 7878, HL: 0000, SP: 07BD, CYC: 1235     137      [1235] 0334 : 63         LD   H,E
PC: 0335, AF: 7816, BC: 7978, DE: 7878, HL: 7800, SP: 07BD, CYC: 1240     138      [1240] 0335 : 6C         LD   L,H
PC: 0336, AF: 7816, BC: 7978, DE: 7878, HL: 7878, SP: 07BD, CYC: 1245     139      [1245] 0336 : 7D         LD   A,L
PC: 0337, AF: 7816, BC: 7978, DE: 7878, HL: 7878, SP: 07BD, CYC: 1250     140      [1250] 0337 : 3D         DEC  A
PC: 0338, AF: 7716, BC: 7978, DE: 7878, HL: 7878, SP: 07BD, CYC: 1255     141      [1255] 0338 : 4F         LD   C,A
PC: 0339, AF: 7716, BC: 7977, DE: 7878, HL: 7878, SP: 07BD, CYC: 1260     142      [1260] 0339 : 59         LD   E,C
PC: 033A, AF: 7716, BC: 7977, DE: 7877, HL: 7878, SP: 07BD, CYC: 1265     143      [1265] 033A : 6B         LD   L,E
PC: 033B, AF: 7716, BC: 7977, DE: 7877, HL: 7877, SP: 07BD, CYC: 1270     144      [1270] 033B : 45         LD   B,L
PC: 033C, AF: 7716, BC: 7777, DE: 7877, HL: 7877, SP: 07BD, CYC: 1275     145      [1275] 033C : 50         LD   D,B
PC: 033D, AF: 7716, BC: 7777, DE: 7777, HL: 7877, SP: 07BD, CYC: 1280     146      [1280] 033D : 62         LD   H,D
PC: 033E, AF: 7716, BC: 7777, DE: 7777, HL: 7777, SP: 07BD, CYC: 1285     147      [1285] 033E : 7C         LD   A,H
PC: 033F, AF: 7716, BC: 7777, DE: 7777, HL: 7777, SP: 07BD, CYC: 1290     148      [1290] 033F : 57         LD   D,A
PC: 0340, AF: 7716, BC: 7777, DE: 7777, HL: 7777, SP: 07BD, CYC: 1295     149      [1295] 0340 : 14         INC  D
PC: 0341, AF: 7706, BC: 7777, DE: 7877, HL: 7777, SP: 07BD, CYC: 1300     150      [1300] 0341 : 6A         LD   L,D
PC: 0342, AF: 7706, BC: 7777, DE: 7877, HL: 7778, SP: 07BD, CYC: 1305     151      [1305] 0342 : 4D         LD   C,L
PC: 0343, AF: 7706, BC: 7778, DE: 7877, HL: 7778, SP: 07BD, CYC: 1310     152      [1310] 0343 : 0C         INC  C
PC: 0344, AF: 7702, BC: 7779, DE: 7877, HL: 7778, SP: 07BD, CYC: 1315     153      [1315] 0344 : 61         LD   H,C
PC: 0345, AF: 7702, BC: 7779, DE: 7877, HL: 7978, SP: 07BD, CYC: 1320     154      [1320] 0345 : 44         LD   B,H
PC: 0346, AF: 7702, BC: 7979, DE: 7877, HL: 7978, SP: 07BD, CYC: 1325     155      [1325] 0346 : 05         DEC  B
PC: 0347, AF: 7716, BC: 7879, DE: 7877, HL: 7978, SP: 07BD, CYC: 1330     156      [1330] 0347 : 58         LD   E,B
PC: 0348, AF: 7716, BC: 7879, DE: 7878, HL: 7978, SP: 07BD, CYC: 1335     157      [1335] 0348 : 7B         LD   A,E
PC: 0349, AF: 7816, BC: 7879, DE: 7878, HL: 7978, SP: 07BD, CYC: 1340     158      [1340] 0349 : 5F         LD   E,A
PC: 034A, AF: 7816, BC: 7879, DE: 7878, HL: 7978, SP: 07BD, CYC: 1345     159      [1345] 034A : 1C         INC  E
PC: 034B, AF: 7802, BC: 7879, DE: 7879, HL: 7978, SP: 07BD, CYC: 1350     160      [1350] 034B : 43         LD   B,E
PC: 034C, AF: 7802, BC: 7979, DE: 7879, HL: 7978, SP: 07BD, CYC: 1355     161      [1355] 034C : 60         LD   H,B
PC: 034D, AF: 7802, BC: 7979, DE: 7879, HL: 7978, SP: 07BD, CYC: 1360     162      [1360] 034D : 24         INC  H
PC: 034E, AF: 7802, BC: 7979, DE: 7879, HL: 7A78, SP: 07BD, CYC: 1365     163      [1365] 034E : 4C         LD   C,H
PC: 034F, AF: 7802, BC: 797A, DE: 7879, HL: 7A78, SP: 07BD, CYC: 1370     164      [1370] 034F : 69         LD   L,C
PC: 0350, AF: 7802, BC: 797A, DE: 7879, HL: 7A7A, SP: 07BD, CYC: 1375     165      [1375] 0350 : 55         LD   D,L
PC: 0351, AF: 7802, BC: 797A, DE: 7A79, HL: 7A7A, SP: 07BD, CYC: 1380     166      [1380] 0351 : 15         DEC  D
PC: 0352, AF: 7812, BC: 797A, DE: 7979, HL: 7A7A, SP: 07BD, CYC: 1385     167      [1385] 0352 : 7A         LD   A,D
PC: 0353, AF: 7912, BC: 797A, DE: 7979, HL: 7A7A, SP: 07BD, CYC: 1390     168      [1390] 0353 : 67         LD   H,A
PC: 0354, AF: 7912, BC: 797A, DE: 7979, HL: 797A, SP: 07BD, CYC: 1395     169      [1395] 0354 : 25         DEC  H
PC: 0355, AF: 7916, BC: 797A, DE: 7979, HL: 787A, SP: 07BD, CYC: 1400     170      [1400] 0355 : 54         LD   D,H
PC: 0356, AF: 7916, BC: 797A, DE: 7879, HL: 787A, SP: 07BD, CYC: 1405     171      [1405] 0356 : 42         LD   B,D
PC: 0357, AF: 7916, BC: 787A, DE: 7879, HL: 787A, SP: 07BD, CYC: 1410     172      [1410] 0357 : 68         LD   L,B
PC: 0358, AF: 7916, BC: 787A, DE: 7879, HL: 7878, SP: 07BD, CYC: 1415     173      [1415] 0358 : 2C         INC  L
PC: 0359, AF: 7902, BC: 787A, DE: 7879, HL: 7879, SP: 07BD, CYC: 1420     174      [1420] 0359 : 5D         LD   E,L
PC: 035A, AF: 7902, BC: 787A, DE: 7879, HL: 7879, SP: 07BD, CYC: 1425     175      [1425] 035A : 1D         DEC  E
PC: 035B, AF: 7916, BC: 787A, DE: 7878, HL: 7879, SP: 07BD, CYC: 1430     176      [1430] 035B : 4B         LD   C,E
PC: 035C, AF: 7916, BC: 7878, DE: 7878, HL: 7879, SP: 07BD, CYC: 1435     177      [1435] 035C : 79         LD   A,C
PC: 035D, AF: 7816, BC: 7878, DE: 7878, HL: 7879, SP: 07BD, CYC: 1440     178      [1440] 035D : 6F         LD   L,A
PC: 035E, AF: 7816, BC: 7878, DE: 7878, HL: 7878, SP: 07BD, CYC: 1445     179      [1445] 035E : 2D         DEC  L
PC: 035F, AF: 7816, BC: 7878, DE: 7878, HL: 7877, SP: 07BD, CYC: 1450     180      [1450] 035F : 65         LD   H,L
PC: 0360, AF: 7816, BC: 7878, DE: 7878, HL: 7777, SP: 07BD, CYC: 1455     181      [1455] 0360 : 5C         LD   E,H
PC: 0361, AF: 7816, BC: 7878, DE: 7877, HL: 7777, SP: 07BD, CYC: 1460     182      [1460] 0361 : 53         LD   D,E
PC: 0362, AF: 7816, BC: 7878, DE: 7777, HL: 7777, SP: 07BD, CYC: 1465     183      [1465] 0362 : 4A         LD   C,D
PC: 0363, AF: 7816, BC: 7877, DE: 7777, HL: 7777, SP: 07BD, CYC: 1470     184      [1470] 0363 : 41         LD   B,C
PC: 0364, AF: 7816, BC: 7777, DE: 7777, HL: 7777, SP: 07BD, CYC: 1475     185      [1475] 0364 : 78         LD   A,B
PC: 0366, AF: 7716, BC: 7777, DE: 7777, HL: 7777, SP: 07BD, CYC: 1480     186      [1480] 0366 : FE 77      CP   77
PC: 0369, AF: 7756, BC: 7777, DE: 7777, HL: 7777, SP: 07BD, CYC: 1487     187      [1487] 0369 : C4 A0 06   CALL NZ,06A0
PC: 036A, AF: 7756, BC: 7777, DE: 7777, HL: 7777, SP: 07BD, CYC: 1498     188      [1498] 036A : AF         XOR  A
PC: 036C, AF: 0046, BC: 7777, DE: 7777, HL: 7777, SP: 07BD, CYC: 1502     189      [1502] 036C : 06 01      LD   B,01
PC: 036E, AF: 0046, BC: 0177, DE: 7777, HL: 7777, SP: 07BD, CYC: 1509     190      [1509] 036E : 0E 03      LD   C,03
PC: 0370, AF: 0046, BC: 0103, DE: 7777, HL: 7777, SP: 07BD, CYC: 1516     191      [1516] 0370 : 16 07      LD   D,07
PC: 0372, AF: 0046, BC: 0103, DE: 0777, HL: 7777, SP: 07BD, CYC: 1523     192      [1523] 0372 : 1E 0F      LD   E,0F
PC: 0374, AF: 0046, BC: 0103, DE: 070F, HL: 7777, SP: 07BD, CYC: 1530     193      [1530] 0374 : 26 1F      LD   H,1F
PC: 0376, AF: 0046, BC: 0103, DE: 070F, HL: 1F77, SP: 07BD, CYC: 1537     194      [1537] 0376 : 2E 3F      LD   L,3F
PC: 0377, AF: 0046, BC: 0103, DE: 070F, HL: 1F3F, SP: 07BD, CYC: 1544     195      [1544] 0377 : 80         ADD  B
PC: 0378, AF: 0102, BC: 0103, DE: 070F, HL: 1F3F, SP: 07BD, CYC: 1548     196      [1548] 0378 : 81         ADD  C
PC: 0379, AF: 0402, BC: 0103, DE: 070F, HL: 1F3F, SP: 07BD, CYC: 1552     197      [1552] 0379 : 82         ADD  D
PC: 037A, AF: 0B02, BC: 0103, DE: 070F, HL: 1F3F, SP: 07BD, CYC: 1556     198      [1556] 037A : 83         ADD  E
PC: 037B, AF: 1A12, BC: 0103, DE: 070F, HL: 1F3F, SP: 07BD, CYC: 1560     199      [1560] 037B : 84         ADD  H
PC: 037C, AF: 3916, BC: 0103, DE: 070F, HL: 1F3F, SP: 07BD, CYC: 1564     200      [1564] 037C : 85         ADD  L
PC: 037D, AF: 7816, BC: 0103, DE: 070F, HL: 1F3F, SP: 07BD, CYC: 1568     201      [1568] 037D : 87         ADD  A
PC: 037F, AF: F096, BC: 0103, DE: 070F, HL: 1F3F, SP: 07BD, CYC: 1572     202      [1572] 037F : FE F0      CP   F0
PC: 0382, AF: F056, BC: 0103, DE: 070F, HL: 1F3F, SP: 07BD, CYC: 1579     203      [1579] 0382 : C4 A0 06   CALL NZ,06A0
PC: 0383, AF: F056, BC: 0103, DE: 070F, HL: 1F3F, SP: 07BD, CYC: 1590     204      [1590] 0383 : 90         SUB  B
PC: 0384, AF: EF82, BC: 0103, DE: 070F, HL: 1F3F, SP: 07BD, CYC: 1594     205      [1594] 0384 : 91         SUB  C
PC: 0385, AF: EC92, BC: 0103, DE: 070F, HL: 1F3F, SP: 07BD, CYC: 1598     206      [1598] 0385 : 92         SUB  D
PC: 0386, AF: E592, BC: 0103, DE: 070F, HL: 1F3F, SP: 07BD, CYC: 1602     207      [1602] 0386 : 93         SUB  E
PC: 0387, AF: D682, BC: 0103, DE: 070F, HL: 1F3F, SP: 07BD, CYC: 1606     208      [1606] 0387 : 94         SUB  H
PC: 0388, AF: B786, BC: 0103, DE: 070F, HL: 1F3F, SP: 07BD, CYC: 1610     209      [1610] 0388 : 95         SUB  L
PC: 038A, AF: 7806, BC: 0103, DE: 070F, HL: 1F3F, SP: 07BD, CYC: 1614     210      [1614] 038A : FE 78      CP   78
PC: 038D, AF: 7856, BC: 0103, DE: 070F, HL: 1F3F, SP: 07BD, CYC: 1621     211      [1621] 038D : C4 A0 06   CALL NZ,06A0
PC: 038E, AF: 7856, BC: 0103, DE: 070F, HL: 1F3F, SP: 07BD, CYC: 1632     212      [1632] 038E : 97         SUB  A
PC: 0391, AF: 0056, BC: 0103, DE: 070F, HL: 1F3F, SP: 07BD, CYC: 1636     213      [1636] 0391 : C4 A0 06   CALL NZ,06A0
PC: 0393, AF: 0056, BC: 0103, DE: 070F, HL: 1F3F, SP: 07BD, CYC: 1647     214      [1647] 0393 : 3E 80      LD   A,80
PC: 0394, AF: 8056, BC: 0103, DE: 070F, HL: 1F3F, SP: 07BD, CYC: 1654     215      [1654] 0394 : 87         ADD  A
PC: 0396, AF: 0047, BC: 0103, DE: 070F, HL: 1F3F, SP: 07BD, CYC: 1658     216      [1658] 0396 : 06 01      LD   B,01
PC: 0398, AF: 0047, BC: 0103, DE: 070F, HL: 1F3F, SP: 07BD, CYC: 1665     217      [1665] 0398 : 0E 02      LD   C,02
PC: 039A, AF: 0047, BC: 0102, DE: 070F, HL: 1F3F, SP: 07BD, CYC: 1672     218      [1672] 039A : 16 03      LD   D,03
PC: 039C, AF: 0047, BC: 0102, DE: 030F, HL: 1F3F, SP: 07BD, CYC: 1679     219      [1679] 039C : 1E 04      LD   E,04
PC: 039E, AF: 0047, BC: 0102, DE: 0304, HL: 1F3F, SP: 07BD, CYC: 1686     220      [1686] 039E : 26 05      LD   H,05
PC: 03A0, AF: 0047, BC: 0102, DE: 0304, HL: 053F, SP: 07BD, CYC: 1693     221      [1693] 03A0 : 2E 06      LD   L,06
PC: 03A1, AF: 0047, BC: 0102, DE: 0304, HL: 0506, SP: 07BD, CYC: 1700     222      [1700] 03A1 : 88         ADC  B
PC: 03A3, AF: 0202, BC: 0102, DE: 0304, HL: 0506, SP: 07BD, CYC: 1704     223      [1704] 03A3 : 06 80      LD   B,80
PC: 03A4, AF: 0202, BC: 8002, DE: 0304, HL: 0506, SP: 07BD, CYC: 1711     224      [1711] 03A4 : 80         ADD  B
PC: 03A5, AF: 8286, BC: 8002, DE: 0304, HL: 0506, SP: 07BD, CYC: 1715     225      [1715] 03A5 : 80         ADD  B
PC: 03A6, AF: 0203, BC: 8002, DE: 0304, HL: 0506, SP: 07BD, CYC: 1719     226      [1719] 03A6 : 89         ADC  C
PC: 03A7, AF: 0506, BC: 8002, DE: 0304, HL: 0506, SP: 07BD, CYC: 1723     227      [1723] 03A7 : 80         ADD  B
PC: 03A8, AF: 8582, BC: 8002, DE: 0304, HL: 0506, SP: 07BD, CYC: 1727     228      [1727] 03A8 : 80         ADD  B
PC: 03A9, AF: 0507, BC: 8002, DE: 0304, HL: 0506, SP: 07BD, CYC: 1731     229      [1731] 03A9 : 8A         ADC  D
PC: 03AA, AF: 0906, BC: 8002, DE: 0304, HL: 0506, SP: 07BD, CYC: 1735     230      [1735] 03AA : 80         ADD  B
PC: 03AB, AF: 8982, BC: 8002, DE: 0304, HL: 0506, SP: 07BD, CYC: 1739     231      [1739] 03AB : 80         ADD  B
PC: 03AC, AF: 0907, BC: 8002, DE: 0304, HL: 0506, SP: 07BD, CYC: 1743     232      [1743] 03AC : 8B         ADC  E
PC: 03AD, AF: 0E02, BC: 8002, DE: 0304, HL: 0506, SP: 07BD, CYC: 1747     233      [1747] 03AD : 80         ADD  B
PC: 03AE, AF: 8E86, BC: 8002, DE: 0304, HL: 0506, SP: 07BD, CYC: 1751     234      [1751] 03AE : 80         ADD  B
PC: 03AF, AF: 0E03, BC: 8002, DE: 0304, HL: 0506, SP: 07BD, CYC: 1755     235      [1755] 03AF : 8C         ADC  H
PC: 03B0, AF: 1416, BC: 8002, DE: 0304, HL: 0506, SP: 07BD, CYC: 1759     236      [1759] 03B0 : 80         ADD  B
PC: 03B1, AF: 9482, BC: 8002, DE: 0304, HL: 0506, SP: 07BD, CYC: 1763     237      [1763] 03B1 : 80         ADD  B
PC: 03B2, AF: 1407, BC: 8002, DE: 0304, HL: 0506, SP: 07BD, CYC: 1767     238      [1767] 03B2 : 8D         ADC  L
PC: 03B3, AF: 1B06, BC: 8002, DE: 0304, HL: 0506, SP: 07BD, CYC: 1771     239      [1771] 03B3 : 80         ADD  B
PC: 03B4, AF: 9B82, BC: 8002, DE: 0304, HL: 0506, SP: 07BD, CYC: 1775     240      [1775] 03B4 : 80         ADD  B
PC: 03B5, AF: 1B07, BC: 8002, DE: 0304, HL: 0506, SP: 07BD, CYC: 1779     241      [1779] 03B5 : 8F         ADC  A
PC: 03B7, AF: 3712, BC: 8002, DE: 0304, HL: 0506, SP: 07BD, CYC: 1783     242      [1783] 03B7 : FE 37      CP   37
PC: 03BA, AF: 3756, BC: 8002, DE: 0304, HL: 0506, SP: 07BD, CYC: 1790     243      [1790] 03BA : C4 A0 06   CALL NZ,06A0
PC: 03BC, AF: 3756, BC: 8002, DE: 0304, HL: 0506, SP: 07BD, CYC: 1801     244      [1801] 03BC : 3E 80      LD   A,80
PC: 03BD, AF: 8056, BC: 8002, DE: 0304, HL: 0506, SP: 07BD, CYC: 1808     245      [1808] 03BD : 87         ADD  A
PC: 03BF, AF: 0047, BC: 8002, DE: 0304, HL: 0506, SP: 07BD, CYC: 1812     246      [1812] 03BF : 06 01      LD   B,01
PC: 03C0, AF: 0047, BC: 0102, DE: 0304, HL: 0506, SP: 07BD, CYC: 1819     247      [1819] 03C0 : 98         SBC  B
PC: 03C2, AF: FE83, BC: 0102, DE: 0304, HL: 0506, SP: 07BD, CYC: 1823     248      [1823] 03C2 : 06 FF      LD   B,FF
PC: 03C3, AF: FE83, BC: FF02, DE: 0304, HL: 0506, SP: 07BD, CYC: 1830     249      [1830] 03C3 : 80         ADD  B
PC: 03C4, AF: FD93, BC: FF02, DE: 0304, HL: 0506, SP: 07BD, CYC: 1834     250      [1834] 03C4 : 99         SBC  C
PC: 03C5, AF: FA96, BC: FF02, DE: 0304, HL: 0506, SP: 07BD, CYC: 1838     251      [1838] 03C5 : 80         ADD  B
PC: 03C6, AF: F997, BC: FF02, DE: 0304, HL: 0506, SP: 07BD, CYC: 1842     252      [1842] 03C6 : 9A         SBC  D
PC: 03C7, AF: F596, BC: FF02, DE: 0304, HL: 0506, SP: 07BD, CYC: 1846     253      [1846] 03C7 : 80         ADD  B
PC: 03C8, AF: F493, BC: FF02, DE: 0304, HL: 0506, SP: 07BD, CYC: 1850     254      [1850] 03C8 : 9B         SBC  E
PC: 03C9, AF: EF82, BC: FF02, DE: 0304, HL: 0506, SP: 07BD, CYC: 1854     255      [1854] 03C9 : 80         ADD  B
PC: 03CA, AF: EE97, BC: FF02, DE: 0304, HL: 0506, SP: 07BD, CYC: 1858     256      [1858] 03CA : 9C         SBC  H
PC: 03CB, AF: E896, BC: FF02, DE: 0304, HL: 0506, SP: 07BD, CYC: 1862     257      [1862] 03CB : 80         ADD  B
PC: 03CC, AF: E797, BC: FF02, DE: 0304, HL: 0506, SP: 07BD, CYC: 1866     258      [1866] 03CC : 9D         SBC  L
PC: 03CE, AF: E092, BC: FF02, DE: 0304, HL: 0506, SP: 07BD, CYC: 1870     259      [1870] 03CE : FE E0      CP   E0
PC: 03D1, AF: E056, BC: FF02, DE: 0304, HL: 0506, SP: 07BD, CYC: 1877     260      [1877] 03D1 : C4 A0 06   CALL NZ,06A0
PC: 03D3, AF: E056, BC: FF02, DE: 0304, HL: 0506, SP: 07BD, CYC: 1888     261      [1888] 03D3 : 3E 80      LD   A,80
PC: 03D4, AF: 8056, BC: FF02, DE: 0304, HL: 0506, SP: 07BD, CYC: 1895     262      [1895] 03D4 : 87         ADD  A
PC: 03D5, AF: 0047, BC: FF02, DE: 0304, HL: 0506, SP: 07BD, CYC: 1899     263      [1899] 03D5 : 9F         SBC  A
PC: 03D7, AF: FF87, BC: FF02, DE: 0304, HL: 0506, SP: 07BD, CYC: 1903     264      [1903] 03D7 : FE FF      CP   FF
PC: 03DA, AF: FF56, BC: FF02, DE: 0304, HL: 0506, SP: 07BD, CYC: 1910     265      [1910] 03DA : C4 A0 06   CALL NZ,06A0
PC: 03DC, AF: FF56, BC: FF02, DE: 0304, HL: 0506, SP: 07BD, CYC: 1921     266      [1921] 03DC : 3E FF      LD   A,FF
PC: 03DE, AF: FF56, BC: FF02, DE: 0304, HL: 0506, SP: 07BD, CYC: 1928     267      [1928] 03DE : 06 FE      LD   B,FE
PC: 03E0, AF: FF56, BC: FE02, DE: 0304, HL: 0506, SP: 07BD, CYC: 1935     268      [1935] 03E0 : 0E FC      LD   C,FC
PC: 03E2, AF: FF56, BC: FEFC, DE: 0304, HL: 0506, SP: 07BD, CYC: 1942     269      [1942] 03E2 : 16 EF      LD   D,EF
PC: 03E4, AF: FF56, BC: FEFC, DE: EF04, HL: 0506, SP: 07BD, CYC: 1949     270      [1949] 03E4 : 1E 7F      LD   E,7F
PC: 03E6, AF: FF56, BC: FEFC, DE: EF7F, HL: 0506, SP: 07BD, CYC: 1956     271      [1956] 03E6 : 26 F4      LD   H,F4
PC: 03E8, AF: FF56, BC: FEFC, DE: EF7F, HL: F406, SP: 07BD, CYC: 1963     272      [1963] 03E8 : 2E BF      LD   L,BF
PC: 03E9, AF: FF56, BC: FEFC, DE: EF7F, HL: F4BF, SP: 07BD, CYC: 1970     273      [1970] 03E9 : A0         AND  B
PC: 03EA, AF: FE92, BC: FEFC, DE: EF7F, HL: F4BF, SP: 07BD, CYC: 1974     274      [1974] 03EA : A1         AND  C
PC: 03EB, AF: FC96, BC: FEFC, DE: EF7F, HL: F4BF, SP: 07BD, CYC: 1978     275      [1978] 03EB : A2         AND  D
PC: 03EC, AF: EC92, BC: FEFC, DE: EF7F, HL: F4BF, SP: 07BD, CYC: 1982     276      [1982] 03EC : A3         AND  E
PC: 03ED, AF: 6C16, BC: FEFC, DE: EF7F, HL: F4BF, SP: 07BD, CYC: 1986     277      [1986] 03ED : A4         AND  H
PC: 03EE, AF: 6412, BC: FEFC, DE: EF7F, HL: F4BF, SP: 07BD, CYC: 1990     278      [1990] 03EE : A5         AND  L
PC: 03EF, AF: 2416, BC: FEFC, DE: EF7F, HL: F4BF, SP: 07BD, CYC: 1994     279      [1994] 03EF : A7         AND  A
PC: 03F1, AF: 2406, BC: FEFC, DE: EF7F, HL: F4BF, SP: 07BD, CYC: 1998     280      [1998] 03F1 : FE 24      CP   24
PC: 03F4, AF: 2456, BC: FEFC, DE: EF7F, HL: F4BF, SP: 07BD, CYC: 2005     281      [2005] 03F4 : C4 A0 06   CALL NZ,06A0
PC: 03F5, AF: 2456, BC: FEFC, DE: EF7F, HL: F4BF, SP: 07BD, CYC: 2016     282      [2016] 03F5 : AF         XOR  A
PC: 03F7, AF: 0046, BC: FEFC, DE: EF7F, HL: F4BF, SP: 07BD, CYC: 2020     283      [2020] 03F7 : 06 01      LD   B,01
PC: 03F9, AF: 0046, BC: 01FC, DE: EF7F, HL: F4BF, SP: 07BD, CYC: 2027     284      [2027] 03F9 : 0E 02      LD   C,02
PC: 03FB, AF: 0046, BC: 0102, DE: EF7F, HL: F4BF, SP: 07BD, CYC: 2034     285      [2034] 03FB : 16 04      LD   D,04
PC: 03FD, AF: 0046, BC: 0102, DE: 047F, HL: F4BF, SP: 07BD, CYC: 2041     286      [2041] 03FD : 1E 08      LD   E,08
PC: 03FF, AF: 0046, BC: 0102, DE: 0408, HL: F4BF, SP: 07BD, CYC: 2048     287      [2048] 03FF : 26 10      LD   H,10
PC: 0401, AF: 0046, BC: 0102, DE: 0408, HL: 10BF, SP: 07BD, CYC: 2055     288      [2055] 0401 : 2E 20      LD   L,20
PC: 0402, AF: 0046, BC: 0102, DE: 0408, HL: 1020, SP: 07BD, CYC: 2062     289      [2062] 0402 : B0         OR   B
PC: 0403, AF: 0102, BC: 0102, DE: 0408, HL: 1020, SP: 07BD, CYC: 2066     290      [2066] 0403 : B1         OR   C
PC: 0404, AF: 0306, BC: 0102, DE: 0408, HL: 1020, SP: 07BD, CYC: 2070     291      [2070] 0404 : B2         OR   D
PC: 0405, AF: 0702, BC: 0102, DE: 0408, HL: 1020, SP: 07BD, CYC: 2074     292      [2074] 0405 : B3         OR   E
PC: 0406, AF: 0F06, BC: 0102, DE: 0408, HL: 1020, SP: 07BD, CYC: 2078     293      [2078] 0406 : B4         OR   H
PC: 0407, AF: 1F02, BC: 0102, DE: 0408, HL: 1020, SP: 07BD, CYC: 2082     294      [2082] 0407 : B5         OR   L
PC: 0408, AF: 3F06, BC: 0102, DE: 0408, HL: 1020, SP: 07BD, CYC: 2086     295      [2086] 0408 : B7         OR   A
PC: 040A, AF: 3F06, BC: 0102, DE: 0408, HL: 1020, SP: 07BD, CYC: 2090     296      [2090] 040A : FE 3F      CP   3F
PC: 040D, AF: 3F56, BC: 0102, DE: 0408, HL: 1020, SP: 07BD, CYC: 2097     297      [2097] 040D : C4 A0 06   CALL NZ,06A0
PC: 040F, AF: 3F56, BC: 0102, DE: 0408, HL: 1020, SP: 07BD, CYC: 2108     298      [2108] 040F : 3E 00      LD   A,00
PC: 0411, AF: 0056, BC: 0102, DE: 0408, HL: 1020, SP: 07BD, CYC: 2115     299      [2115] 0411 : 26 8F      LD   H,8F
PC: 0413, AF: 0056, BC: 0102, DE: 0408, HL: 8F20, SP: 07BD, CYC: 2122     300      [2122] 0413 : 2E 4F      LD   L,4F
PC: 0414, AF: 0056, BC: 0102, DE: 0408, HL: 8F4F, SP: 07BD, CYC: 2129     301      [2129] 0414 : A8         XOR  B
PC: 0415, AF: 0102, BC: 0102, DE: 0408, HL: 8F4F, SP: 07BD, CYC: 2133     302      [2133] 0415 : A9         XOR  C
PC: 0416, AF: 0306, BC: 0102, DE: 0408, HL: 8F4F, SP: 07BD, CYC: 2137     303      [2137] 0416 : AA         XOR  D
PC: 0417, AF: 0702, BC: 0102, DE: 0408, HL: 8F4F, SP: 07BD, CYC: 2141     304      [2141] 0417 : AB         XOR  E
PC: 0418, AF: 0F06, BC: 0102, DE: 0408, HL: 8F4F, SP: 07BD, CYC: 2145     305      [2145] 0418 : AC         XOR  H
PC: 0419, AF: 8082, BC: 0102, DE: 0408, HL: 8F4F, SP: 07BD, CYC: 2149     306      [2149] 0419 : AD         XOR  L
PC: 041B, AF: CF86, BC: 0102, DE: 0408, HL: 8F4F, SP: 07BD, CYC: 2153     307      [2153] 041B : FE CF      CP   CF
PC: 041E, AF: CF56, BC: 0102, DE: 0408, HL: 8F4F, SP: 07BD, CYC: 2160     308      [2160] 041E : C4 A0 06   CALL NZ,06A0
PC: 041F, AF: CF56, BC: 0102, DE: 0408, HL: 8F4F, SP: 07BD, CYC: 2171     309      [2171] 041F : AF         XOR  A
PC: 0422, AF: 0046, BC: 0102, DE: 0408, HL: 8F4F, SP: 07BD, CYC: 2175     310      [2175] 0422 : C4 A0 06   CALL NZ,06A0
PC: 0424, AF: 0046, BC: 0102, DE: 0408, HL: 8F4F, SP: 07BD, CYC: 2186     311      [2186] 0424 : 06 44      LD   B,44
PC: 0426, AF: 0046, BC: 4402, DE: 0408, HL: 8F4F, SP: 07BD, CYC: 2193     312      [2193] 0426 : 0E 45      LD   C,45
PC: 0428, AF: 0046, BC: 4445, DE: 0408, HL: 8F4F, SP: 07BD, CYC: 2200     313      [2200] 0428 : 16 46      LD   D,46
PC: 042A, AF: 0046, BC: 4445, DE: 4608, HL: 8F4F, SP: 07BD, CYC: 2207     314      [2207] 042A : 1E 47      LD   E,47
PC: 042C, AF: 0046, BC: 4445, DE: 4647, HL: 8F4F, SP: 07BD, CYC: 2214     315      [2214] 042C : 26 06      LD   H,06
PC: 042E, AF: 0046, BC: 4445, DE: 4647, HL: 064F, SP: 07BD, CYC: 2221     316      [2221] 042E : 2E BF      LD   L,BF
PC: 042F, AF: 0046, BC: 4445, DE: 4647, HL: 06BF, SP: 07BD, CYC: 2228     317      [2228] 042F : 70         LD   (HL),B
PC: 0431, AF: 0046, BC: 4445, DE: 4647, HL: 06BF, SP: 07BD, CYC: 2235     318      [2235] 0431 : 06 00      LD   B,00
PC: 0432, AF: 0046, BC: 0045, DE: 4647, HL: 06BF, SP: 07BD, CYC: 2242     319      [2242] 0432 : 46         LD   B,(HL)
PC: 0434, AF: 0046, BC: 4445, DE: 4647, HL: 06BF, SP: 07BD, CYC: 2249     320      [2249] 0434 : 3E 44      LD   A,44
PC: 0435, AF: 4446, BC: 4445, DE: 4647, HL: 06BF, SP: 07BD, CYC: 2256     321      [2256] 0435 : B8         CP   B
PC: 0438, AF: 4456, BC: 4445, DE: 4647, HL: 06BF, SP: 07BD, CYC: 2260     322      [2260] 0438 : C4 A0 06   CALL NZ,06A0
PC: 0439, AF: 4456, BC: 4445, DE: 4647, HL: 06BF, SP: 07BD, CYC: 2271     323      [2271] 0439 : 71         LD   (HL),C
PC: 043B, AF: 4456, BC: 4445, DE: 4647, HL: 06BF, SP: 07BD, CYC: 2278     324      [2278] 043B : 0E 00      LD   C,00
PC: 043C, AF: 4456, BC: 4400, DE: 4647, HL: 06BF, SP: 07BD, CYC: 2285     325      [2285] 043C : 4E         LD   C,(HL)
PC: 043E, AF: 4456, BC: 4445, DE: 4647, HL: 06BF, SP: 07BD, CYC: 2292     326      [2292] 043E : 3E 45      LD   A,45
PC: 043F, AF: 4556, BC: 4445, DE: 4647, HL: 06BF, SP: 07BD, CYC: 2299     327      [2299] 043F : B9         CP   C
PC: 0442, AF: 4556, BC: 4445, DE: 4647, HL: 06BF, SP: 07BD, CYC: 2303     328      [2303] 0442 : C4 A0 06   CALL NZ,06A0
PC: 0443, AF: 4556, BC: 4445, DE: 4647, HL: 06BF, SP: 07BD, CYC: 2314     329      [2314] 0443 : 72         LD   (HL),D
PC: 0445, AF: 4556, BC: 4445, DE: 4647, HL: 06BF, SP: 07BD, CYC: 2321     330      [2321] 0445 : 16 00      LD   D,00
PC: 0446, AF: 4556, BC: 4445, DE: 0047, HL: 06BF, SP: 07BD, CYC: 2328     331      [2328] 0446 : 56         LD   D,(HL)
PC: 0448, AF: 4556, BC: 4445, DE: 4647, HL: 06BF, SP: 07BD, CYC: 2335     332      [2335] 0448 : 3E 46      LD   A,46
PC: 0449, AF: 4656, BC: 4445, DE: 4647, HL: 06BF, SP: 07BD, CYC: 2342     333      [2342] 0449 : BA         CP   D
PC: 044C, AF: 4656, BC: 4445, DE: 4647, HL: 06BF, SP: 07BD, CYC: 2346     334      [2346] 044C : C4 A0 06   CALL NZ,06A0
PC: 044D, AF: 4656, BC: 4445, DE: 4647, HL: 06BF, SP: 07BD, CYC: 2357     335      [2357] 044D : 73         LD   (HL),E
PC: 044F, AF: 4656, BC: 4445, DE: 4647, HL: 06BF, SP: 07BD, CYC: 2364     336      [2364] 044F : 1E 00      LD   E,00
PC: 0450, AF: 4656, BC: 4445, DE: 4600, HL: 06BF, SP: 07BD, CYC: 2371     337      [2371] 0450 : 5E         LD   E,(HL)
PC: 0452, AF: 4656, BC: 4445, DE: 4647, HL: 06BF, SP: 07BD, CYC: 2378     338      [2378] 0452 : 3E 47      LD   A,47
PC: 0453, AF: 4756, BC: 4445, DE: 4647, HL: 06BF, SP: 07BD, CYC: 2385     339      [2385] 0453 : BB         CP   E
PC: 0456, AF: 4756, BC: 4445, DE: 4647, HL: 06BF, SP: 07BD, CYC: 2389     340      [2389] 0456 : C4 A0 06   CALL NZ,06A0
PC: 0457, AF: 4756, BC: 4445, DE: 4647, HL: 06BF, SP: 07BD, CYC: 2400     341      [2400] 0457 : 74         LD   (HL),H
PC: 0459, AF: 4756, BC: 4445, DE: 4647, HL: 06BF, SP: 07BD, CYC: 2407     342      [2407] 0459 : 26 06      LD   H,06
PC: 045B, AF: 4756, BC: 4445, DE: 4647, HL: 06BF, SP: 07BD, CYC: 2414     343      [2414] 045B : 2E BF      LD   L,BF
PC: 045C, AF: 4756, BC: 4445, DE: 4647, HL: 06BF, SP: 07BD, CYC: 2421     344      [2421] 045C : 66         LD   H,(HL)
PC: 045E, AF: 4756, BC: 4445, DE: 4647, HL: 06BF, SP: 07BD, CYC: 2428     345      [2428] 045E : 3E 06      LD   A,06
PC: 045F, AF: 0656, BC: 4445, DE: 4647, HL: 06BF, SP: 07BD, CYC: 2435     346      [2435] 045F : BC         CP   H
PC: 0462, AF: 0656, BC: 4445, DE: 4647, HL: 06BF, SP: 07BD, CYC: 2439     347      [2439] 0462 : C4 A0 06   CALL NZ,06A0
PC: 0463, AF: 0656, BC: 4445, DE: 4647, HL: 06BF, SP: 07BD, CYC: 2450     348      [2450] 0463 : 75         LD   (HL),L
PC: 0465, AF: 0656, BC: 4445, DE: 4647, HL: 06BF, SP: 07BD, CYC: 2457     349      [2457] 0465 : 26 06      LD   H,06
PC: 0467, AF: 0656, BC: 4445, DE: 4647, HL: 06BF, SP: 07BD, CYC: 2464     350      [2464] 0467 : 2E BF      LD   L,BF
PC: 0468, AF: 0656, BC: 4445, DE: 4647, HL: 06BF, SP: 07BD, CYC: 2471     351      [2471] 0468 : 6E         LD   L,(HL)
PC: 046A, AF: 0656, BC: 4445, DE: 4647, HL: 06BF, SP: 07BD, CYC: 2478     352      [2478] 046A : 3E BF      LD   A,BF
PC: 046B, AF: BF56, BC: 4445, DE: 4647, HL: 06BF, SP: 07BD, CYC: 2485     353      [2485] 046B : BD         CP   L
PC: 046E, AF: BF56, BC: 4445, DE: 4647, HL: 06BF, SP: 07BD, CYC: 2489     354      [2489] 046E : C4 A0 06   CALL NZ,06A0
PC: 0470, AF: BF56, BC: 4445, DE: 4647, HL: 06BF, SP: 07BD, CYC: 2500     355      [2500] 0470 : 26 06      LD   H,06
PC: 0472, AF: BF56, BC: 4445, DE: 4647, HL: 06BF, SP: 07BD, CYC: 2507     356      [2507] 0472 : 2E BF      LD   L,BF
PC: 0474, AF: BF56, BC: 4445, DE: 4647, HL: 06BF, SP: 07BD, CYC: 2514     357      [2514] 0474 : 3E 32      LD   A,32
PC: 0475, AF: 3256, BC: 4445, DE: 4647, HL: 06BF, SP: 07BD, CYC: 2521     358      [2521] 0475 : 77         LD   (HL),A
PC: 0476, AF: 3256, BC: 4445, DE: 4647, HL: 06BF, SP: 07BD, CYC: 2528     359      [2528] 0476 : BE         CP   (HL)
PC: 0479, AF: 3256, BC: 4445, DE: 4647, HL: 06BF, SP: 07BD, CYC: 2535     360      [2535] 0479 : C4 A0 06   CALL NZ,06A0
PC: 047A, AF: 3256, BC: 4445, DE: 4647, HL: 06BF, SP: 07BD, CYC: 2546     361      [2546] 047A : 86         ADD  (HL)
PC: 047C, AF: 6402, BC: 4445, DE: 4647, HL: 06BF, SP: 07BD, CYC: 2553     362      [2553] 047C : FE 64      CP   64
PC: 047F, AF: 6456, BC: 4445, DE: 4647, HL: 06BF, SP: 07BD, CYC: 2560     363      [2560] 047F : C4 A0 06   CALL NZ,06A0
PC: 0480, AF: 6456, BC: 4445, DE: 4647, HL: 06BF, SP: 07BD, CYC: 2571     364      [2571] 0480 : AF         XOR  A
PC: 0481, AF: 0046, BC: 4445, DE: 4647, HL: 06BF, SP: 07BD, CYC: 2575     365      [2575] 0481 : 7E         LD   A,(HL)
PC: 0483, AF: 3246, BC: 4445, DE: 4647, HL: 06BF, SP: 07BD, CYC: 2582     366      [2582] 0483 : FE 32      CP   32
PC: 0486, AF: 3256, BC: 4445, DE: 4647, HL: 06BF, SP: 07BD, CYC: 2589     367      [2589] 0486 : C4 A0 06   CALL NZ,06A0
PC: 0488, AF: 3256, BC: 4445, DE: 4647, HL: 06BF, SP: 07BD, CYC: 2600     368      [2600] 0488 : 26 06      LD   H,06
PC: 048A, AF: 3256, BC: 4445, DE: 4647, HL: 06BF, SP: 07BD, CYC: 2607     369      [2607] 048A : 2E BF      LD   L,BF
PC: 048B, AF: 3256, BC: 4445, DE: 4647, HL: 06BF, SP: 07BD, CYC: 2614     370      [2614] 048B : 7E         LD   A,(HL)
PC: 048C, AF: 3256, BC: 4445, DE: 4647, HL: 06BF, SP: 07BD, CYC: 2621     371      [2621] 048C : 96         SUB  (HL)
PC: 048F, AF: 0056, BC: 4445, DE: 4647, HL: 06BF, SP: 07BD, CYC: 2628     372      [2628] 048F : C4 A0 06   CALL NZ,06A0
PC: 0491, AF: 0056, BC: 4445, DE: 4647, HL: 06BF, SP: 07BD, CYC: 2639     373      [2639] 0491 : 3E 80      LD   A,80
PC: 0492, AF: 8056, BC: 4445, DE: 4647, HL: 06BF, SP: 07BD, CYC: 2646     374      [2646] 0492 : 87         ADD  A
PC: 0493, AF: 0047, BC: 4445, DE: 4647, HL: 06BF, SP: 07BD, CYC: 2650     375      [2650] 0493 : 8E         ADC  (HL)
PC: 0495, AF: 3306, BC: 4445, DE: 4647, HL: 06BF, SP: 07BD, CYC: 2657     376      [2657] 0495 : FE 33      CP   33
PC: 0498, AF: 3356, BC: 4445, DE: 4647, HL: 06BF, SP: 07BD, CYC: 2664     377      [2664] 0498 : C4 A0 06   CALL NZ,06A0
PC: 049A, AF: 3356, BC: 4445, DE: 4647, HL: 06BF, SP: 07BD, CYC: 2675     378      [2675] 049A : 3E 80      LD   A,80
PC: 049B, AF: 8056, BC: 4445, DE: 4647, HL: 06BF, SP: 07BD, CYC: 2682     379      [2682] 049B : 87         ADD  A
PC: 049C, AF: 0047, BC: 4445, DE: 4647, HL: 06BF, SP: 07BD, CYC: 2686     380      [2686] 049C : 9E         SBC  (HL)
PC: 049E, AF: CD83, BC: 4445, DE: 4647, HL: 06BF, SP: 07BD, CYC: 2693     381      [2693] 049E : FE CD      CP   CD
PC: 04A1, AF: CD56, BC: 4445, DE: 4647, HL: 06BF, SP: 07BD, CYC: 2700     382      [2700] 04A1 : C4 A0 06   CALL NZ,06A0
PC: 04A2, AF: CD56, BC: 4445, DE: 4647, HL: 06BF, SP: 07BD, CYC: 2711     383      [2711] 04A2 : A6         AND  (HL)
PC: 04A5, AF: 0056, BC: 4445, DE: 4647, HL: 06BF, SP: 07BD, CYC: 2718     384      [2718] 04A5 : C4 A0 06   CALL NZ,06A0
PC: 04A7, AF: 0056, BC: 4445, DE: 4647, HL: 06BF, SP: 07BD, CYC: 2729     385      [2729] 04A7 : 3E 25      LD   A,25
PC: 04A8, AF: 2556, BC: 4445, DE: 4647, HL: 06BF, SP: 07BD, CYC: 2736     386      [2736] 04A8 : B6         OR   (HL)
PC: 04AA, AF: 3702, BC: 4445, DE: 4647, HL: 06BF, SP: 07BD, CYC: 2743     387      [2743] 04AA : FE 37      CP   37
PC: 04AD, AF: 3756, BC: 4445, DE: 4647, HL: 06BF, SP: 07BD, CYC: 2750     388      [2750] 04AD : C4 A0 06   CALL NZ,06A0
PC: 04AE, AF: 3756, BC: 4445, DE: 4647, HL: 06BF, SP: 07BD, CYC: 2761     389      [2761] 04AE : AE         XOR  (HL)
PC: 04B0, AF: 0506, BC: 4445, DE: 4647, HL: 06BF, SP: 07BD, CYC: 2768     390      [2768] 04B0 : FE 05      CP   05
PC: 04B3, AF: 0556, BC: 4445, DE: 4647, HL: 06BF, SP: 07BD, CYC: 2775     391      [2775] 04B3 : C4 A0 06   CALL NZ,06A0
PC: 04B5, AF: 0556, BC: 4445, DE: 4647, HL: 06BF, SP: 07BD, CYC: 2786     392      [2786] 04B5 : 36 55      LD   (HL),55
PC: 04B6, AF: 0556, BC: 4445, DE: 4647, HL: 06BF, SP: 07BD, CYC: 2796     393      [2796] 04B6 : 34         INC  (HL)
PC: 04B7, AF: 0506, BC: 4445, DE: 4647, HL: 06BF, SP: 07BD, CYC: 2806     394      [2806] 04B7 : 35         DEC  (HL)
PC: 04B8, AF: 0516, BC: 4445, DE: 4647, HL: 06BF, SP: 07BD, CYC: 2816     395      [2816] 04B8 : 86         ADD  (HL)
PC: 04BA, AF: 5A06, BC: 4445, DE: 4647, HL: 06BF, SP: 07BD, CYC: 2823     396      [2823] 04BA : FE 5A      CP   5A
PC: 04BD, AF: 5A56, BC: 4445, DE: 4647, HL: 06BF, SP: 07BD, CYC: 2830     397      [2830] 04BD : C4 A0 06   CALL NZ,06A0
PC: 04C0, AF: 5A56, BC: 4445, DE: 4647, HL: 06BF, SP: 07BD, CYC: 2841     398      [2841] 04C0 : 01 FF 12   LD   BC,12FF
PC: 04C3, AF: 5A56, BC: 12FF, DE: 4647, HL: 06BF, SP: 07BD, CYC: 2851     399      [2851] 04C3 : 11 FF 12   LD   DE,12FF
PC: 04C6, AF: 5A56, BC: 12FF, DE: 12FF, HL: 06BF, SP: 07BD, CYC: 2861     400      [2861] 04C6 : 21 FF 12   LD   HL,12FF
PC: 04C7, AF: 5A56, BC: 12FF, DE: 12FF, HL: 12FF, SP: 07BD, CYC: 2871     401      [2871] 04C7 : 03         INC  BC
PC: 04C8, AF: 5A56, BC: 1300, DE: 12FF, HL: 12FF, SP: 07BD, CYC: 2876     402      [2876] 04C8 : 13         INC  DE
PC: 04C9, AF: 5A56, BC: 1300, DE: 1300, HL: 12FF, SP: 07BD, CYC: 2881     403      [2881] 04C9 : 23         INC  HL
PC: 04CB, AF: 5A56, BC: 1300, DE: 1300, HL: 1300, SP: 07BD, CYC: 2886     404      [2886] 04CB : 3E 13      LD   A,13
PC: 04CC, AF: 1356, BC: 1300, DE: 1300, HL: 1300, SP: 07BD, CYC: 2893     405      [2893] 04CC : B8         CP   B
PC: 04CF, AF: 1356, BC: 1300, DE: 1300, HL: 1300, SP: 07BD, CYC: 2897     406      [2897] 04CF : C4 A0 06   CALL NZ,06A0
PC: 04D0, AF: 1356, BC: 1300, DE: 1300, HL: 1300, SP: 07BD, CYC: 2908     407      [2908] 04D0 : BA         CP   D
PC: 04D3, AF: 1356, BC: 1300, DE: 1300, HL: 1300, SP: 07BD, CYC: 2912     408      [2912] 04D3 : C4 A0 06   CALL NZ,06A0
PC: 04D4, AF: 1356, BC: 1300, DE: 1300, HL: 1300, SP: 07BD, CYC: 2923     409      [2923] 04D4 : BC         CP   H
PC: 04D7, AF: 1356, BC: 1300, DE: 1300, HL: 1300, SP: 07BD, CYC: 2927     410      [2927] 04D7 : C4 A0 06   CALL NZ,06A0
PC: 04D9, AF: 1356, BC: 1300, DE: 1300, HL: 1300, SP: 07BD, CYC: 2938     411      [2938] 04D9 : 3E 00      LD   A,00
PC: 04DA, AF: 0056, BC: 1300, DE: 1300, HL: 1300, SP: 07BD, CYC: 2945     412      [2945] 04DA : B9         CP   C
PC: 04DD, AF: 0056, BC: 1300, DE: 1300, HL: 1300, SP: 07BD, CYC: 2949     413      [2949] 04DD : C4 A0 06   CALL NZ,06A0
PC: 04DE, AF: 0056, BC: 1300, DE: 1300, HL: 1300, SP: 07BD, CYC: 2960     414      [2960] 04DE : BB         CP   E
PC: 04E1, AF: 0056, BC: 1300, DE: 1300, HL: 1300, SP: 07BD, CYC: 2964     415      [2964] 04E1 : C4 A0 06   CALL NZ,06A0
PC: 04E2, AF: 0056, BC: 1300, DE: 1300, HL: 1300, SP: 07BD, CYC: 2975     416      [2975] 04E2 : BD         CP   L
PC: 04E5, AF: 0056, BC: 1300, DE: 1300, HL: 1300, SP: 07BD, CYC: 2979     417      [2979] 04E5 : C4 A0 06   CALL NZ,06A0
PC: 04E6, AF: 0056, BC: 1300, DE: 1300, HL: 1300, SP: 07BD, CYC: 2990     418      [2990] 04E6 : 0B         DEC  BC
PC: 04E7, AF: 0056, BC: 12FF, DE: 1300, HL: 1300, SP: 07BD, CYC: 2995     419      [2995] 04E7 : 1B         DEC  DE
PC: 04E8, AF: 0056, BC: 12FF, DE: 12FF, HL: 1300, SP: 07BD, CYC: 3000     420      [3000] 04E8 : 2B         DEC  HL
PC: 04EA, AF: 0056, BC: 12FF, DE: 12FF, HL: 12FF, SP: 07BD, CYC: 3005     421      [3005] 04EA : 3E 12      LD   A,12
PC: 04EB, AF: 1256, BC: 12FF, DE: 12FF, HL: 12FF, SP: 07BD, CYC: 3012     422      [3012] 04EB : B8         CP   B
PC: 04EE, AF: 1256, BC: 12FF, DE: 12FF, HL: 12FF, SP: 07BD, CYC: 3016     423      [3016] 04EE : C4 A0 06   CALL NZ,06A0
PC: 04EF, AF: 1256, BC: 12FF, DE: 12FF, HL: 12FF, SP: 07BD, CYC: 3027     424      [3027] 04EF : BA         CP   D
PC: 04F2, AF: 1256, BC: 12FF, DE: 12FF, HL: 12FF, SP: 07BD, CYC: 3031     425      [3031] 04F2 : C4 A0 06   CALL NZ,06A0
PC: 04F3, AF: 1256, BC: 12FF, DE: 12FF, HL: 12FF, SP: 07BD, CYC: 3042     426      [3042] 04F3 : BC         CP   H
PC: 04F6, AF: 1256, BC: 12FF, DE: 12FF, HL: 12FF, SP: 07BD, CYC: 3046     427      [3046] 04F6 : C4 A0 06   CALL NZ,06A0
PC: 04F8, AF: 1256, BC: 12FF, DE: 12FF, HL: 12FF, SP: 07BD, CYC: 3057     428      [3057] 04F8 : 3E FF      LD   A,FF
PC: 04F9, AF: FF56, BC: 12FF, DE: 12FF, HL: 12FF, SP: 07BD, CYC: 3064     429      [3064] 04F9 : B9         CP   C
PC: 04FC, AF: FF56, BC: 12FF, DE: 12FF, HL: 12FF, SP: 07BD, CYC: 3068     430      [3068] 04FC : C4 A0 06   CALL NZ,06A0
PC: 04FD, AF: FF56, BC: 12FF, DE: 12FF, HL: 12FF, SP: 07BD, CYC: 3079     431      [3079] 04FD : BB         CP   E
PC: 0500, AF: FF56, BC: 12FF, DE: 12FF, HL: 12FF, SP: 07BD, CYC: 3083     432      [3083] 0500 : C4 A0 06   CALL NZ,06A0
PC: 0501, AF: FF56, BC: 12FF, DE: 12FF, HL: 12FF, SP: 07BD, CYC: 3094     433      [3094] 0501 : BD         CP   L
PC: 0504, AF: FF56, BC: 12FF, DE: 12FF, HL: 12FF, SP: 07BD, CYC: 3098     434      [3098] 0504 : C4 A0 06   CALL NZ,06A0
PC: 0507, AF: FF56, BC: 12FF, DE: 12FF, HL: 12FF, SP: 07BD, CYC: 3109     435      [3109] 0507 : 32 BF 06   LD   (06BF),A
PC: 0508, AF: FF56, BC: 12FF, DE: 12FF, HL: 12FF, SP: 07BD, CYC: 3122     436      [3122] 0508 : AF         XOR  A
PC: 050B, AF: 0046, BC: 12FF, DE: 12FF, HL: 12FF, SP: 07BD, CYC: 3126     437      [3126] 050B : 3A BF 06   LD   A,(06BF)
PC: 050D, AF: FF46, BC: 12FF, DE: 12FF, HL: 12FF, SP: 07BD, CYC: 3139     438      [3139] 050D : FE FF      CP   FF
PC: 0510, AF: FF56, BC: 12FF, DE: 12FF, HL: 12FF, SP: 07BD, CYC: 3146     439      [3146] 0510 : C4 A0 06   CALL NZ,06A0
PC: 0513, AF: FF56, BC: 12FF, DE: 12FF, HL: 12FF, SP: 07BD, CYC: 3157     440      [3157] 0513 : 2A BD 06   LD   HL,(06BD)
PC: 0516, AF: FF56, BC: 12FF, DE: 12FF, HL: 06BF, SP: 07BD, CYC: 3173     441      [3173] 0516 : 22 BF 06   LD   (06BF),HL
PC: 0519, AF: FF56, BC: 12FF, DE: 12FF, HL: 06BF, SP: 07BD, CYC: 3189     442      [3189] 0519 : 3A BD 06   LD   A,(06BD)
PC: 051A, AF: BF56, BC: 12FF, DE: 12FF, HL: 06BF, SP: 07BD, CYC: 3202     443      [3202] 051A : 47         LD   B,A
PC: 051D, AF: BF56, BC: BFFF, DE: 12FF, HL: 06BF, SP: 07BD, CYC: 3207     444      [3207] 051D : 3A BF 06   LD   A,(06BF)
PC: 051E, AF: BF56, BC: BFFF, DE: 12FF, HL: 06BF, SP: 07BD, CYC: 3220     445      [3220] 051E : B8         CP   B
PC: 0521, AF: BF56, BC: BFFF, DE: 12FF, HL: 06BF, SP: 07BD, CYC: 3224     446      [3224] 0521 : C4 A0 06   CALL NZ,06A0
PC: 0524, AF: BF56, BC: BFFF, DE: 12FF, HL: 06BF, SP: 07BD, CYC: 3235     447      [3235] 0524 : 3A BE 06   LD   A,(06BE)
PC: 0525, AF: 0656, BC: BFFF, DE: 12FF, HL: 06BF, SP: 07BD, CYC: 3248     448      [3248] 0525 : 47         LD   B,A
PC: 0528, AF: 0656, BC: 06FF, DE: 12FF, HL: 06BF, SP: 07BD, CYC: 3253     449      [3253] 0528 : 3A C0 06   LD   A,(06C0)
PC: 0529, AF: 0656, BC: 06FF, DE: 12FF, HL: 06BF, SP: 07BD, CYC: 3266     450      [3266] 0529 : B8         CP   B
PC: 052C, AF: 0656, BC: 06FF, DE: 12FF, HL: 06BF, SP: 07BD, CYC: 3270     451      [3270] 052C : C4 A0 06   CALL NZ,06A0
PC: 052E, AF: 0656, BC: 06FF, DE: 12FF, HL: 06BF, SP: 07BD, CYC: 3281     452      [3281] 052E : 3E AA      LD   A,AA
PC: 0531, AF: AA56, BC: 06FF, DE: 12FF, HL: 06BF, SP: 07BD, CYC: 3288     453      [3288] 0531 : 32 BF 06   LD   (06BF),A
PC: 0532, AF: AA56, BC: 06FF, DE: 12FF, HL: 06BF, SP: 07BD, CYC: 3301     454      [3301] 0532 : 44         LD   B,H
PC: 0533, AF: AA56, BC: 06FF, DE: 12FF, HL: 06BF, SP: 07BD, CYC: 3306     455      [3306] 0533 : 4D         LD   C,L
PC: 0534, AF: AA56, BC: 06BF, DE: 12FF, HL: 06BF, SP: 07BD, CYC: 3311     456      [3311] 0534 : AF         XOR  A
PC: 0535, AF: 0046, BC: 06BF, DE: 12FF, HL: 06BF, SP: 07BD, CYC: 3315     457      [3315] 0535 : 0A         LD   A,(BC)
PC: 0537, AF: AA46, BC: 06BF, DE: 12FF, HL: 06BF, SP: 07BD, CYC: 3322     458      [3322] 0537 : FE AA      CP   AA
PC: 053A, AF: AA56, BC: 06BF, DE: 12FF, HL: 06BF, SP: 07BD, CYC: 3329     459      [3329] 053A : C4 A0 06   CALL NZ,06A0
PC: 053B, AF: AA56, BC: 06BF, DE: 12FF, HL: 06BF, SP: 07BD, CYC: 3340     460      [3340] 053B : 3C         INC  A
PC: 053C, AF: AB82, BC: 06BF, DE: 12FF, HL: 06BF, SP: 07BD, CYC: 3345     461      [3345] 053C : 02         LD   (BC),A
PC: 053F, AF: AB82, BC: 06BF, DE: 12FF, HL: 06BF, SP: 07BD, CYC: 3352     462      [3352] 053F : 3A BF 06   LD   A,(06BF)
PC: 0541, AF: AB82, BC: 06BF, DE: 12FF, HL: 06BF, SP: 07BD, CYC: 3365     463      [3365] 0541 : FE AB      CP   AB
PC: 0544, AF: AB56, BC: 06BF, DE: 12FF, HL: 06BF, SP: 07BD, CYC: 3372     464      [3372] 0544 : C4 A0 06   CALL NZ,06A0
PC: 0546, AF: AB56, BC: 06BF, DE: 12FF, HL: 06BF, SP: 07BD, CYC: 3383     465      [3383] 0546 : 3E 77      LD   A,77
PC: 0549, AF: 7756, BC: 06BF, DE: 12FF, HL: 06BF, SP: 07BD, CYC: 3390     466      [3390] 0549 : 32 BF 06   LD   (06BF),A
PC: 054C, AF: 7756, BC: 06BF, DE: 12FF, HL: 06BF, SP: 07BD, CYC: 3403     467      [3403] 054C : 2A BD 06   LD   HL,(06BD)
PC: 054F, AF: 7756, BC: 06BF, DE: 12FF, HL: 06BF, SP: 07BD, CYC: 3419     468      [3419] 054F : 11 00 00   LD   DE,0000
PC: 0550, AF: 7756, BC: 06BF, DE: 0000, HL: 06BF, SP: 07BD, CYC: 3429     469      [3429] 0550 : EB         EX   DE,HL
PC: 0551, AF: 7756, BC: 06BF, DE: 06BF, HL: 0000, SP: 07BD, CYC: 3433     470      [3433] 0551 : AF         XOR  A
PC: 0552, AF: 0046, BC: 06BF, DE: 06BF, HL: 0000, SP: 07BD, CYC: 3437     471      [3437] 0552 : 1A         LD   A,(DE)
PC: 0554, AF: 7746, BC: 06BF, DE: 06BF, HL: 0000, SP: 07BD, CYC: 3444     472      [3444] 0554 : FE 77      CP   77
PC: 0557, AF: 7756, BC: 06BF, DE: 06BF, HL: 0000, SP: 07BD, CYC: 3451     473      [3451] 0557 : C4 A0 06   CALL NZ,06A0
PC: 0558, AF: 7756, BC: 06BF, DE: 06BF, HL: 0000, SP: 07BD, CYC: 3462     474      [3462] 0558 : AF         XOR  A
PC: 0559, AF: 0046, BC: 06BF, DE: 06BF, HL: 0000, SP: 07BD, CYC: 3466     475      [3466] 0559 : 84         ADD  H
PC: 055A, AF: 0046, BC: 06BF, DE: 06BF, HL: 0000, SP: 07BD, CYC: 3470     476      [3470] 055A : 85         ADD  L
PC: 055D, AF: 0046, BC: 06BF, DE: 06BF, HL: 0000, SP: 07BD, CYC: 3474     477      [3474] 055D : C4 A0 06   CALL NZ,06A0
PC: 055F, AF: 0046, BC: 06BF, DE: 06BF, HL: 0000, SP: 07BD, CYC: 3485     478      [3485] 055F : 3E CC      LD   A,CC
PC: 0560, AF: CC46, BC: 06BF, DE: 06BF, HL: 0000, SP: 07BD, CYC: 3492     479      [3492] 0560 : 12         LD   (DE),A
PC: 0563, AF: CC46, BC: 06BF, DE: 06BF, HL: 0000, SP: 07BD, CYC: 3499     480      [3499] 0563 : 3A BF 06   LD   A,(06BF)
PC: 0565, AF: CC46, BC: 06BF, DE: 06BF, HL: 0000, SP: 07BD, CYC: 3512     481      [3512] 0565 : FE CC      CP   CC
PC: 0566, AF: CC56, BC: 06BF, DE: 06BF, HL: 0000, SP: 07BD, CYC: 3519     482      [3519] 0566 : 12         LD   (DE),A
PC: 0569, AF: CC56, BC: 06BF, DE: 06BF, HL: 0000, SP: 07BD, CYC: 3526     483      [3526] 0569 : 3A BF 06   LD   A,(06BF)
PC: 056B, AF: CC56, BC: 06BF, DE: 06BF, HL: 0000, SP: 07BD, CYC: 3539     484      [3539] 056B : FE CC      CP   CC
PC: 056E, AF: CC56, BC: 06BF, DE: 06BF, HL: 0000, SP: 07BD, CYC: 3546     485      [3546] 056E : C4 A0 06   CALL NZ,06A0
PC: 0571, AF: CC56, BC: 06BF, DE: 06BF, HL: 0000, SP: 07BD, CYC: 3557     486      [3557] 0571 : 21 77 77   LD   HL,7777
PC: 0572, AF: CC56, BC: 06BF, DE: 06BF, HL: 7777, SP: 07BD, CYC: 3567     487      [3567] 0572 : 29         ADD  HL,HL
PC: 0574, AF: CC56, BC: 06BF, DE: 06BF, HL: EEEE, SP: 07BD, CYC: 3577     488      [3577] 0574 : 3E EE      LD   A,EE
PC: 0575, AF: EE56, BC: 06BF, DE: 06BF, HL: EEEE, SP: 07BD, CYC: 3584     489      [3584] 0575 : BC         CP   H
PC: 0578, AF: EE56, BC: 06BF, DE: 06BF, HL: EEEE, SP: 07BD, CYC: 3588     490      [3588] 0578 : C4 A0 06   CALL NZ,06A0
PC: 0579, AF: EE56, BC: 06BF, DE: 06BF, HL: EEEE, SP: 07BD, CYC: 3599     491      [3599] 0579 : BD         CP   L
PC: 057C, AF: EE56, BC: 06BF, DE: 06BF, HL: EEEE, SP: 07BD, CYC: 3603     492      [3603] 057C : C4 A0 06   CALL NZ,06A0
PC: 057F, AF: EE56, BC: 06BF, DE: 06BF, HL: EEEE, SP: 07BD, CYC: 3614     493      [3614] 057F : 21 55 55   LD   HL,5555
PC: 0582, AF: EE56, BC: 06BF, DE: 06BF, HL: 5555, SP: 07BD, CYC: 3624     494      [3624] 0582 : 01 FF FF   LD   BC,FFFF
PC: 0583, AF: EE56, BC: FFFF, DE: 06BF, HL: 5555, SP: 07BD, CYC: 3634     495      [3634] 0583 : 09         ADD  HL,BC
PC: 0585, AF: EE57, BC: FFFF, DE: 06BF, HL: 5554, SP: 07BD, CYC: 3644     496      [3644] 0585 : 3E 55      LD   A,55
PC: 0588, AF: 5557, BC: FFFF, DE: 06BF, HL: 5554, SP: 07BD, CYC: 3651     497      [3651] 0588 : D4 A0 06   CALL NC,06A0
PC: 0589, AF: 5557, BC: FFFF, DE: 06BF, HL: 5554, SP: 07BD, CYC: 3662     498      [3662] 0589 : BC         CP   H
PC: 058C, AF: 5556, BC: FFFF, DE: 06BF, HL: 5554, SP: 07BD, CYC: 3666     499      [3666] 058C : C4 A0 06   CALL NZ,06A0
PC: 058E, AF: 5556, BC: FFFF, DE: 06BF, HL: 5554, SP: 07BD, CYC: 3677     500      [3677] 058E : 3E 54      LD   A,54
PC: 058F, AF: 5456, BC: FFFF, DE: 06BF, HL: 5554, SP: 07BD, CYC: 3684     501      [3684] 058F : BD         CP   L
PC: 0592, AF: 5456, BC: FFFF, DE: 06BF, HL: 5554, SP: 07BD, CYC: 3688     502      [3688] 0592 : C4 A0 06   CALL NZ,06A0
PC: 0595, AF: 5456, BC: FFFF, DE: 06BF, HL: 5554, SP: 07BD, CYC: 3699     503      [3699] 0595 : 21 AA AA   LD   HL,AAAA
PC: 0598, AF: 5456, BC: FFFF, DE: 06BF, HL: AAAA, SP: 07BD, CYC: 3709     504      [3709] 0598 : 11 33 33   LD   DE,3333
PC: 0599, AF: 5456, BC: FFFF, DE: 3333, HL: AAAA, SP: 07BD, CYC: 3719     505      [3719] 0599 : 19         ADD  HL,DE
PC: 059B, AF: 5456, BC: FFFF, DE: 3333, HL: DDDD, SP: 07BD, CYC: 3729     506      [3729] 059B : 3E DD      LD   A,DD
PC: 059C, AF: DD56, BC: FFFF, DE: 3333, HL: DDDD, SP: 07BD, CYC: 3736     507      [3736] 059C : BC         CP   H
PC: 059F, AF: DD56, BC: FFFF, DE: 3333, HL: DDDD, SP: 07BD, CYC: 3740     508      [3740] 059F : C4 A0 06   CALL NZ,06A0
PC: 05A0, AF: DD56, BC: FFFF, DE: 3333, HL: DDDD, SP: 07BD, CYC: 3751     509      [3751] 05A0 : BD         CP   L
PC: 05A3, AF: DD56, BC: FFFF, DE: 3333, HL: DDDD, SP: 07BD, CYC: 3755     510      [3755] 05A3 : C4 A0 06   CALL NZ,06A0
PC: 05A4, AF: DD56, BC: FFFF, DE: 3333, HL: DDDD, SP: 07BD, CYC: 3766     511      [3766] 05A4 : 37         SCF
PC: 05A7, AF: DD57, BC: FFFF, DE: 3333, HL: DDDD, SP: 07BD, CYC: 3770     512      [3770] 05A7 : D4 A0 06   CALL NC,06A0
PC: 05A8, AF: DD57, BC: FFFF, DE: 3333, HL: DDDD, SP: 07BD, CYC: 3781     513      [3781] 05A8 : 3F         CPC
PC: 05AB, AF: DD56, BC: FFFF, DE: 3333, HL: DDDD, SP: 07BD, CYC: 3785     514      [3785] 05AB : DC A0 06   CALL CY,06A0
PC: 05AD, AF: DD56, BC: FFFF, DE: 3333, HL: DDDD, SP: 07BD, CYC: 3796     515      [3796] 05AD : 3E AA      LD   A,AA
PC: 05AE, AF: AA56, BC: FFFF, DE: 3333, HL: DDDD, SP: 07BD, CYC: 3803     516      [3803] 05AE : 2F         CPL
PC: 05B0, AF: 5556, BC: FFFF, DE: 3333, HL: DDDD, SP: 07BD, CYC: 3807     517      [3807] 05B0 : FE 55      CP   55
PC: 05B3, AF: 5556, BC: FFFF, DE: 3333, HL: DDDD, SP: 07BD, CYC: 3814     518      [3814] 05B3 : C4 A0 06   CALL NZ,06A0
PC: 05B4, AF: 5556, BC: FFFF, DE: 3333, HL: DDDD, SP: 07BD, CYC: 3825     519      [3825] 05B4 : B7         OR   A
PC: 05B5, AF: 5506, BC: FFFF, DE: 3333, HL: DDDD, SP: 07BD, CYC: 3829     520      [3829] 05B5 : 27         DAA
PC: 05B7, AF: 5506, BC: FFFF, DE: 3333, HL: DDDD, SP: 07BD, CYC: 3833     521      [3833] 05B7 : FE 55      CP   55
PC: 05BA, AF: 5556, BC: FFFF, DE: 3333, HL: DDDD, SP: 07BD, CYC: 3840     522      [3840] 05BA : C4 A0 06   CALL NZ,06A0
PC: 05BC, AF: 5556, BC: FFFF, DE: 3333, HL: DDDD, SP: 07BD, CYC: 3851     523      [3851] 05BC : 3E 88      LD   A,88
PC: 05BD, AF: 8856, BC: FFFF, DE: 3333, HL: DDDD, SP: 07BD, CYC: 3858     524      [3858] 05BD : 87         ADD  A
PC: 05BE, AF: 1013, BC: FFFF, DE: 3333, HL: DDDD, SP: 07BD, CYC: 3862     525      [3862] 05BE : 27         DAA
PC: 05C0, AF: 7603, BC: FFFF, DE: 3333, HL: DDDD, SP: 07BD, CYC: 3866     526      [3866] 05C0 : FE 76      CP   76
PC: 05C3, AF: 7656, BC: FFFF, DE: 3333, HL: DDDD, SP: 07BD, CYC: 3873     527      [3873] 05C3 : C4 A0 06   CALL NZ,06A0
PC: 05C4, AF: 7656, BC: FFFF, DE: 3333, HL: DDDD, SP: 07BD, CYC: 3884     528      [3884] 05C4 : AF         XOR  A
PC: 05C6, AF: 0046, BC: FFFF, DE: 3333, HL: DDDD, SP: 07BD, CYC: 3888     529      [3888] 05C6 : 3E AA      LD   A,AA
PC: 05C7, AF: AA46, BC: FFFF, DE: 3333, HL: DDDD, SP: 07BD, CYC: 3895     530      [3895] 05C7 : 27         DAA
PC: 05CA, AF: 1013, BC: FFFF, DE: 3333, HL: DDDD, SP: 07BD, CYC: 3899     531      [3899] 05CA : D4 A0 06   CALL NC,06A0
PC: 05CC, AF: 1013, BC: FFFF, DE: 3333, HL: DDDD, SP: 07BD, CYC: 3910     532      [3910] 05CC : FE 10      CP   10
PC: 05CF, AF: 1056, BC: FFFF, DE: 3333, HL: DDDD, SP: 07BD, CYC: 3917     533      [3917] 05CF : C4 A0 06   CALL NZ,06A0
PC: 05D0, AF: 1056, BC: FFFF, DE: 3333, HL: DDDD, SP: 07BD, CYC: 3928     534      [3928] 05D0 : AF         XOR  A
PC: 05D2, AF: 0046, BC: FFFF, DE: 3333, HL: DDDD, SP: 07BD, CYC: 3932     535      [3932] 05D2 : 3E 9A      LD   A,9A
PC: 05D3, AF: 9A46, BC: FFFF, DE: 3333, HL: DDDD, SP: 07BD, CYC: 3939     536      [3939] 05D3 : 27         DAA
PC: 05D6, AF: 0057, BC: FFFF, DE: 3333, HL: DDDD, SP: 07BD, CYC: 3943     537      [3943] 05D6 : D4 A0 06   CALL NC,06A0
PC: 05D9, AF: 0057, BC: FFFF, DE: 3333, HL: DDDD, SP: 07BD, CYC: 3954     538      [3954] 05D9 : C4 A0 06   CALL NZ,06A0
PC: 05DA, AF: 0057, BC: FFFF, DE: 3333, HL: DDDD, SP: 07BD, CYC: 3965     539      [3965] 05DA : 37         SCF
PC: 05DC, AF: 0057, BC: FFFF, DE: 3333, HL: DDDD, SP: 07BD, CYC: 3969     540      [3969] 05DC : 3E 42      LD   A,42
PC: 05DD, AF: 4257, BC: FFFF, DE: 3333, HL: DDDD, SP: 07BD, CYC: 3976     541      [3976] 05DD : 07         RLCA
PC: 05E0, AF: 8456, BC: FFFF, DE: 3333, HL: DDDD, SP: 07BD, CYC: 3980     542      [3980] 05E0 : DC A0 06   CALL CY,06A0
PC: 05E1, AF: 8456, BC: FFFF, DE: 3333, HL: DDDD, SP: 07BD, CYC: 3991     543      [3991] 05E1 : 07         RLCA
PC: 05E4, AF: 0957, BC: FFFF, DE: 3333, HL: DDDD, SP: 07BD, CYC: 3995     544      [3995] 05E4 : D4 A0 06   CALL NC,06A0
PC: 05E6, AF: 0957, BC: FFFF, DE: 3333, HL: DDDD, SP: 07BD, CYC: 4006     545      [4006] 05E6 : FE 09      CP   09
PC: 05E9, AF: 0956, BC: FFFF, DE: 3333, HL: DDDD, SP: 07BD, CYC: 4013     546      [4013] 05E9 : C4 A0 06   CALL NZ,06A0
PC: 05EA, AF: 0956, BC: FFFF, DE: 3333, HL: DDDD, SP: 07BD, CYC: 4024     547      [4024] 05EA : 0F         RRCA
PC: 05ED, AF: 8457, BC: FFFF, DE: 3333, HL: DDDD, SP: 07BD, CYC: 4028     548      [4028] 05ED : D4 A0 06   CALL NC,06A0
PC: 05EE, AF: 8457, BC: FFFF, DE: 3333, HL: DDDD, SP: 07BD, CYC: 4039     549      [4039] 05EE : 0F         RRCA
PC: 05F0, AF: 4256, BC: FFFF, DE: 3333, HL: DDDD, SP: 07BD, CYC: 4043     550      [4043] 05F0 : FE 42      CP   42
PC: 05F3, AF: 4256, BC: FFFF, DE: 3333, HL: DDDD, SP: 07BD, CYC: 4050     551      [4050] 05F3 : C4 A0 06   CALL NZ,06A0
PC: 05F4, AF: 4256, BC: FFFF, DE: 3333, HL: DDDD, SP: 07BD, CYC: 4061     552      [4061] 05F4 : 17         RAL
PC: 05F5, AF: 8456, BC: FFFF, DE: 3333, HL: DDDD, SP: 07BD, CYC: 4065     553      [4065] 05F5 : 17         RAL
PC: 05F8, AF: 0857, BC: FFFF, DE: 3333, HL: DDDD, SP: 07BD, CYC: 4069     554      [4069] 05F8 : D4 A0 06   CALL NC,06A0
PC: 05FA, AF: 0857, BC: FFFF, DE: 3333, HL: DDDD, SP: 07BD, CYC: 4080     555      [4080] 05FA : FE 08      CP   08
PC: 05FD, AF: 0856, BC: FFFF, DE: 3333, HL: DDDD, SP: 07BD, CYC: 4087     556      [4087] 05FD : C4 A0 06   CALL NZ,06A0
PC: 05FE, AF: 0856, BC: FFFF, DE: 3333, HL: DDDD, SP: 07BD, CYC: 4098     557      [4098] 05FE : 1F         RAR
PC: 05FF, AF: 0456, BC: FFFF, DE: 3333, HL: DDDD, SP: 07BD, CYC: 4102     558      [4102] 05FF : 1F         RAR
PC: 0602, AF: 0256, BC: FFFF, DE: 3333, HL: DDDD, SP: 07BD, CYC: 4106     559      [4106] 0602 : DC A0 06   CALL CY,06A0
PC: 0604, AF: 0256, BC: FFFF, DE: 3333, HL: DDDD, SP: 07BD, CYC: 4117     560      [4117] 0604 : FE 02      CP   02
PC: 0607, AF: 0256, BC: FFFF, DE: 3333, HL: DDDD, SP: 07BD, CYC: 4124     561      [4124] 0607 : C4 A0 06   CALL NZ,06A0
PC: 060A, AF: 0256, BC: FFFF, DE: 3333, HL: DDDD, SP: 07BD, CYC: 4135     562      [4135] 060A : 01 34 12   LD   BC,1234
PC: 060D, AF: 0256, BC: 1234, DE: 3333, HL: DDDD, SP: 07BD, CYC: 4145     563      [4145] 060D : 11 AA AA   LD   DE,AAAA
PC: 0610, AF: 0256, BC: 1234, DE: AAAA, HL: DDDD, SP: 07BD, CYC: 4155     564      [4155] 0610 : 21 55 55   LD   HL,5555
PC: 0611, AF: 0256, BC: 1234, DE: AAAA, HL: 5555, SP: 07BD, CYC: 4165     565      [4165] 0611 : AF         XOR  A
PC: 0612, AF: 0046, BC: 1234, DE: AAAA, HL: 5555, SP: 07BD, CYC: 4169     566      [4169] 0612 : C5         PUSH BC
PC: 0613, AF: 0046, BC: 1234, DE: AAAA, HL: 5555, SP: 07BB, CYC: 4180     567      [4180] 0613 : D5         PUSH DE
PC: 0614, AF: 0046, BC: 1234, DE: AAAA, HL: 5555, SP: 07B9, CYC: 4191     568      [4191] 0614 : E5         PUSH HL
PC: 0615, AF: 0046, BC: 1234, DE: AAAA, HL: 5555, SP: 07B7, CYC: 4202     569      [4202] 0615 : F5         PUSH PSW
PC: 0618, AF: 0046, BC: 1234, DE: AAAA, HL: 5555, SP: 07B5, CYC: 4213     570      [4213] 0618 : 01 00 00   LD   BC,0000
PC: 061B, AF: 0046, BC: 0000, DE: AAAA, HL: 5555, SP: 07B5, CYC: 4223     571      [4223] 061B : 11 00 00   LD   DE,0000
PC: 061E, AF: 0046, BC: 0000, DE: 0000, HL: 5555, SP: 07B5, CYC: 4233     572      [4233] 061E : 21 00 00   LD   HL,0000
PC: 0620, AF: 0046, BC: 0000, DE: 0000, HL: 0000, SP: 07B5, CYC: 4243     573      [4243] 0620 : 3E C0      LD   A,C0
PC: 0622, AF: C046, BC: 0000, DE: 0000, HL: 0000, SP: 07B5, CYC: 4250     574      [4250] 0622 : C6 F0      ADD  F0
PC: 0623, AF: B083, BC: 0000, DE: 0000, HL: 0000, SP: 07B5, CYC: 4257     575      [4257] 0623 : F1         POP  PSW
PC: 0624, AF: 0046, BC: 0000, DE: 0000, HL: 0000, SP: 07B7, CYC: 4267     576      [4267] 0624 : E1         POP  HL
PC: 0625, AF: 0046, BC: 0000, DE: 0000, HL: 5555, SP: 07B9, CYC: 4277     577      [4277] 0625 : D1         POP  DE
PC: 0626, AF: 0046, BC: 0000, DE: AAAA, HL: 5555, SP: 07BB, CYC: 4287     578      [4287] 0626 : C1         POP  BC
PC: 0629, AF: 0046, BC: 1234, DE: AAAA, HL: 5555, SP: 07BD, CYC: 4297     579      [4297] 0629 : DC A0 06   CALL CY,06A0
PC: 062C, AF: 0046, BC: 1234, DE: AAAA, HL: 5555, SP: 07BD, CYC: 4308     580      [4308] 062C : C4 A0 06   CALL NZ,06A0
PC: 062F, AF: 0046, BC: 1234, DE: AAAA, HL: 5555, SP: 07BD, CYC: 4319     581      [4319] 062F : E4 A0 06   CALL PO,06A0
PC: 0632, AF: 0046, BC: 1234, DE: AAAA, HL: 5555, SP: 07BD, CYC: 4330     582      [4330] 0632 : FC A0 06   CALL MI,06A0
PC: 0634, AF: 0046, BC: 1234, DE: AAAA, HL: 5555, SP: 07BD, CYC: 4341     583      [4341] 0634 : 3E 12      LD   A,12
PC: 0635, AF: 1246, BC: 1234, DE: AAAA, HL: 5555, SP: 07BD, CYC: 4348     584      [4348] 0635 : B8         CP   B
PC: 0638, AF: 1256, BC: 1234, DE: AAAA, HL: 5555, SP: 07BD, CYC: 4352     585      [4352] 0638 : C4 A0 06   CALL NZ,06A0
PC: 063A, AF: 1256, BC: 1234, DE: AAAA, HL: 5555, SP: 07BD, CYC: 4363     586      [4363] 063A : 3E 34      LD   A,34
PC: 063B, AF: 3456, BC: 1234, DE: AAAA, HL: 5555, SP: 07BD, CYC: 4370     587      [4370] 063B : B9         CP   C
PC: 063E, AF: 3456, BC: 1234, DE: AAAA, HL: 5555, SP: 07BD, CYC: 4374     588      [4374] 063E : C4 A0 06   CALL NZ,06A0
PC: 0640, AF: 3456, BC: 1234, DE: AAAA, HL: 5555, SP: 07BD, CYC: 4385     589      [4385] 0640 : 3E AA      LD   A,AA
PC: 0641, AF: AA56, BC: 1234, DE: AAAA, HL: 5555, SP: 07BD, CYC: 4392     590      [4392] 0641 : BA         CP   D
PC: 0644, AF: AA56, BC: 1234, DE: AAAA, HL: 5555, SP: 07BD, CYC: 4396     591      [4396] 0644 : C4 A0 06   CALL NZ,06A0
PC: 0645, AF: AA56, BC: 1234, DE: AAAA, HL: 5555, SP: 07BD, CYC: 4407     592      [4407] 0645 : BB         CP   E
PC: 0648, AF: AA56, BC: 1234, DE: AAAA, HL: 5555, SP: 07BD, CYC: 4411     593      [4411] 0648 : C4 A0 06   CALL NZ,06A0
PC: 064A, AF: AA56, BC: 1234, DE: AAAA, HL: 5555, SP: 07BD, CYC: 4422     594      [4422] 064A : 3E 55      LD   A,55
PC: 064B, AF: 5556, BC: 1234, DE: AAAA, HL: 5555, SP: 07BD, CYC: 4429     595      [4429] 064B : BC         CP   H
PC: 064E, AF: 5556, BC: 1234, DE: AAAA, HL: 5555, SP: 07BD, CYC: 4433     596      [4433] 064E : C4 A0 06   CALL NZ,06A0
PC: 064F, AF: 5556, BC: 1234, DE: AAAA, HL: 5555, SP: 07BD, CYC: 4444     597      [4444] 064F : BD         CP   L
PC: 0652, AF: 5556, BC: 1234, DE: AAAA, HL: 5555, SP: 07BD, CYC: 4448     598      [4448] 0652 : C4 A0 06   CALL NZ,06A0
PC: 0655, AF: 5556, BC: 1234, DE: AAAA, HL: 5555, SP: 07BD, CYC: 4459     599      [4459] 0655 : 21 00 00   LD   HL,0000
PC: 0656, AF: 5556, BC: 1234, DE: AAAA, HL: 0000, SP: 07BD, CYC: 4469     600      [4469] 0656 : 39         ADD  HL,SP
PC: 0659, AF: 5556, BC: 1234, DE: AAAA, HL: 07BD, SP: 07BD, CYC: 4479     601      [4479] 0659 : 22 C4 06   LD   (06C4),HL
PC: 065C, AF: 5556, BC: 1234, DE: AAAA, HL: 07BD, SP: 07BD, CYC: 4495     602      [4495] 065C : 31 C3 06   LD   SP,06C3
PC: 065D, AF: 5556, BC: 1234, DE: AAAA, HL: 07BD, SP: 06C3, CYC: 4505     603      [4505] 065D : 3B         DEC  SP
PC: 065E, AF: 5556, BC: 1234, DE: AAAA, HL: 07BD, SP: 06C2, CYC: 4510     604      [4510] 065E : 3B         DEC  SP
PC: 065F, AF: 5556, BC: 1234, DE: AAAA, HL: 07BD, SP: 06C1, CYC: 4515     605      [4515] 065F : 33         INC  SP
PC: 0660, AF: 5556, BC: 1234, DE: AAAA, HL: 07BD, SP: 06C2, CYC: 4520     606      [4520] 0660 : 3B         DEC  SP
PC: 0662, AF: 5556, BC: 1234, DE: AAAA, HL: 07BD, SP: 06C1, CYC: 4525     607      [4525] 0662 : 3E 55      LD   A,55
PC: 0665, AF: 5556, BC: 1234, DE: AAAA, HL: 07BD, SP: 06C1, CYC: 4532     608      [4532] 0665 : 32 C1 06   LD   (06C1),A
PC: 0666, AF: 5556, BC: 1234, DE: AAAA, HL: 07BD, SP: 06C1, CYC: 4545     609      [4545] 0666 : 2F         CPL
PC: 0669, AF: AA56, BC: 1234, DE: AAAA, HL: 07BD, SP: 06C1, CYC: 4549     610      [4549] 0669 : 32 C2 06   LD   (06C2),A
PC: 066A, AF: AA56, BC: 1234, DE: AAAA, HL: 07BD, SP: 06C1, CYC: 4562     611      [4562] 066A : C1         POP  BC
PC: 066B, AF: AA56, BC: AA55, DE: AAAA, HL: 07BD, SP: 06C3, CYC: 4572     612      [4572] 066B : B8         CP   B
PC: 066E, AF: AA56, BC: AA55, DE: AAAA, HL: 07BD, SP: 06C3, CYC: 4576     613      [4576] 066E : C4 A0 06   CALL NZ,06A0
PC: 066F, AF: AA56, BC: AA55, DE: AAAA, HL: 07BD, SP: 06C3, CYC: 4587     614      [4587] 066F : 2F         CPL
PC: 0670, AF: 5556, BC: AA55, DE: AAAA, HL: 07BD, SP: 06C3, CYC: 4591     615      [4591] 0670 : B9         CP   C
PC: 0673, AF: 5556, BC: AA55, DE: AAAA, HL: 07BD, SP: 06C3, CYC: 4595     616      [4595] 0673 : C4 A0 06   CALL NZ,06A0
PC: 0676, AF: 5556, BC: AA55, DE: AAAA, HL: 07BD, SP: 06C3, CYC: 4606     617      [4606] 0676 : 21 C3 06   LD   HL,06C3
PC: 0677, AF: 5556, BC: AA55, DE: AAAA, HL: 06C3, SP: 06C3, CYC: 4616     618      [4616] 0677 : F9         LD   SP,HL
PC: 067A, AF: 5556, BC: AA55, DE: AAAA, HL: 06C3, SP: 06C3, CYC: 4621     619      [4621] 067A : 21 33 77   LD   HL,7733
PC: 067B, AF: 5556, BC: AA55, DE: AAAA, HL: 7733, SP: 06C3, CYC: 4631     620      [4631] 067B : 3B         DEC  SP
PC: 067C, AF: 5556, BC: AA55, DE: AAAA, HL: 7733, SP: 06C2, CYC: 4636     621      [4636] 067C : 3B         DEC  SP
PC: 067D, AF: 5556, BC: AA55, DE: AAAA, HL: 7733, SP: 06C1, CYC: 4641     622      [4641] 067D : E3         EX   (SP),HL
PC: 0680, AF: 5556, BC: AA55, DE: AAAA, HL: AA55, SP: 06C1, CYC: 4659     623      [4659] 0680 : 3A C2 06   LD   A,(06C2)
PC: 0682, AF: 7756, BC: AA55, DE: AAAA, HL: AA55, SP: 06C1, CYC: 4672     624      [4672] 0682 : FE 77      CP   77
PC: 0685, AF: 7756, BC: AA55, DE: AAAA, HL: AA55, SP: 06C1, CYC: 4679     625      [4679] 0685 : C4 A0 06   CALL NZ,06A0
PC: 0688, AF: 7756, BC: AA55, DE: AAAA, HL: AA55, SP: 06C1, CYC: 4690     626      [4690] 0688 : 3A C1 06   LD   A,(06C1)
PC: 068A, AF: 3356, BC: AA55, DE: AAAA, HL: AA55, SP: 06C1, CYC: 4703     627      [4703] 068A : FE 33      CP   33
PC: 068D, AF: 3356, BC: AA55, DE: AAAA, HL: AA55, SP: 06C1, CYC: 4710     628      [4710] 068D : C4 A0 06   CALL NZ,06A0
PC: 068F, AF: 3356, BC: AA55, DE: AAAA, HL: AA55, SP: 06C1, CYC: 4721     629      [4721] 068F : 3E 55      LD   A,55
PC: 0690, AF: 5556, BC: AA55, DE: AAAA, HL: AA55, SP: 06C1, CYC: 4728     630      [4728] 0690 : BD         CP   L
PC: 0693, AF: 5556, BC: AA55, DE: AAAA, HL: AA55, SP: 06C1, CYC: 4732     631      [4732] 0693 : C4 A0 06   CALL NZ,06A0
PC: 0694, AF: 5556, BC: AA55, DE: AAAA, HL: AA55, SP: 06C1, CYC: 4743     632      [4743] 0694 : 2F         CPL
PC: 0695, AF: AA56, BC: AA55, DE: AAAA, HL: AA55, SP: 06C1, CYC: 4747     633      [4747] 0695 : BC         CP   H
PC: 0698, AF: AA56, BC: AA55, DE: AAAA, HL: AA55, SP: 06C1, CYC: 4751     634      [4751] 0698 : C4 A0 06   CALL NZ,06A0
PC: 069B, AF: AA56, BC: AA55, DE: AAAA, HL: AA55, SP: 06C1, CYC: 4762     635      [4762] 069B : 2A C4 06   LD   HL,(06C4)
PC: 069C, AF: AA56, BC: AA55, DE: AAAA, HL: 07BD, SP: 06C1, CYC: 4778     636      [4778] 069C : F9         LD   SP,HL
PC: 069F, AF: AA56, BC: AA55, DE: AAAA, HL: 07BD, SP: 07BD, CYC: 4783     637      [4783] 069F : 21 B4 06   LD   HL,06B4
PC: 06A0, AF: AA56, BC: AA55, DE: AAAA, HL: 06B4, SP: 07BD, CYC: 4793     638      [4793] 06A0 : E9         JP   (HL)
PC: 06B7, AF: AA56, BC: AA55, DE: AAAA, HL: 06B4, SP: 07BD, CYC: 4798     639      [4798] 06B7 : 21 7A 01   LD   HL,017A
PC: 06BA, AF: AA56, BC: AA55, DE: AAAA, HL: 017A, SP: 07BD, CYC: 4808     640      [4808] 06BA : CD 4B 01   CALL 014B
PC: 014C, AF: AA56, BC: AA55, DE: AAAA, HL: 017A, SP: 07BB, CYC: 4825     641      [4825] 014C : D5         PUSH DE
PC: 014D, AF: AA56, BC: AA55, DE: AAAA, HL: 017A, SP: 07B9, CYC: 4836     642      [4836] 014D : EB         EX   DE,HL
PC: 014F, AF: AA56, BC: AA55, DE: 017A, HL: AAAA, SP: 07B9, CYC: 4840     643      [4840] 014F : 0E 09      LD   C,09
PC: 0152, AF: AA56, BC: AA09, DE: 017A, HL: AAAA, SP: 07B9, CYC: 4847     644      [4847] 0152 : CD 05 00   CALL 0005
PC: 0007, AF: AA56, BC: AA09, DE: 017A, HL: AAAA, SP: 07B7, CYC: 4864     645      [4864] 0007 : D3 01      OUT  01
PC: 0008, AF: AA56, BC: AA09, DE: 017A, HL: AAAA, SP: 07B7, CYC: 4874     646      [4874] 0008 : C9         RET
PC: 0153, AF: AA56, BC: AA09, DE: 017A, HL: AAAA, SP: 07B9, CYC: 4884     647      [4884] 0153 : D1         POP  DE
PC: 0154, AF: AA56, BC: AA09, DE: AAAA, HL: AAAA, SP: 07BB, CYC: 4894     648      [4894] 0154 : C9         RET
PC: 06BD, AF: AA56, BC: AA09, DE: AAAA, HL: AAAA, SP: 07BD, CYC: 4904     649      [4904] 06BD : C3 00 00   JP   0000
PC: 0002, AF: AA56, BC: AA09, DE: AAAA, HL: AAAA, SP: 07BD, CYC: 4914     650      [4914] 0002 : D3 00      OUT  00
