PC:0103 A:00 B:00 C:00 D:00 E:00 HL:0000 SP:0000 SZAPY:00000       0  [00000000] 0103 : JP   01B2
PC:01B5 A:00 B:00 C:00 D:00 E:00 HL:0000 SP:0000 SZAPY:00000       1  [00000010] 01B5 : LD   SP,07BD
PC:01B8 A:00 B:00 C:00 D:00 E:00 HL:0000 SP:07BD SZAPY:00000       2  [00000020] 01B8 : LD   HL,0103
PC:01BB A:00 B:00 C:00 D:00 E:00 HL:0103 SP:07BD SZAPY:00000       3  [00000030] 01BB : CALL 014B
PC:014C A:00 B:00 C:00 D:00 E:00 HL:0103 SP:07BB SZAPY:00000       4  [00000047] 014C : PUSH DE
PC:014D A:00 B:00 C:00 D:00 E:00 HL:0103 SP:07B9 SZAPY:00000       5  [00000058] 014D : EX   DE,HL
PC:014F A:00 B:00 C:00 D:01 E:03 HL:0000 SP:07B9 SZAPY:00000       6  [00000062] 014F : LD   C,09
PC:0152 A:00 B:00 C:09 D:01 E:03 HL:0000 SP:07B9 SZAPY:00000       7  [00000069] 0152 : CALL 0005
PC:0007 A:00 B:00 C:09 D:01 E:03 HL:0000 SP:07B7 SZAPY:00000       8  [00000086] 0007 : OUT  01
PC:0008 A:00 B:00 C:09 D:01 E:03 HL:0000 SP:07B7 SZAPY:00000       9  [00000096] 0008 : RET
PC:0153 A:00 B:00 C:09 D:01 E:03 HL:0000 SP:07B9 SZAPY:00000      10  [00000106] 0153 : POP  DE
PC:0154 A:00 B:00 C:09 D:00 E:00 HL:0000 SP:07BB SZAPY:00000      11  [00000116] 0154 : RET
PC:01BD A:00 B:00 C:09 D:00 E:00 HL:0000 SP:07BD SZAPY:00000      12  [00000126] 01BD : AND  00
PC:01C0 A:00 B:00 C:09 D:00 E:00 HL:0000 SP:07BD SZAPY:01010      13  [00000133] 01C0 : JP   Z,01C3
PC:01C6 A:00 B:00 C:09 D:00 E:00 HL:0000 SP:07BD SZAPY:01010      14  [00000143] 01C6 : JP   NC,01C9
PC:01CC A:00 B:00 C:09 D:00 E:00 HL:0000 SP:07BD SZAPY:01010      15  [00000153] 01CC : JP   PE,01CF
PC:01D2 A:00 B:00 C:09 D:00 E:00 HL:0000 SP:07BD SZAPY:01010      16  [00000163] 01D2 : JP   P,01D5
PC:01D8 A:00 B:00 C:09 D:00 E:00 HL:0000 SP:07BD SZAPY:01010      17  [00000173] 01D8 : JP   NZ,01E4
PC:01DB A:00 B:00 C:09 D:00 E:00 HL:0000 SP:07BD SZAPY:01010      18  [00000183] 01DB : JP   CY,01E4
PC:01DE A:00 B:00 C:09 D:00 E:00 HL:0000 SP:07BD SZAPY:01010      19  [00000193] 01DE : JP   PO,01E4
PC:01E1 A:00 B:00 C:09 D:00 E:00 HL:0000 SP:07BD SZAPY:01010      20  [00000203] 01E1 : JP   MI,01E4
PC:01E4 A:00 B:00 C:09 D:00 E:00 HL:0000 SP:07BD SZAPY:01010      21  [00000213] 01E4 : JP   01E7
PC:01E9 A:00 B:00 C:09 D:00 E:00 HL:0000 SP:07BD SZAPY:01010      22  [00000223] 01E9 : ADD  06
PC:01EC A:06 B:00 C:09 D:00 E:00 HL:0000 SP:07BD SZAPY:00010      23  [00000230] 01EC : JP   NZ,01EF
PC:01F2 A:06 B:00 C:09 D:00 E:00 HL:0000 SP:07BD SZAPY:00010      24  [00000240] 01F2 : JP   CY,01F8
PC:01F5 A:06 B:00 C:09 D:00 E:00 HL:0000 SP:07BD SZAPY:00010      25  [00000250] 01F5 : JP   PO,01F8
PC:01F8 A:06 B:00 C:09 D:00 E:00 HL:0000 SP:07BD SZAPY:00010      26  [00000260] 01F8 : JP   P,01FB
PC:01FD A:06 B:00 C:09 D:00 E:00 HL:0000 SP:07BD SZAPY:00010      27  [00000270] 01FD : ADD  70
PC:0200 A:76 B:00 C:09 D:00 E:00 HL:0000 SP:07BD SZAPY:00000      28  [00000277] 0200 : JP   PO,0203
PC:0206 A:76 B:00 C:09 D:00 E:00 HL:0000 SP:07BD SZAPY:00000      29  [00000287] 0206 : JP   MI,020C
PC:0209 A:76 B:00 C:09 D:00 E:00 HL:0000 SP:07BD SZAPY:00000      30  [00000297] 0209 : JP   Z,020C
PC:020C A:76 B:00 C:09 D:00 E:00 HL:0000 SP:07BD SZAPY:00000      31  [00000307] 020C : JP   NC,020F
PC:0211 A:76 B:00 C:09 D:00 E:00 HL:0000 SP:07BD SZAPY:00000      32  [00000317] 0211 : ADD  81
PC:0214 A:F7 B:00 C:09 D:00 E:00 HL:0000 SP:07BD SZAPY:10000      33  [00000324] 0214 : JP   MI,0217
PC:021A A:F7 B:00 C:09 D:00 E:00 HL:0000 SP:07BD SZAPY:10000      34  [00000334] 021A : JP   Z,0220
PC:021D A:F7 B:00 C:09 D:00 E:00 HL:0000 SP:07BD SZAPY:10000      35  [00000344] 021D : JP   CY,0220
PC:0220 A:F7 B:00 C:09 D:00 E:00 HL:0000 SP:07BD SZAPY:10000      36  [00000354] 0220 : JP   PO,0223
PC:0225 A:F7 B:00 C:09 D:00 E:00 HL:0000 SP:07BD SZAPY:10000      37  [00000364] 0225 : ADD  FE
PC:0228 A:F5 B:00 C:09 D:00 E:00 HL:0000 SP:07BD SZAPY:10111      38  [00000371] 0228 : JP   CY,022B
PC:022E A:F5 B:00 C:09 D:00 E:00 HL:0000 SP:07BD SZAPY:10111      39  [00000381] 022E : JP   Z,0234
PC:0231 A:F5 B:00 C:09 D:00 E:00 HL:0000 SP:07BD SZAPY:10111      40  [00000391] 0231 : JP   PO,0234
PC:0234 A:F5 B:00 C:09 D:00 E:00 HL:0000 SP:07BD SZAPY:10111      41  [00000401] 0234 : JP   MI,0237
PC:0239 A:F5 B:00 C:09 D:00 E:00 HL:0000 SP:07BD SZAPY:10111      42  [00000411] 0239 : CP   00
PC:023C A:F5 B:00 C:09 D:00 E:00 HL:0000 SP:07BD SZAPY:10110      43  [00000418] 023C : JP   CY,024F
PC:023F A:F5 B:00 C:09 D:00 E:00 HL:0000 SP:07BD SZAPY:10110      44  [00000428] 023F : JP   Z,024F
PC:0241 A:F5 B:00 C:09 D:00 E:00 HL:0000 SP:07BD SZAPY:10110      45  [00000438] 0241 : CP   F5
PC:0244 A:F5 B:00 C:09 D:00 E:00 HL:0000 SP:07BD SZAPY:01110      46  [00000445] 0244 : JP   CY,024F
PC:0247 A:F5 B:00 C:09 D:00 E:00 HL:0000 SP:07BD SZAPY:01110      47  [00000455] 0247 : JP   NZ,024F
PC:0249 A:F5 B:00 C:09 D:00 E:00 HL:0000 SP:07BD SZAPY:01110      48  [00000465] 0249 : CP   FF
PC:024C A:F5 B:00 C:09 D:00 E:00 HL:0000 SP:07BD SZAPY:10011      49  [00000472] 024C : JP   Z,024F
PC:024F A:F5 B:00 C:09 D:00 E:00 HL:0000 SP:07BD SZAPY:10011      50  [00000482] 024F : JP   CY,0252
PC:0254 A:F5 B:00 C:09 D:00 E:00 HL:0000 SP:07BD SZAPY:10011      51  [00000492] 0254 : ADC  0A
PC:0256 A:00 B:00 C:09 D:00 E:00 HL:0000 SP:07BD SZAPY:01111      52  [00000499] 0256 : ADC  0A
PC:0258 A:0B B:00 C:09 D:00 E:00 HL:0000 SP:07BD SZAPY:00000      53  [00000506] 0258 : CP   0B
PC:025B A:0B B:00 C:09 D:00 E:00 HL:0000 SP:07BD SZAPY:01110      54  [00000513] 025B : JP   Z,025E
PC:0260 A:0B B:00 C:09 D:00 E:00 HL:0000 SP:07BD SZAPY:01110      55  [00000523] 0260 : SUB  0C
PC:0262 A:FF B:00 C:09 D:00 E:00 HL:0000 SP:07BD SZAPY:10011      56  [00000530] 0262 : SUB  0F
PC:0264 A:F0 B:00 C:09 D:00 E:00 HL:0000 SP:07BD SZAPY:10110      57  [00000537] 0264 : CP   F0
PC:0267 A:F0 B:00 C:09 D:00 E:00 HL:0000 SP:07BD SZAPY:01110      58  [00000544] 0267 : JP   Z,026A
PC:026C A:F0 B:00 C:09 D:00 E:00 HL:0000 SP:07BD SZAPY:01110      59  [00000554] 026C : SBC  F1
PC:026E A:FF B:00 C:09 D:00 E:00 HL:0000 SP:07BD SZAPY:10011      60  [00000561] 026E : SBC  0E
PC:0270 A:F0 B:00 C:09 D:00 E:00 HL:0000 SP:07BD SZAPY:10110      61  [00000568] 0270 : CP   F0
PC:0273 A:F0 B:00 C:09 D:00 E:00 HL:0000 SP:07BD SZAPY:01110      62  [00000575] 0273 : JP   Z,0276
PC:0278 A:F0 B:00 C:09 D:00 E:00 HL:0000 SP:07BD SZAPY:01110      63  [00000585] 0278 : AND  55
PC:027A A:50 B:00 C:09 D:00 E:00 HL:0000 SP:07BD SZAPY:00010      64  [00000592] 027A : CP   50
PC:027D A:50 B:00 C:09 D:00 E:00 HL:0000 SP:07BD SZAPY:01110      65  [00000599] 027D : JP   Z,0280
PC:0282 A:50 B:00 C:09 D:00 E:00 HL:0000 SP:07BD SZAPY:01110      66  [00000609] 0282 : OR   3A
PC:0284 A:7A B:00 C:09 D:00 E:00 HL:0000 SP:07BD SZAPY:00000      67  [00000616] 0284 : CP   7A
PC:0287 A:7A B:00 C:09 D:00 E:00 HL:0000 SP:07BD SZAPY:01110      68  [00000623] 0287 : JP   Z,028A
PC:028C A:7A B:00 C:09 D:00 E:00 HL:0000 SP:07BD SZAPY:01110      69  [00000633] 028C : XOR  0F
PC:028E A:75 B:00 C:09 D:00 E:00 HL:0000 SP:07BD SZAPY:00000      70  [00000640] 028E : CP   75
PC:0291 A:75 B:00 C:09 D:00 E:00 HL:0000 SP:07BD SZAPY:01110      71  [00000647] 0291 : JP   Z,0294
PC:0296 A:75 B:00 C:09 D:00 E:00 HL:0000 SP:07BD SZAPY:01110      72  [00000657] 0296 : AND  00
PC:0299 A:00 B:00 C:09 D:00 E:00 HL:0000 SP:07BD SZAPY:01010      73  [00000664] 0299 : CALL CY,06A0
PC:029C A:00 B:00 C:09 D:00 E:00 HL:0000 SP:07BD SZAPY:01010      74  [00000675] 029C : CALL PO,06A0
PC:029F A:00 B:00 C:09 D:00 E:00 HL:0000 SP:07BD SZAPY:01010      75  [00000686] 029F : CALL MI,06A0
PC:02A2 A:00 B:00 C:09 D:00 E:00 HL:0000 SP:07BD SZAPY:01010      76  [00000697] 02A2 : CALL NZ,06A0
PC:02A4 A:00 B:00 C:09 D:00 E:00 HL:0000 SP:07BD SZAPY:01010      77  [00000708] 02A4 : CP   00
PC:02A7 A:00 B:00 C:09 D:00 E:00 HL:0000 SP:07BD SZAPY:01110      78  [00000715] 02A7 : JP   Z,02AA
PC:02AC A:00 B:00 C:09 D:00 E:00 HL:0000 SP:07BD SZAPY:01110      79  [00000725] 02AC : SUB  77
PC:02AF A:89 B:00 C:09 D:00 E:00 HL:0000 SP:07BD SZAPY:10001      80  [00000732] 02AF : CALL NC,06A0
PC:02B2 A:89 B:00 C:09 D:00 E:00 HL:0000 SP:07BD SZAPY:10001      81  [00000743] 02B2 : CALL PE,06A0
PC:02B5 A:89 B:00 C:09 D:00 E:00 HL:0000 SP:07BD SZAPY:10001      82  [00000754] 02B5 : CALL P,06A0
PC:02B8 A:89 B:00 C:09 D:00 E:00 HL:0000 SP:07BD SZAPY:10001      83  [00000765] 02B8 : CALL Z,06A0
PC:02BA A:89 B:00 C:09 D:00 E:00 HL:0000 SP:07BD SZAPY:10001      84  [00000776] 02BA : CP   89
PC:02BD A:89 B:00 C:09 D:00 E:00 HL:0000 SP:07BD SZAPY:01110      85  [00000783] 02BD : JP   Z,02C0
PC:02C2 A:89 B:00 C:09 D:00 E:00 HL:0000 SP:07BD SZAPY:01110      86  [00000793] 02C2 : AND  FF
PC:02C5 A:89 B:00 C:09 D:00 E:00 HL:0000 SP:07BD SZAPY:10100      87  [00000800] 02C5 : CALL PO,02CD
PC:02CE A:89 B:00 C:09 D:00 E:00 HL:0000 SP:07BB SZAPY:10100      88  [00000817] 02CE : RET  PE
PC:02D0 A:89 B:00 C:09 D:00 E:00 HL:0000 SP:07BB SZAPY:10100      89  [00000822] 02D0 : ADD  10
PC:02D3 A:99 B:00 C:09 D:00 E:00 HL:0000 SP:07BB SZAPY:10010      90  [00000829] 02D3 : CALL PE,02D9
PC:02DA A:99 B:00 C:09 D:00 E:00 HL:0000 SP:07B9 SZAPY:10010      91  [00000846] 02DA : RET  PO
PC:02DC A:99 B:00 C:09 D:00 E:00 HL:0000 SP:07B9 SZAPY:10010      92  [00000851] 02DC : ADD  20
PC:02DF A:B9 B:00 C:09 D:00 E:00 HL:0000 SP:07B9 SZAPY:10000      93  [00000858] 02DF : CALL MI,02E5
PC:02E6 A:B9 B:00 C:09 D:00 E:00 HL:0000 SP:07B7 SZAPY:10000      94  [00000875] 02E6 : RET  P
PC:02E8 A:B9 B:00 C:09 D:00 E:00 HL:0000 SP:07B7 SZAPY:10000      95  [00000880] 02E8 : ADD  80
PC:02EB A:39 B:00 C:09 D:00 E:00 HL:0000 SP:07B7 SZAPY:00011      96  [00000887] 02EB : CALL P,02F1
PC:02F2 A:39 B:00 C:09 D:00 E:00 HL:0000 SP:07B5 SZAPY:00011      97  [00000904] 02F2 : RET  MI
PC:02F4 A:39 B:00 C:09 D:00 E:00 HL:0000 SP:07B5 SZAPY:00011      98  [00000909] 02F4 : ADD  40
PC:02F7 A:79 B:00 C:09 D:00 E:00 HL:0000 SP:07B5 SZAPY:00000      99  [00000916] 02F7 : CALL NC,02FD
PC:02FE A:79 B:00 C:09 D:00 E:00 HL:0000 SP:07B3 SZAPY:00000     100  [00000933] 02FE : RET  CY
PC:0300 A:79 B:00 C:09 D:00 E:00 HL:0000 SP:07B3 SZAPY:00000     101  [00000938] 0300 : ADD  8F
PC:0303 A:08 B:00 C:09 D:00 E:00 HL:0000 SP:07B3 SZAPY:00101     102  [00000945] 0303 : CALL CY,0309
PC:030A A:08 B:00 C:09 D:00 E:00 HL:0000 SP:07B1 SZAPY:00101     103  [00000962] 030A : RET  NC
PC:030C A:08 B:00 C:09 D:00 E:00 HL:0000 SP:07B1 SZAPY:00101     104  [00000967] 030C : ADD  F7
PC:030F A:FF B:00 C:09 D:00 E:00 HL:0000 SP:07B1 SZAPY:10010     105  [00000974] 030F : CALL NZ,0315
PC:0316 A:FF B:00 C:09 D:00 E:00 HL:0000 SP:07AF SZAPY:10010     106  [00000991] 0316 : RET  Z
PC:0318 A:FF B:00 C:09 D:00 E:00 HL:0000 SP:07AF SZAPY:10010     107  [00000996] 0318 : ADD  01
PC:031B A:00 B:00 C:09 D:00 E:00 HL:0000 SP:07AF SZAPY:01111     108  [00001003] 031B : CALL Z,0321
PC:0322 A:00 B:00 C:09 D:00 E:00 HL:0000 SP:07AD SZAPY:01111     109  [00001020] 0322 : RET  NZ
PC:0324 A:00 B:00 C:09 D:00 E:00 HL:0000 SP:07AD SZAPY:01111     110  [00001025] 0324 : ADD  47
PC:0326 A:47 B:00 C:09 D:00 E:00 HL:0000 SP:07AD SZAPY:00010     111  [00001032] 0326 : CP   47
PC:0327 A:47 B:00 C:09 D:00 E:00 HL:0000 SP:07AD SZAPY:01110     112  [00001039] 0327 : RET  Z
PC:031D A:47 B:00 C:09 D:00 E:00 HL:0000 SP:07AF SZAPY:01110     113  [00001050] 031D : ADD  D0
PC:031E A:17 B:00 C:09 D:00 E:00 HL:0000 SP:07AF SZAPY:00011     114  [00001057] 031E : RET  NZ
PC:0311 A:17 B:00 C:09 D:00 E:00 HL:0000 SP:07B1 SZAPY:00011     115  [00001068] 0311 : ADD  FE
PC:0312 A:15 B:00 C:09 D:00 E:00 HL:0000 SP:07B1 SZAPY:00101     116  [00001075] 0312 : RET  CY
PC:0305 A:15 B:00 C:09 D:00 E:00 HL:0000 SP:07B3 SZAPY:00101     117  [00001086] 0305 : SUB  02
PC:0306 A:13 B:00 C:09 D:00 E:00 HL:0000 SP:07B3 SZAPY:00100     118  [00001093] 0306 : RET  NC
PC:02F9 A:13 B:00 C:09 D:00 E:00 HL:0000 SP:07B5 SZAPY:00100     119  [00001104] 02F9 : ADD  40
PC:02FA A:53 B:00 C:09 D:00 E:00 HL:0000 SP:07B5 SZAPY:00010     120  [00001111] 02FA : RET  P
PC:02ED A:53 B:00 C:09 D:00 E:00 HL:0000 SP:07B7 SZAPY:00010     121  [00001122] 02ED : ADD  80
PC:02EE A:D3 B:00 C:09 D:00 E:00 HL:0000 SP:07B7 SZAPY:10000     122  [00001129] 02EE : RET  MI
PC:02E1 A:D3 B:00 C:09 D:00 E:00 HL:0000 SP:07B9 SZAPY:10000     123  [00001140] 02E1 : ADD  04
PC:02E2 A:D7 B:00 C:09 D:00 E:00 HL:0000 SP:07B9 SZAPY:10010     124  [00001147] 02E2 : RET  PE
PC:02D5 A:D7 B:00 C:09 D:00 E:00 HL:0000 SP:07BB SZAPY:10010     125  [00001158] 02D5 : ADD  02
PC:02D6 A:D9 B:00 C:09 D:00 E:00 HL:0000 SP:07BB SZAPY:10000     126  [00001165] 02D6 : RET  PO
PC:02C7 A:D9 B:00 C:09 D:00 E:00 HL:0000 SP:07BD SZAPY:10000     127  [00001176] 02C7 : CP   D9
PC:02CA A:D9 B:00 C:09 D:00 E:00 HL:0000 SP:07BD SZAPY:01110     128  [00001183] 02CA : JP   Z,032A
PC:032C A:D9 B:00 C:09 D:00 E:00 HL:0000 SP:07BD SZAPY:01110     129  [00001193] 032C : LD   A,77
PC:032D A:77 B:00 C:09 D:00 E:00 HL:0000 SP:07BD SZAPY:01110     130  [00001200] 032D : INC  A
PC:032E A:78 B:00 C:09 D:00 E:00 HL:0000 SP:07BD SZAPY:00010     131  [00001205] 032E : LD   B,A
PC:032F A:78 B:78 C:09 D:00 E:00 HL:0000 SP:07BD SZAPY:00010     132  [00001210] 032F : INC  B
PC:0330 A:78 B:79 C:09 D:00 E:00 HL:0000 SP:07BD SZAPY:00000     133  [00001215] 0330 : LD   C,B
PC:0331 A:78 B:79 C:79 D:00 E:00 HL:0000 SP:07BD SZAPY:00000     134  [00001220] 0331 : DEC  C
PC:0332 A:78 B:79 C:78 D:00 E:00 HL:0000 SP:07BD SZAPY:00110     135  [00001225] 0332 : LD   D,C
PC:0333 A:78 B:79 C:78 D:78 E:00 HL:0000 SP:07BD SZAPY:00110     136  [00001230] 0333 : LD   E,D
PC:0334 A:78 B:79 C:78 D:78 E:78 HL:0000 SP:07BD SZAPY:00110     137  [00001235] 0334 : LD   H,E
PC:0335 A:78 B:79 C:78 D:78 E:78 HL:7800 SP:07BD SZAPY:00110     138  [00001240] 0335 : LD   L,H
PC:0336 A:78 B:79 C:78 D:78 E:78 HL:7878 SP:07BD SZAPY:00110     139  [00001245] 0336 : LD   A,L
PC:0337 A:78 B:79 C:78 D:78 E:78 HL:7878 SP:07BD SZAPY:00110     140  [00001250] 0337 : DEC  A
PC:0338 A:77 B:79 C:78 D:78 E:78 HL:7878 SP:07BD SZAPY:00110     141  [00001255] 0338 : LD   C,A
PC:0339 A:77 B:79 C:77 D:78 E:78 HL:7878 SP:07BD SZAPY:00110     142  [00001260] 0339 : LD   E,C
PC:033A A:77 B:79 C:77 D:78 E:77 HL:7878 SP:07BD SZAPY:00110     143  [00001265] 033A : LD   L,E
PC:033B A:77 B:79 C:77 D:78 E:77 HL:7877 SP:07BD SZAPY:00110     144  [00001270] 033B : LD   B,L
PC:033C A:77 B:77 C:77 D:78 E:77 HL:7877 SP:07BD SZAPY:00110     145  [00001275] 033C : LD   D,B
PC:033D A:77 B:77 C:77 D:77 E:77 HL:7877 SP:07BD SZAPY:00110     146  [00001280] 033D : LD   H,D
PC:033E A:77 B:77 C:77 D:77 E:77 HL:7777 SP:07BD SZAPY:00110     147  [00001285] 033E : LD   A,H
PC:033F A:77 B:77 C:77 D:77 E:77 HL:7777 SP:07BD SZAPY:00110     148  [00001290] 033F : LD   D,A
PC:0340 A:77 B:77 C:77 D:77 E:77 HL:7777 SP:07BD SZAPY:00110     149  [00001295] 0340 : INC  D
PC:0341 A:77 B:77 C:77 D:78 E:77 HL:7777 SP:07BD SZAPY:00010     150  [00001300] 0341 : LD   L,D
PC:0342 A:77 B:77 C:77 D:78 E:77 HL:7778 SP:07BD SZAPY:00010     151  [00001305] 0342 : LD   C,L
PC:0343 A:77 B:77 C:78 D:78 E:77 HL:7778 SP:07BD SZAPY:00010     152  [00001310] 0343 : INC  C
PC:0344 A:77 B:77 C:79 D:78 E:77 HL:7778 SP:07BD SZAPY:00000     153  [00001315] 0344 : LD   H,C
PC:0345 A:77 B:77 C:79 D:78 E:77 HL:7978 SP:07BD SZAPY:00000     154  [00001320] 0345 : LD   B,H
PC:0346 A:77 B:79 C:79 D:78 E:77 HL:7978 SP:07BD SZAPY:00000     155  [00001325] 0346 : DEC  B
PC:0347 A:77 B:78 C:79 D:78 E:77 HL:7978 SP:07BD SZAPY:00110     156  [00001330] 0347 : LD   E,B
PC:0348 A:77 B:78 C:79 D:78 E:78 HL:7978 SP:07BD SZAPY:00110     157  [00001335] 0348 : LD   A,E
PC:0349 A:78 B:78 C:79 D:78 E:78 HL:7978 SP:07BD SZAPY:00110     158  [00001340] 0349 : LD   E,A
PC:034A A:78 B:78 C:79 D:78 E:78 HL:7978 SP:07BD SZAPY:00110     159  [00001345] 034A : INC  E
PC:034B A:78 B:78 C:79 D:78 E:79 HL:7978 SP:07BD SZAPY:00000     160  [00001350] 034B : LD   B,E
PC:034C A:78 B:79 C:79 D:78 E:79 HL:7978 SP:07BD SZAPY:00000     161  [00001355] 034C : LD   H,B
PC:034D A:78 B:79 C:79 D:78 E:79 HL:7978 SP:07BD SZAPY:00000     162  [00001360] 034D : INC  H
PC:034E A:78 B:79 C:79 D:78 E:79 HL:7A78 SP:07BD SZAPY:00000     163  [00001365] 034E : LD   C,H
PC:034F A:78 B:79 C:7A D:78 E:79 HL:7A78 SP:07BD SZAPY:00000     164  [00001370] 034F : LD   L,C
PC:0350 A:78 B:79 C:7A D:78 E:79 HL:7A7A SP:07BD SZAPY:00000     165  [00001375] 0350 : LD   D,L
PC:0351 A:78 B:79 C:7A D:7A E:79 HL:7A7A SP:07BD SZAPY:00000     166  [00001380] 0351 : DEC  D
PC:0352 A:78 B:79 C:7A D:79 E:79 HL:7A7A SP:07BD SZAPY:00100     167  [00001385] 0352 : LD   A,D
PC:0353 A:79 B:79 C:7A D:79 E:79 HL:7A7A SP:07BD SZAPY:00100     168  [00001390] 0353 : LD   H,A
PC:0354 A:79 B:79 C:7A D:79 E:79 HL:797A SP:07BD SZAPY:00100     169  [00001395] 0354 : DEC  H
PC:0355 A:79 B:79 C:7A D:79 E:79 HL:787A SP:07BD SZAPY:00110     170  [00001400] 0355 : LD   D,H
PC:0356 A:79 B:79 C:7A D:78 E:79 HL:787A SP:07BD SZAPY:00110     171  [00001405] 0356 : LD   B,D
PC:0357 A:79 B:78 C:7A D:78 E:79 HL:787A SP:07BD SZAPY:00110     172  [00001410] 0357 : LD   L,B
PC:0358 A:79 B:78 C:7A D:78 E:79 HL:7878 SP:07BD SZAPY:00110     173  [00001415] 0358 : INC  L
PC:0359 A:79 B:78 C:7A D:78 E:79 HL:7879 SP:07BD SZAPY:00000     174  [00001420] 0359 : LD   E,L
PC:035A A:79 B:78 C:7A D:78 E:79 HL:7879 SP:07BD SZAPY:00000     175  [00001425] 035A : DEC  E
PC:035B A:79 B:78 C:7A D:78 E:78 HL:7879 SP:07BD SZAPY:00110     176  [00001430] 035B : LD   C,E
PC:035C A:79 B:78 C:78 D:78 E:78 HL:7879 SP:07BD SZAPY:00110     177  [00001435] 035C : LD   A,C
PC:035D A:78 B:78 C:78 D:78 E:78 HL:7879 SP:07BD SZAPY:00110     178  [00001440] 035D : LD   L,A
PC:035E A:78 B:78 C:78 D:78 E:78 HL:7878 SP:07BD SZAPY:00110     179  [00001445] 035E : DEC  L
PC:035F A:78 B:78 C:78 D:78 E:78 HL:7877 SP:07BD SZAPY:00110     180  [00001450] 035F : LD   H,L
PC:0360 A:78 B:78 C:78 D:78 E:78 HL:7777 SP:07BD SZAPY:00110     181  [00001455] 0360 : LD   E,H
PC:0361 A:78 B:78 C:78 D:78 E:77 HL:7777 SP:07BD SZAPY:00110     182  [00001460] 0361 : LD   D,E
PC:0362 A:78 B:78 C:78 D:77 E:77 HL:7777 SP:07BD SZAPY:00110     183  [00001465] 0362 : LD   C,D
PC:0363 A:78 B:78 C:77 D:77 E:77 HL:7777 SP:07BD SZAPY:00110     184  [00001470] 0363 : LD   B,C
PC:0364 A:78 B:77 C:77 D:77 E:77 HL:7777 SP:07BD SZAPY:00110     185  [00001475] 0364 : LD   A,B
PC:0366 A:77 B:77 C:77 D:77 E:77 HL:7777 SP:07BD SZAPY:00110     186  [00001480] 0366 : CP   77
PC:0369 A:77 B:77 C:77 D:77 E:77 HL:7777 SP:07BD SZAPY:01110     187  [00001487] 0369 : CALL NZ,06A0
PC:036A A:77 B:77 C:77 D:77 E:77 HL:7777 SP:07BD SZAPY:01110     188  [00001498] 036A : XOR  A
PC:036C A:00 B:77 C:77 D:77 E:77 HL:7777 SP:07BD SZAPY:01010     189  [00001502] 036C : LD   B,01
PC:036E A:00 B:01 C:77 D:77 E:77 HL:7777 SP:07BD SZAPY:01010     190  [00001509] 036E : LD   C,03
PC:0370 A:00 B:01 C:03 D:77 E:77 HL:7777 SP:07BD SZAPY:01010     191  [00001516] 0370 : LD   D,07
PC:0372 A:00 B:01 C:03 D:07 E:77 HL:7777 SP:07BD SZAPY:01010     192  [00001523] 0372 : LD   E,0F
PC:0374 A:00 B:01 C:03 D:07 E:0F HL:7777 SP:07BD SZAPY:01010     193  [00001530] 0374 : LD   H,1F
PC:0376 A:00 B:01 C:03 D:07 E:0F HL:1F77 SP:07BD SZAPY:01010     194  [00001537] 0376 : LD   L,3F
PC:0377 A:00 B:01 C:03 D:07 E:0F HL:1F3F SP:07BD SZAPY:01010     195  [00001544] 0377 : ADD  B
PC:0378 A:01 B:01 C:03 D:07 E:0F HL:1F3F SP:07BD SZAPY:00000     196  [00001548] 0378 : ADD  C
PC:0379 A:04 B:01 C:03 D:07 E:0F HL:1F3F SP:07BD SZAPY:00000     197  [00001552] 0379 : ADD  D
PC:037A A:0B B:01 C:03 D:07 E:0F HL:1F3F SP:07BD SZAPY:00000     198  [00001556] 037A : ADD  E
PC:037B A:1A B:01 C:03 D:07 E:0F HL:1F3F SP:07BD SZAPY:00100     199  [00001560] 037B : ADD  H
PC:037C A:39 B:01 C:03 D:07 E:0F HL:1F3F SP:07BD SZAPY:00110     200  [00001564] 037C : ADD  L
PC:037D A:78 B:01 C:03 D:07 E:0F HL:1F3F SP:07BD SZAPY:00110     201  [00001568] 037D : ADD  A
PC:037F A:F0 B:01 C:03 D:07 E:0F HL:1F3F SP:07BD SZAPY:10110     202  [00001572] 037F : CP   F0
PC:0382 A:F0 B:01 C:03 D:07 E:0F HL:1F3F SP:07BD SZAPY:01110     203  [00001579] 0382 : CALL NZ,06A0
PC:0383 A:F0 B:01 C:03 D:07 E:0F HL:1F3F SP:07BD SZAPY:01110     204  [00001590] 0383 : SUB  B
PC:0384 A:EF B:01 C:03 D:07 E:0F HL:1F3F SP:07BD SZAPY:10000     205  [00001594] 0384 : SUB  C
PC:0385 A:EC B:01 C:03 D:07 E:0F HL:1F3F SP:07BD SZAPY:10100     206  [00001598] 0385 : SUB  D
PC:0386 A:E5 B:01 C:03 D:07 E:0F HL:1F3F SP:07BD SZAPY:10100     207  [00001602] 0386 : SUB  E
PC:0387 A:D6 B:01 C:03 D:07 E:0F HL:1F3F SP:07BD SZAPY:10000     208  [00001606] 0387 : SUB  H
PC:0388 A:B7 B:01 C:03 D:07 E:0F HL:1F3F SP:07BD SZAPY:10010     209  [00001610] 0388 : SUB  L
PC:038A A:78 B:01 C:03 D:07 E:0F HL:1F3F SP:07BD SZAPY:00010     210  [00001614] 038A : CP   78
PC:038D A:78 B:01 C:03 D:07 E:0F HL:1F3F SP:07BD SZAPY:01110     211  [00001621] 038D : CALL NZ,06A0
PC:038E A:78 B:01 C:03 D:07 E:0F HL:1F3F SP:07BD SZAPY:01110     212  [00001632] 038E : SUB  A
PC:0391 A:00 B:01 C:03 D:07 E:0F HL:1F3F SP:07BD SZAPY:01110     213  [00001636] 0391 : CALL NZ,06A0
PC:0393 A:00 B:01 C:03 D:07 E:0F HL:1F3F SP:07BD SZAPY:01110     214  [00001647] 0393 : LD   A,80
PC:0394 A:80 B:01 C:03 D:07 E:0F HL:1F3F SP:07BD SZAPY:01110     215  [00001654] 0394 : ADD  A
PC:0396 A:00 B:01 C:03 D:07 E:0F HL:1F3F SP:07BD SZAPY:01011     216  [00001658] 0396 : LD   B,01
PC:0398 A:00 B:01 C:03 D:07 E:0F HL:1F3F SP:07BD SZAPY:01011     217  [00001665] 0398 : LD   C,02
PC:039A A:00 B:01 C:02 D:07 E:0F HL:1F3F SP:07BD SZAPY:01011     218  [00001672] 039A : LD   D,03
PC:039C A:00 B:01 C:02 D:03 E:0F HL:1F3F SP:07BD SZAPY:01011     219  [00001679] 039C : LD   E,04
PC:039E A:00 B:01 C:02 D:03 E:04 HL:1F3F SP:07BD SZAPY:01011     220  [00001686] 039E : LD   H,05
PC:03A0 A:00 B:01 C:02 D:03 E:04 HL:053F SP:07BD SZAPY:01011     221  [00001693] 03A0 : LD   L,06
PC:03A1 A:00 B:01 C:02 D:03 E:04 HL:0506 SP:07BD SZAPY:01011     222  [00001700] 03A1 : ADC  B
PC:03A3 A:02 B:01 C:02 D:03 E:04 HL:0506 SP:07BD SZAPY:00000     223  [00001704] 03A3 : LD   B,80
PC:03A4 A:02 B:80 C:02 D:03 E:04 HL:0506 SP:07BD SZAPY:00000     224  [00001711] 03A4 : ADD  B
PC:03A5 A:82 B:80 C:02 D:03 E:04 HL:0506 SP:07BD SZAPY:10010     225  [00001715] 03A5 : ADD  B
PC:03A6 A:02 B:80 C:02 D:03 E:04 HL:0506 SP:07BD SZAPY:00001     226  [00001719] 03A6 : ADC  C
PC:03A7 A:05 B:80 C:02 D:03 E:04 HL:0506 SP:07BD SZAPY:00010     227  [00001723] 03A7 : ADD  B
PC:03A8 A:85 B:80 C:02 D:03 E:04 HL:0506 SP:07BD SZAPY:10000     228  [00001727] 03A8 : ADD  B
PC:03A9 A:05 B:80 C:02 D:03 E:04 HL:0506 SP:07BD SZAPY:00011     229  [00001731] 03A9 : ADC  D
PC:03AA A:09 B:80 C:02 D:03 E:04 HL:0506 SP:07BD SZAPY:00010     230  [00001735] 03AA : ADD  B
PC:03AB A:89 B:80 C:02 D:03 E:04 HL:0506 SP:07BD SZAPY:10000     231  [00001739] 03AB : ADD  B
PC:03AC A:09 B:80 C:02 D:03 E:04 HL:0506 SP:07BD SZAPY:00011     232  [00001743] 03AC : ADC  E
PC:03AD A:0E B:80 C:02 D:03 E:04 HL:0506 SP:07BD SZAPY:00000     233  [00001747] 03AD : ADD  B
PC:03AE A:8E B:80 C:02 D:03 E:04 HL:0506 SP:07BD SZAPY:10010     234  [00001751] 03AE : ADD  B
PC:03AF A:0E B:80 C:02 D:03 E:04 HL:0506 SP:07BD SZAPY:00001     235  [00001755] 03AF : ADC  H
PC:03B0 A:14 B:80 C:02 D:03 E:04 HL:0506 SP:07BD SZAPY:00110     236  [00001759] 03B0 : ADD  B
PC:03B1 A:94 B:80 C:02 D:03 E:04 HL:0506 SP:07BD SZAPY:10000     237  [00001763] 03B1 : ADD  B
PC:03B2 A:14 B:80 C:02 D:03 E:04 HL:0506 SP:07BD SZAPY:00011     238  [00001767] 03B2 : ADC  L
PC:03B3 A:1B B:80 C:02 D:03 E:04 HL:0506 SP:07BD SZAPY:00010     239  [00001771] 03B3 : ADD  B
PC:03B4 A:9B B:80 C:02 D:03 E:04 HL:0506 SP:07BD SZAPY:10000     240  [00001775] 03B4 : ADD  B
PC:03B5 A:1B B:80 C:02 D:03 E:04 HL:0506 SP:07BD SZAPY:00011     241  [00001779] 03B5 : ADC  A
PC:03B7 A:37 B:80 C:02 D:03 E:04 HL:0506 SP:07BD SZAPY:00100     242  [00001783] 03B7 : CP   37
PC:03BA A:37 B:80 C:02 D:03 E:04 HL:0506 SP:07BD SZAPY:01110     243  [00001790] 03BA : CALL NZ,06A0
PC:03BC A:37 B:80 C:02 D:03 E:04 HL:0506 SP:07BD SZAPY:01110     244  [00001801] 03BC : LD   A,80
PC:03BD A:80 B:80 C:02 D:03 E:04 HL:0506 SP:07BD SZAPY:01110     245  [00001808] 03BD : ADD  A
PC:03BF A:00 B:80 C:02 D:03 E:04 HL:0506 SP:07BD SZAPY:01011     246  [00001812] 03BF : LD   B,01
PC:03C0 A:00 B:01 C:02 D:03 E:04 HL:0506 SP:07BD SZAPY:01011     247  [00001819] 03C0 : SBC  B
PC:03C2 A:FE B:01 C:02 D:03 E:04 HL:0506 SP:07BD SZAPY:10001     248  [00001823] 03C2 : LD   B,FF
PC:03C3 A:FE B:FF C:02 D:03 E:04 HL:0506 SP:07BD SZAPY:10001     249  [00001830] 03C3 : ADD  B
PC:03C4 A:FD B:FF C:02 D:03 E:04 HL:0506 SP:07BD SZAPY:10101     250  [00001834] 03C4 : SBC  C
PC:03C5 A:FA B:FF C:02 D:03 E:04 HL:0506 SP:07BD SZAPY:10110     251  [00001838] 03C5 : ADD  B
PC:03C6 A:F9 B:FF C:02 D:03 E:04 HL:0506 SP:07BD SZAPY:10111     252  [00001842] 03C6 : SBC  D
PC:03C7 A:F5 B:FF C:02 D:03 E:04 HL:0506 SP:07BD SZAPY:10110     253  [00001846] 03C7 : ADD  B
PC:03C8 A:F4 B:FF C:02 D:03 E:04 HL:0506 SP:07BD SZAPY:10101     254  [00001850] 03C8 : SBC  E
PC:03C9 A:EF B:FF C:02 D:03 E:04 HL:0506 SP:07BD SZAPY:10000     255  [00001854] 03C9 : ADD  B
PC:03CA A:EE B:FF C:02 D:03 E:04 HL:0506 SP:07BD SZAPY:10111     256  [00001858] 03CA : SBC  H
PC:03CB A:E8 B:FF C:02 D:03 E:04 HL:0506 SP:07BD SZAPY:10110     257  [00001862] 03CB : ADD  B
PC:03CC A:E7 B:FF C:02 D:03 E:04 HL:0506 SP:07BD SZAPY:10111     258  [00001866] 03CC : SBC  L
PC:03CE A:E0 B:FF C:02 D:03 E:04 HL:0506 SP:07BD SZAPY:10100     259  [00001870] 03CE : CP   E0
PC:03D1 A:E0 B:FF C:02 D:03 E:04 HL:0506 SP:07BD SZAPY:01110     260  [00001877] 03D1 : CALL NZ,06A0
PC:03D3 A:E0 B:FF C:02 D:03 E:04 HL:0506 SP:07BD SZAPY:01110     261  [00001888] 03D3 : LD   A,80
PC:03D4 A:80 B:FF C:02 D:03 E:04 HL:0506 SP:07BD SZAPY:01110     262  [00001895] 03D4 : ADD  A
PC:03D5 A:00 B:FF C:02 D:03 E:04 HL:0506 SP:07BD SZAPY:01011     263  [00001899] 03D5 : SBC  A
PC:03D7 A:FF B:FF C:02 D:03 E:04 HL:0506 SP:07BD SZAPY:10011     264  [00001903] 03D7 : CP   FF
PC:03DA A:FF B:FF C:02 D:03 E:04 HL:0506 SP:07BD SZAPY:01110     265  [00001910] 03DA : CALL NZ,06A0
PC:03DC A:FF B:FF C:02 D:03 E:04 HL:0506 SP:07BD SZAPY:01110     266  [00001921] 03DC : LD   A,FF
PC:03DE A:FF B:FF C:02 D:03 E:04 HL:0506 SP:07BD SZAPY:01110     267  [00001928] 03DE : LD   B,FE
PC:03E0 A:FF B:FE C:02 D:03 E:04 HL:0506 SP:07BD SZAPY:01110     268  [00001935] 03E0 : LD   C,FC
PC:03E2 A:FF B:FE C:FC D:03 E:04 HL:0506 SP:07BD SZAPY:01110     269  [00001942] 03E2 : LD   D,EF
PC:03E4 A:FF B:FE C:FC D:EF E:04 HL:0506 SP:07BD SZAPY:01110     270  [00001949] 03E4 : LD   E,7F
PC:03E6 A:FF B:FE C:FC D:EF E:7F HL:0506 SP:07BD SZAPY:01110     271  [00001956] 03E6 : LD   H,F4
PC:03E8 A:FF B:FE C:FC D:EF E:7F HL:F406 SP:07BD SZAPY:01110     272  [00001963] 03E8 : LD   L,BF
PC:03E9 A:FF B:FE C:FC D:EF E:7F HL:F4BF SP:07BD SZAPY:01110     273  [00001970] 03E9 : AND  B
PC:03EA A:FE B:FE C:FC D:EF E:7F HL:F4BF SP:07BD SZAPY:10100     274  [00001974] 03EA : AND  C
PC:03EB A:FC B:FE C:FC D:EF E:7F HL:F4BF SP:07BD SZAPY:10110     275  [00001978] 03EB : AND  D
PC:03EC A:EC B:FE C:FC D:EF E:7F HL:F4BF SP:07BD SZAPY:10100     276  [00001982] 03EC : AND  E
PC:03ED A:6C B:FE C:FC D:EF E:7F HL:F4BF SP:07BD SZAPY:00110     277  [00001986] 03ED : AND  H
PC:03EE A:64 B:FE C:FC D:EF E:7F HL:F4BF SP:07BD SZAPY:00100     278  [00001990] 03EE : AND  L
PC:03EF A:24 B:FE C:FC D:EF E:7F HL:F4BF SP:07BD SZAPY:00110     279  [00001994] 03EF : AND  A
PC:03F1 A:24 B:FE C:FC D:EF E:7F HL:F4BF SP:07BD SZAPY:00010     280  [00001998] 03F1 : CP   24
PC:03F4 A:24 B:FE C:FC D:EF E:7F HL:F4BF SP:07BD SZAPY:01110     281  [00002005] 03F4 : CALL NZ,06A0
PC:03F5 A:24 B:FE C:FC D:EF E:7F HL:F4BF SP:07BD SZAPY:01110     282  [00002016] 03F5 : XOR  A
PC:03F7 A:00 B:FE C:FC D:EF E:7F HL:F4BF SP:07BD SZAPY:01010     283  [00002020] 03F7 : LD   B,01
PC:03F9 A:00 B:01 C:FC D:EF E:7F HL:F4BF SP:07BD SZAPY:01010     284  [00002027] 03F9 : LD   C,02
PC:03FB A:00 B:01 C:02 D:EF E:7F HL:F4BF SP:07BD SZAPY:01010     285  [00002034] 03FB : LD   D,04
PC:03FD A:00 B:01 C:02 D:04 E:7F HL:F4BF SP:07BD SZAPY:01010     286  [00002041] 03FD : LD   E,08
PC:03FF A:00 B:01 C:02 D:04 E:08 HL:F4BF SP:07BD SZAPY:01010     287  [00002048] 03FF : LD   H,10
PC:0401 A:00 B:01 C:02 D:04 E:08 HL:10BF SP:07BD SZAPY:01010     288  [00002055] 0401 : LD   L,20
PC:0402 A:00 B:01 C:02 D:04 E:08 HL:1020 SP:07BD SZAPY:01010     289  [00002062] 0402 : OR   B
PC:0403 A:01 B:01 C:02 D:04 E:08 HL:1020 SP:07BD SZAPY:00000     290  [00002066] 0403 : OR   C
PC:0404 A:03 B:01 C:02 D:04 E:08 HL:1020 SP:07BD SZAPY:00010     291  [00002070] 0404 : OR   D
PC:0405 A:07 B:01 C:02 D:04 E:08 HL:1020 SP:07BD SZAPY:00000     292  [00002074] 0405 : OR   E
PC:0406 A:0F B:01 C:02 D:04 E:08 HL:1020 SP:07BD SZAPY:00010     293  [00002078] 0406 : OR   H
PC:0407 A:1F B:01 C:02 D:04 E:08 HL:1020 SP:07BD SZAPY:00000     294  [00002082] 0407 : OR   L
PC:0408 A:3F B:01 C:02 D:04 E:08 HL:1020 SP:07BD SZAPY:00010     295  [00002086] 0408 : OR   A
PC:040A A:3F B:01 C:02 D:04 E:08 HL:1020 SP:07BD SZAPY:00010     296  [00002090] 040A : CP   3F
PC:040D A:3F B:01 C:02 D:04 E:08 HL:1020 SP:07BD SZAPY:01110     297  [00002097] 040D : CALL NZ,06A0
PC:040F A:3F B:01 C:02 D:04 E:08 HL:1020 SP:07BD SZAPY:01110     298  [00002108] 040F : LD   A,00
PC:0411 A:00 B:01 C:02 D:04 E:08 HL:1020 SP:07BD SZAPY:01110     299  [00002115] 0411 : LD   H,8F
PC:0413 A:00 B:01 C:02 D:04 E:08 HL:8F20 SP:07BD SZAPY:01110     300  [00002122] 0413 : LD   L,4F
PC:0414 A:00 B:01 C:02 D:04 E:08 HL:8F4F SP:07BD SZAPY:01110     301  [00002129] 0414 : XOR  B
PC:0415 A:01 B:01 C:02 D:04 E:08 HL:8F4F SP:07BD SZAPY:00000     302  [00002133] 0415 : XOR  C
PC:0416 A:03 B:01 C:02 D:04 E:08 HL:8F4F SP:07BD SZAPY:00010     303  [00002137] 0416 : XOR  D
PC:0417 A:07 B:01 C:02 D:04 E:08 HL:8F4F SP:07BD SZAPY:00000     304  [00002141] 0417 : XOR  E
PC:0418 A:0F B:01 C:02 D:04 E:08 HL:8F4F SP:07BD SZAPY:00010     305  [00002145] 0418 : XOR  H
PC:0419 A:80 B:01 C:02 D:04 E:08 HL:8F4F SP:07BD SZAPY:10000     306  [00002149] 0419 : XOR  L
PC:041B A:CF B:01 C:02 D:04 E:08 HL:8F4F SP:07BD SZAPY:10010     307  [00002153] 041B : CP   CF
PC:041E A:CF B:01 C:02 D:04 E:08 HL:8F4F SP:07BD SZAPY:01110     308  [00002160] 041E : CALL NZ,06A0
PC:041F A:CF B:01 C:02 D:04 E:08 HL:8F4F SP:07BD SZAPY:01110     309  [00002171] 041F : XOR  A
PC:0422 A:00 B:01 C:02 D:04 E:08 HL:8F4F SP:07BD SZAPY:01010     310  [00002175] 0422 : CALL NZ,06A0
PC:0424 A:00 B:01 C:02 D:04 E:08 HL:8F4F SP:07BD SZAPY:01010     311  [00002186] 0424 : LD   B,44
PC:0426 A:00 B:44 C:02 D:04 E:08 HL:8F4F SP:07BD SZAPY:01010     312  [00002193] 0426 : LD   C,45
PC:0428 A:00 B:44 C:45 D:04 E:08 HL:8F4F SP:07BD SZAPY:01010     313  [00002200] 0428 : LD   D,46
PC:042A A:00 B:44 C:45 D:46 E:08 HL:8F4F SP:07BD SZAPY:01010     314  [00002207] 042A : LD   E,47
PC:042C A:00 B:44 C:45 D:46 E:47 HL:8F4F SP:07BD SZAPY:01010     315  [00002214] 042C : LD   H,06
PC:042E A:00 B:44 C:45 D:46 E:47 HL:064F SP:07BD SZAPY:01010     316  [00002221] 042E : LD   L,BF
PC:042F A:00 B:44 C:45 D:46 E:47 HL:06BF SP:07BD SZAPY:01010     317  [00002228] 042F : LD   (HL),B
PC:0431 A:00 B:44 C:45 D:46 E:47 HL:06BF SP:07BD SZAPY:01010     318  [00002235] 0431 : LD   B,00
PC:0432 A:00 B:00 C:45 D:46 E:47 HL:06BF SP:07BD SZAPY:01010     319  [00002242] 0432 : LD   B,(HL)
PC:0434 A:00 B:44 C:45 D:46 E:47 HL:06BF SP:07BD SZAPY:01010     320  [00002249] 0434 : LD   A,44
PC:0435 A:44 B:44 C:45 D:46 E:47 HL:06BF SP:07BD SZAPY:01010     321  [00002256] 0435 : CP   B
PC:0438 A:44 B:44 C:45 D:46 E:47 HL:06BF SP:07BD SZAPY:01110     322  [00002260] 0438 : CALL NZ,06A0
PC:0439 A:44 B:44 C:45 D:46 E:47 HL:06BF SP:07BD SZAPY:01110     323  [00002271] 0439 : LD   (HL),C
PC:043B A:44 B:44 C:45 D:46 E:47 HL:06BF SP:07BD SZAPY:01110     324  [00002278] 043B : LD   C,00
PC:043C A:44 B:44 C:00 D:46 E:47 HL:06BF SP:07BD SZAPY:01110     325  [00002285] 043C : LD   C,(HL)
PC:043E A:44 B:44 C:45 D:46 E:47 HL:06BF SP:07BD SZAPY:01110     326  [00002292] 043E : LD   A,45
PC:043F A:45 B:44 C:45 D:46 E:47 HL:06BF SP:07BD SZAPY:01110     327  [00002299] 043F : CP   C
PC:0442 A:45 B:44 C:45 D:46 E:47 HL:06BF SP:07BD SZAPY:01110     328  [00002303] 0442 : CALL NZ,06A0
PC:0443 A:45 B:44 C:45 D:46 E:47 HL:06BF SP:07BD SZAPY:01110     329  [00002314] 0443 : LD   (HL),D
PC:0445 A:45 B:44 C:45 D:46 E:47 HL:06BF SP:07BD SZAPY:01110     330  [00002321] 0445 : LD   D,00
PC:0446 A:45 B:44 C:45 D:00 E:47 HL:06BF SP:07BD SZAPY:01110     331  [00002328] 0446 : LD   D,(HL)
PC:0448 A:45 B:44 C:45 D:46 E:47 HL:06BF SP:07BD SZAPY:01110     332  [00002335] 0448 : LD   A,46
PC:0449 A:46 B:44 C:45 D:46 E:47 HL:06BF SP:07BD SZAPY:01110     333  [00002342] 0449 : CP   D
PC:044C A:46 B:44 C:45 D:46 E:47 HL:06BF SP:07BD SZAPY:01110     334  [00002346] 044C : CALL NZ,06A0
PC:044D A:46 B:44 C:45 D:46 E:47 HL:06BF SP:07BD SZAPY:01110     335  [00002357] 044D : LD   (HL),E
PC:044F A:46 B:44 C:45 D:46 E:47 HL:06BF SP:07BD SZAPY:01110     336  [00002364] 044F : LD   E,00
PC:0450 A:46 B:44 C:45 D:46 E:00 HL:06BF SP:07BD SZAPY:01110     337  [00002371] 0450 : LD   E,(HL)
PC:0452 A:46 B:44 C:45 D:46 E:47 HL:06BF SP:07BD SZAPY:01110     338  [00002378] 0452 : LD   A,47
PC:0453 A:47 B:44 C:45 D:46 E:47 HL:06BF SP:07BD SZAPY:01110     339  [00002385] 0453 : CP   E
PC:0456 A:47 B:44 C:45 D:46 E:47 HL:06BF SP:07BD SZAPY:01110     340  [00002389] 0456 : CALL NZ,06A0
PC:0457 A:47 B:44 C:45 D:46 E:47 HL:06BF SP:07BD SZAPY:01110     341  [00002400] 0457 : LD   (HL),H
PC:0459 A:47 B:44 C:45 D:46 E:47 HL:06BF SP:07BD SZAPY:01110     342  [00002407] 0459 : LD   H,06
PC:045B A:47 B:44 C:45 D:46 E:47 HL:06BF SP:07BD SZAPY:01110     343  [00002414] 045B : LD   L,BF
PC:045C A:47 B:44 C:45 D:46 E:47 HL:06BF SP:07BD SZAPY:01110     344  [00002421] 045C : LD   H,(HL)
PC:045E A:47 B:44 C:45 D:46 E:47 HL:06BF SP:07BD SZAPY:01110     345  [00002428] 045E : LD   A,06
PC:045F A:06 B:44 C:45 D:46 E:47 HL:06BF SP:07BD SZAPY:01110     346  [00002435] 045F : CP   H
PC:0462 A:06 B:44 C:45 D:46 E:47 HL:06BF SP:07BD SZAPY:01110     347  [00002439] 0462 : CALL NZ,06A0
PC:0463 A:06 B:44 C:45 D:46 E:47 HL:06BF SP:07BD SZAPY:01110     348  [00002450] 0463 : LD   (HL),L
PC:0465 A:06 B:44 C:45 D:46 E:47 HL:06BF SP:07BD SZAPY:01110     349  [00002457] 0465 : LD   H,06
PC:0467 A:06 B:44 C:45 D:46 E:47 HL:06BF SP:07BD SZAPY:01110     350  [00002464] 0467 : LD   L,BF
PC:0468 A:06 B:44 C:45 D:46 E:47 HL:06BF SP:07BD SZAPY:01110     351  [00002471] 0468 : LD   L,(HL)
PC:046A A:06 B:44 C:45 D:46 E:47 HL:06BF SP:07BD SZAPY:01110     352  [00002478] 046A : LD   A,BF
PC:046B A:BF B:44 C:45 D:46 E:47 HL:06BF SP:07BD SZAPY:01110     353  [00002485] 046B : CP   L
PC:046E A:BF B:44 C:45 D:46 E:47 HL:06BF SP:07BD SZAPY:01110     354  [00002489] 046E : CALL NZ,06A0
PC:0470 A:BF B:44 C:45 D:46 E:47 HL:06BF SP:07BD SZAPY:01110     355  [00002500] 0470 : LD   H,06
PC:0472 A:BF B:44 C:45 D:46 E:47 HL:06BF SP:07BD SZAPY:01110     356  [00002507] 0472 : LD   L,BF
PC:0474 A:BF B:44 C:45 D:46 E:47 HL:06BF SP:07BD SZAPY:01110     357  [00002514] 0474 : LD   A,32
PC:0475 A:32 B:44 C:45 D:46 E:47 HL:06BF SP:07BD SZAPY:01110     358  [00002521] 0475 : LD   (HL),A
PC:0476 A:32 B:44 C:45 D:46 E:47 HL:06BF SP:07BD SZAPY:01110     359  [00002528] 0476 : CP   (HL)
PC:0479 A:32 B:44 C:45 D:46 E:47 HL:06BF SP:07BD SZAPY:01110     360  [00002535] 0479 : CALL NZ,06A0
PC:047A A:32 B:44 C:45 D:46 E:47 HL:06BF SP:07BD SZAPY:01110     361  [00002546] 047A : ADD  (HL)
PC:047C A:64 B:44 C:45 D:46 E:47 HL:06BF SP:07BD SZAPY:00000     362  [00002553] 047C : CP   64
PC:047F A:64 B:44 C:45 D:46 E:47 HL:06BF SP:07BD SZAPY:01110     363  [00002560] 047F : CALL NZ,06A0
PC:0480 A:64 B:44 C:45 D:46 E:47 HL:06BF SP:07BD SZAPY:01110     364  [00002571] 0480 : XOR  A
PC:0481 A:00 B:44 C:45 D:46 E:47 HL:06BF SP:07BD SZAPY:01010     365  [00002575] 0481 : LD   A,(HL)
PC:0483 A:32 B:44 C:45 D:46 E:47 HL:06BF SP:07BD SZAPY:01010     366  [00002582] 0483 : CP   32
PC:0486 A:32 B:44 C:45 D:46 E:47 HL:06BF SP:07BD SZAPY:01110     367  [00002589] 0486 : CALL NZ,06A0
PC:0488 A:32 B:44 C:45 D:46 E:47 HL:06BF SP:07BD SZAPY:01110     368  [00002600] 0488 : LD   H,06
PC:048A A:32 B:44 C:45 D:46 E:47 HL:06BF SP:07BD SZAPY:01110     369  [00002607] 048A : LD   L,BF
PC:048B A:32 B:44 C:45 D:46 E:47 HL:06BF SP:07BD SZAPY:01110     370  [00002614] 048B : LD   A,(HL)
PC:048C A:32 B:44 C:45 D:46 E:47 HL:06BF SP:07BD SZAPY:01110     371  [00002621] 048C : SUB  (HL)
PC:048F A:00 B:44 C:45 D:46 E:47 HL:06BF SP:07BD SZAPY:01110     372  [00002628] 048F : CALL NZ,06A0
PC:0491 A:00 B:44 C:45 D:46 E:47 HL:06BF SP:07BD SZAPY:01110     373  [00002639] 0491 : LD   A,80
PC:0492 A:80 B:44 C:45 D:46 E:47 HL:06BF SP:07BD SZAPY:01110     374  [00002646] 0492 : ADD  A
PC:0493 A:00 B:44 C:45 D:46 E:47 HL:06BF SP:07BD SZAPY:01011     375  [00002650] 0493 : ADC  (HL)
PC:0495 A:33 B:44 C:45 D:46 E:47 HL:06BF SP:07BD SZAPY:00010     376  [00002657] 0495 : CP   33
PC:0498 A:33 B:44 C:45 D:46 E:47 HL:06BF SP:07BD SZAPY:01110     377  [00002664] 0498 : CALL NZ,06A0
PC:049A A:33 B:44 C:45 D:46 E:47 HL:06BF SP:07BD SZAPY:01110     378  [00002675] 049A : LD   A,80
PC:049B A:80 B:44 C:45 D:46 E:47 HL:06BF SP:07BD SZAPY:01110     379  [00002682] 049B : ADD  A
PC:049C A:00 B:44 C:45 D:46 E:47 HL:06BF SP:07BD SZAPY:01011     380  [00002686] 049C : SBC  (HL)
PC:049E A:CD B:44 C:45 D:46 E:47 HL:06BF SP:07BD SZAPY:10001     381  [00002693] 049E : CP   CD
PC:04A1 A:CD B:44 C:45 D:46 E:47 HL:06BF SP:07BD SZAPY:01110     382  [00002700] 04A1 : CALL NZ,06A0
PC:04A2 A:CD B:44 C:45 D:46 E:47 HL:06BF SP:07BD SZAPY:01110     383  [00002711] 04A2 : AND  (HL)
PC:04A5 A:00 B:44 C:45 D:46 E:47 HL:06BF SP:07BD SZAPY:01110     384  [00002718] 04A5 : CALL NZ,06A0
PC:04A7 A:00 B:44 C:45 D:46 E:47 HL:06BF SP:07BD SZAPY:01110     385  [00002729] 04A7 : LD   A,25
PC:04A8 A:25 B:44 C:45 D:46 E:47 HL:06BF SP:07BD SZAPY:01110     386  [00002736] 04A8 : OR   (HL)
PC:04AA A:37 B:44 C:45 D:46 E:47 HL:06BF SP:07BD SZAPY:00000     387  [00002743] 04AA : CP   37
PC:04AD A:37 B:44 C:45 D:46 E:47 HL:06BF SP:07BD SZAPY:01110     388  [00002750] 04AD : CALL NZ,06A0
PC:04AE A:37 B:44 C:45 D:46 E:47 HL:06BF SP:07BD SZAPY:01110     389  [00002761] 04AE : XOR  (HL)
PC:04B0 A:05 B:44 C:45 D:46 E:47 HL:06BF SP:07BD SZAPY:00010     390  [00002768] 04B0 : CP   05
PC:04B3 A:05 B:44 C:45 D:46 E:47 HL:06BF SP:07BD SZAPY:01110     391  [00002775] 04B3 : CALL NZ,06A0
PC:04B5 A:05 B:44 C:45 D:46 E:47 HL:06BF SP:07BD SZAPY:01110     392  [00002786] 04B5 : LD   (HL),55
PC:04B6 A:05 B:44 C:45 D:46 E:47 HL:06BF SP:07BD SZAPY:01110     393  [00002796] 04B6 : INC  (HL)
PC:04B7 A:05 B:44 C:45 D:46 E:47 HL:06BF SP:07BD SZAPY:00010     394  [00002806] 04B7 : DEC  (HL)
PC:04B8 A:05 B:44 C:45 D:46 E:47 HL:06BF SP:07BD SZAPY:00110     395  [00002816] 04B8 : ADD  (HL)
PC:04BA A:5A B:44 C:45 D:46 E:47 HL:06BF SP:07BD SZAPY:00010     396  [00002823] 04BA : CP   5A
PC:04BD A:5A B:44 C:45 D:46 E:47 HL:06BF SP:07BD SZAPY:01110     397  [00002830] 04BD : CALL NZ,06A0
PC:04C0 A:5A B:44 C:45 D:46 E:47 HL:06BF SP:07BD SZAPY:01110     398  [00002841] 04C0 : LD   BC,12FF
PC:04C3 A:5A B:12 C:FF D:46 E:47 HL:06BF SP:07BD SZAPY:01110     399  [00002851] 04C3 : LD   DE,12FF
PC:04C6 A:5A B:12 C:FF D:12 E:FF HL:06BF SP:07BD SZAPY:01110     400  [00002861] 04C6 : LD   HL,12FF
PC:04C7 A:5A B:12 C:FF D:12 E:FF HL:12FF SP:07BD SZAPY:01110     401  [00002871] 04C7 : INC  BC
PC:04C8 A:5A B:13 C:00 D:12 E:FF HL:12FF SP:07BD SZAPY:01110     402  [00002876] 04C8 : INC  DE
PC:04C9 A:5A B:13 C:00 D:13 E:00 HL:12FF SP:07BD SZAPY:01110     403  [00002881] 04C9 : INC  HL
PC:04CB A:5A B:13 C:00 D:13 E:00 HL:1300 SP:07BD SZAPY:01110     404  [00002886] 04CB : LD   A,13
PC:04CC A:13 B:13 C:00 D:13 E:00 HL:1300 SP:07BD SZAPY:01110     405  [00002893] 04CC : CP   B
PC:04CF A:13 B:13 C:00 D:13 E:00 HL:1300 SP:07BD SZAPY:01110     406  [00002897] 04CF : CALL NZ,06A0
PC:04D0 A:13 B:13 C:00 D:13 E:00 HL:1300 SP:07BD SZAPY:01110     407  [00002908] 04D0 : CP   D
PC:04D3 A:13 B:13 C:00 D:13 E:00 HL:1300 SP:07BD SZAPY:01110     408  [00002912] 04D3 : CALL NZ,06A0
PC:04D4 A:13 B:13 C:00 D:13 E:00 HL:1300 SP:07BD SZAPY:01110     409  [00002923] 04D4 : CP   H
PC:04D7 A:13 B:13 C:00 D:13 E:00 HL:1300 SP:07BD SZAPY:01110     410  [00002927] 04D7 : CALL NZ,06A0
PC:04D9 A:13 B:13 C:00 D:13 E:00 HL:1300 SP:07BD SZAPY:01110     411  [00002938] 04D9 : LD   A,00
PC:04DA A:00 B:13 C:00 D:13 E:00 HL:1300 SP:07BD SZAPY:01110     412  [00002945] 04DA : CP   C
PC:04DD A:00 B:13 C:00 D:13 E:00 HL:1300 SP:07BD SZAPY:01110     413  [00002949] 04DD : CALL NZ,06A0
PC:04DE A:00 B:13 C:00 D:13 E:00 HL:1300 SP:07BD SZAPY:01110     414  [00002960] 04DE : CP   E
PC:04E1 A:00 B:13 C:00 D:13 E:00 HL:1300 SP:07BD SZAPY:01110     415  [00002964] 04E1 : CALL NZ,06A0
PC:04E2 A:00 B:13 C:00 D:13 E:00 HL:1300 SP:07BD SZAPY:01110     416  [00002975] 04E2 : CP   L
PC:04E5 A:00 B:13 C:00 D:13 E:00 HL:1300 SP:07BD SZAPY:01110     417  [00002979] 04E5 : CALL NZ,06A0
PC:04E6 A:00 B:13 C:00 D:13 E:00 HL:1300 SP:07BD SZAPY:01110     418  [00002990] 04E6 : DEC  BC
PC:04E7 A:00 B:12 C:FF D:13 E:00 HL:1300 SP:07BD SZAPY:01110     419  [00002995] 04E7 : DEC  DE
PC:04E8 A:00 B:12 C:FF D:12 E:FF HL:1300 SP:07BD SZAPY:01110     420  [00003000] 04E8 : DEC  HL
PC:04EA A:00 B:12 C:FF D:12 E:FF HL:12FF SP:07BD SZAPY:01110     421  [00003005] 04EA : LD   A,12
PC:04EB A:12 B:12 C:FF D:12 E:FF HL:12FF SP:07BD SZAPY:01110     422  [00003012] 04EB : CP   B
PC:04EE A:12 B:12 C:FF D:12 E:FF HL:12FF SP:07BD SZAPY:01110     423  [00003016] 04EE : CALL NZ,06A0
PC:04EF A:12 B:12 C:FF D:12 E:FF HL:12FF SP:07BD SZAPY:01110     424  [00003027] 04EF : CP   D
PC:04F2 A:12 B:12 C:FF D:12 E:FF HL:12FF SP:07BD SZAPY:01110     425  [00003031] 04F2 : CALL NZ,06A0
PC:04F3 A:12 B:12 C:FF D:12 E:FF HL:12FF SP:07BD SZAPY:01110     426  [00003042] 04F3 : CP   H
PC:04F6 A:12 B:12 C:FF D:12 E:FF HL:12FF SP:07BD SZAPY:01110     427  [00003046] 04F6 : CALL NZ,06A0
PC:04F8 A:12 B:12 C:FF D:12 E:FF HL:12FF SP:07BD SZAPY:01110     428  [00003057] 04F8 : LD   A,FF
PC:04F9 A:FF B:12 C:FF D:12 E:FF HL:12FF SP:07BD SZAPY:01110     429  [00003064] 04F9 : CP   C
PC:04FC A:FF B:12 C:FF D:12 E:FF HL:12FF SP:07BD SZAPY:01110     430  [00003068] 04FC : CALL NZ,06A0
PC:04FD A:FF B:12 C:FF D:12 E:FF HL:12FF SP:07BD SZAPY:01110     431  [00003079] 04FD : CP   E
PC:0500 A:FF B:12 C:FF D:12 E:FF HL:12FF SP:07BD SZAPY:01110     432  [00003083] 0500 : CALL NZ,06A0
PC:0501 A:FF B:12 C:FF D:12 E:FF HL:12FF SP:07BD SZAPY:01110     433  [00003094] 0501 : CP   L
PC:0504 A:FF B:12 C:FF D:12 E:FF HL:12FF SP:07BD SZAPY:01110     434  [00003098] 0504 : CALL NZ,06A0
PC:0507 A:FF B:12 C:FF D:12 E:FF HL:12FF SP:07BD SZAPY:01110     435  [00003109] 0507 : LD   (06BF),A
PC:0508 A:FF B:12 C:FF D:12 E:FF HL:12FF SP:07BD SZAPY:01110     436  [00003122] 0508 : XOR  A
PC:050B A:00 B:12 C:FF D:12 E:FF HL:12FF SP:07BD SZAPY:01010     437  [00003126] 050B : LD   A,(06BF)
PC:050D A:FF B:12 C:FF D:12 E:FF HL:12FF SP:07BD SZAPY:01010     438  [00003139] 050D : CP   FF
PC:0510 A:FF B:12 C:FF D:12 E:FF HL:12FF SP:07BD SZAPY:01110     439  [00003146] 0510 : CALL NZ,06A0
PC:0513 A:FF B:12 C:FF D:12 E:FF HL:12FF SP:07BD SZAPY:01110     440  [00003157] 0513 : LD   HL,(06BD)
PC:0516 A:FF B:12 C:FF D:12 E:FF HL:06BF SP:07BD SZAPY:01110     441  [00003173] 0516 : LD   (06BF),HL
PC:0519 A:FF B:12 C:FF D:12 E:FF HL:06BF SP:07BD SZAPY:01110     442  [00003189] 0519 : LD   A,(06BD)
PC:051A A:BF B:12 C:FF D:12 E:FF HL:06BF SP:07BD SZAPY:01110     443  [00003202] 051A : LD   B,A
PC:051D A:BF B:BF C:FF D:12 E:FF HL:06BF SP:07BD SZAPY:01110     444  [00003207] 051D : LD   A,(06BF)
PC:051E A:BF B:BF C:FF D:12 E:FF HL:06BF SP:07BD SZAPY:01110     445  [00003220] 051E : CP   B
PC:0521 A:BF B:BF C:FF D:12 E:FF HL:06BF SP:07BD SZAPY:01110     446  [00003224] 0521 : CALL NZ,06A0
PC:0524 A:BF B:BF C:FF D:12 E:FF HL:06BF SP:07BD SZAPY:01110     447  [00003235] 0524 : LD   A,(06BE)
PC:0525 A:06 B:BF C:FF D:12 E:FF HL:06BF SP:07BD SZAPY:01110     448  [00003248] 0525 : LD   B,A
PC:0528 A:06 B:06 C:FF D:12 E:FF HL:06BF SP:07BD SZAPY:01110     449  [00003253] 0528 : LD   A,(06C0)
PC:0529 A:06 B:06 C:FF D:12 E:FF HL:06BF SP:07BD SZAPY:01110     450  [00003266] 0529 : CP   B
PC:052C A:06 B:06 C:FF D:12 E:FF HL:06BF SP:07BD SZAPY:01110     451  [00003270] 052C : CALL NZ,06A0
PC:052E A:06 B:06 C:FF D:12 E:FF HL:06BF SP:07BD SZAPY:01110     452  [00003281] 052E : LD   A,AA
PC:0531 A:AA B:06 C:FF D:12 E:FF HL:06BF SP:07BD SZAPY:01110     453  [00003288] 0531 : LD   (06BF),A
PC:0532 A:AA B:06 C:FF D:12 E:FF HL:06BF SP:07BD SZAPY:01110     454  [00003301] 0532 : LD   B,H
PC:0533 A:AA B:06 C:FF D:12 E:FF HL:06BF SP:07BD SZAPY:01110     455  [00003306] 0533 : LD   C,L
PC:0534 A:AA B:06 C:BF D:12 E:FF HL:06BF SP:07BD SZAPY:01110     456  [00003311] 0534 : XOR  A
PC:0535 A:00 B:06 C:BF D:12 E:FF HL:06BF SP:07BD SZAPY:01010     457  [00003315] 0535 : LD   A,(BC)
PC:0537 A:AA B:06 C:BF D:12 E:FF HL:06BF SP:07BD SZAPY:01010     458  [00003322] 0537 : CP   AA
PC:053A A:AA B:06 C:BF D:12 E:FF HL:06BF SP:07BD SZAPY:01110     459  [00003329] 053A : CALL NZ,06A0
PC:053B A:AA B:06 C:BF D:12 E:FF HL:06BF SP:07BD SZAPY:01110     460  [00003340] 053B : INC  A
PC:053C A:AB B:06 C:BF D:12 E:FF HL:06BF SP:07BD SZAPY:10000     461  [00003345] 053C : LD   (BC),A
PC:053F A:AB B:06 C:BF D:12 E:FF HL:06BF SP:07BD SZAPY:10000     462  [00003352] 053F : LD   A,(06BF)
PC:0541 A:AB B:06 C:BF D:12 E:FF HL:06BF SP:07BD SZAPY:10000     463  [00003365] 0541 : CP   AB
PC:0544 A:AB B:06 C:BF D:12 E:FF HL:06BF SP:07BD SZAPY:01110     464  [00003372] 0544 : CALL NZ,06A0
PC:0546 A:AB B:06 C:BF D:12 E:FF HL:06BF SP:07BD SZAPY:01110     465  [00003383] 0546 : LD   A,77
PC:0549 A:77 B:06 C:BF D:12 E:FF HL:06BF SP:07BD SZAPY:01110     466  [00003390] 0549 : LD   (06BF),A
PC:054C A:77 B:06 C:BF D:12 E:FF HL:06BF SP:07BD SZAPY:01110     467  [00003403] 054C : LD   HL,(06BD)
PC:054F A:77 B:06 C:BF D:12 E:FF HL:06BF SP:07BD SZAPY:01110     468  [00003419] 054F : LD   DE,0000
PC:0550 A:77 B:06 C:BF D:00 E:00 HL:06BF SP:07BD SZAPY:01110     469  [00003429] 0550 : EX   DE,HL
PC:0551 A:77 B:06 C:BF D:06 E:BF HL:0000 SP:07BD SZAPY:01110     470  [00003433] 0551 : XOR  A
PC:0552 A:00 B:06 C:BF D:06 E:BF HL:0000 SP:07BD SZAPY:01010     471  [00003437] 0552 : LD   A,(DE)
PC:0554 A:77 B:06 C:BF D:06 E:BF HL:0000 SP:07BD SZAPY:01010     472  [00003444] 0554 : CP   77
PC:0557 A:77 B:06 C:BF D:06 E:BF HL:0000 SP:07BD SZAPY:01110     473  [00003451] 0557 : CALL NZ,06A0
PC:0558 A:77 B:06 C:BF D:06 E:BF HL:0000 SP:07BD SZAPY:01110     474  [00003462] 0558 : XOR  A
PC:0559 A:00 B:06 C:BF D:06 E:BF HL:0000 SP:07BD SZAPY:01010     475  [00003466] 0559 : ADD  H
PC:055A A:00 B:06 C:BF D:06 E:BF HL:0000 SP:07BD SZAPY:01010     476  [00003470] 055A : ADD  L
PC:055D A:00 B:06 C:BF D:06 E:BF HL:0000 SP:07BD SZAPY:01010     477  [00003474] 055D : CALL NZ,06A0
PC:055F A:00 B:06 C:BF D:06 E:BF HL:0000 SP:07BD SZAPY:01010     478  [00003485] 055F : LD   A,CC
PC:0560 A:CC B:06 C:BF D:06 E:BF HL:0000 SP:07BD SZAPY:01010     479  [00003492] 0560 : LD   (DE),A
PC:0563 A:CC B:06 C:BF D:06 E:BF HL:0000 SP:07BD SZAPY:01010     480  [00003499] 0563 : LD   A,(06BF)
PC:0565 A:CC B:06 C:BF D:06 E:BF HL:0000 SP:07BD SZAPY:01010     481  [00003512] 0565 : CP   CC
PC:0566 A:CC B:06 C:BF D:06 E:BF HL:0000 SP:07BD SZAPY:01110     482  [00003519] 0566 : LD   (DE),A
PC:0569 A:CC B:06 C:BF D:06 E:BF HL:0000 SP:07BD SZAPY:01110     483  [00003526] 0569 : LD   A,(06BF)
PC:056B A:CC B:06 C:BF D:06 E:BF HL:0000 SP:07BD SZAPY:01110     484  [00003539] 056B : CP   CC
PC:056E A:CC B:06 C:BF D:06 E:BF HL:0000 SP:07BD SZAPY:01110     485  [00003546] 056E : CALL NZ,06A0
PC:0571 A:CC B:06 C:BF D:06 E:BF HL:0000 SP:07BD SZAPY:01110     486  [00003557] 0571 : LD   HL,7777
PC:0572 A:CC B:06 C:BF D:06 E:BF HL:7777 SP:07BD SZAPY:01110     487  [00003567] 0572 : ADD  HL,HL
PC:0574 A:CC B:06 C:BF D:06 E:BF HL:EEEE SP:07BD SZAPY:01110     488  [00003577] 0574 : LD   A,EE
PC:0575 A:EE B:06 C:BF D:06 E:BF HL:EEEE SP:07BD SZAPY:01110     489  [00003584] 0575 : CP   H
PC:0578 A:EE B:06 C:BF D:06 E:BF HL:EEEE SP:07BD SZAPY:01110     490  [00003588] 0578 : CALL NZ,06A0
PC:0579 A:EE B:06 C:BF D:06 E:BF HL:EEEE SP:07BD SZAPY:01110     491  [00003599] 0579 : CP   L
PC:057C A:EE B:06 C:BF D:06 E:BF HL:EEEE SP:07BD SZAPY:01110     492  [00003603] 057C : CALL NZ,06A0
PC:057F A:EE B:06 C:BF D:06 E:BF HL:EEEE SP:07BD SZAPY:01110     493  [00003614] 057F : LD   HL,5555
PC:0582 A:EE B:06 C:BF D:06 E:BF HL:5555 SP:07BD SZAPY:01110     494  [00003624] 0582 : LD   BC,FFFF
PC:0583 A:EE B:FF C:FF D:06 E:BF HL:5555 SP:07BD SZAPY:01110     495  [00003634] 0583 : ADD  HL,BC
PC:0585 A:EE B:FF C:FF D:06 E:BF HL:5554 SP:07BD SZAPY:01111     496  [00003644] 0585 : LD   A,55
PC:0588 A:55 B:FF C:FF D:06 E:BF HL:5554 SP:07BD SZAPY:01111     497  [00003651] 0588 : CALL NC,06A0
PC:0589 A:55 B:FF C:FF D:06 E:BF HL:5554 SP:07BD SZAPY:01111     498  [00003662] 0589 : CP   H
PC:058C A:55 B:FF C:FF D:06 E:BF HL:5554 SP:07BD SZAPY:01110     499  [00003666] 058C : CALL NZ,06A0
PC:058E A:55 B:FF C:FF D:06 E:BF HL:5554 SP:07BD SZAPY:01110     500  [00003677] 058E : LD   A,54
PC:058F A:54 B:FF C:FF D:06 E:BF HL:5554 SP:07BD SZAPY:01110     501  [00003684] 058F : CP   L
PC:0592 A:54 B:FF C:FF D:06 E:BF HL:5554 SP:07BD SZAPY:01110     502  [00003688] 0592 : CALL NZ,06A0
PC:0595 A:54 B:FF C:FF D:06 E:BF HL:5554 SP:07BD SZAPY:01110     503  [00003699] 0595 : LD   HL,AAAA
PC:0598 A:54 B:FF C:FF D:06 E:BF HL:AAAA SP:07BD SZAPY:01110     504  [00003709] 0598 : LD   DE,3333
PC:0599 A:54 B:FF C:FF D:33 E:33 HL:AAAA SP:07BD SZAPY:01110     505  [00003719] 0599 : ADD  HL,DE
PC:059B A:54 B:FF C:FF D:33 E:33 HL:DDDD SP:07BD SZAPY:01110     506  [00003729] 059B : LD   A,DD
PC:059C A:DD B:FF C:FF D:33 E:33 HL:DDDD SP:07BD SZAPY:01110     507  [00003736] 059C : CP   H
PC:059F A:DD B:FF C:FF D:33 E:33 HL:DDDD SP:07BD SZAPY:01110     508  [00003740] 059F : CALL NZ,06A0
PC:05A0 A:DD B:FF C:FF D:33 E:33 HL:DDDD SP:07BD SZAPY:01110     509  [00003751] 05A0 : CP   L
PC:05A3 A:DD B:FF C:FF D:33 E:33 HL:DDDD SP:07BD SZAPY:01110     510  [00003755] 05A3 : CALL NZ,06A0
PC:05A4 A:DD B:FF C:FF D:33 E:33 HL:DDDD SP:07BD SZAPY:01110     511  [00003766] 05A4 : SCF
PC:05A7 A:DD B:FF C:FF D:33 E:33 HL:DDDD SP:07BD SZAPY:01111     512  [00003770] 05A7 : CALL NC,06A0
PC:05A8 A:DD B:FF C:FF D:33 E:33 HL:DDDD SP:07BD SZAPY:01111     513  [00003781] 05A8 : CPC
PC:05AB A:DD B:FF C:FF D:33 E:33 HL:DDDD SP:07BD SZAPY:01110     514  [00003785] 05AB : CALL CY,06A0
PC:05AD A:DD B:FF C:FF D:33 E:33 HL:DDDD SP:07BD SZAPY:01110     515  [00003796] 05AD : LD   A,AA
PC:05AE A:AA B:FF C:FF D:33 E:33 HL:DDDD SP:07BD SZAPY:01110     516  [00003803] 05AE : CPL
PC:05B0 A:55 B:FF C:FF D:33 E:33 HL:DDDD SP:07BD SZAPY:01110     517  [00003807] 05B0 : CP   55
PC:05B3 A:55 B:FF C:FF D:33 E:33 HL:DDDD SP:07BD SZAPY:01110     518  [00003814] 05B3 : CALL NZ,06A0
PC:05B4 A:55 B:FF C:FF D:33 E:33 HL:DDDD SP:07BD SZAPY:01110     519  [00003825] 05B4 : OR   A
PC:05B5 A:55 B:FF C:FF D:33 E:33 HL:DDDD SP:07BD SZAPY:00010     520  [00003829] 05B5 : DAA
PC:05B7 A:55 B:FF C:FF D:33 E:33 HL:DDDD SP:07BD SZAPY:00010     521  [00003833] 05B7 : CP   55
PC:05BA A:55 B:FF C:FF D:33 E:33 HL:DDDD SP:07BD SZAPY:01110     522  [00003840] 05BA : CALL NZ,06A0
PC:05BC A:55 B:FF C:FF D:33 E:33 HL:DDDD SP:07BD SZAPY:01110     523  [00003851] 05BC : LD   A,88
PC:05BD A:88 B:FF C:FF D:33 E:33 HL:DDDD SP:07BD SZAPY:01110     524  [00003858] 05BD : ADD  A
PC:05BE A:10 B:FF C:FF D:33 E:33 HL:DDDD SP:07BD SZAPY:00101     525  [00003862] 05BE : DAA
PC:05C0 A:76 B:FF C:FF D:33 E:33 HL:DDDD SP:07BD SZAPY:00001     526  [00003866] 05C0 : CP   76
PC:05C3 A:76 B:FF C:FF D:33 E:33 HL:DDDD SP:07BD SZAPY:01110     527  [00003873] 05C3 : CALL NZ,06A0
PC:05C4 A:76 B:FF C:FF D:33 E:33 HL:DDDD SP:07BD SZAPY:01110     528  [00003884] 05C4 : XOR  A
PC:05C6 A:00 B:FF C:FF D:33 E:33 HL:DDDD SP:07BD SZAPY:01010     529  [00003888] 05C6 : LD   A,AA
PC:05C7 A:AA B:FF C:FF D:33 E:33 HL:DDDD SP:07BD SZAPY:01010     530  [00003895] 05C7 : DAA
PC:05CA A:10 B:FF C:FF D:33 E:33 HL:DDDD SP:07BD SZAPY:00101     531  [00003899] 05CA : CALL NC,06A0
PC:05CC A:10 B:FF C:FF D:33 E:33 HL:DDDD SP:07BD SZAPY:00101     532  [00003910] 05CC : CP   10
PC:05CF A:10 B:FF C:FF D:33 E:33 HL:DDDD SP:07BD SZAPY:01110     533  [00003917] 05CF : CALL NZ,06A0
PC:05D0 A:10 B:FF C:FF D:33 E:33 HL:DDDD SP:07BD SZAPY:01110     534  [00003928] 05D0 : XOR  A
PC:05D2 A:00 B:FF C:FF D:33 E:33 HL:DDDD SP:07BD SZAPY:01010     535  [00003932] 05D2 : LD   A,9A
PC:05D3 A:9A B:FF C:FF D:33 E:33 HL:DDDD SP:07BD SZAPY:01010     536  [00003939] 05D3 : DAA
PC:05D6 A:00 B:FF C:FF D:33 E:33 HL:DDDD SP:07BD SZAPY:01111     537  [00003943] 05D6 : CALL NC,06A0
PC:05D9 A:00 B:FF C:FF D:33 E:33 HL:DDDD SP:07BD SZAPY:01111     538  [00003954] 05D9 : CALL NZ,06A0
PC:05DA A:00 B:FF C:FF D:33 E:33 HL:DDDD SP:07BD SZAPY:01111     539  [00003965] 05DA : SCF
PC:05DC A:00 B:FF C:FF D:33 E:33 HL:DDDD SP:07BD SZAPY:01111     540  [00003969] 05DC : LD   A,42
PC:05DD A:42 B:FF C:FF D:33 E:33 HL:DDDD SP:07BD SZAPY:01111     541  [00003976] 05DD : RLCA
PC:05E0 A:84 B:FF C:FF D:33 E:33 HL:DDDD SP:07BD SZAPY:01110     542  [00003980] 05E0 : CALL CY,06A0
PC:05E1 A:84 B:FF C:FF D:33 E:33 HL:DDDD SP:07BD SZAPY:01110     543  [00003991] 05E1 : RLCA
PC:05E4 A:09 B:FF C:FF D:33 E:33 HL:DDDD SP:07BD SZAPY:01111     544  [00003995] 05E4 : CALL NC,06A0
PC:05E6 A:09 B:FF C:FF D:33 E:33 HL:DDDD SP:07BD SZAPY:01111     545  [00004006] 05E6 : CP   09
PC:05E9 A:09 B:FF C:FF D:33 E:33 HL:DDDD SP:07BD SZAPY:01110     546  [00004013] 05E9 : CALL NZ,06A0
PC:05EA A:09 B:FF C:FF D:33 E:33 HL:DDDD SP:07BD SZAPY:01110     547  [00004024] 05EA : RRCA
PC:05ED A:84 B:FF C:FF D:33 E:33 HL:DDDD SP:07BD SZAPY:01111     548  [00004028] 05ED : CALL NC,06A0
PC:05EE A:84 B:FF C:FF D:33 E:33 HL:DDDD SP:07BD SZAPY:01111     549  [00004039] 05EE : RRCA
PC:05F0 A:42 B:FF C:FF D:33 E:33 HL:DDDD SP:07BD SZAPY:01110     550  [00004043] 05F0 : CP   42
PC:05F3 A:42 B:FF C:FF D:33 E:33 HL:DDDD SP:07BD SZAPY:01110     551  [00004050] 05F3 : CALL NZ,06A0
PC:05F4 A:42 B:FF C:FF D:33 E:33 HL:DDDD SP:07BD SZAPY:01110     552  [00004061] 05F4 : RAL
PC:05F5 A:84 B:FF C:FF D:33 E:33 HL:DDDD SP:07BD SZAPY:01110     553  [00004065] 05F5 : RAL
PC:05F8 A:08 B:FF C:FF D:33 E:33 HL:DDDD SP:07BD SZAPY:01111     554  [00004069] 05F8 : CALL NC,06A0
PC:05FA A:08 B:FF C:FF D:33 E:33 HL:DDDD SP:07BD SZAPY:01111     555  [00004080] 05FA : CP   08
PC:05FD A:08 B:FF C:FF D:33 E:33 HL:DDDD SP:07BD SZAPY:01110     556  [00004087] 05FD : CALL NZ,06A0
PC:05FE A:08 B:FF C:FF D:33 E:33 HL:DDDD SP:07BD SZAPY:01110     557  [00004098] 05FE : RAR
PC:05FF A:04 B:FF C:FF D:33 E:33 HL:DDDD SP:07BD SZAPY:01110     558  [00004102] 05FF : RAR
PC:0602 A:02 B:FF C:FF D:33 E:33 HL:DDDD SP:07BD SZAPY:01110     559  [00004106] 0602 : CALL CY,06A0
PC:0604 A:02 B:FF C:FF D:33 E:33 HL:DDDD SP:07BD SZAPY:01110     560  [00004117] 0604 : CP   02
PC:0607 A:02 B:FF C:FF D:33 E:33 HL:DDDD SP:07BD SZAPY:01110     561  [00004124] 0607 : CALL NZ,06A0
PC:060A A:02 B:FF C:FF D:33 E:33 HL:DDDD SP:07BD SZAPY:01110     562  [00004135] 060A : LD   BC,1234
PC:060D A:02 B:12 C:34 D:33 E:33 HL:DDDD SP:07BD SZAPY:01110     563  [00004145] 060D : LD   DE,AAAA
PC:0610 A:02 B:12 C:34 D:AA E:AA HL:DDDD SP:07BD SZAPY:01110     564  [00004155] 0610 : LD   HL,5555
PC:0611 A:02 B:12 C:34 D:AA E:AA HL:5555 SP:07BD SZAPY:01110     565  [00004165] 0611 : XOR  A
PC:0612 A:00 B:12 C:34 D:AA E:AA HL:5555 SP:07BD SZAPY:01010     566  [00004169] 0612 : PUSH BC
PC:0613 A:00 B:12 C:34 D:AA E:AA HL:5555 SP:07BB SZAPY:01010     567  [00004180] 0613 : PUSH DE
PC:0614 A:00 B:12 C:34 D:AA E:AA HL:5555 SP:07B9 SZAPY:01010     568  [00004191] 0614 : PUSH HL
PC:0615 A:00 B:12 C:34 D:AA E:AA HL:5555 SP:07B7 SZAPY:01010     569  [00004202] 0615 : PUSH PSW
PC:0618 A:00 B:12 C:34 D:AA E:AA HL:5555 SP:07B5 SZAPY:01010     570  [00004213] 0618 : LD   BC,0000
PC:061B A:00 B:00 C:00 D:AA E:AA HL:5555 SP:07B5 SZAPY:01010     571  [00004223] 061B : LD   DE,0000
PC:061E A:00 B:00 C:00 D:00 E:00 HL:5555 SP:07B5 SZAPY:01010     572  [00004233] 061E : LD   HL,0000
PC:0620 A:00 B:00 C:00 D:00 E:00 HL:0000 SP:07B5 SZAPY:01010     573  [00004243] 0620 : LD   A,C0
PC:0622 A:C0 B:00 C:00 D:00 E:00 HL:0000 SP:07B5 SZAPY:01010     574  [00004250] 0622 : ADD  F0
PC:0623 A:B0 B:00 C:00 D:00 E:00 HL:0000 SP:07B5 SZAPY:10001     575  [00004257] 0623 : POP  PSW
PC:0624 A:00 B:00 C:00 D:00 E:00 HL:0000 SP:07B7 SZAPY:01010     576  [00004267] 0624 : POP  HL
PC:0625 A:00 B:00 C:00 D:00 E:00 HL:5555 SP:07B9 SZAPY:01010     577  [00004277] 0625 : POP  DE
PC:0626 A:00 B:00 C:00 D:AA E:AA HL:5555 SP:07BB SZAPY:01010     578  [00004287] 0626 : POP  BC
PC:0629 A:00 B:12 C:34 D:AA E:AA HL:5555 SP:07BD SZAPY:01010     579  [00004297] 0629 : CALL CY,06A0
PC:062C A:00 B:12 C:34 D:AA E:AA HL:5555 SP:07BD SZAPY:01010     580  [00004308] 062C : CALL NZ,06A0
PC:062F A:00 B:12 C:34 D:AA E:AA HL:5555 SP:07BD SZAPY:01010     581  [00004319] 062F : CALL PO,06A0
PC:0632 A:00 B:12 C:34 D:AA E:AA HL:5555 SP:07BD SZAPY:01010     582  [00004330] 0632 : CALL MI,06A0
PC:0634 A:00 B:12 C:34 D:AA E:AA HL:5555 SP:07BD SZAPY:01010     583  [00004341] 0634 : LD   A,12
PC:0635 A:12 B:12 C:34 D:AA E:AA HL:5555 SP:07BD SZAPY:01010     584  [00004348] 0635 : CP   B
PC:0638 A:12 B:12 C:34 D:AA E:AA HL:5555 SP:07BD SZAPY:01110     585  [00004352] 0638 : CALL NZ,06A0
PC:063A A:12 B:12 C:34 D:AA E:AA HL:5555 SP:07BD SZAPY:01110     586  [00004363] 063A : LD   A,34
PC:063B A:34 B:12 C:34 D:AA E:AA HL:5555 SP:07BD SZAPY:01110     587  [00004370] 063B : CP   C
PC:063E A:34 B:12 C:34 D:AA E:AA HL:5555 SP:07BD SZAPY:01110     588  [00004374] 063E : CALL NZ,06A0
PC:0640 A:34 B:12 C:34 D:AA E:AA HL:5555 SP:07BD SZAPY:01110     589  [00004385] 0640 : LD   A,AA
PC:0641 A:AA B:12 C:34 D:AA E:AA HL:5555 SP:07BD SZAPY:01110     590  [00004392] 0641 : CP   D
PC:0644 A:AA B:12 C:34 D:AA E:AA HL:5555 SP:07BD SZAPY:01110     591  [00004396] 0644 : CALL NZ,06A0
PC:0645 A:AA B:12 C:34 D:AA E:AA HL:5555 SP:07BD SZAPY:01110     592  [00004407] 0645 : CP   E
PC:0648 A:AA B:12 C:34 D:AA E:AA HL:5555 SP:07BD SZAPY:01110     593  [00004411] 0648 : CALL NZ,06A0
PC:064A A:AA B:12 C:34 D:AA E:AA HL:5555 SP:07BD SZAPY:01110     594  [00004422] 064A : LD   A,55
PC:064B A:55 B:12 C:34 D:AA E:AA HL:5555 SP:07BD SZAPY:01110     595  [00004429] 064B : CP   H
PC:064E A:55 B:12 C:34 D:AA E:AA HL:5555 SP:07BD SZAPY:01110     596  [00004433] 064E : CALL NZ,06A0
PC:064F A:55 B:12 C:34 D:AA E:AA HL:5555 SP:07BD SZAPY:01110     597  [00004444] 064F : CP   L
PC:0652 A:55 B:12 C:34 D:AA E:AA HL:5555 SP:07BD SZAPY:01110     598  [00004448] 0652 : CALL NZ,06A0
PC:0655 A:55 B:12 C:34 D:AA E:AA HL:5555 SP:07BD SZAPY:01110     599  [00004459] 0655 : LD   HL,0000
PC:0656 A:55 B:12 C:34 D:AA E:AA HL:0000 SP:07BD SZAPY:01110     600  [00004469] 0656 : ADD  HL,SP
PC:0659 A:55 B:12 C:34 D:AA E:AA HL:07BD SP:07BD SZAPY:01110     601  [00004479] 0659 : LD   (06C4),HL
PC:065C A:55 B:12 C:34 D:AA E:AA HL:07BD SP:07BD SZAPY:01110     602  [00004495] 065C : LD   SP,06C3
PC:065D A:55 B:12 C:34 D:AA E:AA HL:07BD SP:06C3 SZAPY:01110     603  [00004505] 065D : DEC  SP
PC:065E A:55 B:12 C:34 D:AA E:AA HL:07BD SP:06C2 SZAPY:01110     604  [00004510] 065E : DEC  SP
PC:065F A:55 B:12 C:34 D:AA E:AA HL:07BD SP:06C1 SZAPY:01110     605  [00004515] 065F : INC  SP
PC:0660 A:55 B:12 C:34 D:AA E:AA HL:07BD SP:06C2 SZAPY:01110     606  [00004520] 0660 : DEC  SP
PC:0662 A:55 B:12 C:34 D:AA E:AA HL:07BD SP:06C1 SZAPY:01110     607  [00004525] 0662 : LD   A,55
PC:0665 A:55 B:12 C:34 D:AA E:AA HL:07BD SP:06C1 SZAPY:01110     608  [00004532] 0665 : LD   (06C1),A
PC:0666 A:55 B:12 C:34 D:AA E:AA HL:07BD SP:06C1 SZAPY:01110     609  [00004545] 0666 : CPL
PC:0669 A:AA B:12 C:34 D:AA E:AA HL:07BD SP:06C1 SZAPY:01110     610  [00004549] 0669 : LD   (06C2),A
PC:066A A:AA B:12 C:34 D:AA E:AA HL:07BD SP:06C1 SZAPY:01110     611  [00004562] 066A : POP  BC
PC:066B A:AA B:AA C:55 D:AA E:AA HL:07BD SP:06C3 SZAPY:01110     612  [00004572] 066B : CP   B
PC:066E A:AA B:AA C:55 D:AA E:AA HL:07BD SP:06C3 SZAPY:01110     613  [00004576] 066E : CALL NZ,06A0
PC:066F A:AA B:AA C:55 D:AA E:AA HL:07BD SP:06C3 SZAPY:01110     614  [00004587] 066F : CPL
PC:0670 A:55 B:AA C:55 D:AA E:AA HL:07BD SP:06C3 SZAPY:01110     615  [00004591] 0670 : CP   C
PC:0673 A:55 B:AA C:55 D:AA E:AA HL:07BD SP:06C3 SZAPY:01110     616  [00004595] 0673 : CALL NZ,06A0
PC:0676 A:55 B:AA C:55 D:AA E:AA HL:07BD SP:06C3 SZAPY:01110     617  [00004606] 0676 : LD   HL,06C3
PC:0677 A:55 B:AA C:55 D:AA E:AA HL:06C3 SP:06C3 SZAPY:01110     618  [00004616] 0677 : LD   SP,HL
PC:067A A:55 B:AA C:55 D:AA E:AA HL:06C3 SP:06C3 SZAPY:01110     619  [00004621] 067A : LD   HL,7733
PC:067B A:55 B:AA C:55 D:AA E:AA HL:7733 SP:06C3 SZAPY:01110     620  [00004631] 067B : DEC  SP
PC:067C A:55 B:AA C:55 D:AA E:AA HL:7733 SP:06C2 SZAPY:01110     621  [00004636] 067C : DEC  SP
PC:067D A:55 B:AA C:55 D:AA E:AA HL:7733 SP:06C1 SZAPY:01110     622  [00004641] 067D : EX   (SP),HL
PC:0680 A:55 B:AA C:55 D:AA E:AA HL:AA55 SP:06C1 SZAPY:01110     623  [00004659] 0680 : LD   A,(06C2)
PC:0682 A:77 B:AA C:55 D:AA E:AA HL:AA55 SP:06C1 SZAPY:01110     624  [00004672] 0682 : CP   77
PC:0685 A:77 B:AA C:55 D:AA E:AA HL:AA55 SP:06C1 SZAPY:01110     625  [00004679] 0685 : CALL NZ,06A0
PC:0688 A:77 B:AA C:55 D:AA E:AA HL:AA55 SP:06C1 SZAPY:01110     626  [00004690] 0688 : LD   A,(06C1)
PC:068A A:33 B:AA C:55 D:AA E:AA HL:AA55 SP:06C1 SZAPY:01110     627  [00004703] 068A : CP   33
PC:068D A:33 B:AA C:55 D:AA E:AA HL:AA55 SP:06C1 SZAPY:01110     628  [00004710] 068D : CALL NZ,06A0
PC:068F A:33 B:AA C:55 D:AA E:AA HL:AA55 SP:06C1 SZAPY:01110     629  [00004721] 068F : LD   A,55
PC:0690 A:55 B:AA C:55 D:AA E:AA HL:AA55 SP:06C1 SZAPY:01110     630  [00004728] 0690 : CP   L
PC:0693 A:55 B:AA C:55 D:AA E:AA HL:AA55 SP:06C1 SZAPY:01110     631  [00004732] 0693 : CALL NZ,06A0
PC:0694 A:55 B:AA C:55 D:AA E:AA HL:AA55 SP:06C1 SZAPY:01110     632  [00004743] 0694 : CPL
PC:0695 A:AA B:AA C:55 D:AA E:AA HL:AA55 SP:06C1 SZAPY:01110     633  [00004747] 0695 : CP   H
PC:0698 A:AA B:AA C:55 D:AA E:AA HL:AA55 SP:06C1 SZAPY:01110     634  [00004751] 0698 : CALL NZ,06A0
PC:069B A:AA B:AA C:55 D:AA E:AA HL:AA55 SP:06C1 SZAPY:01110     635  [00004762] 069B : LD   HL,(06C4)
PC:069C A:AA B:AA C:55 D:AA E:AA HL:07BD SP:06C1 SZAPY:01110     636  [00004778] 069C : LD   SP,HL
PC:069F A:AA B:AA C:55 D:AA E:AA HL:07BD SP:07BD SZAPY:01110     637  [00004783] 069F : LD   HL,06B4
PC:06A0 A:AA B:AA C:55 D:AA E:AA HL:06B4 SP:07BD SZAPY:01110     638  [00004793] 06A0 : JP   (HL)
PC:06B7 A:AA B:AA C:55 D:AA E:AA HL:06B4 SP:07BD SZAPY:01110     639  [00004798] 06B7 : LD   HL,017A
PC:06BA A:AA B:AA C:55 D:AA E:AA HL:017A SP:07BD SZAPY:01110     640  [00004808] 06BA : CALL 014B
PC:014C A:AA B:AA C:55 D:AA E:AA HL:017A SP:07BB SZAPY:01110     641  [00004825] 014C : PUSH DE
PC:014D A:AA B:AA C:55 D:AA E:AA HL:017A SP:07B9 SZAPY:01110     642  [00004836] 014D : EX   DE,HL
PC:014F A:AA B:AA C:55 D:01 E:7A HL:AAAA SP:07B9 SZAPY:01110     643  [00004840] 014F : LD   C,09
PC:0152 A:AA B:AA C:09 D:01 E:7A HL:AAAA SP:07B9 SZAPY:01110     644  [00004847] 0152 : CALL 0005
PC:0007 A:AA B:AA C:09 D:01 E:7A HL:AAAA SP:07B7 SZAPY:01110     645  [00004864] 0007 : OUT  01
PC:0008 A:AA B:AA C:09 D:01 E:7A HL:AAAA SP:07B7 SZAPY:01110     646  [00004874] 0008 : RET
PC:0153 A:AA B:AA C:09 D:01 E:7A HL:AAAA SP:07B9 SZAPY:01110     647  [00004884] 0153 : POP  DE
PC:0154 A:AA B:AA C:09 D:AA E:AA HL:AAAA SP:07BB SZAPY:01110     648  [00004894] 0154 : RET
PC:06BD A:AA B:AA C:09 D:AA E:AA HL:AAAA SP:07BD SZAPY:01110     649  [00004904] 06BD : JP   0000
PC:0002 A:AA B:AA C:09 D:AA E:AA HL:AAAA SP:07BD SZAPY:01110     650  [00004914] 0002 : OUT  00
