       0         [0] PC:0001 A:00 B:00 C:00 D:00 E:00 HL:0000 SP:0000 SZAPY:00000 : 00         NOP             #pixs:0
   10000     [72654] PC:1A61 A:2A B:00 C:00 D:1C E:00 HL:2A9A SP:23FC SZAPY:10101 : 36 00      LD   (HL),00    #pixs:0
   20000    [146654] PC:1A61 A:32 B:00 C:00 D:1C E:00 HL:326A SP:23FC SZAPY:10101 : 36 00      LD   (HL),00    #pixs:0
   30000    [220654] PC:1A61 A:3A B:00 C:00 D:1C E:00 HL:3A3A SP:23FC SZAPY:10111 : 36 00      LD   (HL),00    #pixs:0
   40000    [297496] PC:08FF A:00 B:00 C:00 D:1B E:00 HL:401E SP:23FC SZAPY:01110 : C9         RET             #pixs:326
   50000    [386490] PC:0ADD A:3E B:00 C:00 D:1F E:B0 HL:3E01 SP:23FE SZAPY:00100 : 3A C0 20   LD   A,(20C0)   #pixs:681
   60000    [476562] PC:0ADD A:3B B:00 C:00 D:1F E:B0 HL:3E01 SP:23FE SZAPY:00100 : 3A C0 20   LD   A,(20C0)   #pixs:681
   70000    [566619] PC:0ADE A:39 B:00 C:00 D:1F E:B0 HL:3E01 SP:23FE SZAPY:00110 : A7         AND  A          #pixs:681
   80000    [656689] PC:0AE1 A:36 B:00 C:00 D:1F E:B0 HL:3E01 SP:23FE SZAPY:00010 : C2 DA 0A   JP   NZ,0ADA    #pixs:681
   90000    [746761] PC:0AE1 A:33 B:00 C:00 D:1F E:B0 HL:3E01 SP:23FE SZAPY:00010 : C2 DA 0A   JP   NZ,0ADA    #pixs:681
  100000    [836837] PC:0ADD A:30 B:00 C:00 D:1F E:B0 HL:3E01 SP:23FE SZAPY:00010 : 3A C0 20   LD   A,(20C0)   #pixs:681
  110000    [926894] PC:0ADE A:2E B:00 C:00 D:1F E:B0 HL:3E01 SP:23FE SZAPY:00110 : A7         AND  A          #pixs:681
  120000   [1016964] PC:0AE1 A:2B B:00 C:00 D:1F E:B0 HL:3E01 SP:23FE SZAPY:00110 : C2 DA 0A   JP   NZ,0ADA    #pixs:681
  130000   [1107036] PC:0AE1 A:28 B:00 C:00 D:1F E:B0 HL:3E01 SP:23FE SZAPY:00110 : C2 DA 0A   JP   NZ,0ADA    #pixs:681
  140000   [1197090] PC:0ADD A:26 B:00 C:00 D:1F E:B0 HL:3E01 SP:23FE SZAPY:00000 : 3A C0 20   LD   A,(20C0)   #pixs:681
  150000   [1287169] PC:0ADE A:23 B:00 C:00 D:1F E:B0 HL:3E01 SP:23FE SZAPY:00000 : A7         AND  A          #pixs:681
  160000   [1377241] PC:0ADE A:20 B:00 C:00 D:1F E:B0 HL:3E01 SP:23FE SZAPY:00000 : A7         AND  A          #pixs:681
  170000   [1467311] PC:0AE1 A:1D B:00 C:00 D:1F E:B0 HL:3E01 SP:23FE SZAPY:00110 : C2 DA 0A   JP   NZ,0ADA    #pixs:681
  180000   [1557365] PC:0ADD A:1B B:00 C:00 D:1F E:B0 HL:3E01 SP:23FE SZAPY:00110 : 3A C0 20   LD   A,(20C0)   #pixs:681
  190000   [1647437] PC:0ADD A:18 B:00 C:00 D:1F E:B0 HL:3E01 SP:23FE SZAPY:00110 : 3A C0 20   LD   A,(20C0)   #pixs:681
  200000   [1737516] PC:0ADE A:15 B:00 C:00 D:1F E:B0 HL:3E01 SP:23FE SZAPY:00000 : A7         AND  A          #pixs:681
  210000   [1827564] PC:0AE1 A:13 B:00 C:00 D:1F E:B0 HL:3E01 SP:23FE SZAPY:00000 : C2 DA 0A   JP   NZ,0ADA    #pixs:681
  220000   [1917640] PC:0ADD A:10 B:00 C:00 D:1F E:B0 HL:3E01 SP:23FE SZAPY:00000 : 3A C0 20   LD   A,(20C0)   #pixs:681
  230000   [2007712] PC:0ADD A:0D B:00 C:00 D:1F E:B0 HL:3E01 SP:23FE SZAPY:00100 : 3A C0 20   LD   A,(20C0)   #pixs:681
  240000   [2097769] PC:0ADE A:0B B:00 C:00 D:1F E:B0 HL:3E01 SP:23FE SZAPY:00100 : A7         AND  A          #pixs:681
  250000   [2187839] PC:0AE1 A:08 B:00 C:00 D:1F E:B0 HL:3E01 SP:23FE SZAPY:00100 : C2 DA 0A   JP   NZ,0ADA    #pixs:681
  260000   [2277911] PC:0AE1 A:05 B:00 C:00 D:1F E:B0 HL:3E01 SP:23FE SZAPY:00010 : C2 DA 0A   JP   NZ,0ADA    #pixs:681
  270000   [2367987] PC:0ADD A:02 B:00 C:00 D:1F E:B0 HL:3E01 SP:23FE SZAPY:00000 : 3A C0 20   LD   A,(20C0)   #pixs:681
  280000   [2458870] PC:0AA1 A:06 B:00 C:04 D:1D E:AB HL:3117 SP:23FE SZAPY:00110 : 3A C0 20   LD   A,(20C0)   #pixs:696
  290000   [2552214] PC:0AA2 A:04 B:00 C:04 D:1D E:AB HL:3117 SP:23FE SZAPY:00110 : 3D         DEC  A          #pixs:696
  300000   [2645477] PC:0AA5 A:06 B:00 C:03 D:1D E:AC HL:3217 SP:23FE SZAPY:00110 : C2 9E 0A   JP   NZ,0A9E    #pixs:707
  310000   [2738818] PC:0AA1 A:03 B:00 C:03 D:1D E:AC HL:3217 SP:23FE SZAPY:00110 : 3A C0 20   LD   A,(20C0)   #pixs:707
  320000   [2832155] PC:0AA2 A:02 B:00 C:03 D:1D E:AC HL:3217 SP:23FE SZAPY:00100 : 3D         DEC  A          #pixs:707
  330000   [2925414] PC:0AA1 A:04 B:00 C:02 D:1D E:AD HL:3317 SP:23FE SZAPY:00100 : 3A C0 20   LD   A,(20C0)   #pixs:723
  340000   [3018758] PC:0AA2 A:02 B:00 C:02 D:1D E:AD HL:3317 SP:23FE SZAPY:00100 : 3D         DEC  A          #pixs:723
  350000   [3112021] PC:0AA5 A:04 B:00 C:01 D:1D E:AE HL:3417 SP:23FE SZAPY:00100 : C2 9E 0A   JP   NZ,0A9E    #pixs:733
  360000   [3205362] PC:0AA1 A:01 B:00 C:01 D:1D E:AE HL:3417 SP:23FE SZAPY:00100 : 3A C0 20   LD   A,(20C0)   #pixs:733
  370000   [3298625] PC:0AA5 A:05 B:00 C:0F D:1D E:AF HL:2C14 SP:23FE SZAPY:00110 : C2 9E 0A   JP   NZ,0A9E    #pixs:748
  380000   [3391966] PC:0AA1 A:02 B:00 C:0F D:1D E:AF HL:2C14 SP:23FE SZAPY:00100 : 3A C0 20   LD   A,(20C0)   #pixs:748
  390000   [3485228] PC:0AA5 A:05 B:00 C:0E D:1D E:B0 HL:2D14 SP:23FE SZAPY:00110 : C2 9E 0A   JP   NZ,0A9E    #pixs:763
  400000   [3578573] PC:0AA5 A:02 B:00 C:0E D:1D E:B0 HL:2D14 SP:23FE SZAPY:00100 : C2 9E 0A   JP   NZ,0A9E    #pixs:763
  410000   [3671840] PC:0AA2 A:06 B:00 C:0D D:1D E:B1 HL:2E14 SP:23FE SZAPY:00110 : 3D         DEC  A          #pixs:779
  420000   [3765169] PC:0AA5 A:03 B:00 C:0D D:1D E:B1 HL:2E14 SP:23FE SZAPY:00110 : C2 9E 0A   JP   NZ,0A9E    #pixs:779
  430000   [3858436] PC:0AA2 A:07 B:00 C:0C D:1D E:B2 HL:2F14 SP:23FE SZAPY:00110 : 3D         DEC  A          #pixs:792
  440000   [3951772] PC:0AA5 A:03 B:00 C:0C D:1D E:B2 HL:2F14 SP:23FE SZAPY:00110 : C2 9E 0A   JP   NZ,0A9E    #pixs:792
  450000   [4045040] PC:0AA1 A:06 B:00 C:0B D:1D E:B3 HL:3014 SP:23FE SZAPY:00110 : 3A C0 20   LD   A,(20C0)   #pixs:810
  460000   [4138384] PC:0AA2 A:04 B:00 C:0B D:1D E:B3 HL:3014 SP:23FE SZAPY:00110 : 3D         DEC  A          #pixs:810
  470000   [4231713] PC:0AA5 A:01 B:00 C:0B D:1D E:B3 HL:3014 SP:23FE SZAPY:00100 : C2 9E 0A   JP   NZ,0A9E    #pixs:810
  480000   [4324980] PC:0AA2 A:05 B:00 C:0A D:1D E:B4 HL:3114 SP:23FE SZAPY:00100 : 3D         DEC  A          #pixs:810
  490000   [4418316] PC:0AA5 A:01 B:00 C:0A D:1D E:B4 HL:3114 SP:23FE SZAPY:00100 : C2 9E 0A   JP   NZ,0A9E    #pixs:810
  500000   [4511584] PC:0AA1 A:04 B:00 C:09 D:1D E:B5 HL:3214 SP:23FE SZAPY:00100 : 3A C0 20   LD   A,(20C0)   #pixs:810
  510000   [4604928] PC:0AA2 A:02 B:00 C:09 D:1D E:B5 HL:3214 SP:23FE SZAPY:00100 : 3D         DEC  A          #pixs:810
  520000   [4698180] PC:0AA1 A:05 B:00 C:08 D:1D E:B6 HL:3314 SP:23FE SZAPY:00110 : 3A C0 20   LD   A,(20C0)   #pixs:821
  530000   [4791524] PC:0AA2 A:03 B:00 C:08 D:1D E:B6 HL:3314 SP:23FE SZAPY:00100 : 3D         DEC  A          #pixs:821
  540000   [4884783] PC:0AA1 A:05 B:00 C:07 D:1D E:B7 HL:3414 SP:23FE SZAPY:00110 : 3A C0 20   LD   A,(20C0)   #pixs:838
  550000   [4978128] PC:0AA1 A:02 B:00 C:07 D:1D E:B7 HL:3414 SP:23FE SZAPY:00100 : 3A C0 20   LD   A,(20C0)   #pixs:838
  560000   [5071390] PC:0AA5 A:05 B:00 C:06 D:1D E:B8 HL:3514 SP:23FE SZAPY:00110 : C2 9E 0A   JP   NZ,0A9E    #pixs:851
  570000   [5164724] PC:0AA1 A:03 B:00 C:06 D:1D E:B8 HL:3514 SP:23FE SZAPY:00110 : 3A C0 20   LD   A,(20C0)   #pixs:851
  580000   [5257986] PC:0AA5 A:06 B:00 C:05 D:1D E:B9 HL:3614 SP:23FE SZAPY:00110 : C2 9E 0A   JP   NZ,0A9E    #pixs:867
  590000   [5351327] PC:0AA1 A:03 B:00 C:05 D:1D E:B9 HL:3614 SP:23FE SZAPY:00110 : 3A C0 20   LD   A,(20C0)   #pixs:867
  600000   [5444598] PC:0AA2 A:07 B:00 C:04 D:1D E:BA HL:3714 SP:23FE SZAPY:00110 : 3D         DEC  A          #pixs:885
  610000   [5537934] PC:0AA5 A:03 B:00 C:04 D:1D E:BA HL:3714 SP:23FE SZAPY:00110 : C2 9E 0A   JP   NZ,0A9E    #pixs:885
  620000   [5631268] PC:0AA1 A:01 B:00 C:04 D:1D E:BA HL:3714 SP:23FE SZAPY:00100 : 3A C0 20   LD   A,(20C0)   #pixs:885
  630000   [5724530] PC:0AA5 A:04 B:00 C:03 D:1D E:BB HL:3814 SP:23FE SZAPY:00100 : C2 9E 0A   JP   NZ,0A9E    #pixs:903
  640000   [5817871] PC:0AA1 A:01 B:00 C:03 D:1D E:BB HL:3814 SP:23FE SZAPY:00100 : 3A C0 20   LD   A,(20C0)   #pixs:903
  650000   [5911142] PC:0AA2 A:05 B:00 C:02 D:1D E:BC HL:3914 SP:23FE SZAPY:00100 : 3D         DEC  A          #pixs:921
  660000   [6004478] PC:0AA5 A:01 B:00 C:02 D:1D E:BC HL:3914 SP:23FE SZAPY:00100 : C2 9E 0A   JP   NZ,0A9E    #pixs:921
  670000   [6097738] PC:0AA2 A:06 B:00 C:01 D:1D E:BD HL:3A14 SP:23FE SZAPY:00110 : 3D         DEC  A          #pixs:936
  680000   [6191074] PC:0AA5 A:02 B:00 C:01 D:1D E:BD HL:3A14 SP:23FE SZAPY:00100 : C2 9E 0A   JP   NZ,0A9E    #pixs:936
  690000   [6282631] PC:0ADD A:3F B:00 C:00 D:1D E:BE HL:3A14 SP:23FE SZAPY:00110 : 3A C0 20   LD   A,(20C0)   #pixs:936
  700000   [6372710] PC:0ADE A:3C B:00 C:00 D:1D E:BE HL:3A14 SP:23FE SZAPY:00110 : A7         AND  A          #pixs:936
  710000   [6462758] PC:0AE1 A:3A B:00 C:00 D:1D E:BE HL:3A14 SP:23FE SZAPY:00110 : C2 DA 0A   JP   NZ,0ADA    #pixs:936
  720000   [6552834] PC:0ADD A:37 B:00 C:00 D:1D E:BE HL:3A14 SP:23FE SZAPY:00000 : 3A C0 20   LD   A,(20C0)   #pixs:936
  730000   [6642906] PC:0ADD A:34 B:00 C:00 D:1D E:BE HL:3A14 SP:23FE SZAPY:00000 : 3A C0 20   LD   A,(20C0)   #pixs:936
  740000   [6732963] PC:0ADE A:32 B:00 C:00 D:1D E:BE HL:3A14 SP:23FE SZAPY:00000 : A7         AND  A          #pixs:936
  750000   [6823033] PC:0AE1 A:2F B:00 C:00 D:1D E:BE HL:3A14 SP:23FE SZAPY:00100 : C2 DA 0A   JP   NZ,0ADA    #pixs:936
  760000   [6913105] PC:0AE1 A:2C B:00 C:00 D:1D E:BE HL:3A14 SP:23FE SZAPY:00100 : C2 DA 0A   JP   NZ,0ADA    #pixs:936
  770000   [7003181] PC:0ADD A:29 B:00 C:00 D:1D E:BE HL:3A14 SP:23FE SZAPY:00100 : 3A C0 20   LD   A,(20C0)   #pixs:936
  780000   [7093238] PC:0ADE A:27 B:00 C:00 D:1D E:BE HL:3A14 SP:23FE SZAPY:00010 : A7         AND  A          #pixs:936
  790000   [7183308] PC:0AE1 A:24 B:00 C:00 D:1D E:BE HL:3A14 SP:23FE SZAPY:00010 : C2 DA 0A   JP   NZ,0ADA    #pixs:936
  800000   [7273380] PC:0AE1 A:21 B:00 C:00 D:1D E:BE HL:3A14 SP:23FE SZAPY:00010 : C2 DA 0A   JP   NZ,0ADA    #pixs:936
  810000   [7363434] PC:0ADD A:1F B:00 C:00 D:1D E:BE HL:3A14 SP:23FE SZAPY:00100 : 3A C0 20   LD   A,(20C0)   #pixs:936
  820000   [7453513] PC:0ADE A:1C B:00 C:00 D:1D E:BE HL:3A14 SP:23FE SZAPY:00100 : A7         AND  A          #pixs:936
  830000   [7543585] PC:0ADE A:19 B:00 C:00 D:1D E:BE HL:3A14 SP:23FE SZAPY:00100 : A7         AND  A          #pixs:936
  840000   [7633655] PC:0AE1 A:16 B:00 C:00 D:1D E:BE HL:3A14 SP:23FE SZAPY:00000 : C2 DA 0A   JP   NZ,0ADA    #pixs:936
  850000   [7723709] PC:0ADD A:14 B:00 C:00 D:1D E:BE HL:3A14 SP:23FE SZAPY:00010 : 3A C0 20   LD   A,(20C0)   #pixs:936
  860000   [7813781] PC:0ADD A:11 B:00 C:00 D:1D E:BE HL:3A14 SP:23FE SZAPY:00010 : 3A C0 20   LD   A,(20C0)   #pixs:936
  870000   [7903860] PC:0ADE A:0E B:00 C:00 D:1D E:BE HL:3A14 SP:23FE SZAPY:00100 : A7         AND  A          #pixs:936
  880000   [7993908] PC:0AE1 A:0C B:00 C:00 D:1D E:BE HL:3A14 SP:23FE SZAPY:00110 : C2 DA 0A   JP   NZ,0ADA    #pixs:936
  890000   [8083984] PC:0ADD A:09 B:00 C:00 D:1D E:BE HL:3A14 SP:23FE SZAPY:00110 : 3A C0 20   LD   A,(20C0)   #pixs:936
  900000   [8174056] PC:0ADD A:06 B:00 C:00 D:1D E:BE HL:3A14 SP:23FE SZAPY:00010 : 3A C0 20   LD   A,(20C0)   #pixs:936
  910000   [8264113] PC:0ADE A:04 B:00 C:00 D:1D E:BE HL:3A14 SP:23FE SZAPY:00000 : A7         AND  A          #pixs:936
  920000   [8354183] PC:0AE1 A:01 B:00 C:00 D:1D E:BE HL:3A14 SP:23FE SZAPY:00000 : C2 DA 0A   JP   NZ,0ADA    #pixs:936
  930000   [8444614] PC:0AA2 A:05 B:00 C:0A D:1D E:E0 HL:2F0E SP:23F8 SZAPY:00100 : 3D         DEC  A          #pixs:1449
  940000   [8537950] PC:0AA5 A:01 B:00 C:0A D:1D E:E0 HL:2F0E SP:23F8 SZAPY:00100 : C2 9E 0A   JP   NZ,0A9E    #pixs:1449
  950000   [8631210] PC:0AA2 A:06 B:00 C:09 D:1D E:E1 HL:300E SP:23F8 SZAPY:00110 : 3D         DEC  A          #pixs:1458
  960000   [8724546] PC:0AA5 A:02 B:00 C:09 D:1D E:E1 HL:300E SP:23F8 SZAPY:00100 : C2 9E 0A   JP   NZ,0A9E    #pixs:1458
  970000   [8817813] PC:0AA2 A:06 B:00 C:08 D:1D E:E2 HL:310E SP:23F8 SZAPY:00110 : 3D         DEC  A          #pixs:1458
  980000   [8911158] PC:0AA2 A:03 B:00 C:08 D:1D E:E2 HL:310E SP:23F8 SZAPY:00100 : 3D         DEC  A          #pixs:1458
  990000   [9004417] PC:0AA1 A:05 B:00 C:07 D:1D E:E3 HL:320E SP:23F8 SZAPY:00110 : 3A C0 20   LD   A,(20C0)   #pixs:1476
 1000000   [9097754] PC:0AA2 A:04 B:00 C:07 D:1D E:E3 HL:320E SP:23F8 SZAPY:00110 : 3D         DEC  A          #pixs:1476
 1010000   [9191013] PC:0AA1 A:06 B:00 C:06 D:1D E:E4 HL:330E SP:23F8 SZAPY:00110 : 3A C0 20   LD   A,(20C0)   #pixs:1486
 1020000   [9284357] PC:0AA2 A:04 B:00 C:06 D:1D E:E4 HL:330E SP:23F8 SZAPY:00110 : 3D         DEC  A          #pixs:1486
 1030000   [9377620] PC:0AA5 A:06 B:00 C:05 D:1D E:E5 HL:340E SP:23F8 SZAPY:00110 : C2 9E 0A   JP   NZ,0A9E    #pixs:1501
 1040000   [9470961] PC:0AA1 A:03 B:00 C:05 D:1D E:E5 HL:340E SP:23F8 SZAPY:00110 : 3A C0 20   LD   A,(20C0)   #pixs:1501
 1050000   [9564298] PC:0AA2 A:02 B:00 C:05 D:1D E:E5 HL:340E SP:23F8 SZAPY:00100 : 3D         DEC  A          #pixs:1501
 1060000   [9657557] PC:0AA1 A:04 B:00 C:04 D:1D E:E6 HL:350E SP:23F8 SZAPY:00100 : 3A C0 20   LD   A,(20C0)   #pixs:1512
 1070000   [9750901] PC:0AA2 A:02 B:00 C:04 D:1D E:E6 HL:350E SP:23F8 SZAPY:00100 : 3D         DEC  A          #pixs:1512
 1080000   [9844164] PC:0AA5 A:04 B:00 C:03 D:1D E:E7 HL:360E SP:23F8 SZAPY:00100 : C2 9E 0A   JP   NZ,0A9E    #pixs:1530
 1090000   [9937505] PC:0AA1 A:01 B:00 C:03 D:1D E:E7 HL:360E SP:23F8 SZAPY:00100 : 3A C0 20   LD   A,(20C0)   #pixs:1530
 1100000  [10030760] PC:0AA5 A:05 B:00 C:02 D:1D E:E8 HL:370E SP:23F8 SZAPY:00110 : C2 9E 0A   JP   NZ,0A9E    #pixs:1548
 1110000  [10124101] PC:0AA1 A:02 B:00 C:02 D:1D E:E8 HL:370E SP:23F8 SZAPY:00100 : 3A C0 20   LD   A,(20C0)   #pixs:1548
 1120000  [10217363] PC:0AA5 A:05 B:00 C:01 D:1D E:E9 HL:380E SP:23F8 SZAPY:00110 : C2 9E 0A   JP   NZ,0A9E    #pixs:1558
 1130000  [10310708] PC:0AA5 A:02 B:00 C:01 D:1D E:E9 HL:380E SP:23F8 SZAPY:00100 : C2 9E 0A   JP   NZ,0A9E    #pixs:1558
 1140000  [10403933] PC:0AA1 A:05 B:00 C:0A D:1D E:EA HL:2F0C SP:23F8 SZAPY:00110 : 3A C0 20   LD   A,(20C0)   #pixs:1568
 1150000  [10497270] PC:0AA2 A:04 B:00 C:0A D:1D E:EA HL:2F0C SP:23F8 SZAPY:00110 : 3D         DEC  A          #pixs:1568
 1160000  [10590529] PC:0AA1 A:06 B:00 C:09 D:1D E:EB HL:300C SP:23F8 SZAPY:00110 : 3A C0 20   LD   A,(20C0)   #pixs:1583
 1170000  [10683873] PC:0AA2 A:04 B:00 C:09 D:1D E:EB HL:300C SP:23F8 SZAPY:00110 : 3D         DEC  A          #pixs:1583
 1180000  [10777136] PC:0AA5 A:06 B:00 C:08 D:1D E:EC HL:310C SP:23F8 SZAPY:00110 : C2 9E 0A   JP   NZ,0A9E    #pixs:1602
 1190000  [10870477] PC:0AA1 A:03 B:00 C:08 D:1D E:EC HL:310C SP:23F8 SZAPY:00110 : 3A C0 20   LD   A,(20C0)   #pixs:1602
 1200000  [10963814] PC:0AA2 A:02 B:00 C:08 D:1D E:EC HL:310C SP:23F8 SZAPY:00100 : 3D         DEC  A          #pixs:1602
 1210000  [11057073] PC:0AA1 A:04 B:00 C:07 D:1D E:ED HL:320C SP:23F8 SZAPY:00100 : 3A C0 20   LD   A,(20C0)   #pixs:1602
 1220000  [11150417] PC:0AA2 A:02 B:00 C:07 D:1D E:ED HL:320C SP:23F8 SZAPY:00100 : 3D         DEC  A          #pixs:1602
 1230000  [11243680] PC:0AA5 A:04 B:00 C:06 D:1D E:EE HL:330C SP:23F8 SZAPY:00100 : C2 9E 0A   JP   NZ,0A9E    #pixs:1617
 1240000  [11337021] PC:0AA1 A:01 B:00 C:06 D:1D E:EE HL:330C SP:23F8 SZAPY:00100 : 3A C0 20   LD   A,(20C0)   #pixs:1617
 1250000  [11430276] PC:0AA5 A:05 B:00 C:05 D:1D E:EF HL:340C SP:23F8 SZAPY:00110 : C2 9E 0A   JP   NZ,0A9E    #pixs:1633
 1260000  [11523617] PC:0AA1 A:02 B:00 C:05 D:1D E:EF HL:340C SP:23F8 SZAPY:00100 : 3A C0 20   LD   A,(20C0)   #pixs:1633
 1270000  [11616879] PC:0AA5 A:05 B:00 C:04 D:1D E:F0 HL:350C SP:23F8 SZAPY:00110 : C2 9E 0A   JP   NZ,0A9E    #pixs:1644
 1280000  [11710224] PC:0AA5 A:02 B:00 C:04 D:1D E:F0 HL:350C SP:23F8 SZAPY:00100 : C2 9E 0A   JP   NZ,0A9E    #pixs:1644
 1290000  [11803491] PC:0AA2 A:06 B:00 C:03 D:1D E:F1 HL:360C SP:23F8 SZAPY:00110 : 3D         DEC  A          #pixs:1661
 1300000  [11896820] PC:0AA5 A:03 B:00 C:03 D:1D E:F1 HL:360C SP:23F8 SZAPY:00110 : C2 9E 0A   JP   NZ,0A9E    #pixs:1661
 1310000  [11990087] PC:0AA2 A:07 B:00 C:02 D:1D E:F2 HL:370C SP:23F8 SZAPY:00110 : 3D         DEC  A          #pixs:1672
 1320000  [12083423] PC:0AA5 A:03 B:00 C:02 D:1D E:F2 HL:370C SP:23F8 SZAPY:00110 : C2 9E 0A   JP   NZ,0A9E    #pixs:1672
 1330000  [12176691] PC:0AA1 A:06 B:00 C:01 D:1D E:F3 HL:380C SP:23F8 SZAPY:00110 : 3A C0 20   LD   A,(20C0)   #pixs:1687
 1340000  [12270035] PC:0AA2 A:04 B:00 C:01 D:1D E:F3 HL:380C SP:23F8 SZAPY:00110 : 3D         DEC  A          #pixs:1687
 1350000  [12363364] PC:0AA5 A:01 B:00 C:01 D:1D E:F3 HL:380C SP:23F8 SZAPY:00100 : C2 9E 0A   JP   NZ,0A9E    #pixs:1687
 1360000  [12456589] PC:0AA1 A:04 B:00 C:0A D:1D E:F4 HL:2F0A SP:23F8 SZAPY:00100 : 3A C0 20   LD   A,(20C0)   #pixs:1697
 1370000  [12549933] PC:0AA2 A:02 B:00 C:0A D:1D E:F4 HL:2F0A SP:23F8 SZAPY:00100 : 3D         DEC  A          #pixs:1697
 1380000  [12643196] PC:0AA5 A:04 B:00 C:09 D:1D E:F5 HL:300A SP:23F8 SZAPY:00100 : C2 9E 0A   JP   NZ,0A9E    #pixs:1712
 1390000  [12736537] PC:0AA1 A:01 B:00 C:09 D:1D E:F5 HL:300A SP:23F8 SZAPY:00100 : 3A C0 20   LD   A,(20C0)   #pixs:1712
 1400000  [12829792] PC:0AA5 A:05 B:00 C:08 D:1D E:F6 HL:310A SP:23F8 SZAPY:00110 : C2 9E 0A   JP   NZ,0A9E    #pixs:1731
 1410000  [12923133] PC:0AA1 A:02 B:00 C:08 D:1D E:F6 HL:310A SP:23F8 SZAPY:00100 : 3A C0 20   LD   A,(20C0)   #pixs:1731
 1420000  [13016395] PC:0AA5 A:05 B:00 C:07 D:1D E:F7 HL:320A SP:23F8 SZAPY:00110 : C2 9E 0A   JP   NZ,0A9E    #pixs:1731
 1430000  [13109740] PC:0AA5 A:02 B:00 C:07 D:1D E:F7 HL:320A SP:23F8 SZAPY:00100 : C2 9E 0A   JP   NZ,0A9E    #pixs:1731
 1440000  [13203007] PC:0AA2 A:06 B:00 C:06 D:1D E:F8 HL:330A SP:23F8 SZAPY:00110 : 3D         DEC  A          #pixs:1746
 1450000  [13296336] PC:0AA5 A:03 B:00 C:06 D:1D E:F8 HL:330A SP:23F8 SZAPY:00110 : C2 9E 0A   JP   NZ,0A9E    #pixs:1746
 1460000  [13389603] PC:0AA2 A:07 B:00 C:05 D:1D E:F9 HL:340A SP:23F8 SZAPY:00110 : 3D         DEC  A          #pixs:1762
 1470000  [13482941] PC:00A5 A:00 B:00 C:05 D:1D E:F9 HL:340A SP:23EE SZAPY:01010 : D2 82 00   JP   NC,0082    #pixs:1762
 1480000  [13576207] PC:0AA1 A:06 B:00 C:04 D:1D E:FA HL:350A SP:23F8 SZAPY:00110 : 3A C0 20   LD   A,(20C0)   #pixs:1773
 1490000  [13669551] PC:0AA2 A:04 B:00 C:04 D:1D E:FA HL:350A SP:23F8 SZAPY:00110 : 3D         DEC  A          #pixs:1773
 1500000  [13762880] PC:0AA5 A:01 B:00 C:04 D:1D E:FA HL:350A SP:23F8 SZAPY:00100 : C2 9E 0A   JP   NZ,0A9E    #pixs:1773
 1510000  [13856147] PC:0AA2 A:05 B:00 C:03 D:1D E:FB HL:360A SP:23F8 SZAPY:00100 : 3D         DEC  A          #pixs:1790
 1520000  [13949488] PC:000C A:01 B:00 C:03 D:1D E:FB HL:360A SP:23F0 SZAPY:00100 : E5         PUSH HL         #pixs:1790
 1530000  [14042751] PC:0AA1 A:04 B:00 C:02 D:1D E:FC HL:370A SP:23F8 SZAPY:00100 : 3A C0 20   LD   A,(20C0)   #pixs:1801
 1540000  [14136095] PC:0AA2 A:02 B:00 C:02 D:1D E:FC HL:370A SP:23F8 SZAPY:00100 : 3D         DEC  A          #pixs:1801
 1550000  [14229347] PC:0AA1 A:05 B:00 C:01 D:1D E:FD HL:380A SP:23F8 SZAPY:00110 : 3A C0 20   LD   A,(20C0)   #pixs:1816
 1560000  [14322691] PC:0AA2 A:03 B:00 C:01 D:1D E:FD HL:380A SP:23F8 SZAPY:00100 : 3D         DEC  A          #pixs:1816
 1570000  [14415920] PC:0AA2 A:06 B:00 C:0A D:1C E:99 HL:2F08 SP:23F8 SZAPY:00110 : 3D         DEC  A          #pixs:1826
 1580000  [14509256] PC:0AA5 A:02 B:00 C:0A D:1C E:99 HL:2F08 SP:23F8 SZAPY:00100 : C2 9E 0A   JP   NZ,0A9E    #pixs:1826
 1590000  [14602523] PC:0AA2 A:06 B:00 C:09 D:1C E:9A HL:3008 SP:23F8 SZAPY:00110 : 3D         DEC  A          #pixs:1836
 1600000  [14695852] PC:0AA5 A:03 B:00 C:09 D:1C E:9A HL:3008 SP:23F8 SZAPY:00110 : C2 9E 0A   JP   NZ,0A9E    #pixs:1836
 1610000  [14789119] PC:0AA2 A:07 B:00 C:08 D:1C E:9B HL:3108 SP:23F8 SZAPY:00110 : 3D         DEC  A          #pixs:1855
 1620000  [14882464] PC:0AA2 A:04 B:00 C:08 D:1C E:9B HL:3108 SP:23F8 SZAPY:00110 : 3D         DEC  A          #pixs:1855
 1630000  [14975723] PC:0AA1 A:06 B:00 C:07 D:1C E:9C HL:3208 SP:23F8 SZAPY:00110 : 3A C0 20   LD   A,(20C0)   #pixs:1855
 1640000  [15069067] PC:0AA2 A:04 B:00 C:07 D:1C E:9C HL:3208 SP:23F8 SZAPY:00110 : 3D         DEC  A          #pixs:1855
 1650000  [15162396] PC:0AA5 A:01 B:00 C:07 D:1C E:9C HL:3208 SP:23F8 SZAPY:00100 : C2 9E 0A   JP   NZ,0A9E    #pixs:1855
 1660000  [15255663] PC:0AA2 A:05 B:00 C:06 D:1C E:9D HL:3308 SP:23F8 SZAPY:00100 : 3D         DEC  A          #pixs:1870
 1670000  [15349008] PC:0AA2 A:02 B:00 C:06 D:1C E:9D HL:3308 SP:23F8 SZAPY:00100 : 3D         DEC  A          #pixs:1870
 1680000  [15442267] PC:0AA1 A:04 B:00 C:05 D:1C E:9E HL:3408 SP:23F8 SZAPY:00100 : 3A C0 20   LD   A,(20C0)   #pixs:1886
 1690000  [15535611] PC:0AA2 A:02 B:00 C:05 D:1C E:9E HL:3408 SP:23F8 SZAPY:00100 : 3D         DEC  A          #pixs:1886
 1700000  [15628863] PC:0AA1 A:05 B:00 C:04 D:1C E:9F HL:3508 SP:23F8 SZAPY:00110 : 3A C0 20   LD   A,(20C0)   #pixs:1897
 1710000  [15722207] PC:0AA2 A:03 B:00 C:04 D:1C E:9F HL:3508 SP:23F8 SZAPY:00100 : 3D         DEC  A          #pixs:1897
 1720000  [15815470] PC:0AA5 A:05 B:00 C:03 D:1C E:A0 HL:3608 SP:23F8 SZAPY:00110 : C2 9E 0A   JP   NZ,0A9E    #pixs:1914
 1730000  [15908811] PC:0AA1 A:02 B:00 C:03 D:1C E:A0 HL:3608 SP:23F8 SZAPY:00100 : 3A C0 20   LD   A,(20C0)   #pixs:1914
 1740000  [16002073] PC:0AA5 A:05 B:00 C:02 D:1C E:A1 HL:3708 SP:23F8 SZAPY:00110 : C2 9E 0A   JP   NZ,0A9E    #pixs:1925
 1750000  [16095407] PC:0AA1 A:03 B:00 C:02 D:1C E:A1 HL:3708 SP:23F8 SZAPY:00110 : 3A C0 20   LD   A,(20C0)   #pixs:1925
 1760000  [16188669] PC:0AA5 A:06 B:00 C:01 D:1C E:A2 HL:3808 SP:23F8 SZAPY:00110 : C2 9E 0A   JP   NZ,0A9E    #pixs:1940
 1770000  [16282014] PC:0AA5 A:03 B:00 C:01 D:1C E:A2 HL:3808 SP:23F8 SZAPY:00110 : C2 9E 0A   JP   NZ,0A9E    #pixs:1940
 1780000  [16375053] PC:0ADE A:80 B:1D C:DF D:1C E:A3 HL:3808 SP:23FE SZAPY:10000 : A7         AND  A          #pixs:1940
 1790000  [16465101] PC:0AE1 A:7E B:1D C:DF D:1C E:A3 HL:3808 SP:23FE SZAPY:00110 : C2 DA 0A   JP   NZ,0ADA    #pixs:1940
 1800000  [16555177] PC:0ADD A:7B B:1D C:DF D:1C E:A3 HL:3808 SP:23FE SZAPY:00110 : 3A C0 20   LD   A,(20C0)   #pixs:1940
 1810000  [16645249] PC:0ADD A:78 B:1D C:DF D:1C E:A3 HL:3808 SP:23FE SZAPY:00110 : 3A C0 20   LD   A,(20C0)   #pixs:1940
 1820000  [16735328] PC:0ADE A:75 B:1D C:DF D:1C E:A3 HL:3808 SP:23FE SZAPY:00000 : A7         AND  A          #pixs:1940
 1830000  [16825376] PC:0AE1 A:73 B:1D C:DF D:1C E:A3 HL:3808 SP:23FE SZAPY:00000 : C2 DA 0A   JP   NZ,0ADA    #pixs:1940
 1840000  [16915448] PC:0AE1 A:70 B:1D C:DF D:1C E:A3 HL:3808 SP:23FE SZAPY:00000 : C2 DA 0A   JP   NZ,0ADA    #pixs:1940
 1850000  [17005524] PC:0ADD A:6D B:1D C:DF D:1C E:A3 HL:3808 SP:23FE SZAPY:00100 : 3A C0 20   LD   A,(20C0)   #pixs:1940
 1860000  [17095581] PC:0ADE A:6B B:1D C:DF D:1C E:A3 HL:3808 SP:23FE SZAPY:00100 : A7         AND  A          #pixs:1940
 1870000  [17185651] PC:0AE1 A:68 B:1D C:DF D:1C E:A3 HL:3808 SP:23FE SZAPY:00100 : C2 DA 0A   JP   NZ,0ADA    #pixs:1940
 1880000  [17275723] PC:0AE1 A:65 B:1D C:DF D:1C E:A3 HL:3808 SP:23FE SZAPY:00010 : C2 DA 0A   JP   NZ,0ADA    #pixs:1940
 1890000  [17365777] PC:0ADD A:63 B:1D C:DF D:1C E:A3 HL:3808 SP:23FE SZAPY:00010 : 3A C0 20   LD   A,(20C0)   #pixs:1940
 1900000  [17455856] PC:0ADE A:60 B:1D C:DF D:1C E:A3 HL:3808 SP:23FE SZAPY:00010 : A7         AND  A          #pixs:1940
 1910000  [17545928] PC:0ADE A:5D B:1D C:DF D:1C E:A3 HL:3808 SP:23FE SZAPY:00100 : A7         AND  A          #pixs:1940
 1920000  [17635998] PC:0AE1 A:5A B:1D C:DF D:1C E:A3 HL:3808 SP:23FE SZAPY:00110 : C2 DA 0A   JP   NZ,0ADA    #pixs:1940
 1930000  [17726052] PC:0ADD A:58 B:1D C:DF D:1C E:A3 HL:3808 SP:23FE SZAPY:00100 : 3A C0 20   LD   A,(20C0)   #pixs:1940
 1940000  [17816128] PC:0084 A:00 B:1D C:DF D:1C E:A3 HL:3808 SP:23F6 SZAPY:01010 : D1         POP  DE         #pixs:1940
 1950000  [17906203] PC:0ADE A:52 B:1D C:DF D:1C E:A3 HL:3808 SP:23FE SZAPY:00000 : A7         AND  A          #pixs:1940
 1960000  [17996251] PC:0AE1 A:50 B:1D C:DF D:1C E:A3 HL:3808 SP:23FE SZAPY:00010 : C2 DA 0A   JP   NZ,0ADA    #pixs:1940
 1970000  [18086327] PC:0ADD A:4D B:1D C:DF D:1C E:A3 HL:3808 SP:23FE SZAPY:00110 : 3A C0 20   LD   A,(20C0)   #pixs:1940
 1980000  [18176399] PC:0ADD A:4A B:1D C:DF D:1C E:A3 HL:3808 SP:23FE SZAPY:00100 : 3A C0 20   LD   A,(20C0)   #pixs:1940
 1990000  [18266478] PC:0ADE A:47 B:1D C:DF D:1C E:A3 HL:3808 SP:23FE SZAPY:00010 : A7         AND  A          #pixs:1940
 2000000  [18356526] PC:0AE1 A:45 B:1D C:DF D:1C E:A3 HL:3808 SP:23FE SZAPY:00000 : C2 DA 0A   JP   NZ,0ADA    #pixs:1940
 2010000  [18446598] PC:0AE1 A:42 B:1D C:DF D:1C E:A3 HL:3808 SP:23FE SZAPY:00010 : C2 DA 0A   JP   NZ,0ADA    #pixs:1940
 2020000  [18536674] PC:0ADD A:3F B:1D C:DF D:1C E:A3 HL:3808 SP:23FE SZAPY:00110 : 3A C0 20   LD   A,(20C0)   #pixs:1940
 2030000  [18626731] PC:0ADE A:3D B:1D C:DF D:1C E:A3 HL:3808 SP:23FE SZAPY:00100 : A7         AND  A          #pixs:1940
 2040000  [18716801] PC:0AE1 A:3A B:1D C:DF D:1C E:A3 HL:3808 SP:23FE SZAPY:00110 : C2 DA 0A   JP   NZ,0ADA    #pixs:1940
 2050000  [18806873] PC:0AE1 A:37 B:1D C:DF D:1C E:A3 HL:3808 SP:23FE SZAPY:00000 : C2 DA 0A   JP   NZ,0ADA    #pixs:1940
 2060000  [18896927] PC:0ADD A:35 B:1D C:DF D:1C E:A3 HL:3808 SP:23FE SZAPY:00010 : 3A C0 20   LD   A,(20C0)   #pixs:1940
 2070000  [18987006] PC:0ADE A:32 B:1D C:DF D:1C E:A3 HL:3808 SP:23FE SZAPY:00000 : A7         AND  A          #pixs:1940
 2080000  [19077078] PC:0ADE A:2F B:1D C:DF D:1C E:A3 HL:3808 SP:23FE SZAPY:00100 : A7         AND  A          #pixs:1940
 2090000  [19167148] PC:0AE1 A:2C B:1D C:DF D:1C E:A3 HL:3808 SP:23FE SZAPY:00100 : C2 DA 0A   JP   NZ,0ADA    #pixs:1940
 2100000  [19257202] PC:0ADD A:2A B:1D C:DF D:1C E:A3 HL:3808 SP:23FE SZAPY:00100 : 3A C0 20   LD   A,(20C0)   #pixs:1940
 2110000  [19347274] PC:0ADD A:27 B:1D C:DF D:1C E:A3 HL:3808 SP:23FE SZAPY:00010 : 3A C0 20   LD   A,(20C0)   #pixs:1940
 2120000  [19437353] PC:0ADE A:24 B:1D C:DF D:1C E:A3 HL:3808 SP:23FE SZAPY:00010 : A7         AND  A          #pixs:1940
 2130000  [19527401] PC:0AE1 A:22 B:1D C:DF D:1C E:A3 HL:3808 SP:23FE SZAPY:00010 : C2 DA 0A   JP   NZ,0ADA    #pixs:1940
 2140000  [19617477] PC:0ADD A:1F B:1D C:DF D:1C E:A3 HL:3808 SP:23FE SZAPY:00100 : 3A C0 20   LD   A,(20C0)   #pixs:1940
 2150000  [19707549] PC:0ADD A:1C B:1D C:DF D:1C E:A3 HL:3808 SP:23FE SZAPY:00100 : 3A C0 20   LD   A,(20C0)   #pixs:1940
 2160000  [19797606] PC:0ADE A:1A B:1D C:DF D:1C E:A3 HL:3808 SP:23FE SZAPY:00100 : A7         AND  A          #pixs:1940
 2170000  [19887676] PC:0AE1 A:17 B:1D C:DF D:1C E:A3 HL:3808 SP:23FE SZAPY:00010 : C2 DA 0A   JP   NZ,0ADA    #pixs:1940
 2180000  [19977748] PC:0AE1 A:14 B:1D C:DF D:1C E:A3 HL:3808 SP:23FE SZAPY:00010 : C2 DA 0A   JP   NZ,0ADA    #pixs:1940
 2190000  [20067824] PC:0ADD A:11 B:1D C:DF D:1C E:A3 HL:3808 SP:23FE SZAPY:00010 : 3A C0 20   LD   A,(20C0)   #pixs:1940
 2200000  [20157881] PC:0ADE A:0F B:1D C:DF D:1C E:A3 HL:3808 SP:23FE SZAPY:00110 : A7         AND  A          #pixs:1940
 2210000  [20247953] PC:0ADE A:0C B:1D C:DF D:1C E:A3 HL:3808 SP:23FE SZAPY:00110 : A7         AND  A          #pixs:1940
 2220000  [20338023] PC:0AE1 A:09 B:1D C:DF D:1C E:A3 HL:3808 SP:23FE SZAPY:00110 : C2 DA 0A   JP   NZ,0ADA    #pixs:1940
 2230000  [20428077] PC:0ADD A:07 B:1D C:DF D:1C E:A3 HL:3808 SP:23FE SZAPY:00000 : 3A C0 20   LD   A,(20C0)   #pixs:1940
 2240000  [20518156] PC:0ADE A:04 B:1D C:DF D:1C E:A3 HL:3808 SP:23FE SZAPY:00000 : A7         AND  A          #pixs:1940
 2250000  [20608228] PC:0ADE A:01 B:1D C:DF D:1C E:A3 HL:3808 SP:23FE SZAPY:00000 : A7         AND  A          #pixs:1940
 2260000  [20686516] PC:09E4 A:0B B:1D C:DF D:00 E:06 HL:27CB SP:23FE SZAPY:10001 : DA E8 09   JP   CY,09E8    #pixs:1940
 2270000  [20760353] PC:09DD A:2D B:1D C:DF D:00 E:06 HL:2D06 SP:23FE SZAPY:10111 : 7D         LD   A,L        #pixs:1732
 2280000  [20834281] PC:09DC A:32 B:1D C:DF D:00 E:06 HL:3235 SP:23FE SZAPY:10101 : 23         INC  HL         #pixs:1297
 2290000  [20908110] PC:09EB A:37 B:1D C:DF D:00 E:06 HL:3770 SP:23FE SZAPY:10001 : FE 40      CP   40         #pixs:832
 2300000  [20981944] PC:09E1 A:0B B:1D C:DF D:00 E:06 HL:3CAB SP:23FE SZAPY:00100 : FE 1C      CP   1C         #pixs:683
 2310000  [21055585] PC:1A79 A:1F B:00 C:20 D:21 E:46 HL:2826 SP:23F6 SZAPY:01110 : 09         ADD  HL,BC      #pixs:861
 2320000  [21134660] PC:15E1 A:FA B:08 C:02 D:1C E:08 HL:2A10 SP:23E6 SZAPY:00100 : 13         INC  DE         #pixs:2332
 2330000  [21211225] PC:15CC A:00 B:0C C:02 D:21 E:F2 HL:3EAF SP:23FA SZAPY:01010 : C2 6B 16   JP   NZ,166B    #pixs:2476
 2340000  [21287518] PC:0BF7 A:00 B:00 C:02 D:21 E:F2 HL:3EBB SP:23FE SZAPY:01110 : C3 9A 19   JP   199A       #pixs:2596
 2350000  [21363744] PC:15CD A:00 B:0B C:02 D:21 E:F2 HL:3EB0 SP:23FA SZAPY:01010 : 23         INC  HL         #pixs:2716
 2360000  [21440262] PC:15CC A:00 B:05 C:02 D:21 E:F2 HL:3EB6 SP:23FA SZAPY:01010 : C2 6B 16   JP   NZ,166B    #pixs:2896
 2370000  [21516889] PC:1A34 A:04 B:06 C:00 D:20 E:3A HL:2078 SP:23EA SZAPY:00110 : 77         LD   (HL),A     #pixs:3016
 2380000  [21593233] PC:15CE A:00 B:10 C:02 D:21 E:F2 HL:3EAC SP:23FA SZAPY:01010 : 05         DEC  B          #pixs:3136
 2390000  [21669794] PC:0267 A:00 B:00 C:00 D:04 E:76 HL:2034 SP:23EE SZAPY:01010 : E5         PUSH HL         #pixs:3316
 2400000  [21746063] PC:15C8 A:00 B:0F C:02 D:21 E:F2 HL:3EAC SP:23FA SZAPY:00010 : 7E         LD   A,(HL)     #pixs:3436
 2410000  [21822291] PC:15C8 A:00 B:0F C:02 D:21 E:F2 HL:3EAC SP:23FA SZAPY:00010 : 7E         LD   A,(HL)     #pixs:3556
 2420000  [21898769] PC:15C9 A:00 B:13 C:02 D:21 E:F2 HL:3EA8 SP:23FA SZAPY:00100 : A7         AND  A          #pixs:3652
 2430000  [21975343] PC:15D1 A:00 B:00 C:02 D:21 E:F2 HL:3EBB SP:23FA SZAPY:01110 : C2 C7 15   JP   NZ,15C7    #pixs:3796
 2440000  [22051680] PC:0149 A:01 B:00 C:00 D:00 E:0C HL:2060 SP:23EE SZAPY:00000 : 3A 00 20   LD   A,(2000)   #pixs:3892
 2450000  [22127823] PC:159A A:00 B:61 C:02 D:21 E:F2 HL:2011 SP:23FC SZAPY:10001 : 3A 0D 20   LD   A,(200D)   #pixs:3988
 2460000  [22204394] PC:1A33 A:04 B:05 C:00 D:20 E:79 HL:204B SP:23EA SZAPY:00110 : 1A         LD   A,(DE)     #pixs:4132
 2470000  [22280857] PC:15CC A:00 B:13 C:02 D:21 E:F2 HL:3EA8 SP:23FA SZAPY:01010 : C2 6B 16   JP   NZ,166B    #pixs:4228
 2480000  [22357111] PC:15D1 A:00 B:0F C:02 D:21 E:F2 HL:3EAC SP:23FA SZAPY:00010 : C2 C7 15   JP   NZ,15C7    #pixs:4324
 2490000  [22433414] PC:15E6 A:00 B:10 C:02 D:1C E:11 HL:3516 SP:23EA SZAPY:01010 : DB 03      IN   03         #pixs:4420
 2500000  [22509876] PC:15C8 A:00 B:08 C:02 D:21 E:F2 HL:3EB3 SP:23FA SZAPY:00100 : 7E         LD   A,(HL)     #pixs:4564
 2510000  [22586174] PC:15CE A:00 B:09 C:02 D:21 E:F2 HL:3EB3 SP:23FA SZAPY:01010 : 05         DEC  B          #pixs:4648
 2520000  [22662495] PC:15CD A:00 B:12 C:02 D:21 E:F2 HL:3EA9 SP:23FA SZAPY:01010 : 23         INC  HL         #pixs:4720
 2530000  [22739102] PC:15C8 A:00 B:0A C:02 D:21 E:F2 HL:3EB1 SP:23FA SZAPY:00110 : 7E         LD   A,(HL)     #pixs:4828
 2540000  [22815331] PC:15C8 A:00 B:05 C:02 D:21 E:F2 HL:3EB6 SP:23FA SZAPY:00110 : 7E         LD   A,(HL)     #pixs:4900
 2550000  [22891326] PC:15D1 A:00 B:01 C:02 D:21 E:F2 HL:3EBA SP:23FA SZAPY:00100 : C2 C7 15   JP   NZ,15C7    #pixs:4972
 2560000  [22968036] PC:15EE A:00 B:08 C:02 D:1C E:39 HL:2A6F SP:23EA SZAPY:01010 : 05         DEC  B          #pixs:5001
 2570000  [23044583] PC:15CE A:00 B:02 C:02 D:21 E:F2 HL:3EBA SP:23FA SZAPY:01010 : 05         DEC  B          #pixs:5016
 2580000  [23121020] PC:15C9 A:00 B:14 C:02 D:21 E:F2 HL:3EA7 SP:23FA SZAPY:00110 : A7         AND  A          #pixs:5020
 2590000  [23197276] PC:15CD A:00 B:07 C:02 D:21 E:F2 HL:3EB4 SP:23FA SZAPY:01010 : 23         INC  HL         #pixs:5024
 2600000  [23273771] PC:15D1 A:00 B:01 C:02 D:21 E:F2 HL:3EBA SP:23FA SZAPY:00100 : C2 C7 15   JP   NZ,15C7    #pixs:5030
 2610000  [23350405] PC:1A34 A:00 B:0B C:00 D:20 E:55 HL:2073 SP:23E8 SZAPY:01010 : 77         LD   (HL),A     #pixs:5034
 2620000  [23426724] PC:15CC A:00 B:0C C:02 D:21 E:F2 HL:3EAF SP:23FA SZAPY:01010 : C2 6B 16   JP   NZ,166B    #pixs:5038
 2630000  [23503475] PC:1A37 A:00 B:0B C:00 D:20 E:46 HL:2074 SP:23EA SZAPY:01110 : 05         DEC  B          #pixs:5044
 2640000  [23579687] PC:15CD A:00 B:12 C:02 D:21 E:F2 HL:3EA9 SP:23FA SZAPY:01010 : 23         INC  HL         #pixs:5048
 2650000  [23655905] PC:15CD A:00 B:12 C:02 D:21 E:F2 HL:3EA9 SP:23FA SZAPY:01010 : 23         INC  HL         #pixs:5052
 2660000  [23732372] PC:15D1 A:00 B:15 C:02 D:21 E:F2 HL:3EA6 SP:23FA SZAPY:00100 : C2 C7 15   JP   NZ,15C7    #pixs:5048
 2670000  [23809080] PC:15C9 A:00 B:07 C:02 D:21 E:F2 HL:3EB4 SP:23FA SZAPY:00100 : A7         AND  A          #pixs:5042
 2680000  [23885340] PC:15CC A:00 B:0B C:02 D:21 E:F2 HL:3EB0 SP:23FA SZAPY:01010 : C2 6B 16   JP   NZ,166B    #pixs:5038
 2690000  [23961437] PC:15CC A:00 B:03 C:02 D:21 E:F2 HL:3EB8 SP:23FA SZAPY:01010 : C2 6B 16   JP   NZ,166B    #pixs:5034
 2700000  [24038164] PC:1A34 A:03 B:01 C:00 D:20 E:7D HL:205F SP:23EA SZAPY:00100 : 77         LD   (HL),A     #pixs:5028
 2710000  [24114577] PC:15CD A:00 B:02 C:02 D:21 E:F2 HL:3EB9 SP:23FA SZAPY:01010 : 23         INC  HL         #pixs:5024
 2720000  [24190894] PC:15CE A:00 B:02 C:02 D:21 E:F2 HL:3EBA SP:23FA SZAPY:01010 : 05         DEC  B          #pixs:5020
 2730000  [24267317] PC:15E6 A:00 B:0C C:02 D:1C E:45 HL:35D6 SP:23E6 SZAPY:01010 : DB 03      IN   03         #pixs:5003
 2740000  [24343710] PC:159E A:00 B:1E C:02 D:21 E:F2 HL:2011 SP:23FC SZAPY:01010 : C2 B7 15   JP   NZ,15B7    #pixs:5010
 2750000  [24420012] PC:0197 A:01 B:B8 C:3A D:04 E:01 HL:20B8 SP:23EC SZAPY:00000 : C8         RET  Z          #pixs:5006
 2760000  [24496387] PC:15CC A:00 B:0A C:02 D:21 E:F2 HL:3EB1 SP:23FA SZAPY:01010 : C2 6B 16   JP   NZ,166B    #pixs:5002
 2770000  [24572972] PC:15CC A:00 B:03 C:02 D:21 E:F2 HL:3EB8 SP:23FA SZAPY:01010 : C2 6B 16   JP   NZ,166B    #pixs:4996
 2780000  [24649217] PC:0251 A:00 B:01 C:02 D:21 E:F2 HL:2020 SP:23EE SZAPY:00001 : FE FE      CP   FE         #pixs:4992
 2790000  [24725302] PC:15A1 A:00 B:13 C:02 D:21 E:F2 HL:2011 SP:23FC SZAPY:01010 : 21 A4 3E   LD   HL,3EA4    #pixs:4988
 2800000  [24802123] PC:15E6 A:00 B:02 C:02 D:1C E:0F HL:2B50 SP:23E8 SZAPY:01010 : DB 03      IN   03         #pixs:4982
 2810000  [24878573] PC:14E0 A:00 B:0E C:02 D:21 E:F2 HL:2011 SP:23FA SZAPY:10001 : FE 02      CP   02         #pixs:4978
 2820000  [24954845] PC:15CD A:00 B:0B C:02 D:21 E:F2 HL:3EB0 SP:23FA SZAPY:01010 : 23         INC  HL         #pixs:4974
 2830000  [25031150] PC:1910 A:00 B:0A C:02 D:21 E:F2 HL:2011 SP:23FC SZAPY:10001 : C3 97 15   JP   1597       #pixs:4970
 2840000  [25107720] PC:15D1 A:00 B:13 C:02 D:21 E:F2 HL:3EA8 SP:23FA SZAPY:00100 : C2 C7 15   JP   NZ,15C7    #pixs:4964
 2850000  [25184236] PC:159A A:00 B:05 C:02 D:21 E:F2 HL:2011 SP:23FC SZAPY:10001 : 3A 0D 20   LD   A,(200D)   #pixs:4960
 2860000  [25260506] PC:1623 A:00 B:00 C:02 D:21 E:F2 HL:2010 SP:23FE SZAPY:01110 : 23         INC  HL         #pixs:4956
 2870000  [25337194] PC:1A36 A:04 B:06 C:00 D:20 E:5A HL:2079 SP:23E8 SZAPY:00110 : 13         INC  DE         #pixs:4950
 2880000  [25413822] PC:14E6 A:2C B:00 C:02 D:21 E:F2 HL:2011 SP:23FA SZAPY:01110 : FE D8      CP   D8         #pixs:5020
 2890000  [25490361] PC:199D A:00 B:00 C:02 D:21 E:F2 HL:3EBB SP:23FE SZAPY:01110 : 3A 1E 20   LD   A,(201E)   #pixs:5016
 2900000  [25567291] PC:15F1 A:00 B:0B C:02 D:1C E:15 HL:2C33 SP:23EA SZAPY:00100 : C2 D7 15   JP   NZ,15D7    #pixs:5012
 2910000  [25644333] PC:15CC A:00 B:09 C:02 D:21 E:F2 HL:3EB2 SP:23FA SZAPY:01010 : C2 6B 16   JP   NZ,166B    #pixs:5026
 2920000  [25721010] PC:018F A:98 B:88 C:3C D:01 E:07 HL:200A SP:23EC SZAPY:10000 : 47         LD   B,A        #pixs:5030
 2930000  [25797591] PC:14E4 A:02 B:00 C:02 D:21 E:F2 HL:2011 SP:23FA SZAPY:01110 : 3A 29 20   LD   A,(2029)   #pixs:5034
 2940000  [25874685] PC:14E7 A:64 B:00 C:02 D:21 E:F2 HL:2011 SP:23FA SZAPY:10001 : 47         LD   B,A        #pixs:5040
 2950000  [25951447] PC:0512 A:00 B:00 C:00 D:20 E:54 HL:2083 SP:23EA SZAPY:01010 : 11 55 20   LD   DE,2055    #pixs:5044
 2960000  [26028131] PC:15CD A:00 B:10 C:02 D:21 E:F2 HL:3EAB SP:23FA SZAPY:01010 : 23         INC  HL         #pixs:5048
 2970000  [26105264] PC:1A36 A:00 B:0A C:00 D:20 E:46 HL:2075 SP:23E8 SZAPY:00110 : 13         INC  DE         #pixs:5054
 2980000  [26181692] PC:15C9 A:00 B:03 C:02 D:21 E:F2 HL:3EB8 SP:23FA SZAPY:00110 : A7         AND  A          #pixs:5058
 2990000  [26258357] PC:15CE A:00 B:07 C:02 D:21 E:F2 HL:3EB5 SP:23FA SZAPY:01010 : 05         DEC  B          #pixs:5062
 3000000  [26335367] PC:15E2 A:00 B:02 C:02 D:1C E:2F HL:2F58 SP:23E6 SZAPY:00100 : AF         XOR  A          #pixs:5068
 3010000  [26412286] PC:15CE A:00 B:0B C:02 D:21 E:F2 HL:3EB1 SP:23FA SZAPY:01010 : 05         DEC  B          #pixs:5072
 3020000  [26488744] PC:15C8 A:00 B:01 C:02 D:21 E:F2 HL:3EBA SP:23FA SZAPY:00100 : 7E         LD   A,(HL)     #pixs:5076
 3030000  [26565215] PC:15CC A:00 B:0D C:02 D:21 E:F2 HL:3EAE SP:23FA SZAPY:01010 : C2 6B 16   JP   NZ,166B    #pixs:5080
 3040000  [26642541] PC:0BF7 A:00 B:00 C:02 D:21 E:F2 HL:3EBB SP:23FE SZAPY:01110 : C3 9A 19   JP   199A       #pixs:5086
 3050000  [26719428] PC:1A36 A:E2 B:05 C:00 D:20 E:4B HL:207A SP:23E8 SZAPY:00110 : 13         INC  DE         #pixs:5090
 3060000  [26796199] PC:15CE A:00 B:0C C:02 D:21 E:F2 HL:3EB0 SP:23FA SZAPY:01010 : 05         DEC  B          #pixs:5094
 3070000  [26873210] PC:0255 A:00 B:00 C:00 D:00 E:0C HL:2050 SP:23EE SZAPY:00001 : 23         INC  HL         #pixs:5134
 3080000  [26949607] PC:0255 A:00 B:00 C:00 D:00 E:0C HL:2030 SP:23EE SZAPY:00001 : 23         INC  HL         #pixs:5138
 3090000  [27026301] PC:15CD A:00 B:08 C:02 D:21 E:F2 HL:3EB3 SP:23FA SZAPY:01010 : 23         INC  HL         #pixs:5142
 3100000  [27103459] PC:1446 A:1F B:0B C:65 D:1C E:65 HL:2D44 SP:23E8 SZAPY:00100 : C2 39 14   JP   NZ,1439    #pixs:5150
 3110000  [27180184] PC:15CC A:00 B:10 C:02 D:21 E:F2 HL:3EAB SP:23FA SZAPY:01010 : C2 6B 16   JP   NZ,166B    #pixs:5159
 3120000  [27256650] PC:161D A:FF B:00 C:02 D:21 E:F2 HL:3EBB SP:23FE SZAPY:01110 : FE FF      CP   FF         #pixs:5163
 3130000  [27333387] PC:15E0 A:00 B:0F C:02 D:1C E:41 HL:27F3 SP:23E6 SZAPY:00010 : 23         INC  HL         #pixs:5163
 3140000  [27410561] PC:15C8 A:00 B:04 C:02 D:21 E:F2 HL:3EB7 SP:23FA SZAPY:00100 : 7E         LD   A,(HL)     #pixs:5127
 3150000  [27487420] PC:0A5E A:FF B:00 C:02 D:21 E:F2 HL:3EBB SP:23FE SZAPY:10011 : FE FF      CP   FF         #pixs:5119
 3160000  [27564001] PC:15C9 A:00 B:08 C:02 D:21 E:F2 HL:3EB3 SP:23FA SZAPY:00100 : A7         AND  A          #pixs:5118
 3170000  [27641008] PC:14BF A:00 B:03 C:E5 D:1C E:DA HL:3CAB SP:23E2 SZAPY:01010 : B6         OR   (HL)       #pixs:5107
 3180000  [27717620] PC:1A35 A:00 B:03 C:00 D:20 E:7B HL:203D SP:23EA SZAPY:00110 : 23         INC  HL         #pixs:5108
 3190000  [27794276] PC:15CD A:00 B:04 C:02 D:21 E:F2 HL:3EB7 SP:23FA SZAPY:01010 : 23         INC  HL         #pixs:5104
 3200000  [27871383] PC:025D A:00 B:00 C:00 D:00 E:0C HL:2031 SP:23EE SZAPY:01010 : 23         INC  HL         #pixs:5109
 3210000  [27948085] PC:1626 A:00 B:00 C:02 D:21 E:F2 HL:2011 SP:23FE SZAPY:01010 : C0         RET  NZ         #pixs:5101
 3220000  [28024629] PC:019D A:6E B:A8 C:6E D:03 E:08 HL:20A8 SP:23EC SZAPY:00000 : 7B         LD   A,E        #pixs:5063
 3230000  [28101698] PC:15E2 A:00 B:04 C:02 D:1C E:5D HL:2B58 SP:23E6 SZAPY:00100 : AF         XOR  A          #pixs:5061
 3240000  [28178710] PC:161B A:FF B:00 C:02 D:21 E:F2 HL:3EBB SP:23FE SZAPY:01110 : 3A 15 20   LD   A,(2015)   #pixs:5053
 3250000  [28255452] PC:15C8 A:00 B:12 C:02 D:21 E:F2 HL:3EA9 SP:23FA SZAPY:00110 : 7E         LD   A,(HL)     #pixs:5059
 3260000  [28331968] PC:15CE A:00 B:12 C:02 D:21 E:F2 HL:3EAA SP:23FA SZAPY:01010 : 05         DEC  B          #pixs:5051
 3270000  [28408865] PC:15CE A:00 B:04 C:02 D:21 E:F2 HL:3EB8 SP:23FA SZAPY:01010 : 05         DEC  B          #pixs:5045
 3280000  [28485851] PC:1622 A:FF B:00 C:02 D:21 E:F2 HL:2010 SP:23FE SZAPY:01110 : 7E         LD   A,(HL)     #pixs:5045
 3290000  [28562617] PC:15C8 A:00 B:17 C:02 D:21 E:F2 HL:3EA4 SP:23FA SZAPY:01010 : 7E         LD   A,(HL)     #pixs:5037
 3300000  [28639795] PC:1460 A:00 B:03 C:E5 D:1C E:D0 HL:3CA5 SP:23E2 SZAPY:01110 : 23         INC  HL         #pixs:5043
 3310000  [28716361] PC:1A54 A:4D B:01 C:71 D:1C E:91 HL:1C4D SP:23E8 SZAPY:00101 : C2 4A 1A   JP   NZ,1A4A    #pixs:5039
 3320000  [28793196] PC:15CD A:00 B:03 C:02 D:21 E:F2 HL:3EB8 SP:23FA SZAPY:01010 : 23         INC  HL         #pixs:4997
 3330000  [28870606] PC:1443 A:1F B:04 C:71 D:1C E:6D HL:2FC4 SP:23E8 SZAPY:00100 : 05         DEC  B          #pixs:4990
 3340000  [28947679] PC:15CC A:00 B:08 C:02 D:21 E:F2 HL:3EB3 SP:23FA SZAPY:01010 : C2 6B 16   JP   NZ,166B    #pixs:4983
 3350000  [29024548] PC:0262 A:00 B:00 C:00 D:00 E:0C HL:2052 SP:23EE SZAPY:01010 : C2 88 02   JP   NZ,0288    #pixs:4993
 3360000  [29101312] PC:15E1 A:6E B:06 C:02 D:1C E:0A HL:3B52 SP:23E6 SZAPY:00110 : 13         INC  DE         #pixs:4976
 3370000  [29178181] PC:15D1 A:00 B:00 C:02 D:21 E:F2 HL:3EBB SP:23FA SZAPY:01110 : C2 C7 15   JP   NZ,15C7    #pixs:4987
 3380000  [29255009] PC:15CD A:00 B:04 C:02 D:21 E:F2 HL:3EB7 SP:23FA SZAPY:01010 : 23         INC  HL         #pixs:4991
 3390000  [29331703] PC:15A4 A:00 B:00 C:02 D:21 E:F2 HL:3EA4 SP:23FC SZAPY:01010 : CD C5 15   CALL 15C5       #pixs:4969
 3400000  [29408886] PC:15CC A:00 B:0A C:02 D:21 E:F2 HL:3EB1 SP:23FA SZAPY:01010 : C2 6B 16   JP   NZ,166B    #pixs:4991
 3410000  [29485302] PC:15C8 A:00 B:0A C:02 D:21 E:F2 HL:3EB1 SP:23FA SZAPY:00110 : 7E         LD   A,(HL)     #pixs:4990
 3420000  [29562124] PC:15C8 A:00 B:0A C:02 D:21 E:F2 HL:3EB1 SP:23FA SZAPY:00110 : 7E         LD   A,(HL)     #pixs:4994
 3430000  [29639487] PC:04BA A:00 B:00 C:00 D:20 E:44 HL:2044 SP:23EE SZAPY:01010 : 3A 6E 20   LD   A,(206E)   #pixs:4996
 3440000  [29716377] PC:1A35 A:04 B:0A C:00 D:20 E:36 HL:2074 SP:23E8 SZAPY:00110 : 23         INC  HL         #pixs:4978
 3450000  [29793003] PC:159E A:00 B:4C C:02 D:21 E:F2 HL:2011 SP:23FC SZAPY:01010 : C2 B7 15   JP   NZ,15B7    #pixs:4978
 3460000  [29869876] PC:1446 A:1F B:0C C:82 D:1C E:64 HL:30C4 SP:23E8 SZAPY:00110 : C2 39 14   JP   NZ,1439    #pixs:4978
 3470000  [29946973] PC:15C9 A:00 B:01 C:02 D:21 E:F2 HL:3EBA SP:23FA SZAPY:00100 : A7         AND  A          #pixs:4981
 3480000  [30023803] PC:161B A:FF B:00 C:02 D:21 E:F2 HL:3EBB SP:23FE SZAPY:01110 : 3A 15 20   LD   A,(2015)   #pixs:4981
 3490000  [30100672] PC:15E4 A:00 B:0A C:02 D:1C E:27 HL:34D8 SP:23EA SZAPY:01010 : D3 04      OUT  04         #pixs:4978
 3500000  [30177631] PC:15D1 A:00 B:16 C:80 D:1C E:D0 HL:3EA5 SP:23FA SZAPY:00100 : C2 C7 15   JP   NZ,15C7    #pixs:4949
 3510000  [30254050] PC:15C8 A:00 B:03 C:80 D:1C E:D0 HL:3EB8 SP:23FA SZAPY:00110 : 7E         LD   A,(HL)     #pixs:4930
 3520000  [30330523] PC:15C9 A:00 B:04 C:80 D:1C E:D0 HL:3EB7 SP:23FA SZAPY:00100 : A7         AND  A          #pixs:4934
 3530000  [30407322] PC:15CC A:00 B:06 C:80 D:1C E:D0 HL:3EB5 SP:23FA SZAPY:01010 : C2 6B 16   JP   NZ,166B    #pixs:4930
 3540000  [30483991] PC:15CD A:00 B:14 C:80 D:1C E:D0 HL:3EA7 SP:23FA SZAPY:01010 : 23         INC  HL         #pixs:4934
 3550000  [30560370] PC:15C8 A:00 B:12 C:80 D:1C E:D0 HL:3EA9 SP:23FA SZAPY:00110 : 7E         LD   A,(HL)     #pixs:4934
 3560000  [30636954] PC:0273 A:03 B:00 C:00 D:20 E:7E HL:2054 SP:23EE SZAPY:01110 : 11 0C 00   LD   DE,000C    #pixs:4930
 3570000  [30713838] PC:15D1 A:00 B:04 C:80 D:1C E:D0 HL:3EB7 SP:23FA SZAPY:00100 : C2 C7 15   JP   NZ,15C7    #pixs:4916
 3580000  [30790587] PC:0B7C A:8E B:00 C:80 D:1C E:D0 HL:3EBB SP:2400 SZAPY:10011 : CD 59 0A   CALL 0A59       #pixs:4916
 3590000  [30867698] PC:15EC A:00 B:00 C:20 D:1C E:39 HL:2D4F SP:23E8 SZAPY:01010 : 09         ADD  HL,BC      #pixs:4911
 3600000  [30944808] PC:15C9 A:00 B:0A C:80 D:1C E:D0 HL:3EB1 SP:23FA SZAPY:00110 : A7         AND  A          #pixs:4930
 3610000  [31021495] PC:15CD A:00 B:07 C:80 D:1C E:D0 HL:3EB4 SP:23FA SZAPY:01010 : 23         INC  HL         #pixs:4930
 3620000  [31098321] PC:15CD A:00 B:10 C:80 D:1C E:D0 HL:3EAB SP:23FA SZAPY:01010 : 23         INC  HL         #pixs:4938
 3630000  [31175858] PC:1A33 A:00 B:08 C:87 D:20 E:76 HL:2038 SP:23EA SZAPY:00100 : 1A         LD   A,(DE)     #pixs:4948
 3640000  [31252819] PC:14C6 A:02 B:00 C:20 D:1C E:DC HL:2948 SP:23E4 SZAPY:00000 : C1         POP  BC         #pixs:4952
 3650000  [31329634] PC:15CD A:00 B:07 C:80 D:1C E:D0 HL:3EB4 SP:23FA SZAPY:01010 : 23         INC  HL         #pixs:4960
 3660000  [31406952] PC:05D0 A:00 B:80 C:00 D:20 E:7C HL:2073 SP:23E8 SZAPY:01010 : 23         INC  HL         #pixs:4962
 3670000  [31484061] PC:162A A:05 B:00 C:82 D:1C E:D0 HL:2011 SP:23FE SZAPY:01010 : A7         AND  A          #pixs:4927
 3680000  [31560657] PC:15C8 A:00 B:16 C:82 D:1C E:D0 HL:3EA5 SP:23FA SZAPY:00100 : 7E         LD   A,(HL)     #pixs:4946
 3690000  [31637425] PC:159E A:00 B:00 C:82 D:1C E:D0 HL:2011 SP:23FC SZAPY:01010 : C2 B7 15   JP   NZ,15B7    #pixs:4942
 3700000  [31713962] PC:15D1 A:00 B:0C C:82 D:1C E:D0 HL:3EAF SP:23FA SZAPY:00110 : C2 C7 15   JP   NZ,15C7    #pixs:4946
 3710000  [31790610] PC:14DD A:05 B:00 C:82 D:1C E:D0 HL:2011 SP:23FA SZAPY:00010 : FE 05      CP   05         #pixs:4958
 3720000  [31867059] PC:1446 A:1F B:0A C:5E D:1C E:66 HL:2C84 SP:23E8 SZAPY:00110 : C2 39 14   JP   NZ,1439    #pixs:4937
 3730000  [31943532] PC:15C9 A:00 B:03 C:82 D:1C E:D0 HL:3EB8 SP:23FA SZAPY:00110 : A7         AND  A          #pixs:4932
 3740000  [32020136] PC:1623 A:00 B:00 C:82 D:1C E:D0 HL:2010 SP:23FE SZAPY:01110 : 23         INC  HL         #pixs:4912
 3750000  [32097036] PC:15CC A:00 B:0A C:82 D:1C E:D0 HL:3EB1 SP:23FA SZAPY:01010 : C2 6B 16   JP   NZ,166B    #pixs:4889
 3760000  [32174457] PC:15CC A:00 B:0E C:82 D:1C E:D0 HL:3EAD SP:23FA SZAPY:01010 : C2 6B 16   JP   NZ,166B    #pixs:4883
 3770000  [32251330] PC:1A36 A:04 B:0A C:00 D:20 E:56 HL:2075 SP:23E8 SZAPY:00110 : 13         INC  DE         #pixs:4879
 3780000  [32327937] PC:14E4 A:02 B:00 C:82 D:1C E:D0 HL:2011 SP:23FA SZAPY:01110 : 3A 29 20   LD   A,(2029)   #pixs:4869
 3790000  [32405219] PC:1A36 A:E5 B:05 C:00 D:20 E:4B HL:207A SP:23E8 SZAPY:00110 : 13         INC  DE         #pixs:4863
 3800000  [32482205] PC:00AB A:80 B:01 C:82 D:1C E:D0 HL:2020 SP:23F0 SZAPY:01011 : CD 4B 02   CALL 024B       #pixs:4854
 3810000  [32559019] PC:15CC A:00 B:17 C:82 D:1C E:D0 HL:3EA4 SP:23FA SZAPY:01010 : C2 6B 16   JP   NZ,166B    #pixs:4850
 3820000  [32636024] PC:1A4C A:6D B:03 C:6D D:1C E:60 HL:6D20 SP:23E6 SZAPY:00001 : 1F         RAR             #pixs:4844
 3830000  [32712797] PC:15CD A:00 B:13 C:82 D:1C E:D0 HL:3EA8 SP:23FA SZAPY:01010 : 23         INC  HL         #pixs:4814
 3840000  [32789451] PC:15C8 A:00 B:02 C:82 D:1C E:D0 HL:3EB9 SP:23FA SZAPY:00100 : 7E         LD   A,(HL)     #pixs:4810
 3850000  [32866466] PC:15DC A:00 B:0F C:82 D:1C E:51 HL:2E77 SP:23E6 SZAPY:00010 : D3 04      OUT  04         #pixs:4817
 3860000  [32943639] PC:15C9 A:00 B:0A C:82 D:1C E:D0 HL:3EB1 SP:23FA SZAPY:00110 : A7         AND  A          #pixs:4807
 3870000  [33020418] PC:1A33 A:80 B:0A C:79 D:20 E:74 HL:2036 SP:23EA SZAPY:00110 : 1A         LD   A,(DE)     #pixs:4807
 3880000  [33096895] PC:190D A:02 B:00 C:82 D:1C E:D0 HL:2011 SP:23FC SZAPY:00000 : CD D8 14   CALL 14D8       #pixs:4803
 3890000  [33174353] PC:15C9 A:00 B:0E C:82 D:1C E:D0 HL:3EAD SP:23FA SZAPY:00100 : A7         AND  A          #pixs:4793
 3900000  [33251378] PC:1A36 A:09 B:08 C:00 D:20 E:58 HL:2077 SP:23EA SZAPY:00100 : 13         INC  DE         #pixs:4792
 3910000  [33328082] PC:15CD A:00 B:12 C:82 D:1C E:D0 HL:3EA9 SP:23FA SZAPY:01010 : 23         INC  HL         #pixs:4784
 3920000  [33405266] PC:1A35 A:00 B:02 C:00 D:20 E:4E HL:207C SP:23EC SZAPY:00100 : 23         INC  HL         #pixs:4787
 3930000  [33482055] PC:008D A:00 B:04 C:82 D:1C E:D0 HL:3EB7 SP:23F0 SZAPY:00100 : AF         XOR  A          #pixs:4787
 3940000  [33558916] PC:15C8 A:00 B:0D C:82 D:1C E:D0 HL:3EAE SP:23FA SZAPY:00100 : 7E         LD   A,(HL)     #pixs:4813
 3950000  [33635940] PC:1A4C A:8B B:03 C:8B D:1C E:60 HL:8B20 SP:23E6 SZAPY:10011 : 1F         RAR             #pixs:4819
 3960000  [33712567] PC:15CD A:00 B:04 C:82 D:1C E:D0 HL:3EB7 SP:23FA SZAPY:01010 : 23         INC  HL         #pixs:4789
 3970000  [33789267] PC:14DE A:03 B:00 C:82 D:1C E:D0 HL:2011 SP:23FA SZAPY:10001 : C8         RET  Z          #pixs:4781
 3980000  [33866071] PC:1A4C A:32 B:02 C:82 D:1C E:10 HL:324C SP:23EE SZAPY:00100 : 1F         RAR             #pixs:4789
 3990000  [33943294] PC:15C7 A:00 B:00 C:82 D:1C E:D0 HL:3EA4 SP:23FA SZAPY:01010 : 06 17      LD   B,17       #pixs:4790
 4000000  [34019843] PC:145C A:FE B:02 C:79 D:1C E:EF HL:2F47 SP:23E6 SZAPY:00100 : DB 03      IN   03         #pixs:4756
 4010000  [34096495] PC:15CD A:00 B:01 C:82 D:1C E:D0 HL:3EBA SP:23FA SZAPY:01010 : 23         INC  HL         #pixs:4774
 4020000  [34173701] PC:15A4 A:00 B:00 C:82 D:1C E:D0 HL:3EA4 SP:23FC SZAPY:01010 : CD C5 15   CALL 15C5       #pixs:4792
 4030000  [34250348] PC:1A3A A:03 B:00 C:00 D:20 E:60 HL:207E SP:23E8 SZAPY:01110 : C2 32 1A   JP   NZ,1A32    #pixs:4796
 4040000  [34326911] PC:15D1 A:00 B:04 C:82 D:1C E:D0 HL:3EB7 SP:23FA SZAPY:00100 : C2 C7 15   JP   NZ,15C7    #pixs:4774
 4050000  [34403987] PC:0273 A:00 B:00 C:96 D:1C E:70 HL:2014 SP:23F2 SZAPY:01110 : 11 0C 00   LD   DE,000C    #pixs:4787
 4060000  [34480530] PC:15CD A:00 B:0A C:82 D:1C E:D0 HL:3EB1 SP:23FA SZAPY:01010 : 23         INC  HL         #pixs:4791
 4070000  [34557249] PC:14E0 A:03 B:00 C:82 D:1C E:D0 HL:2011 SP:23FA SZAPY:10001 : FE 02      CP   02         #pixs:4795
 4080000  [34634141] PC:15E4 A:00 B:08 C:82 D:1C E:29 HL:2F98 SP:23E6 SZAPY:01010 : D3 04      OUT  04         #pixs:4792
 4090000  [34711095] PC:15D1 A:00 B:09 C:82 D:1C E:D0 HL:3EB2 SP:23FA SZAPY:00110 : C2 C7 15   JP   NZ,15C7    #pixs:4771
 4100000  [34787804] PC:15CC A:00 B:13 C:82 D:1C E:D0 HL:3EA8 SP:23FA SZAPY:01010 : C2 6B 16   JP   NZ,166B    #pixs:4782
 4110000  [34864239] PC:15D1 A:00 B:0B C:82 D:1C E:D0 HL:3EB0 SP:23FA SZAPY:00100 : C2 C7 15   JP   NZ,15C7    #pixs:4780
 4120000  [34941665] PC:15D1 A:00 B:0E C:82 D:1C E:D0 HL:3EAD SP:23FA SZAPY:00100 : C2 C7 15   JP   NZ,15C7    #pixs:4786
 4130000  [35018494] PC:055E A:02 B:00 C:00 D:20 E:7C HL:2045 SP:23EE SZAPY:00000 : 11 73 20   LD   DE,2073    #pixs:4790
 4140000  [35094958] PC:15CC A:00 B:0F C:82 D:1C E:D0 HL:3EAC SP:23FA SZAPY:01010 : C2 6B 16   JP   NZ,166B    #pixs:4794
 4150000  [35171905] PC:1A33 A:8D B:01 C:00 D:20 E:3F HL:207D SP:23E8 SZAPY:00100 : 1A         LD   A,(DE)     #pixs:4800
 4160000  [35248562] PC:15CC A:00 B:07 C:82 D:1C E:D0 HL:3EB4 SP:23FA SZAPY:01010 : C2 6B 16   JP   NZ,166B    #pixs:4789
 4170000  [35325566] PC:0B74 A:FF B:00 C:82 D:1C E:D0 HL:3EBB SP:2400 SZAPY:01110 : CD 18 16   CALL 1618       #pixs:4755
 4180000  [35402860] PC:143D A:00 B:0F C:87 D:1C E:61 HL:3104 SP:23E6 SZAPY:00010 : 13         INC  DE         #pixs:4761
 4190000  [35479646] PC:15D1 A:00 B:03 C:82 D:1C E:D0 HL:3EB8 SP:23FA SZAPY:00110 : C2 C7 15   JP   NZ,15C7    #pixs:4765
 4200000  [35556354] PC:15C9 A:00 B:02 C:82 D:1C E:D0 HL:3EB9 SP:23FA SZAPY:00100 : A7         AND  A          #pixs:4768
 4210000  [35633430] PC:15ED A:00 B:00 C:20 D:1C E:44 HL:2D53 SP:23E8 SZAPY:01010 : C1         POP  BC         #pixs:4757
 4220000  [35710851] PC:15CE A:00 B:16 C:82 D:1C E:D0 HL:3EA6 SP:23FA SZAPY:01010 : 05         DEC  B          #pixs:4773
 4230000  [35787575] PC:15C8 A:00 B:17 C:82 D:1C E:D0 HL:3EA4 SP:23FA SZAPY:01010 : 7E         LD   A,(HL)     #pixs:4773
 4240000  [35863987] PC:15CD A:00 B:01 C:82 D:1C E:D0 HL:3EBA SP:23FA SZAPY:01010 : 23         INC  HL         #pixs:4769
 4250000  [35941365] PC:15CE A:00 B:0E C:82 D:1C E:D0 HL:3EAE SP:23FA SZAPY:01010 : 05         DEC  B          #pixs:4767
 4260000  [36018253] PC:0678 A:00 B:00 C:00 D:20 E:7C HL:2074 SP:23E6 SZAPY:00010 : 21 79 20   LD   HL,2079    #pixs:4741
 4270000  [36095142] PC:15C9 A:00 B:0B C:82 D:1C E:D0 HL:3EB0 SP:23FA SZAPY:00100 : A7         AND  A          #pixs:4733
 4280000  [36172281] PC:024F A:00 B:00 C:8B D:00 E:0C HL:2030 SP:23EE SZAPY:00001 : C8         RET  Z          #pixs:4727
 4290000  [36249060] PC:024C A:80 B:00 C:00 D:00 E:0C HL:2030 SP:23EE SZAPY:10000 : 7E         LD   A,(HL)     #pixs:4703
 4300000  [36325611] PC:15A4 A:00 B:00 C:86 D:1C E:D0 HL:3EA4 SP:23FC SZAPY:01010 : CD C5 15   CALL 15C5       #pixs:4699
 4310000  [36402260] PC:1A34 A:5A B:03 C:00 D:20 E:4D HL:207B SP:23E8 SZAPY:00110 : 77         LD   (HL),A     #pixs:4703
 4320000  [36478787] PC:162A A:05 B:00 C:86 D:1C E:D0 HL:2011 SP:23FE SZAPY:01010 : A7         AND  A          #pixs:4699
 4330000  [36555330] PC:15CC A:00 B:15 C:86 D:1C E:D0 HL:3EA6 SP:23FA SZAPY:01010 : C2 6B 16   JP   NZ,166B    #pixs:4699
 4340000  [36631820] PC:15C9 A:00 B:06 C:86 D:1C E:D0 HL:3EB5 SP:23FA SZAPY:00110 : A7         AND  A          #pixs:4703
 4350000  [36708676] PC:15C8 A:00 B:11 C:86 D:1C E:D0 HL:3EAA SP:23FA SZAPY:00110 : 7E         LD   A,(HL)     #pixs:4706
 4360000  [36785461] PC:14EA A:2C B:2C C:86 D:1C E:D0 HL:2011 SP:23FA SZAPY:00101 : D2 30 15   JP   NC,1530    #pixs:4688
 4370000  [36862352] PC:15C9 A:00 B:0D C:86 D:1C E:D0 HL:3EAE SP:23FA SZAPY:00100 : A7         AND  A          #pixs:4684
 4380000  [36939769] PC:1A34 A:01 B:09 C:00 D:20 E:57 HL:2075 SP:23E8 SZAPY:00110 : 77         LD   (HL),A     #pixs:4674
 4390000  [37016729] PC:1A34 A:80 B:0B C:00 D:20 E:73 HL:2035 SP:23EA SZAPY:00000 : 77         LD   (HL),A     #pixs:4674
 4400000  [37093320] PC:15CC A:00 B:02 C:86 D:1C E:D0 HL:3EB9 SP:23FA SZAPY:01010 : C2 6B 16   JP   NZ,166B    #pixs:4666
 4410000  [37170379] PC:1441 A:1F B:00 C:20 D:1C E:6E HL:3924 SP:23EA SZAPY:00110 : 09         ADD  HL,BC      #pixs:4652
 4420000  [37247625] PC:15C8 A:00 B:12 C:86 D:1C E:D0 HL:3EA9 SP:23FA SZAPY:00110 : 7E         LD   A,(HL)     #pixs:4663
 4430000  [37324563] PC:15C9 A:00 B:0C C:86 D:1C E:D0 HL:3EAF SP:23FA SZAPY:00110 : A7         AND  A          #pixs:4655
 4440000  [37401737] PC:15E1 A:00 B:01 C:86 D:1C E:0F HL:38F0 SP:23E6 SZAPY:00100 : 13         INC  DE         #pixs:4653
 4450000  [37478593] PC:15CC A:00 B:0D C:86 D:1C E:D0 HL:3EAE SP:23FA SZAPY:01010 : C2 6B 16   JP   NZ,166B    #pixs:4645
 4460000  [37555521] PC:15D1 A:00 B:14 C:86 D:1C E:D0 HL:2527 SP:23FA SZAPY:00110 : C2 C7 15   JP   NZ,15C7    #pixs:4615
 4470000  [37632536] PC:1A4B A:00 B:03 C:86 D:1C E:00 HL:7888 SP:23EE SZAPY:01110 : 7C         LD   A,H        #pixs:4623
 4480000  [37709800] PC:15D1 A:00 B:11 C:86 D:1C E:D0 HL:252A SP:23FA SZAPY:00110 : C2 C7 15   JP   NZ,15C7    #pixs:4613
 4490000  [37786592] PC:15C8 A:00 B:13 C:86 D:1C E:D0 HL:2528 SP:23FA SZAPY:00100 : 7E         LD   A,(HL)     #pixs:4613
 4500000  [37863367] PC:15C9 A:00 B:0D C:86 D:1C E:D0 HL:252E SP:23FA SZAPY:00100 : A7         AND  A          #pixs:4608
 4510000  [37940728] PC:1A35 A:03 B:01 C:00 D:20 E:7D HL:205F SP:23EE SZAPY:00100 : 23         INC  HL         #pixs:4610
 4520000  [38017754] PC:1A3A A:E2 B:04 C:00 D:20 E:4C HL:207A SP:23E8 SZAPY:00100 : C2 32 1A   JP   NZ,1A32    #pixs:4637
 4530000  [38094445] PC:15D1 A:00 B:01 C:86 D:1C E:D0 HL:253A SP:23FA SZAPY:00100 : C2 C7 15   JP   NZ,15C7    #pixs:4637
 4540000  [38171431] PC:1470 A:00 B:01 C:B7 D:1C E:91 HL:371A SP:23E8 SZAPY:01110 : 05         DEC  B          #pixs:4639
 4550000  [38248520] PC:000F A:00 B:16 C:86 D:1C E:D0 HL:2525 SP:23F0 SZAPY:00100 : C3 8C 00   JP   008C       #pixs:4685
 4560000  [38325352] PC:15CC A:00 B:16 C:86 D:1C E:D0 HL:2525 SP:23FA SZAPY:01010 : C2 6B 16   JP   NZ,166B    #pixs:4675
 4570000  [38402246] PC:0372 A:D9 B:D9 C:00 D:20 E:14 HL:2069 SP:23EA SZAPY:01110 : 21 18 20   LD   HL,2018    #pixs:4688
 4580000  [38478935] PC:15CD A:00 B:10 C:86 D:1C E:D0 HL:252B SP:23FA SZAPY:01010 : 23         INC  HL         #pixs:4692
 4590000  [38555454] PC:15CE A:00 B:09 C:86 D:1C E:D0 HL:2533 SP:23FA SZAPY:01010 : 05         DEC  B          #pixs:4696
 4600000  [38632289] PC:0118 A:01 B:06 C:86 D:1C E:D0 HL:2002 SP:23EE SZAPY:00000 : 23         INC  HL         #pixs:4674
 4610000  [38709287] PC:0B7C A:8E B:00 C:86 D:1C E:D0 HL:253B SP:2400 SZAPY:10011 : CD 59 0A   CALL 0A59       #pixs:4680
 4620000  [38785993] PC:15CE A:00 B:11 C:86 D:1C E:D0 HL:252B SP:23FA SZAPY:01010 : 05         DEC  B          #pixs:4650
 4630000  [38862563] PC:19A3 A:00 B:00 C:86 D:1C E:D0 HL:253B SP:23FE SZAPY:01010 : DB 01      IN   01         #pixs:4650
 4640000  [38939917] PC:1A37 A:56 B:03 C:00 D:20 E:5E HL:207C SP:23E8 SZAPY:00110 : 05         DEC  B          #pixs:4664
 4650000  [39016999] PC:1A37 A:EE B:05 C:00 D:20 E:7A HL:203C SP:23EA SZAPY:00110 : 05         DEC  B          #pixs:4668
 4660000  [39093519] PC:15CD A:00 B:01 C:86 D:1C E:D0 HL:253A SP:23FA SZAPY:01010 : 23         INC  HL         #pixs:4672
 4670000  [39170622] PC:0262 A:00 B:00 C:00 D:00 E:0C HL:2022 SP:23EE SZAPY:01010 : C2 88 02   JP   NZ,0288    #pixs:4678
 4680000  [39247410] PC:15D1 A:00 B:11 C:86 D:1C E:D0 HL:252A SP:23FA SZAPY:00110 : C2 C7 15   JP   NZ,15C7    #pixs:4667
 4690000  [39324457] PC:15C9 A:00 B:07 C:86 D:1C E:D0 HL:2534 SP:23FA SZAPY:00100 : A7         AND  A          #pixs:4667
 4700000  [39401659] PC:026F A:00 B:00 C:00 D:20 E:44 HL:04B6 SP:23E8 SZAPY:01010 : E9         JP   (HL)       #pixs:4631
 4710000  [39478163] PC:15C9 A:00 B:03 C:D6 D:1C E:D0 HL:2538 SP:23FA SZAPY:00110 : A7         AND  A          #pixs:4627
 4720000  [39554681] PC:15CE A:00 B:02 C:D6 D:1C E:D0 HL:253A SP:23FA SZAPY:01010 : 05         DEC  B          #pixs:4626
 4730000  [39631164] PC:15D1 A:00 B:02 C:D6 D:1C E:D0 HL:2539 SP:23FA SZAPY:00100 : C2 C7 15   JP   NZ,15C7    #pixs:4630
 4740000  [39708133] PC:15CC A:00 B:14 C:D6 D:1C E:D0 HL:2527 SP:23FA SZAPY:01010 : C2 6B 16   JP   NZ,166B    #pixs:4645
 4750000  [39784666] PC:15CE A:00 B:14 C:D6 D:1C E:D0 HL:2528 SP:23FA SZAPY:01010 : 05         DEC  B          #pixs:4649
 4760000  [39860905] PC:15CE A:00 B:03 C:D6 D:1C E:D0 HL:2539 SP:23FA SZAPY:01010 : 05         DEC  B          #pixs:4649
 4770000  [39938140] PC:041A A:04 B:01 C:E1 D:1C E:90 HL:E12C SP:23EA SZAPY:01110 : 85         ADD  L          #pixs:4633
 4780000  [40014948] PC:15D1 A:00 B:12 C:D6 D:1C E:D0 HL:2529 SP:23FA SZAPY:00110 : C2 C7 15   JP   NZ,15C7    #pixs:4619
 4790000  [40091605] PC:15C8 A:00 B:0D C:D6 D:1C E:D0 HL:252E SP:23FA SZAPY:00100 : 7E         LD   A,(HL)     #pixs:4619
 4800000  [40168861] PC:035D A:00 B:D9 C:00 D:20 E:14 HL:2069 SP:23EA SZAPY:01010 : 0F         RRCA            #pixs:4617
 4810000  [40245895] PC:15C8 A:00 B:0A C:D6 D:1C E:D0 HL:2531 SP:23FA SZAPY:00110 : 7E         LD   A,(HL)     #pixs:4617
 4820000  [40322700] PC:1625 A:00 B:00 C:D6 D:1C E:D0 HL:2011 SP:23FE SZAPY:01110 : B0         OR   B          #pixs:4609
 4830000  [40399542] PC:15E2 A:00 B:0F C:D6 D:1C E:42 HL:3AF3 SP:23E6 SZAPY:00010 : AF         XOR  A          #pixs:4609
 4840000  [40476644] PC:199D A:00 B:00 C:D6 D:1C E:D0 HL:253B SP:23FE SZAPY:01110 : 3A 1E 20   LD   A,(201E)   #pixs:4599
 4850000  [40553592] PC:15C9 A:00 B:12 C:D6 D:1C E:D0 HL:2529 SP:23FA SZAPY:00110 : A7         AND  A          #pixs:4595
 4860000  [40630687] PC:15CD A:00 B:17 C:D6 D:1C E:D0 HL:2524 SP:23FA SZAPY:01010 : 23         INC  HL         #pixs:4553
 4870000  [40707167] PC:15D1 A:00 B:03 C:D6 D:1C E:D0 HL:2538 SP:23FA SZAPY:00110 : C2 C7 15   JP   NZ,15C7    #pixs:4548
 4880000  [40788497] PC:0A5C A:00 B:00 C:D6 D:1C E:D0 HL:253B SP:23FE SZAPY:00001 : 3A 15 20   LD   A,(2015)   #pixs:4556
 4890000  [40891103] PC:0A5C A:00 B:00 C:D6 D:1C E:D0 HL:253B SP:23FE SZAPY:00001 : 3A 15 20   LD   A,(2015)   #pixs:4554
 4900000  [40994146] PC:0B86 A:01 B:00 C:D6 D:1C E:D0 HL:253B SP:2400 SZAPY:00001 : CD 59 0A   CALL 0A59       #pixs:4518
 4910000  [41097740] PC:0B86 A:01 B:00 C:D6 D:1C E:D0 HL:253B SP:2400 SZAPY:00001 : CD 59 0A   CALL 0A59       #pixs:4514
 4920000  [41198222] PC:0A5C A:00 B:00 C:D6 D:1C E:D0 HL:253B SP:23FE SZAPY:00001 : 3A 15 20   LD   A,(2015)   #pixs:4473
 4930000  [41299227] PC:1A55 A:D4 B:00 C:D6 D:1C E:40 HL:12D4 SP:23EC SZAPY:01110 : 7C         LD   A,H        #pixs:4488
 4940000  [41399636] PC:15E0 A:00 B:0E C:D6 D:1C E:42 HL:3314 SP:23EC SZAPY:00100 : 23         INC  HL         #pixs:4462
 4950000  [41500176] PC:15EE A:00 B:0B C:D6 D:1C E:46 HL:3394 SP:23EE SZAPY:01010 : 05         DEC  B          #pixs:4457
 4960000  [41601281] PC:15DA A:00 B:03 C:D6 D:1C E:4D HL:3474 SP:23EA SZAPY:00110 : 1A         LD   A,(DE)     #pixs:4457
 4970000  [41701822] PC:0256 A:00 B:00 C:D6 D:1C E:50 HL:2011 SP:23F2 SZAPY:00001 : 46         LD   B,(HL)     #pixs:4462
 4980000  [41802318] PC:1A0F A:80 B:80 C:00 D:20 E:2A HL:2072 SP:23EA SZAPY:10000 : C0         RET  NZ         #pixs:4457
 4990000  [41903272] PC:1A34 A:03 B:01 C:00 D:20 E:4F HL:207D SP:23EC SZAPY:00100 : 77         LD   (HL),A     #pixs:4457
 5000000  [42003779] PC:1A36 A:04 B:06 C:00 D:20 E:78 HL:204B SP:23F0 SZAPY:00110 : 13         INC  DE         #pixs:4462
 5010000  [42104848] PC:1A35 A:E2 B:05 C:00 D:20 E:4B HL:2079 SP:23EC SZAPY:00110 : 23         INC  HL         #pixs:4457
 5020000  [42205671] PC:0A5E A:00 B:00 C:D6 D:1C E:D0 HL:253B SP:23FE SZAPY:00001 : FE FF      CP   FF         #pixs:4457
 5030000  [42306398] PC:0A5E A:01 B:00 C:D6 D:1C E:D0 HL:253B SP:23FE SZAPY:00001 : FE FF      CP   FF         #pixs:4462
 5040000  [42407884] PC:0A5E A:01 B:00 C:D6 D:1C E:D0 HL:253B SP:23FE SZAPY:00001 : FE FF      CP   FF         #pixs:4462
 5050000  [42508611] PC:0A5F A:00 B:00 C:D6 D:1C E:D0 HL:253B SP:23FE SZAPY:00001 : C9         RET             #pixs:4457
 5060000  [42609341] PC:0B89 A:01 B:00 C:D6 D:1C E:D0 HL:253B SP:2400 SZAPY:00001 : C2 83 0B   JP   NZ,0B83    #pixs:4462
 5070000  [42710824] PC:0A5F A:01 B:00 C:D6 D:1C E:D0 HL:253B SP:23FE SZAPY:00001 : C9         RET             #pixs:4462
 5080000  [42805668] PC:0AE1 A:3F B:00 C:D6 D:1C E:D0 HL:253B SP:23FE SZAPY:00110 : C2 DA 0A   JP   NZ,0ADA    #pixs:4419
 5090000  [42895722] PC:0ADD A:3D B:00 C:D6 D:1C E:D0 HL:253B SP:23FE SZAPY:00100 : 3A C0 20   LD   A,(20C0)   #pixs:4419
 5100000  [42985801] PC:0ADE A:3A B:00 C:D6 D:1C E:D0 HL:253B SP:23FE SZAPY:00110 : A7         AND  A          #pixs:4419
 5110000  [43075873] PC:0ADE A:37 B:00 C:D6 D:1C E:D0 HL:253B SP:23FE SZAPY:00000 : A7         AND  A          #pixs:4419
 5120000  [43165943] PC:0AE1 A:34 B:00 C:D6 D:1C E:D0 HL:253B SP:23FE SZAPY:00000 : C2 DA 0A   JP   NZ,0ADA    #pixs:4419
 5130000  [43255997] PC:0ADD A:32 B:00 C:D6 D:1C E:D0 HL:253B SP:23FE SZAPY:00000 : 3A C0 20   LD   A,(20C0)   #pixs:4419
 5140000  [43346069] PC:0ADD A:2F B:00 C:D6 D:1C E:D0 HL:253B SP:23FE SZAPY:00100 : 3A C0 20   LD   A,(20C0)   #pixs:4419
 5150000  [43436148] PC:0ADE A:2C B:00 C:D6 D:1C E:D0 HL:253B SP:23FE SZAPY:00100 : A7         AND  A          #pixs:4419
 5160000  [43526196] PC:0AE1 A:2A B:00 C:D6 D:1C E:D0 HL:253B SP:23FE SZAPY:00100 : C2 DA 0A   JP   NZ,0ADA    #pixs:4419
 5170000  [43616272] PC:0ADD A:27 B:00 C:D6 D:1C E:D0 HL:253B SP:23FE SZAPY:00010 : 3A C0 20   LD   A,(20C0)   #pixs:4419
 5180000  [43706344] PC:0ADD A:24 B:00 C:D6 D:1C E:D0 HL:253B SP:23FE SZAPY:00010 : 3A C0 20   LD   A,(20C0)   #pixs:4419
 5190000  [43796401] PC:0ADE A:22 B:00 C:D6 D:1C E:D0 HL:253B SP:23FE SZAPY:00010 : A7         AND  A          #pixs:4419
 5200000  [43886471] PC:0AE1 A:1F B:00 C:D6 D:1C E:D0 HL:253B SP:23FE SZAPY:00100 : C2 DA 0A   JP   NZ,0ADA    #pixs:4419
 5210000  [43976543] PC:0AE1 A:1C B:00 C:D6 D:1C E:D0 HL:253B SP:23FE SZAPY:00100 : C2 DA 0A   JP   NZ,0ADA    #pixs:4419
 5220000  [44066619] PC:0ADD A:19 B:00 C:D6 D:1C E:D0 HL:253B SP:23FE SZAPY:00100 : 3A C0 20   LD   A,(20C0)   #pixs:4419
 5230000  [44156676] PC:0ADE A:17 B:00 C:D6 D:1C E:D0 HL:253B SP:23FE SZAPY:00010 : A7         AND  A          #pixs:4419
 5240000  [44246748] PC:0ADE A:14 B:00 C:D6 D:1C E:D0 HL:253B SP:23FE SZAPY:00010 : A7         AND  A          #pixs:4419
 5250000  [44336818] PC:0AE1 A:11 B:00 C:D6 D:1C E:D0 HL:253B SP:23FE SZAPY:00010 : C2 DA 0A   JP   NZ,0ADA    #pixs:4419
 5260000  [44426872] PC:0ADD A:0F B:00 C:D6 D:1C E:D0 HL:253B SP:23FE SZAPY:00110 : 3A C0 20   LD   A,(20C0)   #pixs:4419
 5270000  [44516951] PC:0ADE A:0C B:00 C:D6 D:1C E:D0 HL:253B SP:23FE SZAPY:00110 : A7         AND  A          #pixs:4419
 5280000  [44607023] PC:0ADE A:09 B:00 C:D6 D:1C E:D0 HL:253B SP:23FE SZAPY:00110 : A7         AND  A          #pixs:4419
 5290000  [44697071] PC:0AE1 A:07 B:00 C:D6 D:1C E:D0 HL:253B SP:23FE SZAPY:00000 : C2 DA 0A   JP   NZ,0ADA    #pixs:4419
 5300000  [44787147] PC:0ADD A:04 B:00 C:D6 D:1C E:D0 HL:253B SP:23FE SZAPY:00000 : 3A C0 20   LD   A,(20C0)   #pixs:4419
 5310000  [44877219] PC:0ADD A:01 B:00 C:D6 D:1C E:D0 HL:253B SP:23FE SZAPY:00000 : 3A C0 20   LD   A,(20C0)   #pixs:4419
 5320000  [44954911] PC:09DC A:27 B:00 C:D6 D:00 E:06 HL:27F9 SP:23FE SZAPY:10111 : 23         INC  HL         #pixs:4387
 5330000  [45028740] PC:09EB A:2D B:00 C:D6 D:00 E:06 HL:2D34 SP:23FE SZAPY:10001 : FE 40      CP   40         #pixs:3613
 5340000  [45102671] PC:09E1 A:0A B:00 C:D6 D:00 E:06 HL:326A SP:23FE SZAPY:00110 : FE 1C      CP   1C         #pixs:2851
 5350000  [45176510] PC:09DC A:37 B:00 C:D6 D:00 E:06 HL:37A4 SP:23FE SZAPY:10101 : 23         INC  HL         #pixs:2015
 5360000  [45250375] PC:09E1 A:17 B:00 C:D6 D:00 E:06 HL:3CD7 SP:23FE SZAPY:00110 : FE 1C      CP   1C         #pixs:1121
 5370000  [45330910] PC:0AA2 A:07 B:00 C:12 D:1F E:50 HL:2B0D SP:23FA SZAPY:00110 : 3D         DEC  A          #pixs:990
 5380000  [45424246] PC:0AA5 A:03 B:00 C:12 D:1F E:50 HL:2B0D SP:23FA SZAPY:00110 : C2 9E 0A   JP   NZ,0A9E    #pixs:990
 5390000  [45517513] PC:0AA2 A:07 B:00 C:11 D:1F E:51 HL:2C0D SP:23FA SZAPY:00110 : 3D         DEC  A          #pixs:1000
 5400000  [45610858] PC:0AA2 A:04 B:00 C:11 D:1F E:51 HL:2C0D SP:23FA SZAPY:00110 : 3D         DEC  A          #pixs:1000
 5410000  [45704117] PC:0AA1 A:06 B:00 C:10 D:1F E:52 HL:2D0D SP:23FA SZAPY:00110 : 3A C0 20   LD   A,(20C0)   #pixs:1000
 5420000  [45797454] PC:0AA2 A:05 B:00 C:10 D:1F E:52 HL:2D0D SP:23FA SZAPY:00100 : 3D         DEC  A          #pixs:1000
 5430000  [45890790] PC:0AA5 A:01 B:00 C:10 D:1F E:52 HL:2D0D SP:23FA SZAPY:00100 : C2 9E 0A   JP   NZ,0A9E    #pixs:1000
 5440000  [45984057] PC:0AA2 A:05 B:00 C:0F D:1F E:53 HL:2E0D SP:23FA SZAPY:00100 : 3D         DEC  A          #pixs:1016
 5450000  [46077402] PC:0AA2 A:02 B:00 C:0F D:1F E:53 HL:2E0D SP:23FA SZAPY:00100 : 3D         DEC  A          #pixs:1016
 5460000  [46170661] PC:0AA1 A:04 B:00 C:0E D:1F E:54 HL:2F0D SP:23FA SZAPY:00100 : 3A C0 20   LD   A,(20C0)   #pixs:1034
 5470000  [46263998] PC:0AA2 A:03 B:00 C:0E D:1F E:54 HL:2F0D SP:23FA SZAPY:00100 : 3D         DEC  A          #pixs:1034
 5480000  [46357257] PC:0AA1 A:05 B:00 C:0D D:1F E:55 HL:300D SP:23FA SZAPY:00110 : 3A C0 20   LD   A,(20C0)   #pixs:1034
 5490000  [46450601] PC:0AA2 A:03 B:00 C:0D D:1F E:55 HL:300D SP:23FA SZAPY:00100 : 3D         DEC  A          #pixs:1034
 5500000  [46543864] PC:0AA5 A:05 B:00 C:0C D:1F E:56 HL:310D SP:23FA SZAPY:00110 : C2 9E 0A   JP   NZ,0A9E    #pixs:1049
 5510000  [46637205] PC:0AA1 A:02 B:00 C:0C D:1F E:56 HL:310D SP:23FA SZAPY:00100 : 3A C0 20   LD   A,(20C0)   #pixs:1049
 5520000  [46730460] PC:0AA5 A:06 B:00 C:0B D:1F E:57 HL:320D SP:23FA SZAPY:00110 : C2 9E 0A   JP   NZ,0A9E    #pixs:1049
 5530000  [46823801] PC:0AA1 A:03 B:00 C:0B D:1F E:57 HL:320D SP:23FA SZAPY:00110 : 3A C0 20   LD   A,(20C0)   #pixs:1049
 5540000  [46917063] PC:0AA5 A:06 B:00 C:0A D:1F E:58 HL:330D SP:23FA SZAPY:00110 : C2 9E 0A   JP   NZ,0A9E    #pixs:1064
 5550000  [47010408] PC:0AA5 A:03 B:00 C:0A D:1F E:58 HL:330D SP:23FA SZAPY:00110 : C2 9E 0A   JP   NZ,0A9E    #pixs:1064
 5560000  [47103675] PC:0AA2 A:07 B:00 C:09 D:1F E:59 HL:340D SP:23FA SZAPY:00110 : 3D         DEC  A          #pixs:1075
 5570000  [47197004] PC:0AA5 A:04 B:00 C:09 D:1F E:59 HL:340D SP:23FA SZAPY:00100 : C2 9E 0A   JP   NZ,0A9E    #pixs:1075
 5580000  [47290345] PC:0AA1 A:01 B:00 C:09 D:1F E:59 HL:340D SP:23FA SZAPY:00100 : 3A C0 20   LD   A,(20C0)   #pixs:1075
 5590000  [47383607] PC:0AA5 A:04 B:00 C:08 D:1F E:5A HL:350D SP:23FA SZAPY:00100 : C2 9E 0A   JP   NZ,0A9E    #pixs:1091
 5600000  [47476952] PC:0AA5 A:01 B:00 C:08 D:1F E:5A HL:350D SP:23FA SZAPY:00100 : C2 9E 0A   JP   NZ,0A9E    #pixs:1091
 5610000  [47570219] PC:0AA2 A:05 B:00 C:07 D:1F E:5B HL:360D SP:23FA SZAPY:00100 : 3D         DEC  A          #pixs:1101
 5620000  [47663548] PC:0AA5 A:02 B:00 C:07 D:1F E:5B HL:360D SP:23FA SZAPY:00100 : C2 9E 0A   JP   NZ,0A9E    #pixs:1101
 5630000  [47756815] PC:0AA2 A:06 B:00 C:06 D:1F E:5C HL:370D SP:23FA SZAPY:00110 : 3D         DEC  A          #pixs:1119
 5640000  [47850151] PC:0AA5 A:02 B:00 C:06 D:1F E:5C HL:370D SP:23FA SZAPY:00100 : C2 9E 0A   JP   NZ,0A9E    #pixs:1119
 5650000  [47943419] PC:0AA1 A:05 B:00 C:05 D:1F E:5D HL:380D SP:23FA SZAPY:00110 : 3A C0 20   LD   A,(20C0)   #pixs:1137
 5660000  [48036763] PC:0AA2 A:03 B:00 C:05 D:1F E:5D HL:380D SP:23FA SZAPY:00100 : 3D         DEC  A          #pixs:1137
 5670000  [48130015] PC:0AA1 A:06 B:00 C:04 D:1F E:5E HL:390D SP:23FA SZAPY:00110 : 3A C0 20   LD   A,(20C0)   #pixs:1152
 5680000  [48223359] PC:0AA2 A:04 B:00 C:04 D:1F E:5E HL:390D SP:23FA SZAPY:00110 : 3D         DEC  A          #pixs:1152
 5690000  [48316618] PC:0AA1 A:06 B:00 C:03 D:1F E:5F HL:3A0D SP:23FA SZAPY:00110 : 3A C0 20   LD   A,(20C0)   #pixs:1159
 5700000  [48409963] PC:0AA1 A:03 B:00 C:03 D:1F E:5F HL:3A0D SP:23FA SZAPY:00110 : 3A C0 20   LD   A,(20C0)   #pixs:1159
 5710000  [48503225] PC:0AA5 A:06 B:00 C:02 D:1F E:60 HL:3B0D SP:23FA SZAPY:00110 : C2 9E 0A   JP   NZ,0A9E    #pixs:1159
 5720000  [48596559] PC:0AA1 A:04 B:00 C:02 D:1F E:60 HL:3B0D SP:23FA SZAPY:00100 : 3A C0 20   LD   A,(20C0)   #pixs:1159
 5730000  [48689903] PC:0AA2 A:02 B:00 C:02 D:1F E:60 HL:3B0D SP:23FA SZAPY:00100 : 3D         DEC  A          #pixs:1159
 5740000  [48783162] PC:0AA1 A:04 B:00 C:01 D:1F E:61 HL:3C0D SP:23FA SZAPY:00100 : 3A C0 20   LD   A,(20C0)   #pixs:1159
 5750000  [48876507] PC:0AA1 A:01 B:00 C:01 D:1F E:61 HL:3C0D SP:23FA SZAPY:00100 : 3A C0 20   LD   A,(20C0)   #pixs:1159
 5760000  [48969735] PC:0AA1 A:04 B:00 C:12 D:1F E:62 HL:2B0A SP:23F8 SZAPY:00100 : 3A C0 20   LD   A,(20C0)   #pixs:1174
 5770000  [49063072] PC:0AA2 A:03 B:00 C:12 D:1F E:62 HL:2B0A SP:23F8 SZAPY:00100 : 3D         DEC  A          #pixs:1174
 5780000  [49156331] PC:0AA1 A:05 B:00 C:11 D:1F E:63 HL:2C0A SP:23F8 SZAPY:00110 : 3A C0 20   LD   A,(20C0)   #pixs:1184
 5790000  [49249675] PC:0AA2 A:03 B:00 C:11 D:1F E:63 HL:2C0A SP:23F8 SZAPY:00100 : 3D         DEC  A          #pixs:1184
 5800000  [49342938] PC:0AA5 A:05 B:00 C:10 D:1F E:64 HL:2D0A SP:23F8 SZAPY:00110 : C2 9E 0A   JP   NZ,0A9E    #pixs:1184
 5810000  [49436279] PC:0AA1 A:02 B:00 C:10 D:1F E:64 HL:2D0A SP:23F8 SZAPY:00100 : 3A C0 20   LD   A,(20C0)   #pixs:1184
 5820000  [49529534] PC:0AA5 A:06 B:00 C:0F D:1F E:65 HL:2E0A SP:23F8 SZAPY:00110 : C2 9E 0A   JP   NZ,0A9E    #pixs:1199
 5830000  [49622875] PC:0AA1 A:03 B:00 C:0F D:1F E:65 HL:2E0A SP:23F8 SZAPY:00110 : 3A C0 20   LD   A,(20C0)   #pixs:1199
 5840000  [49716137] PC:0AA5 A:06 B:00 C:0E D:1F E:66 HL:2F0A SP:23F8 SZAPY:00110 : C2 9E 0A   JP   NZ,0A9E    #pixs:1210
 5850000  [49809482] PC:0AA5 A:03 B:00 C:0E D:1F E:66 HL:2F0A SP:23F8 SZAPY:00110 : C2 9E 0A   JP   NZ,0A9E    #pixs:1210
 5860000  [49902749] PC:0AA2 A:07 B:00 C:0D D:1F E:67 HL:300A SP:23F8 SZAPY:00110 : 3D         DEC  A          #pixs:1226
 5870000  [49996078] PC:0AA5 A:04 B:00 C:0D D:1F E:67 HL:300A SP:23F8 SZAPY:00100 : C2 9E 0A   JP   NZ,0A9E    #pixs:1226
 5880000  [50089419] PC:0AA1 A:01 B:00 C:0D D:1F E:67 HL:300A SP:23F8 SZAPY:00100 : 3A C0 20   LD   A,(20C0)   #pixs:1226
 5890000  [50182681] PC:0AA5 A:04 B:00 C:0C D:1F E:68 HL:310A SP:23F8 SZAPY:00100 : C2 9E 0A   JP   NZ,0A9E    #pixs:1236
 5900000  [50276026] PC:0AA5 A:01 B:00 C:0C D:1F E:68 HL:310A SP:23F8 SZAPY:00100 : C2 9E 0A   JP   NZ,0A9E    #pixs:1236
 5910000  [50369293] PC:0AA2 A:05 B:00 C:0B D:1F E:69 HL:320A SP:23F8 SZAPY:00100 : 3D         DEC  A          #pixs:1254
 5920000  [50462622] PC:0AA5 A:02 B:00 C:0B D:1F E:69 HL:320A SP:23F8 SZAPY:00100 : C2 9E 0A   JP   NZ,0A9E    #pixs:1254
 5930000  [50555889] PC:0AA2 A:06 B:00 C:0A D:1F E:6A HL:330A SP:23F8 SZAPY:00110 : 3D         DEC  A          #pixs:1272
 5940000  [50649225] PC:0AA5 A:02 B:00 C:0A D:1F E:6A HL:330A SP:23F8 SZAPY:00100 : C2 9E 0A   JP   NZ,0A9E    #pixs:1272
 5950000  [50742493] PC:0AA1 A:05 B:00 C:09 D:1F E:6B HL:340A SP:23F8 SZAPY:00110 : 3A C0 20   LD   A,(20C0)   #pixs:1272
 5960000  [50835837] PC:0AA2 A:03 B:00 C:09 D:1F E:6B HL:340A SP:23F8 SZAPY:00100 : 3D         DEC  A          #pixs:1272
 5970000  [50929089] PC:0AA1 A:06 B:00 C:08 D:1F E:6C HL:350A SP:23F8 SZAPY:00110 : 3A C0 20   LD   A,(20C0)   #pixs:1272
 5980000  [51022433] PC:0AA2 A:04 B:00 C:08 D:1F E:6C HL:350A SP:23F8 SZAPY:00110 : 3D         DEC  A          #pixs:1272
 5990000  [51115692] PC:0AA1 A:06 B:00 C:07 D:1F E:6D HL:360A SP:23F8 SZAPY:00110 : 3A C0 20   LD   A,(20C0)   #pixs:1282
 6000000  [51209037] PC:0AA1 A:03 B:00 C:07 D:1F E:6D HL:360A SP:23F8 SZAPY:00110 : 3A C0 20   LD   A,(20C0)   #pixs:1282
 6010000  [51302299] PC:0AA5 A:06 B:00 C:06 D:1F E:6E HL:370A SP:23F8 SZAPY:00110 : C2 9E 0A   JP   NZ,0A9E    #pixs:1282
 6020000  [51395633] PC:0AA1 A:04 B:00 C:06 D:1F E:6E HL:370A SP:23F8 SZAPY:00100 : 3A C0 20   LD   A,(20C0)   #pixs:1282
 6030000  [51488977] PC:0AA2 A:02 B:00 C:06 D:1F E:6E HL:370A SP:23F8 SZAPY:00100 : 3D         DEC  A          #pixs:1282
 6040000  [51582236] PC:0AA1 A:04 B:00 C:05 D:1F E:6F HL:380A SP:23F8 SZAPY:00100 : 3A C0 20   LD   A,(20C0)   #pixs:1295
 6050000  [51675581] PC:0AA1 A:01 B:00 C:05 D:1F E:6F HL:380A SP:23F8 SZAPY:00100 : 3A C0 20   LD   A,(20C0)   #pixs:1295
 6060000  [51768843] PC:0AA5 A:04 B:00 C:04 D:1F E:70 HL:390A SP:23F8 SZAPY:00100 : C2 9E 0A   JP   NZ,0A9E    #pixs:1311
 6070000  [51862177] PC:0AA1 A:02 B:00 C:04 D:1F E:70 HL:390A SP:23F8 SZAPY:00100 : 3A C0 20   LD   A,(20C0)   #pixs:1311
 6080000  [51955439] PC:0AA5 A:05 B:00 C:03 D:1F E:71 HL:3A0A SP:23F8 SZAPY:00110 : C2 9E 0A   JP   NZ,0A9E    #pixs:1322
 6090000  [52048780] PC:0AA1 A:02 B:00 C:03 D:1F E:71 HL:3A0A SP:23F8 SZAPY:00100 : 3A C0 20   LD   A,(20C0)   #pixs:1322
 6100000  [52142051] PC:0AA2 A:06 B:00 C:02 D:1F E:72 HL:3B0A SP:23F8 SZAPY:00110 : 3D         DEC  A          #pixs:1339
 6110000  [52235387] PC:0AA5 A:02 B:00 C:02 D:1F E:72 HL:3B0A SP:23F8 SZAPY:00100 : C2 9E 0A   JP   NZ,0A9E    #pixs:1339
 6120000  [52328647] PC:0AA2 A:07 B:00 C:01 D:1F E:73 HL:3C0A SP:23F8 SZAPY:00110 : 3D         DEC  A          #pixs:1339
 6130000  [52421983] PC:0AA5 A:03 B:00 C:01 D:1F E:73 HL:3C0A SP:23F8 SZAPY:00110 : C2 9E 0A   JP   NZ,0A9E    #pixs:1339
 6140000  [52515208] PC:0AA1 A:06 B:00 C:12 D:1F E:E1 HL:2B07 SP:23F8 SZAPY:00110 : 3A C0 20   LD   A,(20C0)   #pixs:1354
 6150000  [52608553] PC:0AA1 A:03 B:00 C:12 D:1F E:E1 HL:2B07 SP:23F8 SZAPY:00110 : 3A C0 20   LD   A,(20C0)   #pixs:1354
 6160000  [52701815] PC:0AA5 A:06 B:00 C:11 D:1F E:E2 HL:2C07 SP:23F8 SZAPY:00110 : C2 9E 0A   JP   NZ,0A9E    #pixs:1369
 6170000  [52795149] PC:0AA1 A:04 B:00 C:11 D:1F E:E2 HL:2C07 SP:23F8 SZAPY:00100 : 3A C0 20   LD   A,(20C0)   #pixs:1369
 6180000  [52888493] PC:0AA2 A:02 B:00 C:11 D:1F E:E2 HL:2C07 SP:23F8 SZAPY:00100 : 3D         DEC  A          #pixs:1369
 6190000  [52981752] PC:0AA1 A:04 B:00 C:10 D:1F E:E3 HL:2D07 SP:23F8 SZAPY:00100 : 3A C0 20   LD   A,(20C0)   #pixs:1369
 6200000  [53075097] PC:0AA1 A:01 B:00 C:10 D:1F E:E3 HL:2D07 SP:23F8 SZAPY:00100 : 3A C0 20   LD   A,(20C0)   #pixs:1369
 6210000  [53168359] PC:0AA5 A:04 B:00 C:0F D:1F E:E4 HL:2E07 SP:23F8 SZAPY:00100 : C2 9E 0A   JP   NZ,0A9E    #pixs:1384
 6220000  [53261693] PC:0AA1 A:02 B:00 C:0F D:1F E:E4 HL:2E07 SP:23F8 SZAPY:00100 : 3A C0 20   LD   A,(20C0)   #pixs:1384
 6230000  [53354955] PC:0AA5 A:05 B:00 C:0E D:1F E:E5 HL:2F07 SP:23F8 SZAPY:00110 : C2 9E 0A   JP   NZ,0A9E    #pixs:1395
 6240000  [53448296] PC:0AA1 A:02 B:00 C:0E D:1F E:E5 HL:2F07 SP:23F8 SZAPY:00100 : 3A C0 20   LD   A,(20C0)   #pixs:1395
 6250000  [53541567] PC:0AA2 A:06 B:00 C:0D D:1F E:E6 HL:3007 SP:23F8 SZAPY:00110 : 3D         DEC  A          #pixs:1411
 6260000  [53634903] PC:0AA5 A:02 B:00 C:0D D:1F E:E6 HL:3007 SP:23F8 SZAPY:00100 : C2 9E 0A   JP   NZ,0A9E    #pixs:1411
 6270000  [53728163] PC:0AA2 A:07 B:00 C:0C D:1F E:E7 HL:3107 SP:23F8 SZAPY:00110 : 3D         DEC  A          #pixs:1421
 6280000  [53821499] PC:0AA5 A:03 B:00 C:0C D:1F E:E7 HL:3107 SP:23F8 SZAPY:00110 : C2 9E 0A   JP   NZ,0A9E    #pixs:1421
 6290000  [53914766] PC:0AA2 A:07 B:00 C:0B D:1F E:E8 HL:3207 SP:23F8 SZAPY:00110 : 3D         DEC  A          #pixs:1439
 6300000  [54008111] PC:0AA2 A:04 B:00 C:0B D:1F E:E8 HL:3207 SP:23F8 SZAPY:00110 : 3D         DEC  A          #pixs:1439
 6310000  [54101370] PC:0AA1 A:06 B:00 C:0A D:1F E:E9 HL:3307 SP:23F8 SZAPY:00110 : 3A C0 20   LD   A,(20C0)   #pixs:1457
 6320000  [54194707] PC:0AA2 A:05 B:00 C:0A D:1F E:E9 HL:3307 SP:23F8 SZAPY:00100 : 3D         DEC  A          #pixs:1457
 6330000  [54288043] PC:0AA5 A:01 B:00 C:0A D:1F E:E9 HL:3307 SP:23F8 SZAPY:00100 : C2 9E 0A   JP   NZ,0A9E    #pixs:1457
 6340000  [54381307] PC:00A5 A:00 B:00 C:09 D:1F E:EA HL:3407 SP:23EE SZAPY:01010 : D2 82 00   JP   NC,0082    #pixs:1472
 6350000  [54474655] PC:0AA2 A:02 B:00 C:09 D:1F E:EA HL:3407 SP:23F8 SZAPY:00100 : 3D         DEC  A          #pixs:1472
 6360000  [54567914] PC:0AA1 A:04 B:00 C:08 D:1F E:EB HL:3507 SP:23F8 SZAPY:00100 : 3A C0 20   LD   A,(20C0)   #pixs:1472
 6370000  [54661251] PC:0AA2 A:03 B:00 C:08 D:1F E:EB HL:3507 SP:23F8 SZAPY:00100 : 3D         DEC  A          #pixs:1472
 6380000  [54754510] PC:0AA1 A:05 B:00 C:07 D:1F E:EC HL:3607 SP:23F8 SZAPY:00110 : 3A C0 20   LD   A,(20C0)   #pixs:1487
 6390000  [54847860] PC:000F A:03 B:00 C:07 D:1F E:EC HL:3607 SP:23EE SZAPY:00100 : C3 8C 00   JP   008C       #pixs:1487
 6400000  [54941117] PC:0AA5 A:05 B:00 C:06 D:1F E:ED HL:3707 SP:23F8 SZAPY:00110 : C2 9E 0A   JP   NZ,0A9E    #pixs:1487
 6410000  [55034458] PC:0AA1 A:02 B:00 C:06 D:1F E:ED HL:3707 SP:23F8 SZAPY:00100 : 3A C0 20   LD   A,(20C0)   #pixs:1487
 6420000  [55127713] PC:0AA5 A:06 B:00 C:05 D:1F E:EE HL:3807 SP:23F8 SZAPY:00110 : C2 9E 0A   JP   NZ,0A9E    #pixs:1500
 6430000  [55221054] PC:0AA1 A:03 B:00 C:05 D:1F E:EE HL:3807 SP:23F8 SZAPY:00110 : 3A C0 20   LD   A,(20C0)   #pixs:1500
 6440000  [55314325] PC:0AA2 A:07 B:00 C:04 D:1F E:EF HL:3907 SP:23F8 SZAPY:00110 : 3D         DEC  A          #pixs:1516
 6450000  [55407661] PC:0AA5 A:03 B:00 C:04 D:1F E:EF HL:3907 SP:23F8 SZAPY:00110 : C2 9E 0A   JP   NZ,0A9E    #pixs:1516
 6460000  [55500928] PC:0AA2 A:07 B:00 C:03 D:1F E:F0 HL:3A07 SP:23F8 SZAPY:00110 : 3D         DEC  A          #pixs:1527
 6470000  [55594257] PC:0AA5 A:04 B:00 C:03 D:1F E:F0 HL:3A07 SP:23F8 SZAPY:00100 : C2 9E 0A   JP   NZ,0A9E    #pixs:1527
 6480000  [55687598] PC:0AA1 A:01 B:00 C:03 D:1F E:F0 HL:3A07 SP:23F8 SZAPY:00100 : 3A C0 20   LD   A,(20C0)   #pixs:1527
 6490000  [55780869] PC:0AA2 A:05 B:00 C:02 D:1F E:F1 HL:3B07 SP:23F8 SZAPY:00100 : 3D         DEC  A          #pixs:1544
 6500000  [55874205] PC:0AA5 A:01 B:00 C:02 D:1F E:F1 HL:3B07 SP:23F8 SZAPY:00100 : C2 9E 0A   JP   NZ,0A9E    #pixs:1544
 6510000  [55967472] PC:0AA2 A:05 B:00 C:01 D:1F E:F2 HL:3C07 SP:23F8 SZAPY:00100 : 3D         DEC  A          #pixs:1559
 6520000  [56060801] PC:0AA5 A:02 B:00 C:01 D:1F E:F2 HL:3C07 SP:23F8 SZAPY:00100 : C2 9E 0A   JP   NZ,0A9E    #pixs:1559
 6530000  [56152190] PC:0ADE A:7F B:1F C:A8 D:1F E:F3 HL:3C07 SP:23FE SZAPY:00100 : A7         AND  A          #pixs:1559
 6540000  [56242262] PC:0ADE A:7C B:1F C:A8 D:1F E:F3 HL:3C07 SP:23FE SZAPY:00100 : A7         AND  A          #pixs:1559
 6550000  [56332332] PC:0AE1 A:79 B:1F C:A8 D:1F E:F3 HL:3C07 SP:23FE SZAPY:00100 : C2 DA 0A   JP   NZ,0ADA    #pixs:1559
 6560000  [56422386] PC:0ADD A:77 B:1F C:A8 D:1F E:F3 HL:3C07 SP:23FE SZAPY:00010 : 3A C0 20   LD   A,(20C0)   #pixs:1559
 6570000  [56512458] PC:0ADD A:74 B:1F C:A8 D:1F E:F3 HL:3C07 SP:23FE SZAPY:00010 : 3A C0 20   LD   A,(20C0)   #pixs:1559
 6580000  [56602537] PC:0ADE A:71 B:1F C:A8 D:1F E:F3 HL:3C07 SP:23FE SZAPY:00010 : A7         AND  A          #pixs:1559
 6590000  [56692585] PC:0AE1 A:6F B:1F C:A8 D:1F E:F3 HL:3C07 SP:23FE SZAPY:00110 : C2 DA 0A   JP   NZ,0ADA    #pixs:1559
 6600000  [56782661] PC:0ADD A:6C B:1F C:A8 D:1F E:F3 HL:3C07 SP:23FE SZAPY:00110 : 3A C0 20   LD   A,(20C0)   #pixs:1559
 6610000  [56872733] PC:0ADD A:69 B:1F C:A8 D:1F E:F3 HL:3C07 SP:23FE SZAPY:00110 : 3A C0 20   LD   A,(20C0)   #pixs:1559
 6620000  [56962790] PC:0ADE A:67 B:1F C:A8 D:1F E:F3 HL:3C07 SP:23FE SZAPY:00000 : A7         AND  A          #pixs:1559
 6630000  [57052860] PC:0AE1 A:64 B:1F C:A8 D:1F E:F3 HL:3C07 SP:23FE SZAPY:00000 : C2 DA 0A   JP   NZ,0ADA    #pixs:1559
 6640000  [57142932] PC:0AE1 A:61 B:1F C:A8 D:1F E:F3 HL:3C07 SP:23FE SZAPY:00000 : C2 DA 0A   JP   NZ,0ADA    #pixs:1559
 6650000  [57233008] PC:0ADD A:5E B:1F C:A8 D:1F E:F3 HL:3C07 SP:23FE SZAPY:00100 : 3A C0 20   LD   A,(20C0)   #pixs:1559
 6660000  [57323065] PC:0ADE A:5C B:1F C:A8 D:1F E:F3 HL:3C07 SP:23FE SZAPY:00110 : A7         AND  A          #pixs:1559
 6670000  [57413137] PC:0ADE A:59 B:1F C:A8 D:1F E:F3 HL:3C07 SP:23FE SZAPY:00110 : A7         AND  A          #pixs:1559
 6680000  [57503207] PC:0AE1 A:56 B:1F C:A8 D:1F E:F3 HL:3C07 SP:23FE SZAPY:00010 : C2 DA 0A   JP   NZ,0ADA    #pixs:1559
 6690000  [57593261] PC:0ADD A:54 B:1F C:A8 D:1F E:F3 HL:3C07 SP:23FE SZAPY:00000 : 3A C0 20   LD   A,(20C0)   #pixs:1559
 6700000  [57683340] PC:0ADE A:51 B:1F C:A8 D:1F E:F3 HL:3C07 SP:23FE SZAPY:00000 : A7         AND  A          #pixs:1559
 6710000  [57773412] PC:0ADE A:4E B:1F C:A8 D:1F E:F3 HL:3C07 SP:23FE SZAPY:00110 : A7         AND  A          #pixs:1559
 6720000  [57863460] PC:0AE1 A:4C B:1F C:A8 D:1F E:F3 HL:3C07 SP:23FE SZAPY:00100 : C2 DA 0A   JP   NZ,0ADA    #pixs:1559
 6730000  [57953536] PC:0ADD A:49 B:1F C:A8 D:1F E:F3 HL:3C07 SP:23FE SZAPY:00100 : 3A C0 20   LD   A,(20C0)   #pixs:1559
 6740000  [58043608] PC:0ADD A:46 B:1F C:A8 D:1F E:F3 HL:3C07 SP:23FE SZAPY:00000 : 3A C0 20   LD   A,(20C0)   #pixs:1559
 6750000  [58133687] PC:0ADE A:43 B:1F C:A8 D:1F E:F3 HL:3C07 SP:23FE SZAPY:00000 : A7         AND  A          #pixs:1559
 6760000  [58223735] PC:0AE1 A:41 B:1F C:A8 D:1F E:F3 HL:3C07 SP:23FE SZAPY:00010 : C2 DA 0A   JP   NZ,0ADA    #pixs:1559
 6770000  [58313807] PC:0AE1 A:3E B:1F C:A8 D:1F E:F3 HL:3C07 SP:23FE SZAPY:00100 : C2 DA 0A   JP   NZ,0ADA    #pixs:1559
 6780000  [58403883] PC:0ADD A:3B B:1F C:A8 D:1F E:F3 HL:3C07 SP:23FE SZAPY:00100 : 3A C0 20   LD   A,(20C0)   #pixs:1559
 6790000  [58493940] PC:0ADE A:39 B:1F C:A8 D:1F E:F3 HL:3C07 SP:23FE SZAPY:00110 : A7         AND  A          #pixs:1559
 6800000  [58584010] PC:0AE1 A:36 B:1F C:A8 D:1F E:F3 HL:3C07 SP:23FE SZAPY:00010 : C2 DA 0A   JP   NZ,0ADA    #pixs:1559
 6810000  [58674082] PC:0AE1 A:33 B:1F C:A8 D:1F E:F3 HL:3C07 SP:23FE SZAPY:00010 : C2 DA 0A   JP   NZ,0ADA    #pixs:1559
 6820000  [58764136] PC:0ADD A:31 B:1F C:A8 D:1F E:F3 HL:3C07 SP:23FE SZAPY:00000 : 3A C0 20   LD   A,(20C0)   #pixs:1559
 6830000  [58854215] PC:0ADE A:2E B:1F C:A8 D:1F E:F3 HL:3C07 SP:23FE SZAPY:00110 : A7         AND  A          #pixs:1559
 6840000  [58944287] PC:0ADE A:2B B:1F C:A8 D:1F E:F3 HL:3C07 SP:23FE SZAPY:00110 : A7         AND  A          #pixs:1559
 6850000  [59034357] PC:0AE1 A:28 B:1F C:A8 D:1F E:F3 HL:3C07 SP:23FE SZAPY:00110 : C2 DA 0A   JP   NZ,0ADA    #pixs:1559
 6860000  [59124411] PC:0ADD A:26 B:1F C:A8 D:1F E:F3 HL:3C07 SP:23FE SZAPY:00000 : 3A C0 20   LD   A,(20C0)   #pixs:1559
 6870000  [59214493] PC:0086 A:00 B:1F C:A8 D:1F E:F3 HL:3C07 SP:23FA SZAPY:01010 : F1         POP  PSW        #pixs:1559
 6880000  [59304562] PC:0ADE A:20 B:1F C:A8 D:1F E:F3 HL:3C07 SP:23FE SZAPY:00000 : A7         AND  A          #pixs:1559
 6890000  [59394610] PC:0AE1 A:1E B:1F C:A8 D:1F E:F3 HL:3C07 SP:23FE SZAPY:00110 : C2 DA 0A   JP   NZ,0ADA    #pixs:1559
 6900000  [59484686] PC:0ADD A:1B B:1F C:A8 D:1F E:F3 HL:3C07 SP:23FE SZAPY:00110 : 3A C0 20   LD   A,(20C0)   #pixs:1559
 6910000  [59574758] PC:0ADD A:18 B:1F C:A8 D:1F E:F3 HL:3C07 SP:23FE SZAPY:00110 : 3A C0 20   LD   A,(20C0)   #pixs:1559
 6920000  [59664837] PC:0ADE A:15 B:1F C:A8 D:1F E:F3 HL:3C07 SP:23FE SZAPY:00000 : A7         AND  A          #pixs:1559
 6930000  [59754885] PC:0AE1 A:13 B:1F C:A8 D:1F E:F3 HL:3C07 SP:23FE SZAPY:00000 : C2 DA 0A   JP   NZ,0ADA    #pixs:1559
 6940000  [59844957] PC:0AE1 A:10 B:1F C:A8 D:1F E:F3 HL:3C07 SP:23FE SZAPY:00000 : C2 DA 0A   JP   NZ,0ADA    #pixs:1559
 6950000  [59935033] PC:0ADD A:0D B:1F C:A8 D:1F E:F3 HL:3C07 SP:23FE SZAPY:00100 : 3A C0 20   LD   A,(20C0)   #pixs:1559
 6960000  [60025090] PC:0ADE A:0B B:1F C:A8 D:1F E:F3 HL:3C07 SP:23FE SZAPY:00100 : A7         AND  A          #pixs:1559
 6970000  [60115160] PC:0AE1 A:08 B:1F C:A8 D:1F E:F3 HL:3C07 SP:23FE SZAPY:00100 : C2 DA 0A   JP   NZ,0ADA    #pixs:1559
 6980000  [60205232] PC:0AE1 A:05 B:1F C:A8 D:1F E:F3 HL:3C07 SP:23FE SZAPY:00010 : C2 DA 0A   JP   NZ,0ADA    #pixs:1559
 6990000  [60295286] PC:0ADD A:03 B:1F C:A8 D:1F E:F3 HL:3C07 SP:23FE SZAPY:00010 : 3A C0 20   LD   A,(20C0)   #pixs:1559
 7000000  [60381647] PC:09EE A:25 B:1F C:A8 D:00 E:06 HL:2531 SP:23FE SZAPY:10101 : DA D9 09   JP   CY,09D9    #pixs:1559
 7010000  [60455481] PC:09E4 A:0C B:1F C:A8 D:00 E:06 HL:2A6C SP:23FE SZAPY:10111 : DA E8 09   JP   CY,09E8    #pixs:1534
 7020000  [60529318] PC:09DD A:2F B:1F C:A8 D:00 E:06 HL:2FA7 SP:23FE SZAPY:10101 : 7D         LD   A,L        #pixs:1320
 7030000  [60603246] PC:09DC A:34 B:1F C:A8 D:00 E:06 HL:34D6 SP:23FE SZAPY:10101 : 23         INC  HL         #pixs:1102
 7040000  [60677075] PC:09EB A:3A B:1F C:A8 D:00 E:06 HL:3A11 SP:23FE SZAPY:10011 : FE 40      CP   40         #pixs:885
 7050000  [60750950] PC:09EE A:3F B:1F C:A8 D:00 E:06 HL:3F49 SP:23FE SZAPY:10111 : DA D9 09   JP   CY,09D9    #pixs:836
 7060000  [60838825] PC:0ADE A:3D B:1F C:A8 D:00 E:06 HL:4002 SP:23FE SZAPY:00100 : A7         AND  A          #pixs:836
 7070000  [60928873] PC:0AE1 A:3B B:1F C:A8 D:00 E:06 HL:4002 SP:23FE SZAPY:00100 : C2 DA 0A   JP   NZ,0ADA    #pixs:836
 7080000  [61018949] PC:0ADD A:38 B:1F C:A8 D:00 E:06 HL:4002 SP:23FE SZAPY:00100 : 3A C0 20   LD   A,(20C0)   #pixs:836
 7090000  [61109021] PC:0ADD A:35 B:1F C:A8 D:00 E:06 HL:4002 SP:23FE SZAPY:00010 : 3A C0 20   LD   A,(20C0)   #pixs:836
 7100000  [61199100] PC:0ADE A:32 B:1F C:A8 D:00 E:06 HL:4002 SP:23FE SZAPY:00000 : A7         AND  A          #pixs:836
 7110000  [61289148] PC:0AE1 A:30 B:1F C:A8 D:00 E:06 HL:4002 SP:23FE SZAPY:00010 : C2 DA 0A   JP   NZ,0ADA    #pixs:836
 7120000  [61379220] PC:0AE1 A:2D B:1F C:A8 D:00 E:06 HL:4002 SP:23FE SZAPY:00110 : C2 DA 0A   JP   NZ,0ADA    #pixs:836
 7130000  [61469296] PC:0ADD A:2A B:1F C:A8 D:00 E:06 HL:4002 SP:23FE SZAPY:00100 : 3A C0 20   LD   A,(20C0)   #pixs:836
 7140000  [61559353] PC:0ADE A:28 B:1F C:A8 D:00 E:06 HL:4002 SP:23FE SZAPY:00110 : A7         AND  A          #pixs:836
 7150000  [61649423] PC:0AE1 A:25 B:1F C:A8 D:00 E:06 HL:4002 SP:23FE SZAPY:00000 : C2 DA 0A   JP   NZ,0ADA    #pixs:836
 7160000  [61739495] PC:0AE1 A:22 B:1F C:A8 D:00 E:06 HL:4002 SP:23FE SZAPY:00010 : C2 DA 0A   JP   NZ,0ADA    #pixs:836
 7170000  [61829549] PC:0ADD A:20 B:1F C:A8 D:00 E:06 HL:4002 SP:23FE SZAPY:00000 : 3A C0 20   LD   A,(20C0)   #pixs:836
 7180000  [61919628] PC:0ADE A:1D B:1F C:A8 D:00 E:06 HL:4002 SP:23FE SZAPY:00110 : A7         AND  A          #pixs:836
 7190000  [62009700] PC:0ADE A:1A B:1F C:A8 D:00 E:06 HL:4002 SP:23FE SZAPY:00100 : A7         AND  A          #pixs:836
 7200000  [62099770] PC:0AE1 A:17 B:1F C:A8 D:00 E:06 HL:4002 SP:23FE SZAPY:00010 : C2 DA 0A   JP   NZ,0ADA    #pixs:836
 7210000  [62189824] PC:0ADD A:15 B:1F C:A8 D:00 E:06 HL:4002 SP:23FE SZAPY:00000 : 3A C0 20   LD   A,(20C0)   #pixs:836
 7220000  [62279896] PC:0ADD A:12 B:1F C:A8 D:00 E:06 HL:4002 SP:23FE SZAPY:00010 : 3A C0 20   LD   A,(20C0)   #pixs:836
 7230000  [62369975] PC:0ADE A:0F B:1F C:A8 D:00 E:06 HL:4002 SP:23FE SZAPY:00110 : A7         AND  A          #pixs:836
 7240000  [62460023] PC:0AE1 A:0D B:1F C:A8 D:00 E:06 HL:4002 SP:23FE SZAPY:00100 : C2 DA 0A   JP   NZ,0ADA    #pixs:836
 7250000  [62550099] PC:0ADD A:0A B:1F C:A8 D:00 E:06 HL:4002 SP:23FE SZAPY:00110 : 3A C0 20   LD   A,(20C0)   #pixs:836
 7260000  [62640171] PC:0ADD A:07 B:1F C:A8 D:00 E:06 HL:4002 SP:23FE SZAPY:00000 : 3A C0 20   LD   A,(20C0)   #pixs:836
 7270000  [62730228] PC:0ADE A:05 B:1F C:A8 D:00 E:06 HL:4002 SP:23FE SZAPY:00010 : A7         AND  A          #pixs:836
 7280000  [62820298] PC:0AE1 A:02 B:1F C:A8 D:00 E:06 HL:4002 SP:23FE SZAPY:00000 : C2 DA 0A   JP   NZ,0ADA    #pixs:836
 7290000  [62911982] PC:0AA2 A:06 B:00 C:04 D:1C E:FA HL:3117 SP:23FE SZAPY:00110 : 3D         DEC  A          #pixs:851
 7300000  [63005318] PC:0AA5 A:02 B:00 C:04 D:1C E:FA HL:3117 SP:23FE SZAPY:00100 : C2 9E 0A   JP   NZ,0A9E    #pixs:851
 7310000  [63098585] PC:0AA2 A:06 B:00 C:03 D:1C E:FB HL:3217 SP:23FE SZAPY:00110 : 3D         DEC  A          #pixs:862
 7320000  [63191914] PC:0AA5 A:03 B:00 C:03 D:1C E:FB HL:3217 SP:23FE SZAPY:00110 : C2 9E 0A   JP   NZ,0A9E    #pixs:862
 7330000  [63285181] PC:0AA2 A:07 B:00 C:02 D:1C E:FC HL:3317 SP:23FE SZAPY:00110 : 3D         DEC  A          #pixs:878
 7340000  [63378526] PC:0AA2 A:04 B:00 C:02 D:1C E:FC HL:3317 SP:23FE SZAPY:00110 : 3D         DEC  A          #pixs:878
 7350000  [63471785] PC:0AA1 A:06 B:00 C:01 D:1C E:FD HL:3417 SP:23FE SZAPY:00110 : 3A C0 20   LD   A,(20C0)   #pixs:888
 7360000  [63565129] PC:0AA2 A:04 B:00 C:01 D:1C E:FD HL:3417 SP:23FE SZAPY:00110 : 3D         DEC  A          #pixs:888
 7370000  [63658458] PC:0AA5 A:01 B:00 C:01 D:1C E:FD HL:3417 SP:23FE SZAPY:00100 : C2 9E 0A   JP   NZ,0A9E    #pixs:888
 7380000  [63751733] PC:0AA2 A:05 B:00 C:0F D:1D E:AF HL:2C14 SP:23FE SZAPY:00100 : 3D         DEC  A          #pixs:903
 7390000  [63845078] PC:0AA2 A:02 B:00 C:0F D:1D E:AF HL:2C14 SP:23FE SZAPY:00100 : 3D         DEC  A          #pixs:903
 7400000  [63938337] PC:0AA1 A:04 B:00 C:0E D:1D E:B0 HL:2D14 SP:23FE SZAPY:00100 : 3A C0 20   LD   A,(20C0)   #pixs:918
 7410000  [64031681] PC:0AA2 A:02 B:00 C:0E D:1D E:B0 HL:2D14 SP:23FE SZAPY:00100 : 3D         DEC  A          #pixs:918
 7420000  [64124933] PC:0AA1 A:05 B:00 C:0D D:1D E:B1 HL:2E14 SP:23FE SZAPY:00110 : 3A C0 20   LD   A,(20C0)   #pixs:934
 7430000  [64218277] PC:0AA2 A:03 B:00 C:0D D:1D E:B1 HL:2E14 SP:23FE SZAPY:00100 : 3D         DEC  A          #pixs:934
 7440000  [64311540] PC:0AA5 A:05 B:00 C:0C D:1D E:B2 HL:2F14 SP:23FE SZAPY:00110 : C2 9E 0A   JP   NZ,0A9E    #pixs:947
 7450000  [64404881] PC:0AA1 A:02 B:00 C:0C D:1D E:B2 HL:2F14 SP:23FE SZAPY:00100 : 3A C0 20   LD   A,(20C0)   #pixs:947
 7460000  [64498143] PC:0AA5 A:05 B:00 C:0B D:1D E:B3 HL:3014 SP:23FE SZAPY:00110 : C2 9E 0A   JP   NZ,0A9E    #pixs:965
 7470000  [64591477] PC:0AA1 A:03 B:00 C:0B D:1D E:B3 HL:3014 SP:23FE SZAPY:00110 : 3A C0 20   LD   A,(20C0)   #pixs:965
 7480000  [64684739] PC:0AA5 A:06 B:00 C:0A D:1D E:B4 HL:3114 SP:23FE SZAPY:00110 : C2 9E 0A   JP   NZ,0A9E    #pixs:965
 7490000  [64778084] PC:0AA5 A:03 B:00 C:0A D:1D E:B4 HL:3114 SP:23FE SZAPY:00110 : C2 9E 0A   JP   NZ,0A9E    #pixs:965
 7500000  [64871351] PC:0AA2 A:07 B:00 C:09 D:1D E:B5 HL:3214 SP:23FE SZAPY:00110 : 3D         DEC  A          #pixs:965
 7510000  [64964687] PC:0AA5 A:03 B:00 C:09 D:1D E:B5 HL:3214 SP:23FE SZAPY:00110 : C2 9E 0A   JP   NZ,0A9E    #pixs:965
 7520000  [65058021] PC:0AA1 A:01 B:00 C:09 D:1D E:B5 HL:3214 SP:23FE SZAPY:00100 : 3A C0 20   LD   A,(20C0)   #pixs:965
 7530000  [65151283] PC:0AA5 A:04 B:00 C:08 D:1D E:B6 HL:3314 SP:23FE SZAPY:00100 : C2 9E 0A   JP   NZ,0A9E    #pixs:976
 7540000  [65244628] PC:0AA5 A:01 B:00 C:08 D:1D E:B6 HL:3314 SP:23FE SZAPY:00100 : C2 9E 0A   JP   NZ,0A9E    #pixs:976
 7550000  [65337895] PC:0AA2 A:05 B:00 C:07 D:1D E:B7 HL:3414 SP:23FE SZAPY:00100 : 3D         DEC  A          #pixs:993
 7560000  [65431231] PC:0AA5 A:01 B:00 C:07 D:1D E:B7 HL:3414 SP:23FE SZAPY:00100 : C2 9E 0A   JP   NZ,0A9E    #pixs:993
 7570000  [65524491] PC:0AA2 A:06 B:00 C:06 D:1D E:B8 HL:3514 SP:23FE SZAPY:00110 : 3D         DEC  A          #pixs:1006
 7580000  [65617827] PC:0AA5 A:02 B:00 C:06 D:1D E:B8 HL:3514 SP:23FE SZAPY:00100 : C2 9E 0A   JP   NZ,0A9E    #pixs:1006
 7590000  [65711095] PC:0AA1 A:05 B:00 C:05 D:1D E:B9 HL:3614 SP:23FE SZAPY:00110 : 3A C0 20   LD   A,(20C0)   #pixs:1022
 7600000  [65804439] PC:0AA2 A:03 B:00 C:05 D:1D E:B9 HL:3614 SP:23FE SZAPY:00100 : 3D         DEC  A          #pixs:1022
 7610000  [65897707] PC:0ACB A:00 B:00 C:04 D:1D E:BA HL:20C0 SP:23F2 SZAPY:01010 : 0F         RRCA            #pixs:1040
 7620000  [65991035] PC:0AA2 A:04 B:00 C:04 D:1D E:BA HL:3714 SP:23FE SZAPY:00110 : 3D         DEC  A          #pixs:1040
 7630000  [66084294] PC:0AA1 A:06 B:00 C:03 D:1D E:BB HL:3814 SP:23FE SZAPY:00110 : 3A C0 20   LD   A,(20C0)   #pixs:1058
 7640000  [66177639] PC:0AA1 A:03 B:00 C:03 D:1D E:BB HL:3814 SP:23FE SZAPY:00110 : 3A C0 20   LD   A,(20C0)   #pixs:1058
 7650000  [66270901] PC:0AA5 A:06 B:00 C:02 D:1D E:BC HL:3914 SP:23FE SZAPY:00110 : C2 9E 0A   JP   NZ,0A9E    #pixs:1076
 7660000  [66364251] PC:004C A:01 B:00 C:02 D:1D E:BC HL:20C0 SP:23F4 SZAPY:00000 : 3A EF 20   LD   A,(20EF)   #pixs:1076
 7670000  [66457579] PC:0AA2 A:02 B:00 C:02 D:1D E:BC HL:3914 SP:23FE SZAPY:00100 : 3D         DEC  A          #pixs:1076
 7680000  [66550838] PC:0AA1 A:04 B:00 C:01 D:1D E:BD HL:3A14 SP:23FE SZAPY:00100 : 3A C0 20   LD   A,(20C0)   #pixs:1091
 7690000  [66644183] PC:0AA1 A:01 B:00 C:01 D:1D E:BD HL:3A14 SP:23FE SZAPY:00100 : 3A C0 20   LD   A,(20C0)   #pixs:1091
 7700000  [66734964] PC:0AE1 A:3E B:00 C:00 D:1D E:BE HL:3A14 SP:23FE SZAPY:00100 : C2 DA 0A   JP   NZ,0ADA    #pixs:1091
 7710000  [66825018] PC:0ADD A:3C B:00 C:00 D:1D E:BE HL:3A14 SP:23FE SZAPY:00110 : 3A C0 20   LD   A,(20C0)   #pixs:1091
 7720000  [66915097] PC:0ADE A:39 B:00 C:00 D:1D E:BE HL:3A14 SP:23FE SZAPY:00110 : A7         AND  A          #pixs:1091
 7730000  [67005169] PC:0ADE A:36 B:00 C:00 D:1D E:BE HL:3A14 SP:23FE SZAPY:00010 : A7         AND  A          #pixs:1091
 7740000  [67095217] PC:0AE1 A:34 B:00 C:00 D:1D E:BE HL:3A14 SP:23FE SZAPY:00000 : C2 DA 0A   JP   NZ,0ADA    #pixs:1091
 7750000  [67185293] PC:0ADD A:31 B:00 C:00 D:1D E:BE HL:3A14 SP:23FE SZAPY:00000 : 3A C0 20   LD   A,(20C0)   #pixs:1091
 7760000  [67275365] PC:0ADD A:2E B:00 C:00 D:1D E:BE HL:3A14 SP:23FE SZAPY:00110 : 3A C0 20   LD   A,(20C0)   #pixs:1091
 7770000  [67365444] PC:0ADE A:2B B:00 C:00 D:1D E:BE HL:3A14 SP:23FE SZAPY:00110 : A7         AND  A          #pixs:1091
 7780000  [67455492] PC:0AE1 A:29 B:00 C:00 D:1D E:BE HL:3A14 SP:23FE SZAPY:00100 : C2 DA 0A   JP   NZ,0ADA    #pixs:1091
 7790000  [67545564] PC:0AE1 A:26 B:00 C:00 D:1D E:BE HL:3A14 SP:23FE SZAPY:00000 : C2 DA 0A   JP   NZ,0ADA    #pixs:1091
 7800000  [67635640] PC:0ADD A:23 B:00 C:00 D:1D E:BE HL:3A14 SP:23FE SZAPY:00000 : 3A C0 20   LD   A,(20C0)   #pixs:1091
 7810000  [67725697] PC:0ADE A:21 B:00 C:00 D:1D E:BE HL:3A14 SP:23FE SZAPY:00010 : A7         AND  A          #pixs:1091
 7820000  [67815767] PC:0AE1 A:1E B:00 C:00 D:1D E:BE HL:3A14 SP:23FE SZAPY:00110 : C2 DA 0A   JP   NZ,0ADA    #pixs:1091
 7830000  [67905839] PC:0AE1 A:1B B:00 C:00 D:1D E:BE HL:3A14 SP:23FE SZAPY:00110 : C2 DA 0A   JP   NZ,0ADA    #pixs:1091
 7840000  [67995893] PC:0ADD A:19 B:00 C:00 D:1D E:BE HL:3A14 SP:23FE SZAPY:00100 : 3A C0 20   LD   A,(20C0)   #pixs:1091
 7850000  [68085972] PC:0ADE A:16 B:00 C:00 D:1D E:BE HL:3A14 SP:23FE SZAPY:00000 : A7         AND  A          #pixs:1091
 7860000  [68176044] PC:0ADE A:13 B:00 C:00 D:1D E:BE HL:3A14 SP:23FE SZAPY:00000 : A7         AND  A          #pixs:1091
 7870000  [68266114] PC:0AE1 A:10 B:00 C:00 D:1D E:BE HL:3A14 SP:23FE SZAPY:00000 : C2 DA 0A   JP   NZ,0ADA    #pixs:1091
 7880000  [68356168] PC:0ADD A:0E B:00 C:00 D:1D E:BE HL:3A14 SP:23FE SZAPY:00100 : 3A C0 20   LD   A,(20C0)   #pixs:1091
 7890000  [68446240] PC:0ADD A:0B B:00 C:00 D:1D E:BE HL:3A14 SP:23FE SZAPY:00100 : 3A C0 20   LD   A,(20C0)   #pixs:1091
 7900000  [68536319] PC:0ADE A:08 B:00 C:00 D:1D E:BE HL:3A14 SP:23FE SZAPY:00100 : A7         AND  A          #pixs:1091
 7910000  [68626367] PC:0AE1 A:06 B:00 C:00 D:1D E:BE HL:3A14 SP:23FE SZAPY:00010 : C2 DA 0A   JP   NZ,0ADA    #pixs:1091
 7920000  [68716443] PC:0ADD A:03 B:00 C:00 D:1D E:BE HL:3A14 SP:23FE SZAPY:00010 : 3A C0 20   LD   A,(20C0)   #pixs:1091
 7930000  [68806038] PC:1446 A:24 B:05 C:0B D:1E E:03 HL:3270 SP:23F8 SZAPY:00110 : C2 39 14   JP   NZ,1439    #pixs:1240
 7940000  [68897714] PC:0AA1 A:03 B:00 C:0A D:1D E:E0 HL:2F0E SP:23F8 SZAPY:00110 : 3A C0 20   LD   A,(20C0)   #pixs:1604
 7950000  [68991051] PC:0AA2 A:02 B:00 C:0A D:1D E:E0 HL:2F0E SP:23F8 SZAPY:00100 : 3D         DEC  A          #pixs:1604
 7960000  [69084310] PC:0AA1 A:04 B:00 C:09 D:1D E:E1 HL:300E SP:23F8 SZAPY:00100 : 3A C0 20   LD   A,(20C0)   #pixs:1613
 7970000  [69177655] PC:0AA1 A:01 B:00 C:09 D:1D E:E1 HL:300E SP:23F8 SZAPY:00100 : 3A C0 20   LD   A,(20C0)   #pixs:1613
 7980000  [69270917] PC:0AA5 A:04 B:00 C:08 D:1D E:E2 HL:310E SP:23F8 SZAPY:00100 : C2 9E 0A   JP   NZ,0A9E    #pixs:1613
 7990000  [69364263] PC:005D A:00 B:00 C:08 D:1D E:E2 HL:20C0 SP:23EE SZAPY:01010 : C3 82 00   JP   0082       #pixs:1613
 8000000  [69457513] PC:0AA5 A:05 B:00 C:07 D:1D E:E3 HL:320E SP:23F8 SZAPY:00110 : C2 9E 0A   JP   NZ,0A9E    #pixs:1631
 8010000  [69550854] PC:0AA1 A:02 B:00 C:07 D:1D E:E3 HL:320E SP:23F8 SZAPY:00100 : 3A C0 20   LD   A,(20C0)   #pixs:1631
 8020000  [69644125] PC:0AA2 A:06 B:00 C:06 D:1D E:E4 HL:330E SP:23F8 SZAPY:00110 : 3D         DEC  A          #pixs:1641
 8030000  [69737461] PC:0AA5 A:02 B:00 C:06 D:1D E:E4 HL:330E SP:23F8 SZAPY:00100 : C2 9E 0A   JP   NZ,0A9E    #pixs:1641
 8040000  [69830727] PC:0042 A:01 B:00 C:05 D:1D E:E5 HL:20C0 SP:23EE SZAPY:01011 : 32 EA 20   LD   (20EA),A   #pixs:1656
 8050000  [69924057] PC:0AA5 A:03 B:00 C:05 D:1D E:E5 HL:340E SP:23F8 SZAPY:00110 : C2 9E 0A   JP   NZ,0A9E    #pixs:1656
 8060000  [70017324] PC:0AA2 A:07 B:00 C:04 D:1D E:E6 HL:350E SP:23F8 SZAPY:00110 : 3D         DEC  A          #pixs:1667
 8070000  [70110669] PC:0AA2 A:04 B:00 C:04 D:1D E:E6 HL:350E SP:23F8 SZAPY:00110 : 3D         DEC  A          #pixs:1667
 8080000  [70203928] PC:0AA1 A:06 B:00 C:03 D:1D E:E7 HL:360E SP:23F8 SZAPY:00110 : 3A C0 20   LD   A,(20C0)   #pixs:1685
 8090000  [70297264] PC:001C A:80 B:00 C:03 D:1D E:E7 HL:360E SP:23EE SZAPY:00100 : 21 C0 20   LD   HL,20C0    #pixs:1685
 8100000  [70390601] PC:0AA5 A:01 B:00 C:03 D:1D E:E7 HL:360E SP:23F8 SZAPY:00100 : C2 9E 0A   JP   NZ,0A9E    #pixs:1685
 8110000  [70483868] PC:0AA2 A:05 B:00 C:02 D:1D E:E8 HL:370E SP:23F8 SZAPY:00100 : 3D         DEC  A          #pixs:1703
 8120000  [70577213] PC:0AA2 A:02 B:00 C:02 D:1D E:E8 HL:370E SP:23F8 SZAPY:00100 : 3D         DEC  A          #pixs:1703
 8130000  [70670472] PC:0AA1 A:04 B:00 C:01 D:1D E:E9 HL:380E SP:23F8 SZAPY:00100 : 3A C0 20   LD   A,(20C0)   #pixs:1713
 8140000  [70763809] PC:0AA2 A:03 B:00 C:01 D:1D E:E9 HL:380E SP:23F8 SZAPY:00100 : 3D         DEC  A          #pixs:1713
 8150000  [70857029] PC:0AA5 A:05 B:00 C:0A D:1D E:EA HL:2F0C SP:23F8 SZAPY:00110 : C2 9E 0A   JP   NZ,0A9E    #pixs:1723
 8160000  [70950370] PC:0AA1 A:02 B:00 C:0A D:1D E:EA HL:2F0C SP:23F8 SZAPY:00100 : 3A C0 20   LD   A,(20C0)   #pixs:1723
 8170000  [71043641] PC:0AA2 A:06 B:00 C:09 D:1D E:EB HL:300C SP:23F8 SZAPY:00110 : 3D         DEC  A          #pixs:1738
 8180000  [71136977] PC:0AA5 A:02 B:00 C:09 D:1D E:EB HL:300C SP:23F8 SZAPY:00100 : C2 9E 0A   JP   NZ,0A9E    #pixs:1738
 8190000  [71230237] PC:0AA2 A:07 B:00 C:08 D:1D E:EC HL:310C SP:23F8 SZAPY:00110 : 3D         DEC  A          #pixs:1757
 8200000  [71323573] PC:0AA5 A:03 B:00 C:08 D:1D E:EC HL:310C SP:23F8 SZAPY:00110 : C2 9E 0A   JP   NZ,0A9E    #pixs:1757
 8210000  [71416840] PC:0AA2 A:07 B:00 C:07 D:1D E:ED HL:320C SP:23F8 SZAPY:00110 : 3D         DEC  A          #pixs:1757
 8220000  [71510185] PC:0AA2 A:04 B:00 C:07 D:1D E:ED HL:320C SP:23F8 SZAPY:00110 : 3D         DEC  A          #pixs:1757
 8230000  [71603444] PC:0AA1 A:06 B:00 C:06 D:1D E:EE HL:330C SP:23F8 SZAPY:00110 : 3A C0 20   LD   A,(20C0)   #pixs:1772
 8240000  [71696781] PC:0AA2 A:05 B:00 C:06 D:1D E:EE HL:330C SP:23F8 SZAPY:00100 : 3D         DEC  A          #pixs:1772
 8250000  [71790117] PC:0AA5 A:01 B:00 C:06 D:1D E:EE HL:330C SP:23F8 SZAPY:00100 : C2 9E 0A   JP   NZ,0A9E    #pixs:1772
 8260000  [71883384] PC:0AA2 A:05 B:00 C:05 D:1D E:EF HL:340C SP:23F8 SZAPY:00100 : 3D         DEC  A          #pixs:1788
 8270000  [71976729] PC:0AA2 A:02 B:00 C:05 D:1D E:EF HL:340C SP:23F8 SZAPY:00100 : 3D         DEC  A          #pixs:1788
 8280000  [72069988] PC:0AA1 A:04 B:00 C:04 D:1D E:F0 HL:350C SP:23F8 SZAPY:00100 : 3A C0 20   LD   A,(20C0)   #pixs:1799
 8290000  [72163325] PC:0AA2 A:03 B:00 C:04 D:1D E:F0 HL:350C SP:23F8 SZAPY:00100 : 3D         DEC  A          #pixs:1799
 8300000  [72256584] PC:0AA1 A:05 B:00 C:03 D:1D E:F1 HL:360C SP:23F8 SZAPY:00110 : 3A C0 20   LD   A,(20C0)   #pixs:1816
 8310000  [72349928] PC:0AA2 A:03 B:00 C:03 D:1D E:F1 HL:360C SP:23F8 SZAPY:00100 : 3D         DEC  A          #pixs:1816
 8320000  [72443191] PC:0AA5 A:05 B:00 C:02 D:1D E:F2 HL:370C SP:23F8 SZAPY:00110 : C2 9E 0A   JP   NZ,0A9E    #pixs:1827
 8330000  [72536532] PC:0AA1 A:02 B:00 C:02 D:1D E:F2 HL:370C SP:23F8 SZAPY:00100 : 3A C0 20   LD   A,(20C0)   #pixs:1827
 8340000  [72629787] PC:0AA5 A:06 B:00 C:01 D:1D E:F3 HL:380C SP:23F8 SZAPY:00110 : C2 9E 0A   JP   NZ,0A9E    #pixs:1842
 8350000  [72723128] PC:0AA1 A:03 B:00 C:01 D:1D E:F3 HL:380C SP:23F8 SZAPY:00110 : 3A C0 20   LD   A,(20C0)   #pixs:1842
 8360000  [72816356] PC:0AA2 A:07 B:00 C:0A D:1D E:F4 HL:2F0A SP:23F8 SZAPY:00110 : 3D         DEC  A          #pixs:1852
 8370000  [72909701] PC:0AA2 A:04 B:00 C:0A D:1D E:F4 HL:2F0A SP:23F8 SZAPY:00110 : 3D         DEC  A          #pixs:1852
 8380000  [73002960] PC:0AA1 A:06 B:00 C:09 D:1D E:F5 HL:300A SP:23F8 SZAPY:00110 : 3A C0 20   LD   A,(20C0)   #pixs:1867
 8390000  [73096297] PC:0AA2 A:05 B:00 C:09 D:1D E:F5 HL:300A SP:23F8 SZAPY:00100 : 3D         DEC  A          #pixs:1867
 8400000  [73189633] PC:0AA5 A:01 B:00 C:09 D:1D E:F5 HL:300A SP:23F8 SZAPY:00100 : C2 9E 0A   JP   NZ,0A9E    #pixs:1867
 8410000  [73282900] PC:0AA2 A:05 B:00 C:08 D:1D E:F6 HL:310A SP:23F8 SZAPY:00100 : 3D         DEC  A          #pixs:1886
 8420000  [73376245] PC:0AA2 A:02 B:00 C:08 D:1D E:F6 HL:310A SP:23F8 SZAPY:00100 : 3D         DEC  A          #pixs:1886
 8430000  [73469504] PC:0AA1 A:04 B:00 C:07 D:1D E:F7 HL:320A SP:23F8 SZAPY:00100 : 3A C0 20   LD   A,(20C0)   #pixs:1886
 8440000  [73562841] PC:0AA2 A:03 B:00 C:07 D:1D E:F7 HL:320A SP:23F8 SZAPY:00100 : 3D         DEC  A          #pixs:1886
 8450000  [73656100] PC:0AA1 A:05 B:00 C:06 D:1D E:F8 HL:330A SP:23F8 SZAPY:00110 : 3A C0 20   LD   A,(20C0)   #pixs:1901
 8460000  [73749444] PC:0AA2 A:03 B:00 C:06 D:1D E:F8 HL:330A SP:23F8 SZAPY:00100 : 3D         DEC  A          #pixs:1901
 8470000  [73842707] PC:0AA5 A:05 B:00 C:05 D:1D E:F9 HL:340A SP:23F8 SZAPY:00110 : C2 9E 0A   JP   NZ,0A9E    #pixs:1917
 8480000  [73936048] PC:0AA1 A:02 B:00 C:05 D:1D E:F9 HL:340A SP:23F8 SZAPY:00100 : 3A C0 20   LD   A,(20C0)   #pixs:1917
 8490000  [74029303] PC:0AA5 A:06 B:00 C:04 D:1D E:FA HL:350A SP:23F8 SZAPY:00110 : C2 9E 0A   JP   NZ,0A9E    #pixs:1928
 8500000  [74122644] PC:0AA1 A:03 B:00 C:04 D:1D E:FA HL:350A SP:23F8 SZAPY:00110 : 3A C0 20   LD   A,(20C0)   #pixs:1928
 8510000  [74215906] PC:0AA5 A:06 B:00 C:03 D:1D E:FB HL:360A SP:23F8 SZAPY:00110 : C2 9E 0A   JP   NZ,0A9E    #pixs:1945
 8520000  [74309251] PC:0AA5 A:03 B:00 C:03 D:1D E:FB HL:360A SP:23F8 SZAPY:00110 : C2 9E 0A   JP   NZ,0A9E    #pixs:1945
 8530000  [74402518] PC:0AA2 A:07 B:00 C:02 D:1D E:FC HL:370A SP:23F8 SZAPY:00110 : 3D         DEC  A          #pixs:1956
 8540000  [74495847] PC:0AA5 A:04 B:00 C:02 D:1D E:FC HL:370A SP:23F8 SZAPY:00100 : C2 9E 0A   JP   NZ,0A9E    #pixs:1956
 8550000  [74589188] PC:0AA1 A:01 B:00 C:02 D:1D E:FC HL:370A SP:23F8 SZAPY:00100 : 3A C0 20   LD   A,(20C0)   #pixs:1956
 8560000  [74682450] PC:0AA5 A:04 B:00 C:01 D:1D E:FD HL:380A SP:23F8 SZAPY:00100 : C2 9E 0A   JP   NZ,0A9E    #pixs:1971
 8570000  [74775795] PC:0AA5 A:01 B:00 C:01 D:1D E:FD HL:380A SP:23F8 SZAPY:00100 : C2 9E 0A   JP   NZ,0A9E    #pixs:1971
 8580000  [74869020] PC:0AA1 A:04 B:00 C:0A D:1C E:99 HL:2F08 SP:23F8 SZAPY:00100 : 3A C0 20   LD   A,(20C0)   #pixs:1981
 8590000  [74962357] PC:0AA2 A:03 B:00 C:0A D:1C E:99 HL:2F08 SP:23F8 SZAPY:00100 : 3D         DEC  A          #pixs:1981
 8600000  [75055616] PC:0AA1 A:05 B:00 C:09 D:1C E:9A HL:3008 SP:23F8 SZAPY:00110 : 3A C0 20   LD   A,(20C0)   #pixs:1991
 8610000  [75148960] PC:0AA2 A:03 B:00 C:09 D:1C E:9A HL:3008 SP:23F8 SZAPY:00100 : 3D         DEC  A          #pixs:1991
 8620000  [75242223] PC:0AA5 A:05 B:00 C:08 D:1C E:9B HL:3108 SP:23F8 SZAPY:00110 : C2 9E 0A   JP   NZ,0A9E    #pixs:2010
 8630000  [75335564] PC:0AA1 A:02 B:00 C:08 D:1C E:9B HL:3108 SP:23F8 SZAPY:00100 : 3A C0 20   LD   A,(20C0)   #pixs:2010
 8640000  [75428819] PC:0AA5 A:06 B:00 C:07 D:1C E:9C HL:3208 SP:23F8 SZAPY:00110 : C2 9E 0A   JP   NZ,0A9E    #pixs:2010
 8650000  [75522160] PC:0AA1 A:03 B:00 C:07 D:1C E:9C HL:3208 SP:23F8 SZAPY:00110 : 3A C0 20   LD   A,(20C0)   #pixs:2010
 8660000  [75615422] PC:0AA5 A:06 B:00 C:06 D:1C E:9D HL:3308 SP:23F8 SZAPY:00110 : C2 9E 0A   JP   NZ,0A9E    #pixs:2025
 8670000  [75708767] PC:0AA5 A:03 B:00 C:06 D:1C E:9D HL:3308 SP:23F8 SZAPY:00110 : C2 9E 0A   JP   NZ,0A9E    #pixs:2025
 8680000  [75802034] PC:0AA2 A:07 B:00 C:05 D:1C E:9E HL:3408 SP:23F8 SZAPY:00110 : 3D         DEC  A          #pixs:2041
 8690000  [75895363] PC:0AA5 A:04 B:00 C:05 D:1C E:9E HL:3408 SP:23F8 SZAPY:00100 : C2 9E 0A   JP   NZ,0A9E    #pixs:2041
 8700000  [75988704] PC:0AA1 A:01 B:00 C:05 D:1C E:9E HL:3408 SP:23F8 SZAPY:00100 : 3A C0 20   LD   A,(20C0)   #pixs:2041
 8710000  [76081966] PC:0AA5 A:04 B:00 C:04 D:1C E:9F HL:3508 SP:23F8 SZAPY:00100 : C2 9E 0A   JP   NZ,0A9E    #pixs:2052
 8720000  [76175311] PC:0AA5 A:01 B:00 C:04 D:1C E:9F HL:3508 SP:23F8 SZAPY:00100 : C2 9E 0A   JP   NZ,0A9E    #pixs:2052
 8730000  [76268578] PC:0AA2 A:05 B:00 C:03 D:1C E:A0 HL:3608 SP:23F8 SZAPY:00100 : 3D         DEC  A          #pixs:2069
 8740000  [76361907] PC:0AA5 A:02 B:00 C:03 D:1C E:A0 HL:3608 SP:23F8 SZAPY:00100 : C2 9E 0A   JP   NZ,0A9E    #pixs:2069
 8750000  [76455174] PC:0AA2 A:06 B:00 C:02 D:1C E:A1 HL:3708 SP:23F8 SZAPY:00110 : 3D         DEC  A          #pixs:2080
 8760000  [76548510] PC:0AA5 A:02 B:00 C:02 D:1C E:A1 HL:3708 SP:23F8 SZAPY:00100 : C2 9E 0A   JP   NZ,0A9E    #pixs:2080
 8770000  [76641778] PC:0AA1 A:05 B:00 C:01 D:1C E:A2 HL:3808 SP:23F8 SZAPY:00110 : 3A C0 20   LD   A,(20C0)   #pixs:2095
 8780000  [76735122] PC:0AA2 A:03 B:00 C:01 D:1C E:A2 HL:3808 SP:23F8 SZAPY:00100 : 3D         DEC  A          #pixs:2095
 8790000  [76827361] PC:0ADD A:80 B:1D C:DF D:1C E:A3 HL:3808 SP:23FE SZAPY:10000 : 3A C0 20   LD   A,(20C0)   #pixs:2095
 8800000  [76917440] PC:0ADE A:7D B:1D C:DF D:1C E:A3 HL:3808 SP:23FE SZAPY:00110 : A7         AND  A          #pixs:2095
 8810000  [77007512] PC:0ADE A:7A B:1D C:DF D:1C E:A3 HL:3808 SP:23FE SZAPY:00100 : A7         AND  A          #pixs:2095
 8820000  [77097582] PC:0AE1 A:77 B:1D C:DF D:1C E:A3 HL:3808 SP:23FE SZAPY:00010 : C2 DA 0A   JP   NZ,0ADA    #pixs:2095
 8830000  [77187636] PC:0ADD A:75 B:1D C:DF D:1C E:A3 HL:3808 SP:23FE SZAPY:00000 : 3A C0 20   LD   A,(20C0)   #pixs:2095
 8840000  [77277708] PC:0ADD A:72 B:1D C:DF D:1C E:A3 HL:3808 SP:23FE SZAPY:00010 : 3A C0 20   LD   A,(20C0)   #pixs:2095
 8850000  [77367787] PC:0ADE A:6F B:1D C:DF D:1C E:A3 HL:3808 SP:23FE SZAPY:00110 : A7         AND  A          #pixs:2095
 8860000  [77457835] PC:0AE1 A:6D B:1D C:DF D:1C E:A3 HL:3808 SP:23FE SZAPY:00100 : C2 DA 0A   JP   NZ,0ADA    #pixs:2095
 8870000  [77547911] PC:0ADD A:6A B:1D C:DF D:1C E:A3 HL:3808 SP:23FE SZAPY:00110 : 3A C0 20   LD   A,(20C0)   #pixs:2095
 8880000  [77637983] PC:0ADD A:67 B:1D C:DF D:1C E:A3 HL:3808 SP:23FE SZAPY:00000 : 3A C0 20   LD   A,(20C0)   #pixs:2095
 8890000  [77728040] PC:0ADE A:65 B:1D C:DF D:1C E:A3 HL:3808 SP:23FE SZAPY:00010 : A7         AND  A          #pixs:2095
 8900000  [77818110] PC:0AE1 A:62 B:1D C:DF D:1C E:A3 HL:3808 SP:23FE SZAPY:00000 : C2 DA 0A   JP   NZ,0ADA    #pixs:2095
 8910000  [77908182] PC:0AE1 A:5F B:1D C:DF D:1C E:A3 HL:3808 SP:23FE SZAPY:00110 : C2 DA 0A   JP   NZ,0ADA    #pixs:2095
 8920000  [77998258] PC:0ADD A:5C B:1D C:DF D:1C E:A3 HL:3808 SP:23FE SZAPY:00110 : 3A C0 20   LD   A,(20C0)   #pixs:2095
 8930000  [78088315] PC:0ADE A:5A B:1D C:DF D:1C E:A3 HL:3808 SP:23FE SZAPY:00110 : A7         AND  A          #pixs:2095
 8940000  [78178387] PC:0ADE A:57 B:1D C:DF D:1C E:A3 HL:3808 SP:23FE SZAPY:00000 : A7         AND  A          #pixs:2095
 8950000  [78268457] PC:0AE1 A:54 B:1D C:DF D:1C E:A3 HL:3808 SP:23FE SZAPY:00000 : C2 DA 0A   JP   NZ,0ADA    #pixs:2095
 8960000  [78358511] PC:0ADD A:52 B:1D C:DF D:1C E:A3 HL:3808 SP:23FE SZAPY:00000 : 3A C0 20   LD   A,(20C0)   #pixs:2095
 8970000  [78448590] PC:0ADE A:4F B:1D C:DF D:1C E:A3 HL:3808 SP:23FE SZAPY:00100 : A7         AND  A          #pixs:2095
 8980000  [78538662] PC:0ADE A:4C B:1D C:DF D:1C E:A3 HL:3808 SP:23FE SZAPY:00100 : A7         AND  A          #pixs:2095
 8990000  [78628710] PC:0AE1 A:4A B:1D C:DF D:1C E:A3 HL:3808 SP:23FE SZAPY:00100 : C2 DA 0A   JP   NZ,0ADA    #pixs:2095
 9000000  [78718786] PC:0ADD A:47 B:1D C:DF D:1C E:A3 HL:3808 SP:23FE SZAPY:00010 : 3A C0 20   LD   A,(20C0)   #pixs:2095
 9010000  [78808858] PC:0ADD A:44 B:1D C:DF D:1C E:A3 HL:3808 SP:23FE SZAPY:00010 : 3A C0 20   LD   A,(20C0)   #pixs:2095
 9020000  [78898937] PC:0ADE A:41 B:1D C:DF D:1C E:A3 HL:3808 SP:23FE SZAPY:00010 : A7         AND  A          #pixs:2095
 9030000  [78988985] PC:0AE1 A:3F B:1D C:DF D:1C E:A3 HL:3808 SP:23FE SZAPY:00110 : C2 DA 0A   JP   NZ,0ADA    #pixs:2095
 9040000  [79079057] PC:0AE1 A:3C B:1D C:DF D:1C E:A3 HL:3808 SP:23FE SZAPY:00110 : C2 DA 0A   JP   NZ,0ADA    #pixs:2095
 9050000  [79169133] PC:0ADD A:39 B:1D C:DF D:1C E:A3 HL:3808 SP:23FE SZAPY:00110 : 3A C0 20   LD   A,(20C0)   #pixs:2095
 9060000  [79259190] PC:0ADE A:37 B:1D C:DF D:1C E:A3 HL:3808 SP:23FE SZAPY:00000 : A7         AND  A          #pixs:2095
 9070000  [79349260] PC:0AE1 A:34 B:1D C:DF D:1C E:A3 HL:3808 SP:23FE SZAPY:00000 : C2 DA 0A   JP   NZ,0ADA    #pixs:2095
 9080000  [79439332] PC:0AE1 A:31 B:1D C:DF D:1C E:A3 HL:3808 SP:23FE SZAPY:00000 : C2 DA 0A   JP   NZ,0ADA    #pixs:2095
 9090000  [79529386] PC:0ADD A:2F B:1D C:DF D:1C E:A3 HL:3808 SP:23FE SZAPY:00100 : 3A C0 20   LD   A,(20C0)   #pixs:2095
 9100000  [79619465] PC:0ADE A:2C B:1D C:DF D:1C E:A3 HL:3808 SP:23FE SZAPY:00100 : A7         AND  A          #pixs:2095
 9110000  [79709537] PC:0ADE A:29 B:1D C:DF D:1C E:A3 HL:3808 SP:23FE SZAPY:00100 : A7         AND  A          #pixs:2095
 9120000  [79799607] PC:0AE1 A:26 B:1D C:DF D:1C E:A3 HL:3808 SP:23FE SZAPY:00000 : C2 DA 0A   JP   NZ,0ADA    #pixs:2095
 9130000  [79889661] PC:0ADD A:24 B:1D C:DF D:1C E:A3 HL:3808 SP:23FE SZAPY:00010 : 3A C0 20   LD   A,(20C0)   #pixs:2095
 9140000  [79979733] PC:0ADD A:21 B:1D C:DF D:1C E:A3 HL:3808 SP:23FE SZAPY:00010 : 3A C0 20   LD   A,(20C0)   #pixs:2095
 9150000  [80069812] PC:0ADE A:1E B:1D C:DF D:1C E:A3 HL:3808 SP:23FE SZAPY:00110 : A7         AND  A          #pixs:2095
 9160000  [80159860] PC:0AE1 A:1C B:1D C:DF D:1C E:A3 HL:3808 SP:23FE SZAPY:00100 : C2 DA 0A   JP   NZ,0ADA    #pixs:2095
 9170000  [80249936] PC:0ADD A:19 B:1D C:DF D:1C E:A3 HL:3808 SP:23FE SZAPY:00100 : 3A C0 20   LD   A,(20C0)   #pixs:2095
 9180000  [80340008] PC:0ADD A:16 B:1D C:DF D:1C E:A3 HL:3808 SP:23FE SZAPY:00000 : 3A C0 20   LD   A,(20C0)   #pixs:2095
 9190000  [80430065] PC:0ADE A:14 B:1D C:DF D:1C E:A3 HL:3808 SP:23FE SZAPY:00010 : A7         AND  A          #pixs:2095
 9200000  [80520135] PC:0AE1 A:11 B:1D C:DF D:1C E:A3 HL:3808 SP:23FE SZAPY:00010 : C2 DA 0A   JP   NZ,0ADA    #pixs:2095
 9210000  [80610207] PC:0AE1 A:0E B:1D C:DF D:1C E:A3 HL:3808 SP:23FE SZAPY:00100 : C2 DA 0A   JP   NZ,0ADA    #pixs:2095
 9220000  [80700283] PC:0ADD A:0B B:1D C:DF D:1C E:A3 HL:3808 SP:23FE SZAPY:00100 : 3A C0 20   LD   A,(20C0)   #pixs:2095
 9230000  [80790340] PC:0ADE A:09 B:1D C:DF D:1C E:A3 HL:3808 SP:23FE SZAPY:00110 : A7         AND  A          #pixs:2095
 9240000  [80880410] PC:0AE1 A:06 B:1D C:DF D:1C E:A3 HL:3808 SP:23FE SZAPY:00010 : C2 DA 0A   JP   NZ,0ADA    #pixs:2095
 9250000  [80970482] PC:0AE1 A:03 B:1D C:DF D:1C E:A3 HL:3808 SP:23FE SZAPY:00010 : C2 DA 0A   JP   NZ,0ADA    #pixs:2095
 9260000  [81060536] PC:0ADD A:01 B:1D C:DF D:1C E:A3 HL:3808 SP:23FE SZAPY:00000 : 3A C0 20   LD   A,(20C0)   #pixs:2095
 9270000  [81152046] PC:0A8E A:00 B:00 C:DF D:1A E:A1 HL:20CE SP:23FE SZAPY:01010 : CA 85 0A   JP   Z,0A85     #pixs:2095
 9280000  [81243447] PC:0A8B A:00 B:00 C:DF D:1A E:A1 HL:20CE SP:23FE SZAPY:01010 : A7         AND  A          #pixs:2107
 9290000  [81334840] PC:0A8B A:00 B:00 C:DF D:1A E:A1 HL:20CE SP:23FE SZAPY:01010 : A7         AND  A          #pixs:2121
 9300000  [81426596] PC:0A8E A:00 B:00 C:DF D:1A E:A1 HL:20CE SP:23FE SZAPY:01010 : CA 85 0A   JP   Z,0A85     #pixs:2129
 9310000  [81517989] PC:0A8E A:00 B:00 C:DF D:1A E:A1 HL:20CE SP:23FE SZAPY:01010 : CA 85 0A   JP   Z,0A85     #pixs:2131
 9320000  [81609390] PC:0A8B A:00 B:00 C:DF D:1A E:A1 HL:20CE SP:23FE SZAPY:01010 : A7         AND  A          #pixs:2129
 9330000  [81700786] PC:0A8B A:00 B:00 C:DF D:1A E:A1 HL:20CE SP:23FE SZAPY:01010 : A7         AND  A          #pixs:2129
 9340000  [81792539] PC:0A8E A:00 B:00 C:DF D:1A E:A1 HL:20CE SP:23FE SZAPY:01010 : CA 85 0A   JP   Z,0A85     #pixs:2131
 9350000  [81883932] PC:0A8E A:00 B:00 C:DF D:1A E:A1 HL:20CE SP:23FE SZAPY:01010 : CA 85 0A   JP   Z,0A85     #pixs:2129
 9360000  [81975336] PC:0A8B A:00 B:00 C:DF D:1A E:A1 HL:20CE SP:23FE SZAPY:01010 : A7         AND  A          #pixs:2129
 9370000  [82066726] PC:15F1 A:00 B:00 C:1C D:1C E:30 HL:3E17 SP:23F0 SZAPY:01110 : C2 D7 15   JP   NZ,15D7    #pixs:2131
 9380000  [82158482] PC:0A8E A:00 B:00 C:DF D:1A E:A1 HL:20CE SP:23FE SZAPY:01010 : CA 85 0A   JP   Z,0A85     #pixs:2129
 9390000  [82249878] PC:0A8E A:00 B:00 C:DF D:1A E:A1 HL:20CE SP:23FE SZAPY:01010 : CA 85 0A   JP   Z,0A85     #pixs:2129
 9400000  [82341273] PC:0A87 A:00 B:00 C:DF D:1A E:A1 HL:20CE SP:23FE SZAPY:01010 : D3 06      OUT  06         #pixs:2131
 9410000  [82432726] PC:15E4 A:00 B:05 C:1C D:1C E:5C HL:3C18 SP:23EC SZAPY:01010 : D3 04      OUT  04         #pixs:2132
 9420000  [82524428] PC:0A8E A:00 B:00 C:DF D:1A E:A1 HL:20CE SP:23FE SZAPY:01010 : CA 85 0A   JP   Z,0A85     #pixs:2129
 9430000  [82615821] PC:0A8A A:00 B:00 C:DF D:1A E:A1 HL:20CE SP:23FE SZAPY:01010 : 3A CB 20   LD   A,(20CB)   #pixs:2131
 9440000  [82707222] PC:0A8B A:00 B:00 C:DF D:1A E:A1 HL:20CE SP:23FE SZAPY:01010 : A7         AND  A          #pixs:2129
 9450000  [82798738] PC:15E1 A:FA B:09 C:1C D:1C E:27 HL:3A38 SP:23EC SZAPY:00110 : 13         INC  DE         #pixs:2136
 9460000  [82890371] PC:0A8A A:00 B:00 C:DF D:1A E:A1 HL:20CE SP:23FE SZAPY:01010 : 3A CB 20   LD   A,(20CB)   #pixs:2131
 9470000  [82981764] PC:0A8E A:00 B:00 C:DF D:1A E:A1 HL:20CE SP:23FE SZAPY:01010 : CA 85 0A   JP   Z,0A85     #pixs:2129
 9480000  [83073162] PC:0A87 A:00 B:00 C:DF D:1A E:A1 HL:20CE SP:23FE SZAPY:01010 : D3 06      OUT  06         #pixs:2131
 9490000  [83164747] PC:15DC A:00 B:0D C:1C D:1C E:23 HL:3857 SP:23EC SZAPY:00100 : D3 04      OUT  04         #pixs:2131
 9500000  [83256314] PC:0A8E A:00 B:00 C:DF D:1A E:A1 HL:20CE SP:23FE SZAPY:01010 : CA 85 0A   JP   Z,0A85     #pixs:2129
 9510000  [83347710] PC:0A8A A:00 B:00 C:DF D:1A E:A1 HL:20CE SP:23FE SZAPY:01010 : 3A CB 20   LD   A,(20CB)   #pixs:2131
 9520000  [83439108] PC:0A8B A:00 B:00 C:DF D:1A E:A1 HL:20CE SP:23FE SZAPY:01010 : A7         AND  A          #pixs:2131
 9530000  [83530799] PC:1A4C A:5A B:02 C:1C D:1C E:50 HL:5A5C SP:23EE SZAPY:00100 : 1F         RAR             #pixs:2129
 9540000  [83622260] PC:0A8A A:00 B:00 C:DF D:1A E:A1 HL:20CE SP:23FE SZAPY:01010 : 3A CB 20   LD   A,(20CB)   #pixs:2131
 9550000  [83713650] PC:0A8E A:00 B:00 C:DF D:1A E:A1 HL:20CE SP:23FE SZAPY:01010 : CA 85 0A   JP   Z,0A85     #pixs:2131
 9560000  [83805054] PC:0A8B A:00 B:00 C:DF D:1A E:A1 HL:20CE SP:23FE SZAPY:01010 : A7         AND  A          #pixs:2129
 9570000  [83896816] PC:006C A:01 B:00 C:DF D:1A E:A1 HL:20C0 SP:23F4 SZAPY:01011 : 32 EA 20   LD   (20EA),A   #pixs:2131
 9580000  [83988200] PC:0A8E A:00 B:00 C:DF D:1A E:A1 HL:20CE SP:23FE SZAPY:01010 : CA 85 0A   JP   Z,0A85     #pixs:2131
 9590000  [84079604] PC:0A8B A:00 B:00 C:DF D:1A E:A1 HL:20CE SP:23FE SZAPY:01010 : A7         AND  A          #pixs:2129
 9600000  [84170997] PC:0A8B A:00 B:00 C:DF D:1A E:A1 HL:20CE SP:23FE SZAPY:01010 : A7         AND  A          #pixs:2131
 9610000  [84262750] PC:0A8E A:00 B:00 C:DF D:1A E:A1 HL:20CE SP:23FE SZAPY:01010 : CA 85 0A   JP   Z,0A85     #pixs:2131
 9620000  [84354313] PC:0A8E A:00 B:00 C:DF D:1B E:BC HL:20CE SP:23FE SZAPY:01010 : CA 85 0A   JP   Z,0A85     #pixs:2136
 9630000  [84445714] PC:0A8B A:00 B:00 C:DF D:1B E:BC HL:20CE SP:23FE SZAPY:01010 : A7         AND  A          #pixs:2132
 9640000  [84537107] PC:0A8B A:00 B:00 C:DF D:1B E:BC HL:20CE SP:23FE SZAPY:01010 : A7         AND  A          #pixs:2133
 9650000  [84628863] PC:0A8E A:00 B:00 C:DF D:1B E:BC HL:20CE SP:23FE SZAPY:01010 : CA 85 0A   JP   Z,0A85     #pixs:2133
 9660000  [84720256] PC:0A8E A:00 B:00 C:DF D:1B E:BC HL:20CE SP:23FE SZAPY:01010 : CA 85 0A   JP   Z,0A85     #pixs:2132
 9670000  [84811657] PC:0A8B A:00 B:00 C:DF D:1B E:BC HL:20CE SP:23FE SZAPY:01010 : A7         AND  A          #pixs:2133
 9680000  [84903053] PC:0A8B A:00 B:00 C:DF D:1B E:BC HL:20CE SP:23FE SZAPY:01010 : A7         AND  A          #pixs:2133
 9690000  [84994806] PC:0A8E A:00 B:00 C:DF D:1B E:BC HL:20CE SP:23FE SZAPY:01010 : CA 85 0A   JP   Z,0A85     #pixs:2132
 9700000  [85086199] PC:0A8E A:00 B:00 C:DF D:1B E:BC HL:20CE SP:23FE SZAPY:01010 : CA 85 0A   JP   Z,0A85     #pixs:2133
 9710000  [85177603] PC:0A8B A:00 B:00 C:DF D:1B E:BC HL:20CE SP:23FE SZAPY:01010 : A7         AND  A          #pixs:2133
 9720000  [85268990] PC:0A87 A:00 B:00 C:DF D:1B E:BC HL:20CE SP:23FE SZAPY:01010 : D3 06      OUT  06         #pixs:2132
 9730000  [85360749] PC:0A8E A:00 B:00 C:DF D:1B E:BC HL:20CE SP:23FE SZAPY:01010 : CA 85 0A   JP   Z,0A85     #pixs:2133
 9740000  [85452145] PC:0A8E A:00 B:00 C:DF D:1B E:BC HL:20CE SP:23FE SZAPY:01010 : CA 85 0A   JP   Z,0A85     #pixs:2133
 9750000  [85543540] PC:0A87 A:00 B:00 C:DF D:1B E:BC HL:20CE SP:23FE SZAPY:01010 : D3 06      OUT  06         #pixs:2132
 9760000  [85634939] PC:0A8B A:00 B:00 C:DF D:1B E:BC HL:20CE SP:23FE SZAPY:01010 : A7         AND  A          #pixs:2133
 9770000  [85726695] PC:0A8E A:00 B:00 C:DF D:1B E:BC HL:20CE SP:23FE SZAPY:01010 : CA 85 0A   JP   Z,0A85     #pixs:2133
 9780000  [85818088] PC:0A8A A:00 B:00 C:DF D:1B E:BC HL:20CE SP:23FE SZAPY:01010 : 3A CB 20   LD   A,(20CB)   #pixs:2132
 9790000  [85909489] PC:0A8B A:00 B:00 C:DF D:1B E:BC HL:20CE SP:23FE SZAPY:01010 : A7         AND  A          #pixs:2133
 9800000  [86000879] PC:0A87 A:00 B:00 C:DF D:1B E:BC HL:20CE SP:23FE SZAPY:01010 : D3 06      OUT  06         #pixs:2132
 9810000  [86092638] PC:0A8A A:00 B:00 C:DF D:1B E:BC HL:20CE SP:23FE SZAPY:01010 : 3A CB 20   LD   A,(20CB)   #pixs:2132
 9820000  [86184031] PC:0A8E A:00 B:00 C:DF D:1B E:BC HL:20CE SP:23FE SZAPY:01010 : CA 85 0A   JP   Z,0A85     #pixs:2133
 9830000  [86275429] PC:0A87 A:00 B:00 C:DF D:1B E:BC HL:20CE SP:23FE SZAPY:01010 : D3 06      OUT  06         #pixs:2132
 9840000  [86366825] PC:0A8B A:00 B:00 C:DF D:1B E:BC HL:20CE SP:23FE SZAPY:01010 : A7         AND  A          #pixs:2132
 9850000  [86458581] PC:0A8E A:00 B:00 C:DF D:1B E:BC HL:20CE SP:23FE SZAPY:01010 : CA 85 0A   JP   Z,0A85     #pixs:2133
 9860000  [86549977] PC:0A8A A:00 B:00 C:DF D:1B E:BC HL:20CE SP:23FE SZAPY:01010 : 3A CB 20   LD   A,(20CB)   #pixs:2132
 9870000  [86641375] PC:0A8B A:00 B:00 C:DF D:1B E:BC HL:20CE SP:23FE SZAPY:01010 : A7         AND  A          #pixs:2132
 9880000  [86732815] PC:15DC A:3A B:03 C:1B D:1B E:DD HL:3DF7 SP:23EC SZAPY:00110 : D3 04      OUT  04         #pixs:2129
 9890000  [86824527] PC:0A8A A:00 B:00 C:DF D:1B E:BC HL:20CE SP:23FE SZAPY:01010 : 3A CB 20   LD   A,(20CB)   #pixs:2132
 9900000  [86915917] PC:0A8E A:00 B:00 C:DF D:1B E:BC HL:20CE SP:23FE SZAPY:01010 : CA 85 0A   JP   Z,0A85     #pixs:2132
 9910000  [87007321] PC:0A8B A:00 B:00 C:DF D:1B E:BC HL:20CE SP:23FE SZAPY:01010 : A7         AND  A          #pixs:2133
 9920000  [87098811] PC:15D8 A:00 B:07 C:1B D:1B E:A9 HL:3ED7 SP:23F0 SZAPY:00100 : C5         PUSH BC         #pixs:2129
 9930000  [87190467] PC:0A8E A:00 B:00 C:DF D:1B E:BC HL:20CE SP:23FE SZAPY:01010 : CA 85 0A   JP   Z,0A85     #pixs:2132
 9940000  [87281863] PC:0A8E A:00 B:00 C:DF D:1B E:BC HL:20CE SP:23FE SZAPY:01010 : CA 85 0A   JP   Z,0A85     #pixs:2130
 9950000  [87373264] PC:0A8B A:00 B:00 C:DF D:1B E:BC HL:20CE SP:23FE SZAPY:01010 : A7         AND  A          #pixs:2115
 9960000  [87464814] PC:15E7 A:00 B:0C C:1B D:1B E:D5 HL:3F98 SP:23EC SZAPY:01010 : 77         LD   (HL),A     #pixs:2101
 9970000  [87556413] PC:0A8E A:00 B:00 C:DF D:1B E:BC HL:20CE SP:23FE SZAPY:01010 : CA 85 0A   JP   Z,0A85     #pixs:2094
 9980000  [87647806] PC:0A8E A:00 B:00 C:DF D:1B E:BC HL:20CE SP:23FE SZAPY:01010 : CA 85 0A   JP   Z,0A85     #pixs:2088
 9990000  [87738798] PC:0AE1 A:3F B:00 C:DF D:1B E:BC HL:20CE SP:23FE SZAPY:00110 : C2 DA 0A   JP   NZ,0ADA    #pixs:2087
10000000  [87828852] PC:0ADD A:3D B:00 C:DF D:1B E:BC HL:20CE SP:23FE SZAPY:00100 : 3A C0 20   LD   A,(20C0)   #pixs:2087
STOP
