PC: 0103, AF: 0002, BC: 0000, DE: 0000, HL: 0000, SP: 0000       0  [00000000] 0103 : JP   01B2
PC: 01B5, AF: 0002, BC: 0000, DE: 0000, HL: 0000, SP: 0000       1  [00000010] 01B5 : LD   SP,07BD
PC: 01B8, AF: 0002, BC: 0000, DE: 0000, HL: 0000, SP: 07BD       2  [00000020] 01B8 : LD   HL,0103
PC: 01BB, AF: 0002, BC: 0000, DE: 0000, HL: 0103, SP: 07BD       3  [00000030] 01BB : CALL 014B
PC: 014C, AF: 0002, BC: 0000, DE: 0000, HL: 0103, SP: 07BB       4  [00000047] 014C : PUSH DE
PC: 014D, AF: 0002, BC: 0000, DE: 0000, HL: 0103, SP: 07B9       5  [00000058] 014D : EX   DE,HL
PC: 014F, AF: 0002, BC: 0000, DE: 0103, HL: 0000, SP: 07B9       6  [00000062] 014F : LD   C,09
PC: 0152, AF: 0002, BC: 0009, DE: 0103, HL: 0000, SP: 07B9       7  [00000069] 0152 : CALL 0005
PC: 0007, AF: 0002, BC: 0009, DE: 0103, HL: 0000, SP: 07B7       8  [00000086] 0007 : OUT  01
PC: 0008, AF: 0002, BC: 0009, DE: 0103, HL: 0000, SP: 07B7       9  [00000096] 0008 : RET
PC: 0153, AF: 0002, BC: 0009, DE: 0103, HL: 0000, SP: 07B9      10  [00000106] 0153 : POP  DE
PC: 0154, AF: 0002, BC: 0009, DE: 0000, HL: 0000, SP: 07BB      11  [00000116] 0154 : RET
PC: 01BD, AF: 0002, BC: 0009, DE: 0000, HL: 0000, SP: 07BD      12  [00000126] 01BD : AND  00
PC: 01C0, AF: 0046, BC: 0009, DE: 0000, HL: 0000, SP: 07BD      13  [00000133] 01C0 : JP   Z,01C3
PC: 01C6, AF: 0046, BC: 0009, DE: 0000, HL: 0000, SP: 07BD      14  [00000143] 01C6 : JP   NC,01C9
PC: 01CC, AF: 0046, BC: 0009, DE: 0000, HL: 0000, SP: 07BD      15  [00000153] 01CC : JP   PE,01CF
PC: 01D2, AF: 0046, BC: 0009, DE: 0000, HL: 0000, SP: 07BD      16  [00000163] 01D2 : JP   P,01D5
PC: 01D8, AF: 0046, BC: 0009, DE: 0000, HL: 0000, SP: 07BD      17  [00000173] 01D8 : JP   NZ,01E4
PC: 01DB, AF: 0046, BC: 0009, DE: 0000, HL: 0000, SP: 07BD      18  [00000183] 01DB : JP   CY,01E4
PC: 01DE, AF: 0046, BC: 0009, DE: 0000, HL: 0000, SP: 07BD      19  [00000193] 01DE : JP   PO,01E4
PC: 01E1, AF: 0046, BC: 0009, DE: 0000, HL: 0000, SP: 07BD      20  [00000203] 01E1 : JP   MI,01E4
PC: 01E4, AF: 0046, BC: 0009, DE: 0000, HL: 0000, SP: 07BD      21  [00000213] 01E4 : JP   01E7
PC: 01E9, AF: 0046, BC: 0009, DE: 0000, HL: 0000, SP: 07BD      22  [00000223] 01E9 : ADD  06
PC: 01EC, AF: 0606, BC: 0009, DE: 0000, HL: 0000, SP: 07BD      23  [00000230] 01EC : JP   NZ,01EF
PC: 01F2, AF: 0606, BC: 0009, DE: 0000, HL: 0000, SP: 07BD      24  [00000240] 01F2 : JP   CY,01F8
PC: 01F5, AF: 0606, BC: 0009, DE: 0000, HL: 0000, SP: 07BD      25  [00000250] 01F5 : JP   PO,01F8
PC: 01F8, AF: 0606, BC: 0009, DE: 0000, HL: 0000, SP: 07BD      26  [00000260] 01F8 : JP   P,01FB
PC: 01FD, AF: 0606, BC: 0009, DE: 0000, HL: 0000, SP: 07BD      27  [00000270] 01FD : ADD  70
PC: 0200, AF: 7602, BC: 0009, DE: 0000, HL: 0000, SP: 07BD      28  [00000277] 0200 : JP   PO,0203
PC: 0206, AF: 7602, BC: 0009, DE: 0000, HL: 0000, SP: 07BD      29  [00000287] 0206 : JP   MI,020C
PC: 0209, AF: 7602, BC: 0009, DE: 0000, HL: 0000, SP: 07BD      30  [00000297] 0209 : JP   Z,020C
PC: 020C, AF: 7602, BC: 0009, DE: 0000, HL: 0000, SP: 07BD      31  [00000307] 020C : JP   NC,020F
PC: 0211, AF: 7602, BC: 0009, DE: 0000, HL: 0000, SP: 07BD      32  [00000317] 0211 : ADD  81
PC: 0214, AF: F782, BC: 0009, DE: 0000, HL: 0000, SP: 07BD      33  [00000324] 0214 : JP   MI,0217
PC: 021A, AF: F782, BC: 0009, DE: 0000, HL: 0000, SP: 07BD      34  [00000334] 021A : JP   Z,0220
PC: 021D, AF: F782, BC: 0009, DE: 0000, HL: 0000, SP: 07BD      35  [00000344] 021D : JP   CY,0220
PC: 0220, AF: F782, BC: 0009, DE: 0000, HL: 0000, SP: 07BD      36  [00000354] 0220 : JP   PO,0223
PC: 0225, AF: F782, BC: 0009, DE: 0000, HL: 0000, SP: 07BD      37  [00000364] 0225 : ADD  FE
PC: 0228, AF: F597, BC: 0009, DE: 0000, HL: 0000, SP: 07BD      38  [00000371] 0228 : JP   CY,022B
PC: 022E, AF: F597, BC: 0009, DE: 0000, HL: 0000, SP: 07BD      39  [00000381] 022E : JP   Z,0234
PC: 0231, AF: F597, BC: 0009, DE: 0000, HL: 0000, SP: 07BD      40  [00000391] 0231 : JP   PO,0234
PC: 0234, AF: F597, BC: 0009, DE: 0000, HL: 0000, SP: 07BD      41  [00000401] 0234 : JP   MI,0237
PC: 0239, AF: F597, BC: 0009, DE: 0000, HL: 0000, SP: 07BD      42  [00000411] 0239 : CP   00
PC: 023C, AF: F596, BC: 0009, DE: 0000, HL: 0000, SP: 07BD      43  [00000418] 023C : JP   CY,024F
PC: 023F, AF: F596, BC: 0009, DE: 0000, HL: 0000, SP: 07BD      44  [00000428] 023F : JP   Z,024F
PC: 0241, AF: F596, BC: 0009, DE: 0000, HL: 0000, SP: 07BD      45  [00000438] 0241 : CP   F5
PC: 0244, AF: F556, BC: 0009, DE: 0000, HL: 0000, SP: 07BD      46  [00000445] 0244 : JP   CY,024F
PC: 0247, AF: F556, BC: 0009, DE: 0000, HL: 0000, SP: 07BD      47  [00000455] 0247 : JP   NZ,024F
PC: 0249, AF: F556, BC: 0009, DE: 0000, HL: 0000, SP: 07BD      48  [00000465] 0249 : CP   FF
PC: 024C, AF: F587, BC: 0009, DE: 0000, HL: 0000, SP: 07BD      49  [00000472] 024C : JP   Z,024F
PC: 024F, AF: F587, BC: 0009, DE: 0000, HL: 0000, SP: 07BD      50  [00000482] 024F : JP   CY,0252
PC: 0254, AF: F587, BC: 0009, DE: 0000, HL: 0000, SP: 07BD      51  [00000492] 0254 : ADC  0A
PC: 0256, AF: 0057, BC: 0009, DE: 0000, HL: 0000, SP: 07BD      52  [00000499] 0256 : ADC  0A
PC: 0258, AF: 0B02, BC: 0009, DE: 0000, HL: 0000, SP: 07BD      53  [00000506] 0258 : CP   0B
PC: 025B, AF: 0B56, BC: 0009, DE: 0000, HL: 0000, SP: 07BD      54  [00000513] 025B : JP   Z,025E
PC: 0260, AF: 0B56, BC: 0009, DE: 0000, HL: 0000, SP: 07BD      55  [00000523] 0260 : SUB  0C
PC: 0262, AF: FF87, BC: 0009, DE: 0000, HL: 0000, SP: 07BD      56  [00000530] 0262 : SUB  0F
PC: 0264, AF: F096, BC: 0009, DE: 0000, HL: 0000, SP: 07BD      57  [00000537] 0264 : CP   F0
PC: 0267, AF: F056, BC: 0009, DE: 0000, HL: 0000, SP: 07BD      58  [00000544] 0267 : JP   Z,026A
PC: 026C, AF: F056, BC: 0009, DE: 0000, HL: 0000, SP: 07BD      59  [00000554] 026C : SBC  F1
PC: 026E, AF: FF87, BC: 0009, DE: 0000, HL: 0000, SP: 07BD      60  [00000561] 026E : SBC  0E
PC: 0270, AF: F096, BC: 0009, DE: 0000, HL: 0000, SP: 07BD      61  [00000568] 0270 : CP   F0
PC: 0273, AF: F056, BC: 0009, DE: 0000, HL: 0000, SP: 07BD      62  [00000575] 0273 : JP   Z,0276
PC: 0278, AF: F056, BC: 0009, DE: 0000, HL: 0000, SP: 07BD      63  [00000585] 0278 : AND  55
PC: 027A, AF: 5006, BC: 0009, DE: 0000, HL: 0000, SP: 07BD      64  [00000592] 027A : CP   50
PC: 027D, AF: 5056, BC: 0009, DE: 0000, HL: 0000, SP: 07BD      65  [00000599] 027D : JP   Z,0280
PC: 0282, AF: 5056, BC: 0009, DE: 0000, HL: 0000, SP: 07BD      66  [00000609] 0282 : OR   3A
PC: 0284, AF: 7A02, BC: 0009, DE: 0000, HL: 0000, SP: 07BD      67  [00000616] 0284 : CP   7A
PC: 0287, AF: 7A56, BC: 0009, DE: 0000, HL: 0000, SP: 07BD      68  [00000623] 0287 : JP   Z,028A
PC: 028C, AF: 7A56, BC: 0009, DE: 0000, HL: 0000, SP: 07BD      69  [00000633] 028C : XOR  0F
PC: 028E, AF: 7502, BC: 0009, DE: 0000, HL: 0000, SP: 07BD      70  [00000640] 028E : CP   75
PC: 0291, AF: 7556, BC: 0009, DE: 0000, HL: 0000, SP: 07BD      71  [00000647] 0291 : JP   Z,0294
PC: 0296, AF: 7556, BC: 0009, DE: 0000, HL: 0000, SP: 07BD      72  [00000657] 0296 : AND  00
PC: 0299, AF: 0046, BC: 0009, DE: 0000, HL: 0000, SP: 07BD      73  [00000664] 0299 : CALL CY,06A0
PC: 029C, AF: 0046, BC: 0009, DE: 0000, HL: 0000, SP: 07BD      74  [00000675] 029C : CALL PO,06A0
PC: 029F, AF: 0046, BC: 0009, DE: 0000, HL: 0000, SP: 07BD      75  [00000686] 029F : CALL MI,06A0
PC: 02A2, AF: 0046, BC: 0009, DE: 0000, HL: 0000, SP: 07BD      76  [00000697] 02A2 : CALL NZ,06A0
PC: 02A4, AF: 0046, BC: 0009, DE: 0000, HL: 0000, SP: 07BD      77  [00000708] 02A4 : CP   00
PC: 02A7, AF: 0056, BC: 0009, DE: 0000, HL: 0000, SP: 07BD      78  [00000715] 02A7 : JP   Z,02AA
PC: 02AC, AF: 0056, BC: 0009, DE: 0000, HL: 0000, SP: 07BD      79  [00000725] 02AC : SUB  77
PC: 02AF, AF: 8983, BC: 0009, DE: 0000, HL: 0000, SP: 07BD      80  [00000732] 02AF : CALL NC,06A0
PC: 02B2, AF: 8983, BC: 0009, DE: 0000, HL: 0000, SP: 07BD      81  [00000743] 02B2 : CALL PE,06A0
PC: 02B5, AF: 8983, BC: 0009, DE: 0000, HL: 0000, SP: 07BD      82  [00000754] 02B5 : CALL P,06A0
PC: 02B8, AF: 8983, BC: 0009, DE: 0000, HL: 0000, SP: 07BD      83  [00000765] 02B8 : CALL Z,06A0
PC: 02BA, AF: 8983, BC: 0009, DE: 0000, HL: 0000, SP: 07BD      84  [00000776] 02BA : CP   89
PC: 02BD, AF: 8956, BC: 0009, DE: 0000, HL: 0000, SP: 07BD      85  [00000783] 02BD : JP   Z,02C0
PC: 02C2, AF: 8956, BC: 0009, DE: 0000, HL: 0000, SP: 07BD      86  [00000793] 02C2 : AND  FF
PC: 02C5, AF: 8992, BC: 0009, DE: 0000, HL: 0000, SP: 07BD      87  [00000800] 02C5 : CALL PO,02CD
PC: 02CE, AF: 8992, BC: 0009, DE: 0000, HL: 0000, SP: 07BB      88  [00000817] 02CE : RET  PE
PC: 02D0, AF: 8992, BC: 0009, DE: 0000, HL: 0000, SP: 07BB      89  [00000822] 02D0 : ADD  10
PC: 02D3, AF: 9986, BC: 0009, DE: 0000, HL: 0000, SP: 07BB      90  [00000829] 02D3 : CALL PE,02D9
PC: 02DA, AF: 9986, BC: 0009, DE: 0000, HL: 0000, SP: 07B9      91  [00000846] 02DA : RET  PO
PC: 02DC, AF: 9986, BC: 0009, DE: 0000, HL: 0000, SP: 07B9      92  [00000851] 02DC : ADD  20
PC: 02DF, AF: B982, BC: 0009, DE: 0000, HL: 0000, SP: 07B9      93  [00000858] 02DF : CALL MI,02E5
PC: 02E6, AF: B982, BC: 0009, DE: 0000, HL: 0000, SP: 07B7      94  [00000875] 02E6 : RET  P
PC: 02E8, AF: B982, BC: 0009, DE: 0000, HL: 0000, SP: 07B7      95  [00000880] 02E8 : ADD  80
PC: 02EB, AF: 3907, BC: 0009, DE: 0000, HL: 0000, SP: 07B7      96  [00000887] 02EB : CALL P,02F1
PC: 02F2, AF: 3907, BC: 0009, DE: 0000, HL: 0000, SP: 07B5      97  [00000904] 02F2 : RET  MI
PC: 02F4, AF: 3907, BC: 0009, DE: 0000, HL: 0000, SP: 07B5      98  [00000909] 02F4 : ADD  40
PC: 02F7, AF: 7902, BC: 0009, DE: 0000, HL: 0000, SP: 07B5      99  [00000916] 02F7 : CALL NC,02FD
PC: 02FE, AF: 7902, BC: 0009, DE: 0000, HL: 0000, SP: 07B3     100  [00000933] 02FE : RET  CY
PC: 0300, AF: 7902, BC: 0009, DE: 0000, HL: 0000, SP: 07B3     101  [00000938] 0300 : ADD  8F
PC: 0303, AF: 0813, BC: 0009, DE: 0000, HL: 0000, SP: 07B3     102  [00000945] 0303 : CALL CY,0309
PC: 030A, AF: 0813, BC: 0009, DE: 0000, HL: 0000, SP: 07B1     103  [00000962] 030A : RET  NC
PC: 030C, AF: 0813, BC: 0009, DE: 0000, HL: 0000, SP: 07B1     104  [00000967] 030C : ADD  F7
PC: 030F, AF: FF86, BC: 0009, DE: 0000, HL: 0000, SP: 07B1     105  [00000974] 030F : CALL NZ,0315
PC: 0316, AF: FF86, BC: 0009, DE: 0000, HL: 0000, SP: 07AF     106  [00000991] 0316 : RET  Z
PC: 0318, AF: FF86, BC: 0009, DE: 0000, HL: 0000, SP: 07AF     107  [00000996] 0318 : ADD  01
PC: 031B, AF: 0057, BC: 0009, DE: 0000, HL: 0000, SP: 07AF     108  [00001003] 031B : CALL Z,0321
PC: 0322, AF: 0057, BC: 0009, DE: 0000, HL: 0000, SP: 07AD     109  [00001020] 0322 : RET  NZ
PC: 0324, AF: 0057, BC: 0009, DE: 0000, HL: 0000, SP: 07AD     110  [00001025] 0324 : ADD  47
PC: 0326, AF: 4706, BC: 0009, DE: 0000, HL: 0000, SP: 07AD     111  [00001032] 0326 : CP   47
PC: 0327, AF: 4756, BC: 0009, DE: 0000, HL: 0000, SP: 07AD     112  [00001039] 0327 : RET  Z
PC: 031D, AF: 4756, BC: 0009, DE: 0000, HL: 0000, SP: 07AF     113  [00001050] 031D : ADD  D0
PC: 031E, AF: 1707, BC: 0009, DE: 0000, HL: 0000, SP: 07AF     114  [00001057] 031E : RET  NZ
PC: 0311, AF: 1707, BC: 0009, DE: 0000, HL: 0000, SP: 07B1     115  [00001068] 0311 : ADD  FE
PC: 0312, AF: 1513, BC: 0009, DE: 0000, HL: 0000, SP: 07B1     116  [00001075] 0312 : RET  CY
PC: 0305, AF: 1513, BC: 0009, DE: 0000, HL: 0000, SP: 07B3     117  [00001086] 0305 : SUB  02
PC: 0306, AF: 1312, BC: 0009, DE: 0000, HL: 0000, SP: 07B3     118  [00001093] 0306 : RET  NC
PC: 02F9, AF: 1312, BC: 0009, DE: 0000, HL: 0000, SP: 07B5     119  [00001104] 02F9 : ADD  40
PC: 02FA, AF: 5306, BC: 0009, DE: 0000, HL: 0000, SP: 07B5     120  [00001111] 02FA : RET  P
PC: 02ED, AF: 5306, BC: 0009, DE: 0000, HL: 0000, SP: 07B7     121  [00001122] 02ED : ADD  80
PC: 02EE, AF: D382, BC: 0009, DE: 0000, HL: 0000, SP: 07B7     122  [00001129] 02EE : RET  MI
PC: 02E1, AF: D382, BC: 0009, DE: 0000, HL: 0000, SP: 07B9     123  [00001140] 02E1 : ADD  04
PC: 02E2, AF: D786, BC: 0009, DE: 0000, HL: 0000, SP: 07B9     124  [00001147] 02E2 : RET  PE
PC: 02D5, AF: D786, BC: 0009, DE: 0000, HL: 0000, SP: 07BB     125  [00001158] 02D5 : ADD  02
PC: 02D6, AF: D982, BC: 0009, DE: 0000, HL: 0000, SP: 07BB     126  [00001165] 02D6 : RET  PO
PC: 02C7, AF: D982, BC: 0009, DE: 0000, HL: 0000, SP: 07BD     127  [00001176] 02C7 : CP   D9
PC: 02CA, AF: D956, BC: 0009, DE: 0000, HL: 0000, SP: 07BD     128  [00001183] 02CA : JP   Z,032A
PC: 032C, AF: D956, BC: 0009, DE: 0000, HL: 0000, SP: 07BD     129  [00001193] 032C : LD   A,77
PC: 032D, AF: 7756, BC: 0009, DE: 0000, HL: 0000, SP: 07BD     130  [00001200] 032D : INC  A
PC: 032E, AF: 7806, BC: 0009, DE: 0000, HL: 0000, SP: 07BD     131  [00001205] 032E : LD   B,A
PC: 032F, AF: 7806, BC: 7809, DE: 0000, HL: 0000, SP: 07BD     132  [00001210] 032F : INC  B
PC: 0330, AF: 7802, BC: 7909, DE: 0000, HL: 0000, SP: 07BD     133  [00001215] 0330 : LD   C,B
PC: 0331, AF: 7802, BC: 7979, DE: 0000, HL: 0000, SP: 07BD     134  [00001220] 0331 : DEC  C
PC: 0332, AF: 7816, BC: 7978, DE: 0000, HL: 0000, SP: 07BD     135  [00001225] 0332 : LD   D,C
PC: 0333, AF: 7816, BC: 7978, DE: 7800, HL: 0000, SP: 07BD     136  [00001230] 0333 : LD   E,D
PC: 0334, AF: 7816, BC: 7978, DE: 7878, HL: 0000, SP: 07BD     137  [00001235] 0334 : LD   H,E
PC: 0335, AF: 7816, BC: 7978, DE: 7878, HL: 7800, SP: 07BD     138  [00001240] 0335 : LD   L,H
PC: 0336, AF: 7816, BC: 7978, DE: 7878, HL: 7878, SP: 07BD     139  [00001245] 0336 : LD   A,L
PC: 0337, AF: 7816, BC: 7978, DE: 7878, HL: 7878, SP: 07BD     140  [00001250] 0337 : DEC  A
PC: 0338, AF: 7716, BC: 7978, DE: 7878, HL: 7878, SP: 07BD     141  [00001255] 0338 : LD   C,A
PC: 0339, AF: 7716, BC: 7977, DE: 7878, HL: 7878, SP: 07BD     142  [00001260] 0339 : LD   E,C
PC: 033A, AF: 7716, BC: 7977, DE: 7877, HL: 7878, SP: 07BD     143  [00001265] 033A : LD   L,E
PC: 033B, AF: 7716, BC: 7977, DE: 7877, HL: 7877, SP: 07BD     144  [00001270] 033B : LD   B,L
PC: 033C, AF: 7716, BC: 7777, DE: 7877, HL: 7877, SP: 07BD     145  [00001275] 033C : LD   D,B
PC: 033D, AF: 7716, BC: 7777, DE: 7777, HL: 7877, SP: 07BD     146  [00001280] 033D : LD   H,D
PC: 033E, AF: 7716, BC: 7777, DE: 7777, HL: 7777, SP: 07BD     147  [00001285] 033E : LD   A,H
PC: 033F, AF: 7716, BC: 7777, DE: 7777, HL: 7777, SP: 07BD     148  [00001290] 033F : LD   D,A
PC: 0340, AF: 7716, BC: 7777, DE: 7777, HL: 7777, SP: 07BD     149  [00001295] 0340 : INC  D
PC: 0341, AF: 7706, BC: 7777, DE: 7877, HL: 7777, SP: 07BD     150  [00001300] 0341 : LD   L,D
PC: 0342, AF: 7706, BC: 7777, DE: 7877, HL: 7778, SP: 07BD     151  [00001305] 0342 : LD   C,L
PC: 0343, AF: 7706, BC: 7778, DE: 7877, HL: 7778, SP: 07BD     152  [00001310] 0343 : INC  C
PC: 0344, AF: 7702, BC: 7779, DE: 7877, HL: 7778, SP: 07BD     153  [00001315] 0344 : LD   H,C
PC: 0345, AF: 7702, BC: 7779, DE: 7877, HL: 7978, SP: 07BD     154  [00001320] 0345 : LD   B,H
PC: 0346, AF: 7702, BC: 7979, DE: 7877, HL: 7978, SP: 07BD     155  [00001325] 0346 : DEC  B
PC: 0347, AF: 7716, BC: 7879, DE: 7877, HL: 7978, SP: 07BD     156  [00001330] 0347 : LD   E,B
PC: 0348, AF: 7716, BC: 7879, DE: 7878, HL: 7978, SP: 07BD     157  [00001335] 0348 : LD   A,E
PC: 0349, AF: 7816, BC: 7879, DE: 7878, HL: 7978, SP: 07BD     158  [00001340] 0349 : LD   E,A
PC: 034A, AF: 7816, BC: 7879, DE: 7878, HL: 7978, SP: 07BD     159  [00001345] 034A : INC  E
PC: 034B, AF: 7802, BC: 7879, DE: 7879, HL: 7978, SP: 07BD     160  [00001350] 034B : LD   B,E
PC: 034C, AF: 7802, BC: 7979, DE: 7879, HL: 7978, SP: 07BD     161  [00001355] 034C : LD   H,B
PC: 034D, AF: 7802, BC: 7979, DE: 7879, HL: 7978, SP: 07BD     162  [00001360] 034D : INC  H
PC: 034E, AF: 7802, BC: 7979, DE: 7879, HL: 7A78, SP: 07BD     163  [00001365] 034E : LD   C,H
PC: 034F, AF: 7802, BC: 797A, DE: 7879, HL: 7A78, SP: 07BD     164  [00001370] 034F : LD   L,C
PC: 0350, AF: 7802, BC: 797A, DE: 7879, HL: 7A7A, SP: 07BD     165  [00001375] 0350 : LD   D,L
PC: 0351, AF: 7802, BC: 797A, DE: 7A79, HL: 7A7A, SP: 07BD     166  [00001380] 0351 : DEC  D
PC: 0352, AF: 7812, BC: 797A, DE: 7979, HL: 7A7A, SP: 07BD     167  [00001385] 0352 : LD   A,D
PC: 0353, AF: 7912, BC: 797A, DE: 7979, HL: 7A7A, SP: 07BD     168  [00001390] 0353 : LD   H,A
PC: 0354, AF: 7912, BC: 797A, DE: 7979, HL: 797A, SP: 07BD     169  [00001395] 0354 : DEC  H
PC: 0355, AF: 7916, BC: 797A, DE: 7979, HL: 787A, SP: 07BD     170  [00001400] 0355 : LD   D,H
PC: 0356, AF: 7916, BC: 797A, DE: 7879, HL: 787A, SP: 07BD     171  [00001405] 0356 : LD   B,D
PC: 0357, AF: 7916, BC: 787A, DE: 7879, HL: 787A, SP: 07BD     172  [00001410] 0357 : LD   L,B
PC: 0358, AF: 7916, BC: 787A, DE: 7879, HL: 7878, SP: 07BD     173  [00001415] 0358 : INC  L
PC: 0359, AF: 7902, BC: 787A, DE: 7879, HL: 7879, SP: 07BD     174  [00001420] 0359 : LD   E,L
PC: 035A, AF: 7902, BC: 787A, DE: 7879, HL: 7879, SP: 07BD     175  [00001425] 035A : DEC  E
PC: 035B, AF: 7916, BC: 787A, DE: 7878, HL: 7879, SP: 07BD     176  [00001430] 035B : LD   C,E
PC: 035C, AF: 7916, BC: 7878, DE: 7878, HL: 7879, SP: 07BD     177  [00001435] 035C : LD   A,C
PC: 035D, AF: 7816, BC: 7878, DE: 7878, HL: 7879, SP: 07BD     178  [00001440] 035D : LD   L,A
PC: 035E, AF: 7816, BC: 7878, DE: 7878, HL: 7878, SP: 07BD     179  [00001445] 035E : DEC  L
PC: 035F, AF: 7816, BC: 7878, DE: 7878, HL: 7877, SP: 07BD     180  [00001450] 035F : LD   H,L
PC: 0360, AF: 7816, BC: 7878, DE: 7878, HL: 7777, SP: 07BD     181  [00001455] 0360 : LD   E,H
PC: 0361, AF: 7816, BC: 7878, DE: 7877, HL: 7777, SP: 07BD     182  [00001460] 0361 : LD   D,E
PC: 0362, AF: 7816, BC: 7878, DE: 7777, HL: 7777, SP: 07BD     183  [00001465] 0362 : LD   C,D
PC: 0363, AF: 7816, BC: 7877, DE: 7777, HL: 7777, SP: 07BD     184  [00001470] 0363 : LD   B,C
PC: 0364, AF: 7816, BC: 7777, DE: 7777, HL: 7777, SP: 07BD     185  [00001475] 0364 : LD   A,B
PC: 0366, AF: 7716, BC: 7777, DE: 7777, HL: 7777, SP: 07BD     186  [00001480] 0366 : CP   77
PC: 0369, AF: 7756, BC: 7777, DE: 7777, HL: 7777, SP: 07BD     187  [00001487] 0369 : CALL NZ,06A0
PC: 036A, AF: 7756, BC: 7777, DE: 7777, HL: 7777, SP: 07BD     188  [00001498] 036A : XOR  A
PC: 036C, AF: 0046, BC: 7777, DE: 7777, HL: 7777, SP: 07BD     189  [00001502] 036C : LD   B,01
PC: 036E, AF: 0046, BC: 0177, DE: 7777, HL: 7777, SP: 07BD     190  [00001509] 036E : LD   C,03
PC: 0370, AF: 0046, BC: 0103, DE: 7777, HL: 7777, SP: 07BD     191  [00001516] 0370 : LD   D,07
PC: 0372, AF: 0046, BC: 0103, DE: 0777, HL: 7777, SP: 07BD     192  [00001523] 0372 : LD   E,0F
PC: 0374, AF: 0046, BC: 0103, DE: 070F, HL: 7777, SP: 07BD     193  [00001530] 0374 : LD   H,1F
PC: 0376, AF: 0046, BC: 0103, DE: 070F, HL: 1F77, SP: 07BD     194  [00001537] 0376 : LD   L,3F
PC: 0377, AF: 0046, BC: 0103, DE: 070F, HL: 1F3F, SP: 07BD     195  [00001544] 0377 : ADD  B
PC: 0378, AF: 0102, BC: 0103, DE: 070F, HL: 1F3F, SP: 07BD     196  [00001548] 0378 : ADD  C
PC: 0379, AF: 0402, BC: 0103, DE: 070F, HL: 1F3F, SP: 07BD     197  [00001552] 0379 : ADD  D
PC: 037A, AF: 0B02, BC: 0103, DE: 070F, HL: 1F3F, SP: 07BD     198  [00001556] 037A : ADD  E
PC: 037B, AF: 1A12, BC: 0103, DE: 070F, HL: 1F3F, SP: 07BD     199  [00001560] 037B : ADD  H
PC: 037C, AF: 3916, BC: 0103, DE: 070F, HL: 1F3F, SP: 07BD     200  [00001564] 037C : ADD  L
PC: 037D, AF: 7816, BC: 0103, DE: 070F, HL: 1F3F, SP: 07BD     201  [00001568] 037D : ADD  A
PC: 037F, AF: F096, BC: 0103, DE: 070F, HL: 1F3F, SP: 07BD     202  [00001572] 037F : CP   F0
PC: 0382, AF: F056, BC: 0103, DE: 070F, HL: 1F3F, SP: 07BD     203  [00001579] 0382 : CALL NZ,06A0
PC: 0383, AF: F056, BC: 0103, DE: 070F, HL: 1F3F, SP: 07BD     204  [00001590] 0383 : SUB  B
PC: 0384, AF: EF82, BC: 0103, DE: 070F, HL: 1F3F, SP: 07BD     205  [00001594] 0384 : SUB  C
PC: 0385, AF: EC92, BC: 0103, DE: 070F, HL: 1F3F, SP: 07BD     206  [00001598] 0385 : SUB  D
PC: 0386, AF: E592, BC: 0103, DE: 070F, HL: 1F3F, SP: 07BD     207  [00001602] 0386 : SUB  E
PC: 0387, AF: D682, BC: 0103, DE: 070F, HL: 1F3F, SP: 07BD     208  [00001606] 0387 : SUB  H
PC: 0388, AF: B786, BC: 0103, DE: 070F, HL: 1F3F, SP: 07BD     209  [00001610] 0388 : SUB  L
PC: 038A, AF: 7806, BC: 0103, DE: 070F, HL: 1F3F, SP: 07BD     210  [00001614] 038A : CP   78
PC: 038D, AF: 7856, BC: 0103, DE: 070F, HL: 1F3F, SP: 07BD     211  [00001621] 038D : CALL NZ,06A0
PC: 038E, AF: 7856, BC: 0103, DE: 070F, HL: 1F3F, SP: 07BD     212  [00001632] 038E : SUB  A
PC: 0391, AF: 0056, BC: 0103, DE: 070F, HL: 1F3F, SP: 07BD     213  [00001636] 0391 : CALL NZ,06A0
PC: 0393, AF: 0056, BC: 0103, DE: 070F, HL: 1F3F, SP: 07BD     214  [00001647] 0393 : LD   A,80
PC: 0394, AF: 8056, BC: 0103, DE: 070F, HL: 1F3F, SP: 07BD     215  [00001654] 0394 : ADD  A
PC: 0396, AF: 0047, BC: 0103, DE: 070F, HL: 1F3F, SP: 07BD     216  [00001658] 0396 : LD   B,01
PC: 0398, AF: 0047, BC: 0103, DE: 070F, HL: 1F3F, SP: 07BD     217  [00001665] 0398 : LD   C,02
PC: 039A, AF: 0047, BC: 0102, DE: 070F, HL: 1F3F, SP: 07BD     218  [00001672] 039A : LD   D,03
PC: 039C, AF: 0047, BC: 0102, DE: 030F, HL: 1F3F, SP: 07BD     219  [00001679] 039C : LD   E,04
PC: 039E, AF: 0047, BC: 0102, DE: 0304, HL: 1F3F, SP: 07BD     220  [00001686] 039E : LD   H,05
PC: 03A0, AF: 0047, BC: 0102, DE: 0304, HL: 053F, SP: 07BD     221  [00001693] 03A0 : LD   L,06
PC: 03A1, AF: 0047, BC: 0102, DE: 0304, HL: 0506, SP: 07BD     222  [00001700] 03A1 : ADC  B
PC: 03A3, AF: 0202, BC: 0102, DE: 0304, HL: 0506, SP: 07BD     223  [00001704] 03A3 : LD   B,80
PC: 03A4, AF: 0202, BC: 8002, DE: 0304, HL: 0506, SP: 07BD     224  [00001711] 03A4 : ADD  B
PC: 03A5, AF: 8286, BC: 8002, DE: 0304, HL: 0506, SP: 07BD     225  [00001715] 03A5 : ADD  B
PC: 03A6, AF: 0203, BC: 8002, DE: 0304, HL: 0506, SP: 07BD     226  [00001719] 03A6 : ADC  C
PC: 03A7, AF: 0506, BC: 8002, DE: 0304, HL: 0506, SP: 07BD     227  [00001723] 03A7 : ADD  B
PC: 03A8, AF: 8582, BC: 8002, DE: 0304, HL: 0506, SP: 07BD     228  [00001727] 03A8 : ADD  B
PC: 03A9, AF: 0507, BC: 8002, DE: 0304, HL: 0506, SP: 07BD     229  [00001731] 03A9 : ADC  D
PC: 03AA, AF: 0906, BC: 8002, DE: 0304, HL: 0506, SP: 07BD     230  [00001735] 03AA : ADD  B
PC: 03AB, AF: 8982, BC: 8002, DE: 0304, HL: 0506, SP: 07BD     231  [00001739] 03AB : ADD  B
PC: 03AC, AF: 0907, BC: 8002, DE: 0304, HL: 0506, SP: 07BD     232  [00001743] 03AC : ADC  E
PC: 03AD, AF: 0E02, BC: 8002, DE: 0304, HL: 0506, SP: 07BD     233  [00001747] 03AD : ADD  B
PC: 03AE, AF: 8E86, BC: 8002, DE: 0304, HL: 0506, SP: 07BD     234  [00001751] 03AE : ADD  B
PC: 03AF, AF: 0E03, BC: 8002, DE: 0304, HL: 0506, SP: 07BD     235  [00001755] 03AF : ADC  H
PC: 03B0, AF: 1416, BC: 8002, DE: 0304, HL: 0506, SP: 07BD     236  [00001759] 03B0 : ADD  B
PC: 03B1, AF: 9482, BC: 8002, DE: 0304, HL: 0506, SP: 07BD     237  [00001763] 03B1 : ADD  B
PC: 03B2, AF: 1407, BC: 8002, DE: 0304, HL: 0506, SP: 07BD     238  [00001767] 03B2 : ADC  L
PC: 03B3, AF: 1B06, BC: 8002, DE: 0304, HL: 0506, SP: 07BD     239  [00001771] 03B3 : ADD  B
PC: 03B4, AF: 9B82, BC: 8002, DE: 0304, HL: 0506, SP: 07BD     240  [00001775] 03B4 : ADD  B
PC: 03B5, AF: 1B07, BC: 8002, DE: 0304, HL: 0506, SP: 07BD     241  [00001779] 03B5 : ADC  A
PC: 03B7, AF: 3712, BC: 8002, DE: 0304, HL: 0506, SP: 07BD     242  [00001783] 03B7 : CP   37
PC: 03BA, AF: 3756, BC: 8002, DE: 0304, HL: 0506, SP: 07BD     243  [00001790] 03BA : CALL NZ,06A0
PC: 03BC, AF: 3756, BC: 8002, DE: 0304, HL: 0506, SP: 07BD     244  [00001801] 03BC : LD   A,80
PC: 03BD, AF: 8056, BC: 8002, DE: 0304, HL: 0506, SP: 07BD     245  [00001808] 03BD : ADD  A
PC: 03BF, AF: 0047, BC: 8002, DE: 0304, HL: 0506, SP: 07BD     246  [00001812] 03BF : LD   B,01
PC: 03C0, AF: 0047, BC: 0102, DE: 0304, HL: 0506, SP: 07BD     247  [00001819] 03C0 : SBC  B
PC: 03C2, AF: FE83, BC: 0102, DE: 0304, HL: 0506, SP: 07BD     248  [00001823] 03C2 : LD   B,FF
PC: 03C3, AF: FE83, BC: FF02, DE: 0304, HL: 0506, SP: 07BD     249  [00001830] 03C3 : ADD  B
PC: 03C4, AF: FD93, BC: FF02, DE: 0304, HL: 0506, SP: 07BD     250  [00001834] 03C4 : SBC  C
PC: 03C5, AF: FA96, BC: FF02, DE: 0304, HL: 0506, SP: 07BD     251  [00001838] 03C5 : ADD  B
PC: 03C6, AF: F997, BC: FF02, DE: 0304, HL: 0506, SP: 07BD     252  [00001842] 03C6 : SBC  D
PC: 03C7, AF: F596, BC: FF02, DE: 0304, HL: 0506, SP: 07BD     253  [00001846] 03C7 : ADD  B
PC: 03C8, AF: F493, BC: FF02, DE: 0304, HL: 0506, SP: 07BD     254  [00001850] 03C8 : SBC  E
PC: 03C9, AF: EF82, BC: FF02, DE: 0304, HL: 0506, SP: 07BD     255  [00001854] 03C9 : ADD  B
PC: 03CA, AF: EE97, BC: FF02, DE: 0304, HL: 0506, SP: 07BD     256  [00001858] 03CA : SBC  H
PC: 03CB, AF: E896, BC: FF02, DE: 0304, HL: 0506, SP: 07BD     257  [00001862] 03CB : ADD  B
PC: 03CC, AF: E797, BC: FF02, DE: 0304, HL: 0506, SP: 07BD     258  [00001866] 03CC : SBC  L
PC: 03CE, AF: E092, BC: FF02, DE: 0304, HL: 0506, SP: 07BD     259  [00001870] 03CE : CP   E0
PC: 03D1, AF: E056, BC: FF02, DE: 0304, HL: 0506, SP: 07BD     260  [00001877] 03D1 : CALL NZ,06A0
PC: 03D3, AF: E056, BC: FF02, DE: 0304, HL: 0506, SP: 07BD     261  [00001888] 03D3 : LD   A,80
PC: 03D4, AF: 8056, BC: FF02, DE: 0304, HL: 0506, SP: 07BD     262  [00001895] 03D4 : ADD  A
PC: 03D5, AF: 0047, BC: FF02, DE: 0304, HL: 0506, SP: 07BD     263  [00001899] 03D5 : SBC  A
PC: 03D7, AF: FF87, BC: FF02, DE: 0304, HL: 0506, SP: 07BD     264  [00001903] 03D7 : CP   FF
PC: 03DA, AF: FF56, BC: FF02, DE: 0304, HL: 0506, SP: 07BD     265  [00001910] 03DA : CALL NZ,06A0
PC: 03DC, AF: FF56, BC: FF02, DE: 0304, HL: 0506, SP: 07BD     266  [00001921] 03DC : LD   A,FF
PC: 03DE, AF: FF56, BC: FF02, DE: 0304, HL: 0506, SP: 07BD     267  [00001928] 03DE : LD   B,FE
PC: 03E0, AF: FF56, BC: FE02, DE: 0304, HL: 0506, SP: 07BD     268  [00001935] 03E0 : LD   C,FC
PC: 03E2, AF: FF56, BC: FEFC, DE: 0304, HL: 0506, SP: 07BD     269  [00001942] 03E2 : LD   D,EF
PC: 03E4, AF: FF56, BC: FEFC, DE: EF04, HL: 0506, SP: 07BD     270  [00001949] 03E4 : LD   E,7F
PC: 03E6, AF: FF56, BC: FEFC, DE: EF7F, HL: 0506, SP: 07BD     271  [00001956] 03E6 : LD   H,F4
PC: 03E8, AF: FF56, BC: FEFC, DE: EF7F, HL: F406, SP: 07BD     272  [00001963] 03E8 : LD   L,BF
PC: 03E9, AF: FF56, BC: FEFC, DE: EF7F, HL: F4BF, SP: 07BD     273  [00001970] 03E9 : AND  B
PC: 03EA, AF: FE92, BC: FEFC, DE: EF7F, HL: F4BF, SP: 07BD     274  [00001974] 03EA : AND  C
PC: 03EB, AF: FC96, BC: FEFC, DE: EF7F, HL: F4BF, SP: 07BD     275  [00001978] 03EB : AND  D
PC: 03EC, AF: EC92, BC: FEFC, DE: EF7F, HL: F4BF, SP: 07BD     276  [00001982] 03EC : AND  E
PC: 03ED, AF: 6C16, BC: FEFC, DE: EF7F, HL: F4BF, SP: 07BD     277  [00001986] 03ED : AND  H
PC: 03EE, AF: 6412, BC: FEFC, DE: EF7F, HL: F4BF, SP: 07BD     278  [00001990] 03EE : AND  L
PC: 03EF, AF: 2416, BC: FEFC, DE: EF7F, HL: F4BF, SP: 07BD     279  [00001994] 03EF : AND  A
PC: 03F1, AF: 2406, BC: FEFC, DE: EF7F, HL: F4BF, SP: 07BD     280  [00001998] 03F1 : CP   24
PC: 03F4, AF: 2456, BC: FEFC, DE: EF7F, HL: F4BF, SP: 07BD     281  [00002005] 03F4 : CALL NZ,06A0
PC: 03F5, AF: 2456, BC: FEFC, DE: EF7F, HL: F4BF, SP: 07BD     282  [00002016] 03F5 : XOR  A
PC: 03F7, AF: 0046, BC: FEFC, DE: EF7F, HL: F4BF, SP: 07BD     283  [00002020] 03F7 : LD   B,01
PC: 03F9, AF: 0046, BC: 01FC, DE: EF7F, HL: F4BF, SP: 07BD     284  [00002027] 03F9 : LD   C,02
PC: 03FB, AF: 0046, BC: 0102, DE: EF7F, HL: F4BF, SP: 07BD     285  [00002034] 03FB : LD   D,04
PC: 03FD, AF: 0046, BC: 0102, DE: 047F, HL: F4BF, SP: 07BD     286  [00002041] 03FD : LD   E,08
PC: 03FF, AF: 0046, BC: 0102, DE: 0408, HL: F4BF, SP: 07BD     287  [00002048] 03FF : LD   H,10
PC: 0401, AF: 0046, BC: 0102, DE: 0408, HL: 10BF, SP: 07BD     288  [00002055] 0401 : LD   L,20
PC: 0402, AF: 0046, BC: 0102, DE: 0408, HL: 1020, SP: 07BD     289  [00002062] 0402 : OR   B
PC: 0403, AF: 0102, BC: 0102, DE: 0408, HL: 1020, SP: 07BD     290  [00002066] 0403 : OR   C
PC: 0404, AF: 0306, BC: 0102, DE: 0408, HL: 1020, SP: 07BD     291  [00002070] 0404 : OR   D
PC: 0405, AF: 0702, BC: 0102, DE: 0408, HL: 1020, SP: 07BD     292  [00002074] 0405 : OR   E
PC: 0406, AF: 0F06, BC: 0102, DE: 0408, HL: 1020, SP: 07BD     293  [00002078] 0406 : OR   H
PC: 0407, AF: 1F02, BC: 0102, DE: 0408, HL: 1020, SP: 07BD     294  [00002082] 0407 : OR   L
PC: 0408, AF: 3F06, BC: 0102, DE: 0408, HL: 1020, SP: 07BD     295  [00002086] 0408 : OR   A
PC: 040A, AF: 3F06, BC: 0102, DE: 0408, HL: 1020, SP: 07BD     296  [00002090] 040A : CP   3F
PC: 040D, AF: 3F56, BC: 0102, DE: 0408, HL: 1020, SP: 07BD     297  [00002097] 040D : CALL NZ,06A0
PC: 040F, AF: 3F56, BC: 0102, DE: 0408, HL: 1020, SP: 07BD     298  [00002108] 040F : LD   A,00
PC: 0411, AF: 0056, BC: 0102, DE: 0408, HL: 1020, SP: 07BD     299  [00002115] 0411 : LD   H,8F
PC: 0413, AF: 0056, BC: 0102, DE: 0408, HL: 8F20, SP: 07BD     300  [00002122] 0413 : LD   L,4F
PC: 0414, AF: 0056, BC: 0102, DE: 0408, HL: 8F4F, SP: 07BD     301  [00002129] 0414 : XOR  B
PC: 0415, AF: 0102, BC: 0102, DE: 0408, HL: 8F4F, SP: 07BD     302  [00002133] 0415 : XOR  C
PC: 0416, AF: 0306, BC: 0102, DE: 0408, HL: 8F4F, SP: 07BD     303  [00002137] 0416 : XOR  D
PC: 0417, AF: 0702, BC: 0102, DE: 0408, HL: 8F4F, SP: 07BD     304  [00002141] 0417 : XOR  E
PC: 0418, AF: 0F06, BC: 0102, DE: 0408, HL: 8F4F, SP: 07BD     305  [00002145] 0418 : XOR  H
PC: 0419, AF: 8082, BC: 0102, DE: 0408, HL: 8F4F, SP: 07BD     306  [00002149] 0419 : XOR  L
PC: 041B, AF: CF86, BC: 0102, DE: 0408, HL: 8F4F, SP: 07BD     307  [00002153] 041B : CP   CF
PC: 041E, AF: CF56, BC: 0102, DE: 0408, HL: 8F4F, SP: 07BD     308  [00002160] 041E : CALL NZ,06A0
PC: 041F, AF: CF56, BC: 0102, DE: 0408, HL: 8F4F, SP: 07BD     309  [00002171] 041F : XOR  A
PC: 0422, AF: 0046, BC: 0102, DE: 0408, HL: 8F4F, SP: 07BD     310  [00002175] 0422 : CALL NZ,06A0
PC: 0424, AF: 0046, BC: 0102, DE: 0408, HL: 8F4F, SP: 07BD     311  [00002186] 0424 : LD   B,44
PC: 0426, AF: 0046, BC: 4402, DE: 0408, HL: 8F4F, SP: 07BD     312  [00002193] 0426 : LD   C,45
PC: 0428, AF: 0046, BC: 4445, DE: 0408, HL: 8F4F, SP: 07BD     313  [00002200] 0428 : LD   D,46
PC: 042A, AF: 0046, BC: 4445, DE: 4608, HL: 8F4F, SP: 07BD     314  [00002207] 042A : LD   E,47
PC: 042C, AF: 0046, BC: 4445, DE: 4647, HL: 8F4F, SP: 07BD     315  [00002214] 042C : LD   H,06
PC: 042E, AF: 0046, BC: 4445, DE: 4647, HL: 064F, SP: 07BD     316  [00002221] 042E : LD   L,BF
PC: 042F, AF: 0046, BC: 4445, DE: 4647, HL: 06BF, SP: 07BD     317  [00002228] 042F : LD   (HL),B
PC: 0431, AF: 0046, BC: 4445, DE: 4647, HL: 06BF, SP: 07BD     318  [00002235] 0431 : LD   B,00
PC: 0432, AF: 0046, BC: 0045, DE: 4647, HL: 06BF, SP: 07BD     319  [00002242] 0432 : LD   B,(HL)
PC: 0434, AF: 0046, BC: 4445, DE: 4647, HL: 06BF, SP: 07BD     320  [00002249] 0434 : LD   A,44
PC: 0435, AF: 4446, BC: 4445, DE: 4647, HL: 06BF, SP: 07BD     321  [00002256] 0435 : CP   B
PC: 0438, AF: 4456, BC: 4445, DE: 4647, HL: 06BF, SP: 07BD     322  [00002260] 0438 : CALL NZ,06A0
PC: 0439, AF: 4456, BC: 4445, DE: 4647, HL: 06BF, SP: 07BD     323  [00002271] 0439 : LD   (HL),C
PC: 043B, AF: 4456, BC: 4445, DE: 4647, HL: 06BF, SP: 07BD     324  [00002278] 043B : LD   C,00
PC: 043C, AF: 4456, BC: 4400, DE: 4647, HL: 06BF, SP: 07BD     325  [00002285] 043C : LD   C,(HL)
PC: 043E, AF: 4456, BC: 4445, DE: 4647, HL: 06BF, SP: 07BD     326  [00002292] 043E : LD   A,45
PC: 043F, AF: 4556, BC: 4445, DE: 4647, HL: 06BF, SP: 07BD     327  [00002299] 043F : CP   C
PC: 0442, AF: 4556, BC: 4445, DE: 4647, HL: 06BF, SP: 07BD     328  [00002303] 0442 : CALL NZ,06A0
PC: 0443, AF: 4556, BC: 4445, DE: 4647, HL: 06BF, SP: 07BD     329  [00002314] 0443 : LD   (HL),D
PC: 0445, AF: 4556, BC: 4445, DE: 4647, HL: 06BF, SP: 07BD     330  [00002321] 0445 : LD   D,00
PC: 0446, AF: 4556, BC: 4445, DE: 0047, HL: 06BF, SP: 07BD     331  [00002328] 0446 : LD   D,(HL)
PC: 0448, AF: 4556, BC: 4445, DE: 4647, HL: 06BF, SP: 07BD     332  [00002335] 0448 : LD   A,46
PC: 0449, AF: 4656, BC: 4445, DE: 4647, HL: 06BF, SP: 07BD     333  [00002342] 0449 : CP   D
PC: 044C, AF: 4656, BC: 4445, DE: 4647, HL: 06BF, SP: 07BD     334  [00002346] 044C : CALL NZ,06A0
PC: 044D, AF: 4656, BC: 4445, DE: 4647, HL: 06BF, SP: 07BD     335  [00002357] 044D : LD   (HL),E
PC: 044F, AF: 4656, BC: 4445, DE: 4647, HL: 06BF, SP: 07BD     336  [00002364] 044F : LD   E,00
PC: 0450, AF: 4656, BC: 4445, DE: 4600, HL: 06BF, SP: 07BD     337  [00002371] 0450 : LD   E,(HL)
PC: 0452, AF: 4656, BC: 4445, DE: 4647, HL: 06BF, SP: 07BD     338  [00002378] 0452 : LD   A,47
PC: 0453, AF: 4756, BC: 4445, DE: 4647, HL: 06BF, SP: 07BD     339  [00002385] 0453 : CP   E
PC: 0456, AF: 4756, BC: 4445, DE: 4647, HL: 06BF, SP: 07BD     340  [00002389] 0456 : CALL NZ,06A0
PC: 0457, AF: 4756, BC: 4445, DE: 4647, HL: 06BF, SP: 07BD     341  [00002400] 0457 : LD   (HL),H
PC: 0459, AF: 4756, BC: 4445, DE: 4647, HL: 06BF, SP: 07BD     342  [00002407] 0459 : LD   H,06
PC: 045B, AF: 4756, BC: 4445, DE: 4647, HL: 06BF, SP: 07BD     343  [00002414] 045B : LD   L,BF
PC: 045C, AF: 4756, BC: 4445, DE: 4647, HL: 06BF, SP: 07BD     344  [00002421] 045C : LD   H,(HL)
PC: 045E, AF: 4756, BC: 4445, DE: 4647, HL: 06BF, SP: 07BD     345  [00002428] 045E : LD   A,06
PC: 045F, AF: 0656, BC: 4445, DE: 4647, HL: 06BF, SP: 07BD     346  [00002435] 045F : CP   H
PC: 0462, AF: 0656, BC: 4445, DE: 4647, HL: 06BF, SP: 07BD     347  [00002439] 0462 : CALL NZ,06A0
PC: 0463, AF: 0656, BC: 4445, DE: 4647, HL: 06BF, SP: 07BD     348  [00002450] 0463 : LD   (HL),L
PC: 0465, AF: 0656, BC: 4445, DE: 4647, HL: 06BF, SP: 07BD     349  [00002457] 0465 : LD   H,06
PC: 0467, AF: 0656, BC: 4445, DE: 4647, HL: 06BF, SP: 07BD     350  [00002464] 0467 : LD   L,BF
PC: 0468, AF: 0656, BC: 4445, DE: 4647, HL: 06BF, SP: 07BD     351  [00002471] 0468 : LD   L,(HL)
PC: 046A, AF: 0656, BC: 4445, DE: 4647, HL: 06BF, SP: 07BD     352  [00002478] 046A : LD   A,BF
PC: 046B, AF: BF56, BC: 4445, DE: 4647, HL: 06BF, SP: 07BD     353  [00002485] 046B : CP   L
PC: 046E, AF: BF56, BC: 4445, DE: 4647, HL: 06BF, SP: 07BD     354  [00002489] 046E : CALL NZ,06A0
PC: 0470, AF: BF56, BC: 4445, DE: 4647, HL: 06BF, SP: 07BD     355  [00002500] 0470 : LD   H,06
PC: 0472, AF: BF56, BC: 4445, DE: 4647, HL: 06BF, SP: 07BD     356  [00002507] 0472 : LD   L,BF
PC: 0474, AF: BF56, BC: 4445, DE: 4647, HL: 06BF, SP: 07BD     357  [00002514] 0474 : LD   A,32
PC: 0475, AF: 3256, BC: 4445, DE: 4647, HL: 06BF, SP: 07BD     358  [00002521] 0475 : LD   (HL),A
PC: 0476, AF: 3256, BC: 4445, DE: 4647, HL: 06BF, SP: 07BD     359  [00002528] 0476 : CP   (HL)
PC: 0479, AF: 3256, BC: 4445, DE: 4647, HL: 06BF, SP: 07BD     360  [00002535] 0479 : CALL NZ,06A0
PC: 047A, AF: 3256, BC: 4445, DE: 4647, HL: 06BF, SP: 07BD     361  [00002546] 047A : ADD  (HL)
PC: 047C, AF: 6402, BC: 4445, DE: 4647, HL: 06BF, SP: 07BD     362  [00002553] 047C : CP   64
PC: 047F, AF: 6456, BC: 4445, DE: 4647, HL: 06BF, SP: 07BD     363  [00002560] 047F : CALL NZ,06A0
PC: 0480, AF: 6456, BC: 4445, DE: 4647, HL: 06BF, SP: 07BD     364  [00002571] 0480 : XOR  A
PC: 0481, AF: 0046, BC: 4445, DE: 4647, HL: 06BF, SP: 07BD     365  [00002575] 0481 : LD   A,(HL)
PC: 0483, AF: 3246, BC: 4445, DE: 4647, HL: 06BF, SP: 07BD     366  [00002582] 0483 : CP   32
PC: 0486, AF: 3256, BC: 4445, DE: 4647, HL: 06BF, SP: 07BD     367  [00002589] 0486 : CALL NZ,06A0
PC: 0488, AF: 3256, BC: 4445, DE: 4647, HL: 06BF, SP: 07BD     368  [00002600] 0488 : LD   H,06
PC: 048A, AF: 3256, BC: 4445, DE: 4647, HL: 06BF, SP: 07BD     369  [00002607] 048A : LD   L,BF
PC: 048B, AF: 3256, BC: 4445, DE: 4647, HL: 06BF, SP: 07BD     370  [00002614] 048B : LD   A,(HL)
PC: 048C, AF: 3256, BC: 4445, DE: 4647, HL: 06BF, SP: 07BD     371  [00002621] 048C : SUB  (HL)
PC: 048F, AF: 0056, BC: 4445, DE: 4647, HL: 06BF, SP: 07BD     372  [00002628] 048F : CALL NZ,06A0
PC: 0491, AF: 0056, BC: 4445, DE: 4647, HL: 06BF, SP: 07BD     373  [00002639] 0491 : LD   A,80
PC: 0492, AF: 8056, BC: 4445, DE: 4647, HL: 06BF, SP: 07BD     374  [00002646] 0492 : ADD  A
PC: 0493, AF: 0047, BC: 4445, DE: 4647, HL: 06BF, SP: 07BD     375  [00002650] 0493 : ADC  (HL)
PC: 0495, AF: 3306, BC: 4445, DE: 4647, HL: 06BF, SP: 07BD     376  [00002657] 0495 : CP   33
PC: 0498, AF: 3356, BC: 4445, DE: 4647, HL: 06BF, SP: 07BD     377  [00002664] 0498 : CALL NZ,06A0
PC: 049A, AF: 3356, BC: 4445, DE: 4647, HL: 06BF, SP: 07BD     378  [00002675] 049A : LD   A,80
PC: 049B, AF: 8056, BC: 4445, DE: 4647, HL: 06BF, SP: 07BD     379  [00002682] 049B : ADD  A
PC: 049C, AF: 0047, BC: 4445, DE: 4647, HL: 06BF, SP: 07BD     380  [00002686] 049C : SBC  (HL)
PC: 049E, AF: CD83, BC: 4445, DE: 4647, HL: 06BF, SP: 07BD     381  [00002693] 049E : CP   CD
PC: 04A1, AF: CD56, BC: 4445, DE: 4647, HL: 06BF, SP: 07BD     382  [00002700] 04A1 : CALL NZ,06A0
PC: 04A2, AF: CD56, BC: 4445, DE: 4647, HL: 06BF, SP: 07BD     383  [00002711] 04A2 : AND  (HL)
PC: 04A5, AF: 0056, BC: 4445, DE: 4647, HL: 06BF, SP: 07BD     384  [00002718] 04A5 : CALL NZ,06A0
PC: 04A7, AF: 0056, BC: 4445, DE: 4647, HL: 06BF, SP: 07BD     385  [00002729] 04A7 : LD   A,25
PC: 04A8, AF: 2556, BC: 4445, DE: 4647, HL: 06BF, SP: 07BD     386  [00002736] 04A8 : OR   (HL)
PC: 04AA, AF: 3702, BC: 4445, DE: 4647, HL: 06BF, SP: 07BD     387  [00002743] 04AA : CP   37
PC: 04AD, AF: 3756, BC: 4445, DE: 4647, HL: 06BF, SP: 07BD     388  [00002750] 04AD : CALL NZ,06A0
PC: 04AE, AF: 3756, BC: 4445, DE: 4647, HL: 06BF, SP: 07BD     389  [00002761] 04AE : XOR  (HL)
PC: 04B0, AF: 0506, BC: 4445, DE: 4647, HL: 06BF, SP: 07BD     390  [00002768] 04B0 : CP   05
PC: 04B3, AF: 0556, BC: 4445, DE: 4647, HL: 06BF, SP: 07BD     391  [00002775] 04B3 : CALL NZ,06A0
PC: 04B5, AF: 0556, BC: 4445, DE: 4647, HL: 06BF, SP: 07BD     392  [00002786] 04B5 : LD   (HL),55
PC: 04B6, AF: 0556, BC: 4445, DE: 4647, HL: 06BF, SP: 07BD     393  [00002796] 04B6 : INC  (HL)
PC: 04B7, AF: 0506, BC: 4445, DE: 4647, HL: 06BF, SP: 07BD     394  [00002806] 04B7 : DEC  (HL)
PC: 04B8, AF: 0516, BC: 4445, DE: 4647, HL: 06BF, SP: 07BD     395  [00002816] 04B8 : ADD  (HL)
PC: 04BA, AF: 5A06, BC: 4445, DE: 4647, HL: 06BF, SP: 07BD     396  [00002823] 04BA : CP   5A
PC: 04BD, AF: 5A56, BC: 4445, DE: 4647, HL: 06BF, SP: 07BD     397  [00002830] 04BD : CALL NZ,06A0
PC: 04C0, AF: 5A56, BC: 4445, DE: 4647, HL: 06BF, SP: 07BD     398  [00002841] 04C0 : LD   BC,12FF
PC: 04C3, AF: 5A56, BC: 12FF, DE: 4647, HL: 06BF, SP: 07BD     399  [00002851] 04C3 : LD   DE,12FF
PC: 04C6, AF: 5A56, BC: 12FF, DE: 12FF, HL: 06BF, SP: 07BD     400  [00002861] 04C6 : LD   HL,12FF
PC: 04C7, AF: 5A56, BC: 12FF, DE: 12FF, HL: 12FF, SP: 07BD     401  [00002871] 04C7 : INC  BC
PC: 04C8, AF: 5A56, BC: 1300, DE: 12FF, HL: 12FF, SP: 07BD     402  [00002876] 04C8 : INC  DE
PC: 04C9, AF: 5A56, BC: 1300, DE: 1300, HL: 12FF, SP: 07BD     403  [00002881] 04C9 : INC  HL
PC: 04CB, AF: 5A56, BC: 1300, DE: 1300, HL: 1300, SP: 07BD     404  [00002886] 04CB : LD   A,13
PC: 04CC, AF: 1356, BC: 1300, DE: 1300, HL: 1300, SP: 07BD     405  [00002893] 04CC : CP   B
PC: 04CF, AF: 1356, BC: 1300, DE: 1300, HL: 1300, SP: 07BD     406  [00002897] 04CF : CALL NZ,06A0
PC: 04D0, AF: 1356, BC: 1300, DE: 1300, HL: 1300, SP: 07BD     407  [00002908] 04D0 : CP   D
PC: 04D3, AF: 1356, BC: 1300, DE: 1300, HL: 1300, SP: 07BD     408  [00002912] 04D3 : CALL NZ,06A0
PC: 04D4, AF: 1356, BC: 1300, DE: 1300, HL: 1300, SP: 07BD     409  [00002923] 04D4 : CP   H
PC: 04D7, AF: 1356, BC: 1300, DE: 1300, HL: 1300, SP: 07BD     410  [00002927] 04D7 : CALL NZ,06A0
PC: 04D9, AF: 1356, BC: 1300, DE: 1300, HL: 1300, SP: 07BD     411  [00002938] 04D9 : LD   A,00
PC: 04DA, AF: 0056, BC: 1300, DE: 1300, HL: 1300, SP: 07BD     412  [00002945] 04DA : CP   C
PC: 04DD, AF: 0056, BC: 1300, DE: 1300, HL: 1300, SP: 07BD     413  [00002949] 04DD : CALL NZ,06A0
PC: 04DE, AF: 0056, BC: 1300, DE: 1300, HL: 1300, SP: 07BD     414  [00002960] 04DE : CP   E
PC: 04E1, AF: 0056, BC: 1300, DE: 1300, HL: 1300, SP: 07BD     415  [00002964] 04E1 : CALL NZ,06A0
PC: 04E2, AF: 0056, BC: 1300, DE: 1300, HL: 1300, SP: 07BD     416  [00002975] 04E2 : CP   L
PC: 04E5, AF: 0056, BC: 1300, DE: 1300, HL: 1300, SP: 07BD     417  [00002979] 04E5 : CALL NZ,06A0
PC: 04E6, AF: 0056, BC: 1300, DE: 1300, HL: 1300, SP: 07BD     418  [00002990] 04E6 : DEC  BC
PC: 04E7, AF: 0056, BC: 12FF, DE: 1300, HL: 1300, SP: 07BD     419  [00002995] 04E7 : DEC  DE
PC: 04E8, AF: 0056, BC: 12FF, DE: 12FF, HL: 1300, SP: 07BD     420  [00003000] 04E8 : DEC  HL
PC: 04EA, AF: 0056, BC: 12FF, DE: 12FF, HL: 12FF, SP: 07BD     421  [00003005] 04EA : LD   A,12
PC: 04EB, AF: 1256, BC: 12FF, DE: 12FF, HL: 12FF, SP: 07BD     422  [00003012] 04EB : CP   B
PC: 04EE, AF: 1256, BC: 12FF, DE: 12FF, HL: 12FF, SP: 07BD     423  [00003016] 04EE : CALL NZ,06A0
PC: 04EF, AF: 1256, BC: 12FF, DE: 12FF, HL: 12FF, SP: 07BD     424  [00003027] 04EF : CP   D
PC: 04F2, AF: 1256, BC: 12FF, DE: 12FF, HL: 12FF, SP: 07BD     425  [00003031] 04F2 : CALL NZ,06A0
PC: 04F3, AF: 1256, BC: 12FF, DE: 12FF, HL: 12FF, SP: 07BD     426  [00003042] 04F3 : CP   H
PC: 04F6, AF: 1256, BC: 12FF, DE: 12FF, HL: 12FF, SP: 07BD     427  [00003046] 04F6 : CALL NZ,06A0
PC: 04F8, AF: 1256, BC: 12FF, DE: 12FF, HL: 12FF, SP: 07BD     428  [00003057] 04F8 : LD   A,FF
PC: 04F9, AF: FF56, BC: 12FF, DE: 12FF, HL: 12FF, SP: 07BD     429  [00003064] 04F9 : CP   C
PC: 04FC, AF: FF56, BC: 12FF, DE: 12FF, HL: 12FF, SP: 07BD     430  [00003068] 04FC : CALL NZ,06A0
PC: 04FD, AF: FF56, BC: 12FF, DE: 12FF, HL: 12FF, SP: 07BD     431  [00003079] 04FD : CP   E
PC: 0500, AF: FF56, BC: 12FF, DE: 12FF, HL: 12FF, SP: 07BD     432  [00003083] 0500 : CALL NZ,06A0
PC: 0501, AF: FF56, BC: 12FF, DE: 12FF, HL: 12FF, SP: 07BD     433  [00003094] 0501 : CP   L
PC: 0504, AF: FF56, BC: 12FF, DE: 12FF, HL: 12FF, SP: 07BD     434  [00003098] 0504 : CALL NZ,06A0
PC: 0507, AF: FF56, BC: 12FF, DE: 12FF, HL: 12FF, SP: 07BD     435  [00003109] 0507 : LD   (06BF),A
PC: 0508, AF: FF56, BC: 12FF, DE: 12FF, HL: 12FF, SP: 07BD     436  [00003122] 0508 : XOR  A
PC: 050B, AF: 0046, BC: 12FF, DE: 12FF, HL: 12FF, SP: 07BD     437  [00003126] 050B : LD   A,(06BF)
PC: 050D, AF: FF46, BC: 12FF, DE: 12FF, HL: 12FF, SP: 07BD     438  [00003139] 050D : CP   FF
PC: 0510, AF: FF56, BC: 12FF, DE: 12FF, HL: 12FF, SP: 07BD     439  [00003146] 0510 : CALL NZ,06A0
PC: 0513, AF: FF56, BC: 12FF, DE: 12FF, HL: 12FF, SP: 07BD     440  [00003157] 0513 : LD   HL,(06BD)
PC: 0516, AF: FF56, BC: 12FF, DE: 12FF, HL: 06BF, SP: 07BD     441  [00003173] 0516 : LD   (06BF),HL
PC: 0519, AF: FF56, BC: 12FF, DE: 12FF, HL: 06BF, SP: 07BD     442  [00003189] 0519 : LD   A,(06BD)
PC: 051A, AF: BF56, BC: 12FF, DE: 12FF, HL: 06BF, SP: 07BD     443  [00003202] 051A : LD   B,A
PC: 051D, AF: BF56, BC: BFFF, DE: 12FF, HL: 06BF, SP: 07BD     444  [00003207] 051D : LD   A,(06BF)
PC: 051E, AF: BF56, BC: BFFF, DE: 12FF, HL: 06BF, SP: 07BD     445  [00003220] 051E : CP   B
PC: 0521, AF: BF56, BC: BFFF, DE: 12FF, HL: 06BF, SP: 07BD     446  [00003224] 0521 : CALL NZ,06A0
PC: 0524, AF: BF56, BC: BFFF, DE: 12FF, HL: 06BF, SP: 07BD     447  [00003235] 0524 : LD   A,(06BE)
PC: 0525, AF: 0656, BC: BFFF, DE: 12FF, HL: 06BF, SP: 07BD     448  [00003248] 0525 : LD   B,A
PC: 0528, AF: 0656, BC: 06FF, DE: 12FF, HL: 06BF, SP: 07BD     449  [00003253] 0528 : LD   A,(06C0)
PC: 0529, AF: 0656, BC: 06FF, DE: 12FF, HL: 06BF, SP: 07BD     450  [00003266] 0529 : CP   B
PC: 052C, AF: 0656, BC: 06FF, DE: 12FF, HL: 06BF, SP: 07BD     451  [00003270] 052C : CALL NZ,06A0
PC: 052E, AF: 0656, BC: 06FF, DE: 12FF, HL: 06BF, SP: 07BD     452  [00003281] 052E : LD   A,AA
PC: 0531, AF: AA56, BC: 06FF, DE: 12FF, HL: 06BF, SP: 07BD     453  [00003288] 0531 : LD   (06BF),A
PC: 0532, AF: AA56, BC: 06FF, DE: 12FF, HL: 06BF, SP: 07BD     454  [00003301] 0532 : LD   B,H
PC: 0533, AF: AA56, BC: 06FF, DE: 12FF, HL: 06BF, SP: 07BD     455  [00003306] 0533 : LD   C,L
PC: 0534, AF: AA56, BC: 06BF, DE: 12FF, HL: 06BF, SP: 07BD     456  [00003311] 0534 : XOR  A
PC: 0535, AF: 0046, BC: 06BF, DE: 12FF, HL: 06BF, SP: 07BD     457  [00003315] 0535 : LD   A,(BC)
PC: 0537, AF: AA46, BC: 06BF, DE: 12FF, HL: 06BF, SP: 07BD     458  [00003322] 0537 : CP   AA
PC: 053A, AF: AA56, BC: 06BF, DE: 12FF, HL: 06BF, SP: 07BD     459  [00003329] 053A : CALL NZ,06A0
PC: 053B, AF: AA56, BC: 06BF, DE: 12FF, HL: 06BF, SP: 07BD     460  [00003340] 053B : INC  A
PC: 053C, AF: AB82, BC: 06BF, DE: 12FF, HL: 06BF, SP: 07BD     461  [00003345] 053C : LD   (BC),A
PC: 053F, AF: AB82, BC: 06BF, DE: 12FF, HL: 06BF, SP: 07BD     462  [00003352] 053F : LD   A,(06BF)
PC: 0541, AF: AB82, BC: 06BF, DE: 12FF, HL: 06BF, SP: 07BD     463  [00003365] 0541 : CP   AB
PC: 0544, AF: AB56, BC: 06BF, DE: 12FF, HL: 06BF, SP: 07BD     464  [00003372] 0544 : CALL NZ,06A0
PC: 0546, AF: AB56, BC: 06BF, DE: 12FF, HL: 06BF, SP: 07BD     465  [00003383] 0546 : LD   A,77
PC: 0549, AF: 7756, BC: 06BF, DE: 12FF, HL: 06BF, SP: 07BD     466  [00003390] 0549 : LD   (06BF),A
PC: 054C, AF: 7756, BC: 06BF, DE: 12FF, HL: 06BF, SP: 07BD     467  [00003403] 054C : LD   HL,(06BD)
PC: 054F, AF: 7756, BC: 06BF, DE: 12FF, HL: 06BF, SP: 07BD     468  [00003419] 054F : LD   DE,0000
PC: 0550, AF: 7756, BC: 06BF, DE: 0000, HL: 06BF, SP: 07BD     469  [00003429] 0550 : EX   DE,HL
PC: 0551, AF: 7756, BC: 06BF, DE: 06BF, HL: 0000, SP: 07BD     470  [00003433] 0551 : XOR  A
PC: 0552, AF: 0046, BC: 06BF, DE: 06BF, HL: 0000, SP: 07BD     471  [00003437] 0552 : LD   A,(DE)
PC: 0554, AF: 7746, BC: 06BF, DE: 06BF, HL: 0000, SP: 07BD     472  [00003444] 0554 : CP   77
PC: 0557, AF: 7756, BC: 06BF, DE: 06BF, HL: 0000, SP: 07BD     473  [00003451] 0557 : CALL NZ,06A0
PC: 0558, AF: 7756, BC: 06BF, DE: 06BF, HL: 0000, SP: 07BD     474  [00003462] 0558 : XOR  A
PC: 0559, AF: 0046, BC: 06BF, DE: 06BF, HL: 0000, SP: 07BD     475  [00003466] 0559 : ADD  H
PC: 055A, AF: 0046, BC: 06BF, DE: 06BF, HL: 0000, SP: 07BD     476  [00003470] 055A : ADD  L
PC: 055D, AF: 0046, BC: 06BF, DE: 06BF, HL: 0000, SP: 07BD     477  [00003474] 055D : CALL NZ,06A0
PC: 055F, AF: 0046, BC: 06BF, DE: 06BF, HL: 0000, SP: 07BD     478  [00003485] 055F : LD   A,CC
PC: 0560, AF: CC46, BC: 06BF, DE: 06BF, HL: 0000, SP: 07BD     479  [00003492] 0560 : LD   (DE),A
PC: 0563, AF: CC46, BC: 06BF, DE: 06BF, HL: 0000, SP: 07BD     480  [00003499] 0563 : LD   A,(06BF)
PC: 0565, AF: CC46, BC: 06BF, DE: 06BF, HL: 0000, SP: 07BD     481  [00003512] 0565 : CP   CC
PC: 0566, AF: CC56, BC: 06BF, DE: 06BF, HL: 0000, SP: 07BD     482  [00003519] 0566 : LD   (DE),A
PC: 0569, AF: CC56, BC: 06BF, DE: 06BF, HL: 0000, SP: 07BD     483  [00003526] 0569 : LD   A,(06BF)
PC: 056B, AF: CC56, BC: 06BF, DE: 06BF, HL: 0000, SP: 07BD     484  [00003539] 056B : CP   CC
PC: 056E, AF: CC56, BC: 06BF, DE: 06BF, HL: 0000, SP: 07BD     485  [00003546] 056E : CALL NZ,06A0
PC: 0571, AF: CC56, BC: 06BF, DE: 06BF, HL: 0000, SP: 07BD     486  [00003557] 0571 : LD   HL,7777
PC: 0572, AF: CC56, BC: 06BF, DE: 06BF, HL: 7777, SP: 07BD     487  [00003567] 0572 : ADD  HL,HL
PC: 0574, AF: CC56, BC: 06BF, DE: 06BF, HL: EEEE, SP: 07BD     488  [00003577] 0574 : LD   A,EE
PC: 0575, AF: EE56, BC: 06BF, DE: 06BF, HL: EEEE, SP: 07BD     489  [00003584] 0575 : CP   H
PC: 0578, AF: EE56, BC: 06BF, DE: 06BF, HL: EEEE, SP: 07BD     490  [00003588] 0578 : CALL NZ,06A0
PC: 0579, AF: EE56, BC: 06BF, DE: 06BF, HL: EEEE, SP: 07BD     491  [00003599] 0579 : CP   L
PC: 057C, AF: EE56, BC: 06BF, DE: 06BF, HL: EEEE, SP: 07BD     492  [00003603] 057C : CALL NZ,06A0
PC: 057F, AF: EE56, BC: 06BF, DE: 06BF, HL: EEEE, SP: 07BD     493  [00003614] 057F : LD   HL,5555
PC: 0582, AF: EE56, BC: 06BF, DE: 06BF, HL: 5555, SP: 07BD     494  [00003624] 0582 : LD   BC,FFFF
PC: 0583, AF: EE56, BC: FFFF, DE: 06BF, HL: 5555, SP: 07BD     495  [00003634] 0583 : ADD  HL,BC
PC: 0585, AF: EE57, BC: FFFF, DE: 06BF, HL: 5554, SP: 07BD     496  [00003644] 0585 : LD   A,55
PC: 0588, AF: 5557, BC: FFFF, DE: 06BF, HL: 5554, SP: 07BD     497  [00003651] 0588 : CALL NC,06A0
PC: 0589, AF: 5557, BC: FFFF, DE: 06BF, HL: 5554, SP: 07BD     498  [00003662] 0589 : CP   H
PC: 058C, AF: 5556, BC: FFFF, DE: 06BF, HL: 5554, SP: 07BD     499  [00003666] 058C : CALL NZ,06A0
PC: 058E, AF: 5556, BC: FFFF, DE: 06BF, HL: 5554, SP: 07BD     500  [00003677] 058E : LD   A,54
PC: 058F, AF: 5456, BC: FFFF, DE: 06BF, HL: 5554, SP: 07BD     501  [00003684] 058F : CP   L
PC: 0592, AF: 5456, BC: FFFF, DE: 06BF, HL: 5554, SP: 07BD     502  [00003688] 0592 : CALL NZ,06A0
PC: 0595, AF: 5456, BC: FFFF, DE: 06BF, HL: 5554, SP: 07BD     503  [00003699] 0595 : LD   HL,AAAA
PC: 0598, AF: 5456, BC: FFFF, DE: 06BF, HL: AAAA, SP: 07BD     504  [00003709] 0598 : LD   DE,3333
PC: 0599, AF: 5456, BC: FFFF, DE: 3333, HL: AAAA, SP: 07BD     505  [00003719] 0599 : ADD  HL,DE
PC: 059B, AF: 5456, BC: FFFF, DE: 3333, HL: DDDD, SP: 07BD     506  [00003729] 059B : LD   A,DD
PC: 059C, AF: DD56, BC: FFFF, DE: 3333, HL: DDDD, SP: 07BD     507  [00003736] 059C : CP   H
PC: 059F, AF: DD56, BC: FFFF, DE: 3333, HL: DDDD, SP: 07BD     508  [00003740] 059F : CALL NZ,06A0
PC: 05A0, AF: DD56, BC: FFFF, DE: 3333, HL: DDDD, SP: 07BD     509  [00003751] 05A0 : CP   L
PC: 05A3, AF: DD56, BC: FFFF, DE: 3333, HL: DDDD, SP: 07BD     510  [00003755] 05A3 : CALL NZ,06A0
PC: 05A4, AF: DD56, BC: FFFF, DE: 3333, HL: DDDD, SP: 07BD     511  [00003766] 05A4 : SCF
PC: 05A7, AF: DD57, BC: FFFF, DE: 3333, HL: DDDD, SP: 07BD     512  [00003770] 05A7 : CALL NC,06A0
PC: 05A8, AF: DD57, BC: FFFF, DE: 3333, HL: DDDD, SP: 07BD     513  [00003781] 05A8 : CPC
PC: 05AB, AF: DD56, BC: FFFF, DE: 3333, HL: DDDD, SP: 07BD     514  [00003785] 05AB : CALL CY,06A0
PC: 05AD, AF: DD56, BC: FFFF, DE: 3333, HL: DDDD, SP: 07BD     515  [00003796] 05AD : LD   A,AA
PC: 05AE, AF: AA56, BC: FFFF, DE: 3333, HL: DDDD, SP: 07BD     516  [00003803] 05AE : CPL
PC: 05B0, AF: 5556, BC: FFFF, DE: 3333, HL: DDDD, SP: 07BD     517  [00003807] 05B0 : CP   55
PC: 05B3, AF: 5556, BC: FFFF, DE: 3333, HL: DDDD, SP: 07BD     518  [00003814] 05B3 : CALL NZ,06A0
PC: 05B4, AF: 5556, BC: FFFF, DE: 3333, HL: DDDD, SP: 07BD     519  [00003825] 05B4 : OR   A
PC: 05B5, AF: 5506, BC: FFFF, DE: 3333, HL: DDDD, SP: 07BD     520  [00003829] 05B5 : DAA
PC: 05B7, AF: 5506, BC: FFFF, DE: 3333, HL: DDDD, SP: 07BD     521  [00003833] 05B7 : CP   55
PC: 05BA, AF: 5556, BC: FFFF, DE: 3333, HL: DDDD, SP: 07BD     522  [00003840] 05BA : CALL NZ,06A0
PC: 05BC, AF: 5556, BC: FFFF, DE: 3333, HL: DDDD, SP: 07BD     523  [00003851] 05BC : LD   A,88
PC: 05BD, AF: 8856, BC: FFFF, DE: 3333, HL: DDDD, SP: 07BD     524  [00003858] 05BD : ADD  A
PC: 05BE, AF: 1013, BC: FFFF, DE: 3333, HL: DDDD, SP: 07BD     525  [00003862] 05BE : DAA
PC: 05C0, AF: 7603, BC: FFFF, DE: 3333, HL: DDDD, SP: 07BD     526  [00003866] 05C0 : CP   76
PC: 05C3, AF: 7656, BC: FFFF, DE: 3333, HL: DDDD, SP: 07BD     527  [00003873] 05C3 : CALL NZ,06A0
PC: 05C4, AF: 7656, BC: FFFF, DE: 3333, HL: DDDD, SP: 07BD     528  [00003884] 05C4 : XOR  A
PC: 05C6, AF: 0046, BC: FFFF, DE: 3333, HL: DDDD, SP: 07BD     529  [00003888] 05C6 : LD   A,AA
PC: 05C7, AF: AA46, BC: FFFF, DE: 3333, HL: DDDD, SP: 07BD     530  [00003895] 05C7 : DAA
PC: 05CA, AF: 1013, BC: FFFF, DE: 3333, HL: DDDD, SP: 07BD     531  [00003899] 05CA : CALL NC,06A0
PC: 05CC, AF: 1013, BC: FFFF, DE: 3333, HL: DDDD, SP: 07BD     532  [00003910] 05CC : CP   10
PC: 05CF, AF: 1056, BC: FFFF, DE: 3333, HL: DDDD, SP: 07BD     533  [00003917] 05CF : CALL NZ,06A0
PC: 05D0, AF: 1056, BC: FFFF, DE: 3333, HL: DDDD, SP: 07BD     534  [00003928] 05D0 : XOR  A
PC: 05D2, AF: 0046, BC: FFFF, DE: 3333, HL: DDDD, SP: 07BD     535  [00003932] 05D2 : LD   A,9A
PC: 05D3, AF: 9A46, BC: FFFF, DE: 3333, HL: DDDD, SP: 07BD     536  [00003939] 05D3 : DAA
PC: 05D6, AF: 0057, BC: FFFF, DE: 3333, HL: DDDD, SP: 07BD     537  [00003943] 05D6 : CALL NC,06A0
PC: 05D9, AF: 0057, BC: FFFF, DE: 3333, HL: DDDD, SP: 07BD     538  [00003954] 05D9 : CALL NZ,06A0
PC: 05DA, AF: 0057, BC: FFFF, DE: 3333, HL: DDDD, SP: 07BD     539  [00003965] 05DA : SCF
PC: 05DC, AF: 0057, BC: FFFF, DE: 3333, HL: DDDD, SP: 07BD     540  [00003969] 05DC : LD   A,42
PC: 05DD, AF: 4257, BC: FFFF, DE: 3333, HL: DDDD, SP: 07BD     541  [00003976] 05DD : RLCA
PC: 05E0, AF: 8456, BC: FFFF, DE: 3333, HL: DDDD, SP: 07BD     542  [00003980] 05E0 : CALL CY,06A0
PC: 05E1, AF: 8456, BC: FFFF, DE: 3333, HL: DDDD, SP: 07BD     543  [00003991] 05E1 : RLCA
PC: 05E4, AF: 0957, BC: FFFF, DE: 3333, HL: DDDD, SP: 07BD     544  [00003995] 05E4 : CALL NC,06A0
PC: 05E6, AF: 0957, BC: FFFF, DE: 3333, HL: DDDD, SP: 07BD     545  [00004006] 05E6 : CP   09
PC: 05E9, AF: 0956, BC: FFFF, DE: 3333, HL: DDDD, SP: 07BD     546  [00004013] 05E9 : CALL NZ,06A0
PC: 05EA, AF: 0956, BC: FFFF, DE: 3333, HL: DDDD, SP: 07BD     547  [00004024] 05EA : RRCA
PC: 05ED, AF: 8457, BC: FFFF, DE: 3333, HL: DDDD, SP: 07BD     548  [00004028] 05ED : CALL NC,06A0
PC: 05EE, AF: 8457, BC: FFFF, DE: 3333, HL: DDDD, SP: 07BD     549  [00004039] 05EE : RRCA
PC: 05F0, AF: 4256, BC: FFFF, DE: 3333, HL: DDDD, SP: 07BD     550  [00004043] 05F0 : CP   42
PC: 05F3, AF: 4256, BC: FFFF, DE: 3333, HL: DDDD, SP: 07BD     551  [00004050] 05F3 : CALL NZ,06A0
PC: 05F4, AF: 4256, BC: FFFF, DE: 3333, HL: DDDD, SP: 07BD     552  [00004061] 05F4 : RAL
PC: 05F5, AF: 8456, BC: FFFF, DE: 3333, HL: DDDD, SP: 07BD     553  [00004065] 05F5 : RAL
PC: 05F8, AF: 0857, BC: FFFF, DE: 3333, HL: DDDD, SP: 07BD     554  [00004069] 05F8 : CALL NC,06A0
PC: 05FA, AF: 0857, BC: FFFF, DE: 3333, HL: DDDD, SP: 07BD     555  [00004080] 05FA : CP   08
PC: 05FD, AF: 0856, BC: FFFF, DE: 3333, HL: DDDD, SP: 07BD     556  [00004087] 05FD : CALL NZ,06A0
PC: 05FE, AF: 0856, BC: FFFF, DE: 3333, HL: DDDD, SP: 07BD     557  [00004098] 05FE : RAR
PC: 05FF, AF: 0456, BC: FFFF, DE: 3333, HL: DDDD, SP: 07BD     558  [00004102] 05FF : RAR
PC: 0602, AF: 0256, BC: FFFF, DE: 3333, HL: DDDD, SP: 07BD     559  [00004106] 0602 : CALL CY,06A0
PC: 0604, AF: 0256, BC: FFFF, DE: 3333, HL: DDDD, SP: 07BD     560  [00004117] 0604 : CP   02
PC: 0607, AF: 0256, BC: FFFF, DE: 3333, HL: DDDD, SP: 07BD     561  [00004124] 0607 : CALL NZ,06A0
PC: 060A, AF: 0256, BC: FFFF, DE: 3333, HL: DDDD, SP: 07BD     562  [00004135] 060A : LD   BC,1234
PC: 060D, AF: 0256, BC: 1234, DE: 3333, HL: DDDD, SP: 07BD     563  [00004145] 060D : LD   DE,AAAA
PC: 0610, AF: 0256, BC: 1234, DE: AAAA, HL: DDDD, SP: 07BD     564  [00004155] 0610 : LD   HL,5555
PC: 0611, AF: 0256, BC: 1234, DE: AAAA, HL: 5555, SP: 07BD     565  [00004165] 0611 : XOR  A
PC: 0612, AF: 0046, BC: 1234, DE: AAAA, HL: 5555, SP: 07BD     566  [00004169] 0612 : PUSH BC
PC: 0613, AF: 0046, BC: 1234, DE: AAAA, HL: 5555, SP: 07BB     567  [00004180] 0613 : PUSH DE
PC: 0614, AF: 0046, BC: 1234, DE: AAAA, HL: 5555, SP: 07B9     568  [00004191] 0614 : PUSH HL
PC: 0615, AF: 0046, BC: 1234, DE: AAAA, HL: 5555, SP: 07B7     569  [00004202] 0615 : PUSH PSW
PC: 0618, AF: 0046, BC: 1234, DE: AAAA, HL: 5555, SP: 07B5     570  [00004213] 0618 : LD   BC,0000
PC: 061B, AF: 0046, BC: 0000, DE: AAAA, HL: 5555, SP: 07B5     571  [00004223] 061B : LD   DE,0000
PC: 061E, AF: 0046, BC: 0000, DE: 0000, HL: 5555, SP: 07B5     572  [00004233] 061E : LD   HL,0000
PC: 0620, AF: 0046, BC: 0000, DE: 0000, HL: 0000, SP: 07B5     573  [00004243] 0620 : LD   A,C0
PC: 0622, AF: C046, BC: 0000, DE: 0000, HL: 0000, SP: 07B5     574  [00004250] 0622 : ADD  F0
PC: 0623, AF: B083, BC: 0000, DE: 0000, HL: 0000, SP: 07B5     575  [00004257] 0623 : POP  PSW
PC: 0624, AF: 0046, BC: 0000, DE: 0000, HL: 0000, SP: 07B7     576  [00004267] 0624 : POP  HL
PC: 0625, AF: 0046, BC: 0000, DE: 0000, HL: 5555, SP: 07B9     577  [00004277] 0625 : POP  DE
PC: 0626, AF: 0046, BC: 0000, DE: AAAA, HL: 5555, SP: 07BB     578  [00004287] 0626 : POP  BC
PC: 0629, AF: 0046, BC: 1234, DE: AAAA, HL: 5555, SP: 07BD     579  [00004297] 0629 : CALL CY,06A0
PC: 062C, AF: 0046, BC: 1234, DE: AAAA, HL: 5555, SP: 07BD     580  [00004308] 062C : CALL NZ,06A0
PC: 062F, AF: 0046, BC: 1234, DE: AAAA, HL: 5555, SP: 07BD     581  [00004319] 062F : CALL PO,06A0
PC: 0632, AF: 0046, BC: 1234, DE: AAAA, HL: 5555, SP: 07BD     582  [00004330] 0632 : CALL MI,06A0
PC: 0634, AF: 0046, BC: 1234, DE: AAAA, HL: 5555, SP: 07BD     583  [00004341] 0634 : LD   A,12
PC: 0635, AF: 1246, BC: 1234, DE: AAAA, HL: 5555, SP: 07BD     584  [00004348] 0635 : CP   B
PC: 0638, AF: 1256, BC: 1234, DE: AAAA, HL: 5555, SP: 07BD     585  [00004352] 0638 : CALL NZ,06A0
PC: 063A, AF: 1256, BC: 1234, DE: AAAA, HL: 5555, SP: 07BD     586  [00004363] 063A : LD   A,34
PC: 063B, AF: 3456, BC: 1234, DE: AAAA, HL: 5555, SP: 07BD     587  [00004370] 063B : CP   C
PC: 063E, AF: 3456, BC: 1234, DE: AAAA, HL: 5555, SP: 07BD     588  [00004374] 063E : CALL NZ,06A0
PC: 0640, AF: 3456, BC: 1234, DE: AAAA, HL: 5555, SP: 07BD     589  [00004385] 0640 : LD   A,AA
PC: 0641, AF: AA56, BC: 1234, DE: AAAA, HL: 5555, SP: 07BD     590  [00004392] 0641 : CP   D
PC: 0644, AF: AA56, BC: 1234, DE: AAAA, HL: 5555, SP: 07BD     591  [00004396] 0644 : CALL NZ,06A0
PC: 0645, AF: AA56, BC: 1234, DE: AAAA, HL: 5555, SP: 07BD     592  [00004407] 0645 : CP   E
PC: 0648, AF: AA56, BC: 1234, DE: AAAA, HL: 5555, SP: 07BD     593  [00004411] 0648 : CALL NZ,06A0
PC: 064A, AF: AA56, BC: 1234, DE: AAAA, HL: 5555, SP: 07BD     594  [00004422] 064A : LD   A,55
PC: 064B, AF: 5556, BC: 1234, DE: AAAA, HL: 5555, SP: 07BD     595  [00004429] 064B : CP   H
PC: 064E, AF: 5556, BC: 1234, DE: AAAA, HL: 5555, SP: 07BD     596  [00004433] 064E : CALL NZ,06A0
PC: 064F, AF: 5556, BC: 1234, DE: AAAA, HL: 5555, SP: 07BD     597  [00004444] 064F : CP   L
PC: 0652, AF: 5556, BC: 1234, DE: AAAA, HL: 5555, SP: 07BD     598  [00004448] 0652 : CALL NZ,06A0
PC: 0655, AF: 5556, BC: 1234, DE: AAAA, HL: 5555, SP: 07BD     599  [00004459] 0655 : LD   HL,0000
PC: 0656, AF: 5556, BC: 1234, DE: AAAA, HL: 0000, SP: 07BD     600  [00004469] 0656 : ADD  HL,SP
PC: 0659, AF: 5556, BC: 1234, DE: AAAA, HL: 07BD, SP: 07BD     601  [00004479] 0659 : LD   (06C4),HL
PC: 065C, AF: 5556, BC: 1234, DE: AAAA, HL: 07BD, SP: 07BD     602  [00004495] 065C : LD   SP,06C3
PC: 065D, AF: 5556, BC: 1234, DE: AAAA, HL: 07BD, SP: 06C3     603  [00004505] 065D : DEC  SP
PC: 065E, AF: 5556, BC: 1234, DE: AAAA, HL: 07BD, SP: 06C2     604  [00004510] 065E : DEC  SP
PC: 065F, AF: 5556, BC: 1234, DE: AAAA, HL: 07BD, SP: 06C1     605  [00004515] 065F : INC  SP
PC: 0660, AF: 5556, BC: 1234, DE: AAAA, HL: 07BD, SP: 06C2     606  [00004520] 0660 : DEC  SP
PC: 0662, AF: 5556, BC: 1234, DE: AAAA, HL: 07BD, SP: 06C1     607  [00004525] 0662 : LD   A,55
PC: 0665, AF: 5556, BC: 1234, DE: AAAA, HL: 07BD, SP: 06C1     608  [00004532] 0665 : LD   (06C1),A
PC: 0666, AF: 5556, BC: 1234, DE: AAAA, HL: 07BD, SP: 06C1     609  [00004545] 0666 : CPL
PC: 0669, AF: AA56, BC: 1234, DE: AAAA, HL: 07BD, SP: 06C1     610  [00004549] 0669 : LD   (06C2),A
PC: 066A, AF: AA56, BC: 1234, DE: AAAA, HL: 07BD, SP: 06C1     611  [00004562] 066A : POP  BC
PC: 066B, AF: AA56, BC: AA55, DE: AAAA, HL: 07BD, SP: 06C3     612  [00004572] 066B : CP   B
PC: 066E, AF: AA56, BC: AA55, DE: AAAA, HL: 07BD, SP: 06C3     613  [00004576] 066E : CALL NZ,06A0
PC: 066F, AF: AA56, BC: AA55, DE: AAAA, HL: 07BD, SP: 06C3     614  [00004587] 066F : CPL
PC: 0670, AF: 5556, BC: AA55, DE: AAAA, HL: 07BD, SP: 06C3     615  [00004591] 0670 : CP   C
PC: 0673, AF: 5556, BC: AA55, DE: AAAA, HL: 07BD, SP: 06C3     616  [00004595] 0673 : CALL NZ,06A0
PC: 0676, AF: 5556, BC: AA55, DE: AAAA, HL: 07BD, SP: 06C3     617  [00004606] 0676 : LD   HL,06C3
PC: 0677, AF: 5556, BC: AA55, DE: AAAA, HL: 06C3, SP: 06C3     618  [00004616] 0677 : LD   SP,HL
PC: 067A, AF: 5556, BC: AA55, DE: AAAA, HL: 06C3, SP: 06C3     619  [00004621] 067A : LD   HL,7733
PC: 067B, AF: 5556, BC: AA55, DE: AAAA, HL: 7733, SP: 06C3     620  [00004631] 067B : DEC  SP
PC: 067C, AF: 5556, BC: AA55, DE: AAAA, HL: 7733, SP: 06C2     621  [00004636] 067C : DEC  SP
PC: 067D, AF: 5556, BC: AA55, DE: AAAA, HL: 7733, SP: 06C1     622  [00004641] 067D : EX   (SP),HL
PC: 0680, AF: 5556, BC: AA55, DE: AAAA, HL: AA55, SP: 06C1     623  [00004659] 0680 : LD   A,(06C2)
PC: 0682, AF: 7756, BC: AA55, DE: AAAA, HL: AA55, SP: 06C1     624  [00004672] 0682 : CP   77
PC: 0685, AF: 7756, BC: AA55, DE: AAAA, HL: AA55, SP: 06C1     625  [00004679] 0685 : CALL NZ,06A0
PC: 0688, AF: 7756, BC: AA55, DE: AAAA, HL: AA55, SP: 06C1     626  [00004690] 0688 : LD   A,(06C1)
PC: 068A, AF: 3356, BC: AA55, DE: AAAA, HL: AA55, SP: 06C1     627  [00004703] 068A : CP   33
PC: 068D, AF: 3356, BC: AA55, DE: AAAA, HL: AA55, SP: 06C1     628  [00004710] 068D : CALL NZ,06A0
PC: 068F, AF: 3356, BC: AA55, DE: AAAA, HL: AA55, SP: 06C1     629  [00004721] 068F : LD   A,55
PC: 0690, AF: 5556, BC: AA55, DE: AAAA, HL: AA55, SP: 06C1     630  [00004728] 0690 : CP   L
PC: 0693, AF: 5556, BC: AA55, DE: AAAA, HL: AA55, SP: 06C1     631  [00004732] 0693 : CALL NZ,06A0
PC: 0694, AF: 5556, BC: AA55, DE: AAAA, HL: AA55, SP: 06C1     632  [00004743] 0694 : CPL
PC: 0695, AF: AA56, BC: AA55, DE: AAAA, HL: AA55, SP: 06C1     633  [00004747] 0695 : CP   H
PC: 0698, AF: AA56, BC: AA55, DE: AAAA, HL: AA55, SP: 06C1     634  [00004751] 0698 : CALL NZ,06A0
PC: 069B, AF: AA56, BC: AA55, DE: AAAA, HL: AA55, SP: 06C1     635  [00004762] 069B : LD   HL,(06C4)
PC: 069C, AF: AA56, BC: AA55, DE: AAAA, HL: 07BD, SP: 06C1     636  [00004778] 069C : LD   SP,HL
PC: 069F, AF: AA56, BC: AA55, DE: AAAA, HL: 07BD, SP: 07BD     637  [00004783] 069F : LD   HL,06B4
PC: 06A0, AF: AA56, BC: AA55, DE: AAAA, HL: 06B4, SP: 07BD     638  [00004793] 06A0 : JP   (HL)
PC: 06B7, AF: AA56, BC: AA55, DE: AAAA, HL: 06B4, SP: 07BD     639  [00004798] 06B7 : LD   HL,017A
PC: 06BA, AF: AA56, BC: AA55, DE: AAAA, HL: 017A, SP: 07BD     640  [00004808] 06BA : CALL 014B
PC: 014C, AF: AA56, BC: AA55, DE: AAAA, HL: 017A, SP: 07BB     641  [00004825] 014C : PUSH DE
PC: 014D, AF: AA56, BC: AA55, DE: AAAA, HL: 017A, SP: 07B9     642  [00004836] 014D : EX   DE,HL
PC: 014F, AF: AA56, BC: AA55, DE: 017A, HL: AAAA, SP: 07B9     643  [00004840] 014F : LD   C,09
PC: 0152, AF: AA56, BC: AA09, DE: 017A, HL: AAAA, SP: 07B9     644  [00004847] 0152 : CALL 0005
PC: 0007, AF: AA56, BC: AA09, DE: 017A, HL: AAAA, SP: 07B7     645  [00004864] 0007 : OUT  01
PC: 0008, AF: AA56, BC: AA09, DE: 017A, HL: AAAA, SP: 07B7     646  [00004874] 0008 : RET
PC: 0153, AF: AA56, BC: AA09, DE: 017A, HL: AAAA, SP: 07B9     647  [00004884] 0153 : POP  DE
PC: 0154, AF: AA56, BC: AA09, DE: AAAA, HL: AAAA, SP: 07BB     648  [00004894] 0154 : RET
PC: 06BD, AF: AA56, BC: AA09, DE: AAAA, HL: AAAA, SP: 07BD     649  [00004904] 06BD : JP   0000
PC: 0002, AF: AA56, BC: AA09, DE: AAAA, HL: AAAA, SP: 07BD     650  [00004914] 0002 : OUT  00
